[0.025s] Invoking command in '/home/baris/mavivatan_ws/build/zed_debug': AMENT_PREFIX_PATH=/home/baris/mavivatan_ws/install/zed_components:/home/baris/mavivatan_ws/install/zed_msgs:${AMENT_PREFIX_PATH} CMAKE_PREFIX_PATH=/home/baris/mavivatan_ws/install/zed_components:/home/baris/mavivatan_ws/install/zed_msgs:/opt/ros/humble LD_LIBRARY_PATH=/home/baris/mavivatan_ws/install/zed_components/lib:/home/baris/mavivatan_ws/install/zed_msgs/lib:/opt/ros/humble/opt/rviz_ogre_vendor/lib:/opt/ros/humble/lib/aarch64-linux-gnu:/opt/ros/humble/lib:/usr/local/cuda-12.6/lib64 PYTHONPATH=/home/baris/mavivatan_ws/install/zed_msgs/local/lib/python3.10/dist-packages:${PYTHONPATH} /usr/bin/cmake /home/baris/mavivatan_ws/src/zed-ros2-wrapper/zed_debug -DCMAKE_BUILD_TYPE=Release -DCMAKE_INSTALL_PREFIX=/home/baris/mavivatan_ws/install/zed_debug
[0.165s] -- The C compiler identification is GNU 11.4.0
[0.295s] -- The CXX compiler identification is GNU 11.4.0
[0.320s] -- Detecting C compiler ABI info
[0.482s] -- Detecting C compiler ABI info - done
[0.507s] -- Check for working C compiler: /usr/bin/cc - skipped
[0.510s] -- Detecting C compile features
[0.511s] -- Detecting C compile features - done
[0.523s] -- Detecting CXX compiler ABI info
[0.721s] -- Detecting CXX compiler ABI info - done
[0.747s] -- Check for working CXX compiler: /usr/bin/c++ - skipped
[0.748s] -- Detecting CXX compile features
[0.750s] -- Detecting CXX compile features - done
[0.766s] -- Looking for sgemm_
[0.926s] -- Looking for sgemm_ - not found
[0.929s] -- Looking for pthread.h
[1.093s] -- Looking for pthread.h - found
[1.094s] -- Performing Test CMAKE_HAVE_LIBC_PTHREAD
[1.262s] -- Performing Test CMAKE_HAVE_LIBC_PTHREAD - Success
[1.265s] -- Found Threads: TRUE  
[1.358s] -- Looking for sgemm_
[1.574s] -- Looking for sgemm_ - found
[1.575s] -- Found BLAS: /usr/lib/aarch64-linux-gnu/libopenblas.so  
[1.640s] -- Found CUDA: /usr/local/cuda-12.6 (found suitable version "12.6", minimum required is "12.6") 
[1.700s] -- Found CUDA: /usr/local/cuda-12.6 (found version "12.6") 
[1.707s] -- Found ament_cmake_auto: 1.3.14 (/opt/ros/humble/share/ament_cmake_auto/cmake)
[2.065s] -- Found Python3: /usr/bin/python3 (found version "3.10.12") found components: Interpreter 
[2.535s] -- Found rosidl_generator_c: 3.1.8 (/opt/ros/humble/share/rosidl_generator_c/cmake)
[2.547s] -- Found rosidl_adapter: 3.1.8 (/opt/ros/humble/share/rosidl_adapter/cmake)
[2.567s] -- Found rosidl_generator_cpp: 3.1.8 (/opt/ros/humble/share/rosidl_generator_cpp/cmake)
[2.600s] -- Using all available rosidl_typesupport_c: rosidl_typesupport_fastrtps_c;rosidl_typesupport_introspection_c
[2.633s] -- Using all available rosidl_typesupport_cpp: rosidl_typesupport_fastrtps_cpp;rosidl_typesupport_introspection_cpp
[2.735s] -- Found rmw_implementation_cmake: 6.1.2 (/opt/ros/humble/share/rmw_implementation_cmake/cmake)
[2.741s] -- Found rmw_fastrtps_cpp: 6.2.10 (/opt/ros/humble/share/rmw_fastrtps_cpp/cmake)
[2.919s] -- Found OpenSSL: /usr/lib/aarch64-linux-gnu/libcrypto.so (found version "3.0.2")  
[2.979s] -- Found FastRTPS: /opt/ros/humble/include  
[3.064s] -- Using RMW implementation 'rmw_fastrtps_cpp' as default
[3.581s] -- Found eigen3_cmake_module: 0.1.1 (/opt/ros/humble/share/eigen3_cmake_module/cmake)
[3.583s] -- Found Eigen3: TRUE (found version "3.4.0") 
[3.584s] -- Ensuring Eigen3 include directory is part of orocos-kdl CMake target
[4.003s] -- Found ament_lint_auto: 0.12.15 (/opt/ros/humble/share/ament_lint_auto/cmake)
[4.083s] -- Added test 'copyright' to check source files copyright and LICENSE
[4.086s] -- Added test 'cppcheck' to perform static code analysis on C / C++ code
[4.086s] -- Configured cppcheck include dirs: 
[4.086s] -- Configured cppcheck exclude dirs and/or files: 
[4.088s] -- Added test 'lint_cmake' to check CMake code style
[4.089s] -- Added test 'pep257' to check Python code against some of the docstring style conventions in PEP 257
[4.091s] -- Added test 'uncrustify' to check C / C++ code style
[4.091s] -- Configured uncrustify additional arguments: 
[4.092s] -- Added test 'xmllint' to check XML markup files
[4.095s] -- Configuring done
[4.200s] -- Generating done
[4.217s] -- Build files have been written to: /home/baris/mavivatan_ws/build/zed_debug
[4.254s] Invoked command in '/home/baris/mavivatan_ws/build/zed_debug' returned '0': AMENT_PREFIX_PATH=/home/baris/mavivatan_ws/install/zed_components:/home/baris/mavivatan_ws/install/zed_msgs:${AMENT_PREFIX_PATH} CMAKE_PREFIX_PATH=/home/baris/mavivatan_ws/install/zed_components:/home/baris/mavivatan_ws/install/zed_msgs:/opt/ros/humble LD_LIBRARY_PATH=/home/baris/mavivatan_ws/install/zed_components/lib:/home/baris/mavivatan_ws/install/zed_msgs/lib:/opt/ros/humble/opt/rviz_ogre_vendor/lib:/opt/ros/humble/lib/aarch64-linux-gnu:/opt/ros/humble/lib:/usr/local/cuda-12.6/lib64 PYTHONPATH=/home/baris/mavivatan_ws/install/zed_msgs/local/lib/python3.10/dist-packages:${PYTHONPATH} /usr/bin/cmake /home/baris/mavivatan_ws/src/zed-ros2-wrapper/zed_debug -DCMAKE_BUILD_TYPE=Release -DCMAKE_INSTALL_PREFIX=/home/baris/mavivatan_ws/install/zed_debug
[4.259s] Invoking command in '/home/baris/mavivatan_ws/build/zed_debug': AMENT_PREFIX_PATH=/home/baris/mavivatan_ws/install/zed_components:/home/baris/mavivatan_ws/install/zed_msgs:${AMENT_PREFIX_PATH} CMAKE_PREFIX_PATH=/home/baris/mavivatan_ws/install/zed_components:/home/baris/mavivatan_ws/install/zed_msgs:/opt/ros/humble LD_LIBRARY_PATH=/home/baris/mavivatan_ws/install/zed_components/lib:/home/baris/mavivatan_ws/install/zed_msgs/lib:/opt/ros/humble/opt/rviz_ogre_vendor/lib:/opt/ros/humble/lib/aarch64-linux-gnu:/opt/ros/humble/lib:/usr/local/cuda-12.6/lib64 PYTHONPATH=/home/baris/mavivatan_ws/install/zed_msgs/local/lib/python3.10/dist-packages:${PYTHONPATH} /usr/bin/cmake --build /home/baris/mavivatan_ws/build/zed_debug -- -j6 -l6
[4.381s] [ 50%] [32mBuilding CXX object CMakeFiles/zed_debug_proc.dir/src/zed_debug_proc.cpp.o[0m
[21.318s] [100%] [32m[1mLinking CXX executable zed_debug_proc[0m
[22.234s] [100%] Built target zed_debug_proc
[22.260s] Invoked command in '/home/baris/mavivatan_ws/build/zed_debug' returned '0': AMENT_PREFIX_PATH=/home/baris/mavivatan_ws/install/zed_components:/home/baris/mavivatan_ws/install/zed_msgs:${AMENT_PREFIX_PATH} CMAKE_PREFIX_PATH=/home/baris/mavivatan_ws/install/zed_components:/home/baris/mavivatan_ws/install/zed_msgs:/opt/ros/humble LD_LIBRARY_PATH=/home/baris/mavivatan_ws/install/zed_components/lib:/home/baris/mavivatan_ws/install/zed_msgs/lib:/opt/ros/humble/opt/rviz_ogre_vendor/lib:/opt/ros/humble/lib/aarch64-linux-gnu:/opt/ros/humble/lib:/usr/local/cuda-12.6/lib64 PYTHONPATH=/home/baris/mavivatan_ws/install/zed_msgs/local/lib/python3.10/dist-packages:${PYTHONPATH} /usr/bin/cmake --build /home/baris/mavivatan_ws/build/zed_debug -- -j6 -l6
[22.265s] Invoking command in '/home/baris/mavivatan_ws/build/zed_debug': AMENT_PREFIX_PATH=/home/baris/mavivatan_ws/install/zed_components:/home/baris/mavivatan_ws/install/zed_msgs:${AMENT_PREFIX_PATH} CMAKE_PREFIX_PATH=/home/baris/mavivatan_ws/install/zed_components:/home/baris/mavivatan_ws/install/zed_msgs:/opt/ros/humble LD_LIBRARY_PATH=/home/baris/mavivatan_ws/install/zed_components/lib:/home/baris/mavivatan_ws/install/zed_msgs/lib:/opt/ros/humble/opt/rviz_ogre_vendor/lib:/opt/ros/humble/lib/aarch64-linux-gnu:/opt/ros/humble/lib:/usr/local/cuda-12.6/lib64 PYTHONPATH=/home/baris/mavivatan_ws/install/zed_msgs/local/lib/python3.10/dist-packages:${PYTHONPATH} /usr/bin/cmake --install /home/baris/mavivatan_ws/build/zed_debug
[22.283s] -- Install configuration: "Release"
[22.283s] -- Installing: /home/baris/mavivatan_ws/install/zed_debug/lib/zed_debug/zed_debug_proc
[22.284s] -- Set runtime path of "/home/baris/mavivatan_ws/install/zed_debug/lib/zed_debug/zed_debug_proc" to ""
[22.284s] -- Installing: /home/baris/mavivatan_ws/install/zed_debug/share/zed_debug/launch
[22.285s] -- Installing: /home/baris/mavivatan_ws/install/zed_debug/share/zed_debug/launch/zed_camera_debug.launch.py
[22.285s] -- Installing: /home/baris/mavivatan_ws/install/zed_debug/share/zed_debug/config
[22.285s] -- Installing: /home/baris/mavivatan_ws/install/zed_debug/share/zed_debug/config/virtual.yaml
[22.286s] -- Installing: /home/baris/mavivatan_ws/install/zed_debug/share/zed_debug/config/object_detection.yaml
[22.286s] -- Installing: /home/baris/mavivatan_ws/install/zed_debug/share/zed_debug/config/zedxone4k.yaml
[22.286s] -- Installing: /home/baris/mavivatan_ws/install/zed_debug/share/zed_debug/config/common_mono.yaml
[22.287s] -- Installing: /home/baris/mavivatan_ws/install/zed_debug/share/zed_debug/config/zedxhdrmini.yaml
[22.287s] -- Installing: /home/baris/mavivatan_ws/install/zed_debug/share/zed_debug/config/zedm.yaml
[22.287s] -- Installing: /home/baris/mavivatan_ws/install/zed_debug/share/zed_debug/config/zedxonegs.yaml
[22.287s] -- Installing: /home/baris/mavivatan_ws/install/zed_debug/share/zed_debug/config/zed2.yaml
[22.288s] -- Installing: /home/baris/mavivatan_ws/install/zed_debug/share/zed_debug/config/zedxhdrmax.yaml
[22.288s] -- Installing: /home/baris/mavivatan_ws/install/zed_debug/share/zed_debug/config/zedxm.yaml
[22.288s] -- Installing: /home/baris/mavivatan_ws/install/zed_debug/share/zed_debug/config/zedx.yaml
[22.289s] -- Installing: /home/baris/mavivatan_ws/install/zed_debug/share/zed_debug/config/common_stereo.yaml
[22.290s] -- Installing: /home/baris/mavivatan_ws/install/zed_debug/share/zed_debug/config/zedxonehdr.yaml
[22.290s] -- Installing: /home/baris/mavivatan_ws/install/zed_debug/share/zed_debug/config/zed.yaml
[22.291s] -- Installing: /home/baris/mavivatan_ws/install/zed_debug/share/zed_debug/config/custom_object_detection.yaml
[22.291s] -- Installing: /home/baris/mavivatan_ws/install/zed_debug/share/zed_debug/config/zedxhdr.yaml
[22.291s] -- Installing: /home/baris/mavivatan_ws/install/zed_debug/share/zed_debug/config/zed2i.yaml
[22.292s] -- Installing: /home/baris/mavivatan_ws/install/zed_debug/share/ament_index/resource_index/package_run_dependencies/zed_debug
[22.293s] -- Installing: /home/baris/mavivatan_ws/install/zed_debug/share/ament_index/resource_index/parent_prefix_path/zed_debug
[22.293s] -- Installing: /home/baris/mavivatan_ws/install/zed_debug/share/zed_debug/environment/ament_prefix_path.sh
[22.293s] -- Installing: /home/baris/mavivatan_ws/install/zed_debug/share/zed_debug/environment/ament_prefix_path.dsv
[22.294s] -- Installing: /home/baris/mavivatan_ws/install/zed_debug/share/zed_debug/environment/path.sh
[22.294s] -- Installing: /home/baris/mavivatan_ws/install/zed_debug/share/zed_debug/environment/path.dsv
[22.294s] -- Installing: /home/baris/mavivatan_ws/install/zed_debug/share/zed_debug/local_setup.bash
[22.294s] -- Installing: /home/baris/mavivatan_ws/install/zed_debug/share/zed_debug/local_setup.sh
[22.295s] -- Installing: /home/baris/mavivatan_ws/install/zed_debug/share/zed_debug/local_setup.zsh
[22.295s] -- Installing: /home/baris/mavivatan_ws/install/zed_debug/share/zed_debug/local_setup.dsv
[22.295s] -- Installing: /home/baris/mavivatan_ws/install/zed_debug/share/zed_debug/package.dsv
[22.296s] -- Installing: /home/baris/mavivatan_ws/install/zed_debug/share/ament_index/resource_index/packages/zed_debug
[22.296s] -- Installing: /home/baris/mavivatan_ws/install/zed_debug/share/zed_debug/cmake/zed_debugConfig.cmake
[22.296s] -- Installing: /home/baris/mavivatan_ws/install/zed_debug/share/zed_debug/cmake/zed_debugConfig-version.cmake
[22.296s] -- Installing: /home/baris/mavivatan_ws/install/zed_debug/share/zed_debug/package.xml
[22.303s] Invoked command in '/home/baris/mavivatan_ws/build/zed_debug' returned '0': AMENT_PREFIX_PATH=/home/baris/mavivatan_ws/install/zed_components:/home/baris/mavivatan_ws/install/zed_msgs:${AMENT_PREFIX_PATH} CMAKE_PREFIX_PATH=/home/baris/mavivatan_ws/install/zed_components:/home/baris/mavivatan_ws/install/zed_msgs:/opt/ros/humble LD_LIBRARY_PATH=/home/baris/mavivatan_ws/install/zed_components/lib:/home/baris/mavivatan_ws/install/zed_msgs/lib:/opt/ros/humble/opt/rviz_ogre_vendor/lib:/opt/ros/humble/lib/aarch64-linux-gnu:/opt/ros/humble/lib:/usr/local/cuda-12.6/lib64 PYTHONPATH=/home/baris/mavivatan_ws/install/zed_msgs/local/lib/python3.10/dist-packages:${PYTHONPATH} /usr/bin/cmake --install /home/baris/mavivatan_ws/build/zed_debug
