[0.357s] [34mcolcon[0m [1;30mDEBUG[0m [32mCommand line arguments: ['/usr/bin/colcon', 'build', '--packages-select', 'mavivatan_paket'][0m
[0.357s] [34mcolcon[0m [1;30mDEBUG[0m [32mParsed command line arguments: Namespace(log_base=None, log_level=None, verb_name='build', build_base='build', install_base='install', merge_install=False, symlink_install=False, test_result_base=None, continue_on_error=False, executor='parallel', parallel_workers=6, event_handlers=None, ignore_user_meta=False, metas=['./colcon.meta'], base_paths=['.'], packages_ignore=None, packages_ignore_regex=None, paths=None, packages_up_to=None, packages_up_to_regex=None, packages_above=None, packages_above_and_dependencies=None, packages_above_depth=None, packages_select_by_dep=None, packages_skip_by_dep=None, packages_skip_up_to=None, packages_select_build_failed=False, packages_skip_build_finished=False, packages_select_test_failures=False, packages_skip_test_passed=False, packages_select=['mavivatan_paket'], packages_skip=None, packages_select_regex=None, packages_skip_regex=None, packages_start=None, packages_end=None, allow_overriding=[], cmake_args=None, cmake_target=None, cmake_target_skip_unavailable=False, cmake_clean_cache=False, cmake_clean_first=False, cmake_force_configure=False, ament_cmake_args=None, catkin_cmake_args=None, catkin_skip_building_tests=False, verb_parser=<colcon_defaults.argument_parser.defaults.DefaultArgumentsDecorator object at 0xffff84953910>, verb_extension=<colcon_core.verb.build.BuildVerb object at 0xffff84b44e50>, main=<bound method BuildVerb.main of <colcon_core.verb.build.BuildVerb object at 0xffff84b44e50>>)[0m
[0.945s] [34mcolcon.colcon_core.package_discovery[0m [1;30mLevel 1[0m discover_packages(colcon_meta) check parameters
[0.945s] [34mcolcon.colcon_core.package_discovery[0m [1;30mLevel 1[0m discover_packages(recursive) check parameters
[0.946s] [34mcolcon.colcon_core.package_discovery[0m [1;30mLevel 1[0m discover_packages(ignore) check parameters
[0.946s] [34mcolcon.colcon_core.package_discovery[0m [1;30mLevel 1[0m discover_packages(path) check parameters
[0.946s] [34mcolcon.colcon_core.package_discovery[0m [1;30mLevel 1[0m discover_packages(colcon_meta) discover
[0.946s] [34mcolcon.colcon_core.package_discovery[0m [1;30mLevel 1[0m discover_packages(recursive) discover
[0.946s] [34mcolcon.colcon_core.package_discovery[0m [1;30mINFO[0m Crawling recursively for packages in '/home/baris/mavivatan_ws'
[0.947s] [34mcolcon.colcon_core.package_identification[0m [1;30mLevel 1[0m _identify(.) by extensions ['ignore', 'ignore_ament_install']
[0.947s] [34mcolcon.colcon_core.package_identification[0m [1;30mLevel 1[0m _identify(.) by extension 'ignore'
[0.947s] [34mcolcon.colcon_core.package_identification[0m [1;30mLevel 1[0m _identify(.) by extension 'ignore_ament_install'
[0.948s] [34mcolcon.colcon_core.package_identification[0m [1;30mLevel 1[0m _identify(.) by extensions ['colcon_pkg']
[0.948s] [34mcolcon.colcon_core.package_identification[0m [1;30mLevel 1[0m _identify(.) by extension 'colcon_pkg'
[0.948s] [34mcolcon.colcon_core.package_identification[0m [1;30mLevel 1[0m _identify(.) by extensions ['colcon_meta']
[0.948s] [34mcolcon.colcon_core.package_identification[0m [1;30mLevel 1[0m _identify(.) by extension 'colcon_meta'
[0.948s] [34mcolcon.colcon_core.package_identification[0m [1;30mLevel 1[0m _identify(.) by extensions ['ros']
[0.948s] [34mcolcon.colcon_core.package_identification[0m [1;30mLevel 1[0m _identify(.) by extension 'ros'
[0.979s] [34mcolcon.colcon_core.package_identification[0m [1;30mLevel 1[0m _identify(.) by extensions ['cmake', 'python']
[0.980s] [34mcolcon.colcon_core.package_identification[0m [1;30mLevel 1[0m _identify(.) by extension 'cmake'
[0.980s] [34mcolcon.colcon_core.package_identification[0m [1;30mLevel 1[0m _identify(.) by extension 'python'
[0.980s] [34mcolcon.colcon_core.package_identification[0m [1;30mLevel 1[0m _identify(.) by extensions ['python_setup_py']
[0.980s] [34mcolcon.colcon_core.package_identification[0m [1;30mLevel 1[0m _identify(.) by extension 'python_setup_py'
[0.980s] [34mcolcon.colcon_core.package_identification[0m [1;30mLevel 1[0m _identify(build) by extensions ['ignore', 'ignore_ament_install']
[0.981s] [34mcolcon.colcon_core.package_identification[0m [1;30mLevel 1[0m _identify(build) by extension 'ignore'
[0.981s] [34mcolcon.colcon_core.package_identification[0m [1;30mLevel 1[0m _identify(build) ignored
[0.981s] [34mcolcon.colcon_core.package_identification[0m [1;30mLevel 1[0m _identify(install) by extensions ['ignore', 'ignore_ament_install']
[0.981s] [34mcolcon.colcon_core.package_identification[0m [1;30mLevel 1[0m _identify(install) by extension 'ignore'
[0.981s] [34mcolcon.colcon_core.package_identification[0m [1;30mLevel 1[0m _identify(install) ignored
[0.982s] [34mcolcon.colcon_core.package_identification[0m [1;30mLevel 1[0m _identify(log) by extensions ['ignore', 'ignore_ament_install']
[0.982s] [34mcolcon.colcon_core.package_identification[0m [1;30mLevel 1[0m _identify(log) by extension 'ignore'
[0.982s] [34mcolcon.colcon_core.package_identification[0m [1;30mLevel 1[0m _identify(log) ignored
[0.982s] [34mcolcon.colcon_core.package_identification[0m [1;30mLevel 1[0m _identify(src) by extensions ['ignore', 'ignore_ament_install']
[0.982s] [34mcolcon.colcon_core.package_identification[0m [1;30mLevel 1[0m _identify(src) by extension 'ignore'
[0.983s] [34mcolcon.colcon_core.package_identification[0m [1;30mLevel 1[0m _identify(src) by extension 'ignore_ament_install'
[0.983s] [34mcolcon.colcon_core.package_identification[0m [1;30mLevel 1[0m _identify(src) by extensions ['colcon_pkg']
[0.983s] [34mcolcon.colcon_core.package_identification[0m [1;30mLevel 1[0m _identify(src) by extension 'colcon_pkg'
[0.983s] [34mcolcon.colcon_core.package_identification[0m [1;30mLevel 1[0m _identify(src) by extensions ['colcon_meta']
[0.983s] [34mcolcon.colcon_core.package_identification[0m [1;30mLevel 1[0m _identify(src) by extension 'colcon_meta'
[0.983s] [34mcolcon.colcon_core.package_identification[0m [1;30mLevel 1[0m _identify(src) by extensions ['ros']
[0.983s] [34mcolcon.colcon_core.package_identification[0m [1;30mLevel 1[0m _identify(src) by extension 'ros'
[0.983s] [34mcolcon.colcon_core.package_identification[0m [1;30mLevel 1[0m _identify(src) by extensions ['cmake', 'python']
[0.984s] [34mcolcon.colcon_core.package_identification[0m [1;30mLevel 1[0m _identify(src) by extension 'cmake'
[0.984s] [34mcolcon.colcon_core.package_identification[0m [1;30mLevel 1[0m _identify(src) by extension 'python'
[0.984s] [34mcolcon.colcon_core.package_identification[0m [1;30mLevel 1[0m _identify(src) by extensions ['python_setup_py']
[0.984s] [34mcolcon.colcon_core.package_identification[0m [1;30mLevel 1[0m _identify(src) by extension 'python_setup_py'
[0.984s] [34mcolcon.colcon_core.package_identification[0m [1;30mLevel 1[0m _identify(src/mavivatan_otonomi) by extensions ['ignore', 'ignore_ament_install']
[0.984s] [34mcolcon.colcon_core.package_identification[0m [1;30mLevel 1[0m _identify(src/mavivatan_otonomi) by extension 'ignore'
[0.984s] [34mcolcon.colcon_core.package_identification[0m [1;30mLevel 1[0m _identify(src/mavivatan_otonomi) by extension 'ignore_ament_install'
[0.985s] [34mcolcon.colcon_core.package_identification[0m [1;30mLevel 1[0m _identify(src/mavivatan_otonomi) by extensions ['colcon_pkg']
[0.985s] [34mcolcon.colcon_core.package_identification[0m [1;30mLevel 1[0m _identify(src/mavivatan_otonomi) by extension 'colcon_pkg'
[0.985s] [34mcolcon.colcon_core.package_identification[0m [1;30mLevel 1[0m _identify(src/mavivatan_otonomi) by extensions ['colcon_meta']
[0.985s] [34mcolcon.colcon_core.package_identification[0m [1;30mLevel 1[0m _identify(src/mavivatan_otonomi) by extension 'colcon_meta'
[0.985s] [34mcolcon.colcon_core.package_identification[0m [1;30mLevel 1[0m _identify(src/mavivatan_otonomi) by extensions ['ros']
[0.985s] [34mcolcon.colcon_core.package_identification[0m [1;30mLevel 1[0m _identify(src/mavivatan_otonomi) by extension 'ros'
[0.985s] [34mcolcon.colcon_core.package_identification[0m [1;30mLevel 1[0m _identify(src/mavivatan_otonomi) by extensions ['cmake', 'python']
[0.985s] [34mcolcon.colcon_core.package_identification[0m [1;30mLevel 1[0m _identify(src/mavivatan_otonomi) by extension 'cmake'
[0.986s] [34mcolcon.colcon_core.package_identification[0m [1;30mLevel 1[0m _identify(src/mavivatan_otonomi) by extension 'python'
[0.986s] [34mcolcon.colcon_core.package_identification[0m [1;30mLevel 1[0m _identify(src/mavivatan_otonomi) by extensions ['python_setup_py']
[0.986s] [34mcolcon.colcon_core.package_identification[0m [1;30mLevel 1[0m _identify(src/mavivatan_otonomi) by extension 'python_setup_py'
[0.986s] [34mcolcon.colcon_core.package_identification[0m [1;30mLevel 1[0m _identify(src/mavivatan_otonomi/src) by extensions ['ignore', 'ignore_ament_install']
[0.986s] [34mcolcon.colcon_core.package_identification[0m [1;30mLevel 1[0m _identify(src/mavivatan_otonomi/src) by extension 'ignore'
[0.987s] [34mcolcon.colcon_core.package_identification[0m [1;30mLevel 1[0m _identify(src/mavivatan_otonomi/src) by extension 'ignore_ament_install'
[0.987s] [34mcolcon.colcon_core.package_identification[0m [1;30mLevel 1[0m _identify(src/mavivatan_otonomi/src) by extensions ['colcon_pkg']
[0.987s] [34mcolcon.colcon_core.package_identification[0m [1;30mLevel 1[0m _identify(src/mavivatan_otonomi/src) by extension 'colcon_pkg'
[0.987s] [34mcolcon.colcon_core.package_identification[0m [1;30mLevel 1[0m _identify(src/mavivatan_otonomi/src) by extensions ['colcon_meta']
[0.987s] [34mcolcon.colcon_core.package_identification[0m [1;30mLevel 1[0m _identify(src/mavivatan_otonomi/src) by extension 'colcon_meta'
[0.987s] [34mcolcon.colcon_core.package_identification[0m [1;30mLevel 1[0m _identify(src/mavivatan_otonomi/src) by extensions ['ros']
[0.987s] [34mcolcon.colcon_core.package_identification[0m [1;30mLevel 1[0m _identify(src/mavivatan_otonomi/src) by extension 'ros'
[0.987s] [34mcolcon.colcon_core.package_identification[0m [1;30mLevel 1[0m _identify(src/mavivatan_otonomi/src) by extensions ['cmake', 'python']
[0.988s] [34mcolcon.colcon_core.package_identification[0m [1;30mLevel 1[0m _identify(src/mavivatan_otonomi/src) by extension 'cmake'
[0.988s] [34mcolcon.colcon_core.package_identification[0m [1;30mLevel 1[0m _identify(src/mavivatan_otonomi/src) by extension 'python'
[0.988s] [34mcolcon.colcon_core.package_identification[0m [1;30mLevel 1[0m _identify(src/mavivatan_otonomi/src) by extensions ['python_setup_py']
[0.988s] [34mcolcon.colcon_core.package_identification[0m [1;30mLevel 1[0m _identify(src/mavivatan_otonomi/src) by extension 'python_setup_py'
[0.989s] [34mcolcon.colcon_core.package_identification[0m [1;30mLevel 1[0m _identify(src/mavivatan_otonomi/src/mavivatan_interfaces) by extensions ['ignore', 'ignore_ament_install']
[0.989s] [34mcolcon.colcon_core.package_identification[0m [1;30mLevel 1[0m _identify(src/mavivatan_otonomi/src/mavivatan_interfaces) by extension 'ignore'
[0.989s] [34mcolcon.colcon_core.package_identification[0m [1;30mLevel 1[0m _identify(src/mavivatan_otonomi/src/mavivatan_interfaces) by extension 'ignore_ament_install'
[0.989s] [34mcolcon.colcon_core.package_identification[0m [1;30mLevel 1[0m _identify(src/mavivatan_otonomi/src/mavivatan_interfaces) by extensions ['colcon_pkg']
[0.989s] [34mcolcon.colcon_core.package_identification[0m [1;30mLevel 1[0m _identify(src/mavivatan_otonomi/src/mavivatan_interfaces) by extension 'colcon_pkg'
[0.990s] [34mcolcon.colcon_core.package_identification[0m [1;30mLevel 1[0m _identify(src/mavivatan_otonomi/src/mavivatan_interfaces) by extensions ['colcon_meta']
[0.990s] [34mcolcon.colcon_core.package_identification[0m [1;30mLevel 1[0m _identify(src/mavivatan_otonomi/src/mavivatan_interfaces) by extension 'colcon_meta'
[0.990s] [34mcolcon.colcon_core.package_identification[0m [1;30mLevel 1[0m _identify(src/mavivatan_otonomi/src/mavivatan_interfaces) by extensions ['ros']
[0.990s] [34mcolcon.colcon_core.package_identification[0m [1;30mLevel 1[0m _identify(src/mavivatan_otonomi/src/mavivatan_interfaces) by extension 'ros'
[1.001s] [34mcolcon.colcon_core.package_identification[0m [1;30mDEBUG[0m [32mPackage 'src/mavivatan_otonomi/src/mavivatan_interfaces' with type 'ros.ament_cmake' and name 'mavivatan_interfaces'[0m
[1.001s] [34mcolcon.colcon_core.package_identification[0m [1;30mLevel 1[0m _identify(src/mavivatan_otonomi/src/mavivatan_paket) by extensions ['ignore', 'ignore_ament_install']
[1.002s] [34mcolcon.colcon_core.package_identification[0m [1;30mLevel 1[0m _identify(src/mavivatan_otonomi/src/mavivatan_paket) by extension 'ignore'
[1.002s] [34mcolcon.colcon_core.package_identification[0m [1;30mLevel 1[0m _identify(src/mavivatan_otonomi/src/mavivatan_paket) by extension 'ignore_ament_install'
[1.002s] [34mcolcon.colcon_core.package_identification[0m [1;30mLevel 1[0m _identify(src/mavivatan_otonomi/src/mavivatan_paket) by extensions ['colcon_pkg']
[1.003s] [34mcolcon.colcon_core.package_identification[0m [1;30mLevel 1[0m _identify(src/mavivatan_otonomi/src/mavivatan_paket) by extension 'colcon_pkg'
[1.003s] [34mcolcon.colcon_core.package_identification[0m [1;30mLevel 1[0m _identify(src/mavivatan_otonomi/src/mavivatan_paket) by extensions ['colcon_meta']
[1.003s] [34mcolcon.colcon_core.package_identification[0m [1;30mLevel 1[0m _identify(src/mavivatan_otonomi/src/mavivatan_paket) by extension 'colcon_meta'
[1.003s] [34mcolcon.colcon_core.package_identification[0m [1;30mLevel 1[0m _identify(src/mavivatan_otonomi/src/mavivatan_paket) by extensions ['ros']
[1.003s] [34mcolcon.colcon_core.package_identification[0m [1;30mLevel 1[0m _identify(src/mavivatan_otonomi/src/mavivatan_paket) by extension 'ros'
[1.005s] [34mcolcon.colcon_core.package_identification[0m [1;30mDEBUG[0m [32mPackage 'src/mavivatan_otonomi/src/mavivatan_paket' with type 'ros.ament_python' and name 'mavivatan_paket'[0m
[1.006s] [34mcolcon.colcon_core.package_identification[0m [1;30mLevel 1[0m _identify(src/zed-ros2-interfaces) by extensions ['ignore', 'ignore_ament_install']
[1.007s] [34mcolcon.colcon_core.package_identification[0m [1;30mLevel 1[0m _identify(src/zed-ros2-interfaces) by extension 'ignore'
[1.007s] [34mcolcon.colcon_core.package_identification[0m [1;30mLevel 1[0m _identify(src/zed-ros2-interfaces) by extension 'ignore_ament_install'
[1.007s] [34mcolcon.colcon_core.package_identification[0m [1;30mLevel 1[0m _identify(src/zed-ros2-interfaces) by extensions ['colcon_pkg']
[1.007s] [34mcolcon.colcon_core.package_identification[0m [1;30mLevel 1[0m _identify(src/zed-ros2-interfaces) by extension 'colcon_pkg'
[1.007s] [34mcolcon.colcon_core.package_identification[0m [1;30mLevel 1[0m _identify(src/zed-ros2-interfaces) by extensions ['colcon_meta']
[1.007s] [34mcolcon.colcon_core.package_identification[0m [1;30mLevel 1[0m _identify(src/zed-ros2-interfaces) by extension 'colcon_meta'
[1.007s] [34mcolcon.colcon_core.package_identification[0m [1;30mLevel 1[0m _identify(src/zed-ros2-interfaces) by extensions ['ros']
[1.008s] [34mcolcon.colcon_core.package_identification[0m [1;30mLevel 1[0m _identify(src/zed-ros2-interfaces) by extension 'ros'
[1.010s] [34mcolcon.colcon_core.package_identification[0m [1;30mDEBUG[0m [32mPackage 'src/zed-ros2-interfaces' with type 'ros.ament_cmake' and name 'zed_msgs'[0m
[1.010s] [34mcolcon.colcon_core.package_identification[0m [1;30mLevel 1[0m _identify(src/zed-ros2-wrapper) by extensions ['ignore', 'ignore_ament_install']
[1.010s] [34mcolcon.colcon_core.package_identification[0m [1;30mLevel 1[0m _identify(src/zed-ros2-wrapper) by extension 'ignore'
[1.011s] [34mcolcon.colcon_core.package_identification[0m [1;30mLevel 1[0m _identify(src/zed-ros2-wrapper) by extension 'ignore_ament_install'
[1.011s] [34mcolcon.colcon_core.package_identification[0m [1;30mLevel 1[0m _identify(src/zed-ros2-wrapper) by extensions ['colcon_pkg']
[1.011s] [34mcolcon.colcon_core.package_identification[0m [1;30mLevel 1[0m _identify(src/zed-ros2-wrapper) by extension 'colcon_pkg'
[1.011s] [34mcolcon.colcon_core.package_identification[0m [1;30mLevel 1[0m _identify(src/zed-ros2-wrapper) by extensions ['colcon_meta']
[1.011s] [34mcolcon.colcon_core.package_identification[0m [1;30mLevel 1[0m _identify(src/zed-ros2-wrapper) by extension 'colcon_meta'
[1.011s] [34mcolcon.colcon_core.package_identification[0m [1;30mLevel 1[0m _identify(src/zed-ros2-wrapper) by extensions ['ros']
[1.011s] [34mcolcon.colcon_core.package_identification[0m [1;30mLevel 1[0m _identify(src/zed-ros2-wrapper) by extension 'ros'
[1.012s] [34mcolcon.colcon_core.package_identification[0m [1;30mLevel 1[0m _identify(src/zed-ros2-wrapper) by extensions ['cmake', 'python']
[1.012s] [34mcolcon.colcon_core.package_identification[0m [1;30mLevel 1[0m _identify(src/zed-ros2-wrapper) by extension 'cmake'
[1.012s] [34mcolcon.colcon_core.package_identification[0m [1;30mLevel 1[0m _identify(src/zed-ros2-wrapper) by extension 'python'
[1.012s] [34mcolcon.colcon_core.package_identification[0m [1;30mLevel 1[0m _identify(src/zed-ros2-wrapper) by extensions ['python_setup_py']
[1.012s] [34mcolcon.colcon_core.package_identification[0m [1;30mLevel 1[0m _identify(src/zed-ros2-wrapper) by extension 'python_setup_py'
[1.013s] [34mcolcon.colcon_core.package_identification[0m [1;30mLevel 1[0m _identify(src/zed-ros2-wrapper/docker) by extensions ['ignore', 'ignore_ament_install']
[1.013s] [34mcolcon.colcon_core.package_identification[0m [1;30mLevel 1[0m _identify(src/zed-ros2-wrapper/docker) by extension 'ignore'
[1.013s] [34mcolcon.colcon_core.package_identification[0m [1;30mLevel 1[0m _identify(src/zed-ros2-wrapper/docker) by extension 'ignore_ament_install'
[1.013s] [34mcolcon.colcon_core.package_identification[0m [1;30mLevel 1[0m _identify(src/zed-ros2-wrapper/docker) by extensions ['colcon_pkg']
[1.013s] [34mcolcon.colcon_core.package_identification[0m [1;30mLevel 1[0m _identify(src/zed-ros2-wrapper/docker) by extension 'colcon_pkg'
[1.013s] [34mcolcon.colcon_core.package_identification[0m [1;30mLevel 1[0m _identify(src/zed-ros2-wrapper/docker) by extensions ['colcon_meta']
[1.014s] [34mcolcon.colcon_core.package_identification[0m [1;30mLevel 1[0m _identify(src/zed-ros2-wrapper/docker) by extension 'colcon_meta'
[1.014s] [34mcolcon.colcon_core.package_identification[0m [1;30mLevel 1[0m _identify(src/zed-ros2-wrapper/docker) by extensions ['ros']
[1.014s] [34mcolcon.colcon_core.package_identification[0m [1;30mLevel 1[0m _identify(src/zed-ros2-wrapper/docker) by extension 'ros'
[1.014s] [34mcolcon.colcon_core.package_identification[0m [1;30mLevel 1[0m _identify(src/zed-ros2-wrapper/docker) by extensions ['cmake', 'python']
[1.014s] [34mcolcon.colcon_core.package_identification[0m [1;30mLevel 1[0m _identify(src/zed-ros2-wrapper/docker) by extension 'cmake'
[1.014s] [34mcolcon.colcon_core.package_identification[0m [1;30mLevel 1[0m _identify(src/zed-ros2-wrapper/docker) by extension 'python'
[1.014s] [34mcolcon.colcon_core.package_identification[0m [1;30mLevel 1[0m _identify(src/zed-ros2-wrapper/docker) by extensions ['python_setup_py']
[1.014s] [34mcolcon.colcon_core.package_identification[0m [1;30mLevel 1[0m _identify(src/zed-ros2-wrapper/docker) by extension 'python_setup_py'
[1.015s] [34mcolcon.colcon_core.package_identification[0m [1;30mLevel 1[0m _identify(src/zed-ros2-wrapper/images) by extensions ['ignore', 'ignore_ament_install']
[1.015s] [34mcolcon.colcon_core.package_identification[0m [1;30mLevel 1[0m _identify(src/zed-ros2-wrapper/images) by extension 'ignore'
[1.015s] [34mcolcon.colcon_core.package_identification[0m [1;30mLevel 1[0m _identify(src/zed-ros2-wrapper/images) by extension 'ignore_ament_install'
[1.015s] [34mcolcon.colcon_core.package_identification[0m [1;30mLevel 1[0m _identify(src/zed-ros2-wrapper/images) by extensions ['colcon_pkg']
[1.015s] [34mcolcon.colcon_core.package_identification[0m [1;30mLevel 1[0m _identify(src/zed-ros2-wrapper/images) by extension 'colcon_pkg'
[1.015s] [34mcolcon.colcon_core.package_identification[0m [1;30mLevel 1[0m _identify(src/zed-ros2-wrapper/images) by extensions ['colcon_meta']
[1.015s] [34mcolcon.colcon_core.package_identification[0m [1;30mLevel 1[0m _identify(src/zed-ros2-wrapper/images) by extension 'colcon_meta'
[1.016s] [34mcolcon.colcon_core.package_identification[0m [1;30mLevel 1[0m _identify(src/zed-ros2-wrapper/images) by extensions ['ros']
[1.016s] [34mcolcon.colcon_core.package_identification[0m [1;30mLevel 1[0m _identify(src/zed-ros2-wrapper/images) by extension 'ros'
[1.016s] [34mcolcon.colcon_core.package_identification[0m [1;30mLevel 1[0m _identify(src/zed-ros2-wrapper/images) by extensions ['cmake', 'python']
[1.016s] [34mcolcon.colcon_core.package_identification[0m [1;30mLevel 1[0m _identify(src/zed-ros2-wrapper/images) by extension 'cmake'
[1.016s] [34mcolcon.colcon_core.package_identification[0m [1;30mLevel 1[0m _identify(src/zed-ros2-wrapper/images) by extension 'python'
[1.016s] [34mcolcon.colcon_core.package_identification[0m [1;30mLevel 1[0m _identify(src/zed-ros2-wrapper/images) by extensions ['python_setup_py']
[1.016s] [34mcolcon.colcon_core.package_identification[0m [1;30mLevel 1[0m _identify(src/zed-ros2-wrapper/images) by extension 'python_setup_py'
[1.016s] [34mcolcon.colcon_core.package_identification[0m [1;30mLevel 1[0m _identify(src/zed-ros2-wrapper/zed_components) by extensions ['ignore', 'ignore_ament_install']
[1.017s] [34mcolcon.colcon_core.package_identification[0m [1;30mLevel 1[0m _identify(src/zed-ros2-wrapper/zed_components) by extension 'ignore'
[1.017s] [34mcolcon.colcon_core.package_identification[0m [1;30mLevel 1[0m _identify(src/zed-ros2-wrapper/zed_components) by extension 'ignore_ament_install'
[1.017s] [34mcolcon.colcon_core.package_identification[0m [1;30mLevel 1[0m _identify(src/zed-ros2-wrapper/zed_components) by extensions ['colcon_pkg']
[1.017s] [34mcolcon.colcon_core.package_identification[0m [1;30mLevel 1[0m _identify(src/zed-ros2-wrapper/zed_components) by extension 'colcon_pkg'
[1.017s] [34mcolcon.colcon_core.package_identification[0m [1;30mLevel 1[0m _identify(src/zed-ros2-wrapper/zed_components) by extensions ['colcon_meta']
[1.017s] [34mcolcon.colcon_core.package_identification[0m [1;30mLevel 1[0m _identify(src/zed-ros2-wrapper/zed_components) by extension 'colcon_meta'
[1.017s] [34mcolcon.colcon_core.package_identification[0m [1;30mLevel 1[0m _identify(src/zed-ros2-wrapper/zed_components) by extensions ['ros']
[1.017s] [34mcolcon.colcon_core.package_identification[0m [1;30mLevel 1[0m _identify(src/zed-ros2-wrapper/zed_components) by extension 'ros'
[1.031s] [34mcolcon.colcon_core.package_identification[0m [1;30mDEBUG[0m [32mPackage 'src/zed-ros2-wrapper/zed_components' with type 'ros.ament_cmake' and name 'zed_components'[0m
[1.032s] [34mcolcon.colcon_core.package_identification[0m [1;30mLevel 1[0m _identify(src/zed-ros2-wrapper/zed_debug) by extensions ['ignore', 'ignore_ament_install']
[1.033s] [34mcolcon.colcon_core.package_identification[0m [1;30mLevel 1[0m _identify(src/zed-ros2-wrapper/zed_debug) by extension 'ignore'
[1.033s] [34mcolcon.colcon_core.package_identification[0m [1;30mLevel 1[0m _identify(src/zed-ros2-wrapper/zed_debug) by extension 'ignore_ament_install'
[1.033s] [34mcolcon.colcon_core.package_identification[0m [1;30mLevel 1[0m _identify(src/zed-ros2-wrapper/zed_debug) by extensions ['colcon_pkg']
[1.033s] [34mcolcon.colcon_core.package_identification[0m [1;30mLevel 1[0m _identify(src/zed-ros2-wrapper/zed_debug) by extension 'colcon_pkg'
[1.034s] [34mcolcon.colcon_core.package_identification[0m [1;30mLevel 1[0m _identify(src/zed-ros2-wrapper/zed_debug) by extensions ['colcon_meta']
[1.034s] [34mcolcon.colcon_core.package_identification[0m [1;30mLevel 1[0m _identify(src/zed-ros2-wrapper/zed_debug) by extension 'colcon_meta'
[1.034s] [34mcolcon.colcon_core.package_identification[0m [1;30mLevel 1[0m _identify(src/zed-ros2-wrapper/zed_debug) by extensions ['ros']
[1.034s] [34mcolcon.colcon_core.package_identification[0m [1;30mLevel 1[0m _identify(src/zed-ros2-wrapper/zed_debug) by extension 'ros'
[1.037s] [34mcolcon.colcon_core.package_identification[0m [1;30mDEBUG[0m [32mPackage 'src/zed-ros2-wrapper/zed_debug' with type 'ros.ament_cmake' and name 'zed_debug'[0m
[1.038s] [34mcolcon.colcon_core.package_identification[0m [1;30mLevel 1[0m _identify(src/zed-ros2-wrapper/zed_ros2) by extensions ['ignore', 'ignore_ament_install']
[1.039s] [34mcolcon.colcon_core.package_identification[0m [1;30mLevel 1[0m _identify(src/zed-ros2-wrapper/zed_ros2) by extension 'ignore'
[1.039s] [34mcolcon.colcon_core.package_identification[0m [1;30mLevel 1[0m _identify(src/zed-ros2-wrapper/zed_ros2) by extension 'ignore_ament_install'
[1.039s] [34mcolcon.colcon_core.package_identification[0m [1;30mLevel 1[0m _identify(src/zed-ros2-wrapper/zed_ros2) by extensions ['colcon_pkg']
[1.040s] [34mcolcon.colcon_core.package_identification[0m [1;30mLevel 1[0m _identify(src/zed-ros2-wrapper/zed_ros2) by extension 'colcon_pkg'
[1.040s] [34mcolcon.colcon_core.package_identification[0m [1;30mLevel 1[0m _identify(src/zed-ros2-wrapper/zed_ros2) by extensions ['colcon_meta']
[1.040s] [34mcolcon.colcon_core.package_identification[0m [1;30mLevel 1[0m _identify(src/zed-ros2-wrapper/zed_ros2) by extension 'colcon_meta'
[1.040s] [34mcolcon.colcon_core.package_identification[0m [1;30mLevel 1[0m _identify(src/zed-ros2-wrapper/zed_ros2) by extensions ['ros']
[1.040s] [34mcolcon.colcon_core.package_identification[0m [1;30mLevel 1[0m _identify(src/zed-ros2-wrapper/zed_ros2) by extension 'ros'
[1.042s] [34mcolcon.colcon_core.package_identification[0m [1;30mDEBUG[0m [32mPackage 'src/zed-ros2-wrapper/zed_ros2' with type 'ros.ament_cmake' and name 'zed_ros2'[0m
[1.042s] [34mcolcon.colcon_core.package_identification[0m [1;30mLevel 1[0m _identify(src/zed-ros2-wrapper/zed_wrapper) by extensions ['ignore', 'ignore_ament_install']
[1.043s] [34mcolcon.colcon_core.package_identification[0m [1;30mLevel 1[0m _identify(src/zed-ros2-wrapper/zed_wrapper) by extension 'ignore'
[1.043s] [34mcolcon.colcon_core.package_identification[0m [1;30mLevel 1[0m _identify(src/zed-ros2-wrapper/zed_wrapper) by extension 'ignore_ament_install'
[1.043s] [34mcolcon.colcon_core.package_identification[0m [1;30mLevel 1[0m _identify(src/zed-ros2-wrapper/zed_wrapper) by extensions ['colcon_pkg']
[1.043s] [34mcolcon.colcon_core.package_identification[0m [1;30mLevel 1[0m _identify(src/zed-ros2-wrapper/zed_wrapper) by extension 'colcon_pkg'
[1.043s] [34mcolcon.colcon_core.package_identification[0m [1;30mLevel 1[0m _identify(src/zed-ros2-wrapper/zed_wrapper) by extensions ['colcon_meta']
[1.043s] [34mcolcon.colcon_core.package_identification[0m [1;30mLevel 1[0m _identify(src/zed-ros2-wrapper/zed_wrapper) by extension 'colcon_meta'
[1.043s] [34mcolcon.colcon_core.package_identification[0m [1;30mLevel 1[0m _identify(src/zed-ros2-wrapper/zed_wrapper) by extensions ['ros']
[1.043s] [34mcolcon.colcon_core.package_identification[0m [1;30mLevel 1[0m _identify(src/zed-ros2-wrapper/zed_wrapper) by extension 'ros'
[1.050s] [34mcolcon.colcon_core.package_identification[0m [1;30mDEBUG[0m [32mPackage 'src/zed-ros2-wrapper/zed_wrapper' with type 'ros.ament_cmake' and name 'zed_wrapper'[0m
[1.051s] [34mcolcon.colcon_core.package_discovery[0m [1;30mLevel 1[0m discover_packages(recursive) using defaults
[1.051s] [34mcolcon.colcon_core.package_discovery[0m [1;30mLevel 1[0m discover_packages(ignore) discover
[1.051s] [34mcolcon.colcon_core.package_discovery[0m [1;30mLevel 1[0m discover_packages(ignore) using defaults
[1.051s] [34mcolcon.colcon_core.package_discovery[0m [1;30mLevel 1[0m discover_packages(path) discover
[1.051s] [34mcolcon.colcon_core.package_discovery[0m [1;30mLevel 1[0m discover_packages(path) using defaults
[1.136s] [34mcolcon.colcon_core.package_selection[0m [1;30mINFO[0m Skipping not selected package 'mavivatan_interfaces' in 'src/mavivatan_otonomi/src/mavivatan_interfaces'
[1.137s] [34mcolcon.colcon_core.package_selection[0m [1;30mINFO[0m Skipping not selected package 'zed_msgs' in 'src/zed-ros2-interfaces'
[1.137s] [34mcolcon.colcon_core.package_selection[0m [1;30mINFO[0m Skipping not selected package 'zed_components' in 'src/zed-ros2-wrapper/zed_components'
[1.137s] [34mcolcon.colcon_core.package_selection[0m [1;30mINFO[0m Skipping not selected package 'zed_debug' in 'src/zed-ros2-wrapper/zed_debug'
[1.137s] [34mcolcon.colcon_core.package_selection[0m [1;30mINFO[0m Skipping not selected package 'zed_wrapper' in 'src/zed-ros2-wrapper/zed_wrapper'
[1.137s] [34mcolcon.colcon_core.package_selection[0m [1;30mINFO[0m Skipping not selected package 'zed_ros2' in 'src/zed-ros2-wrapper/zed_ros2'
[1.139s] [34mcolcon.colcon_core.package_discovery[0m [1;30mLevel 1[0m discover_packages(prefix_path) check parameters
[1.139s] [34mcolcon.colcon_core.package_discovery[0m [1;30mLevel 1[0m discover_packages(prefix_path) discover
[1.145s] [34mcolcon.colcon_installed_package_information.package_discovery[0m [1;30mDEBUG[0m [32mFound 7 installed packages in /home/baris/mavivatan_ws/install[0m
[1.148s] [34mcolcon.colcon_installed_package_information.package_discovery[0m [1;30mDEBUG[0m [32mFound 283 installed packages in /opt/ros/humble[0m
[1.151s] [34mcolcon.colcon_core.package_discovery[0m [1;30mLevel 1[0m discover_packages(prefix_path) using defaults
[1.251s] [34mcolcon.colcon_core.verb[0m [1;30mLevel 5[0m set package 'mavivatan_paket' build argument 'cmake_args' from command line to 'None'
[1.251s] [34mcolcon.colcon_core.verb[0m [1;30mLevel 5[0m set package 'mavivatan_paket' build argument 'cmake_target' from command line to 'None'
[1.251s] [34mcolcon.colcon_core.verb[0m [1;30mLevel 5[0m set package 'mavivatan_paket' build argument 'cmake_target_skip_unavailable' from command line to 'False'
[1.251s] [34mcolcon.colcon_core.verb[0m [1;30mLevel 5[0m set package 'mavivatan_paket' build argument 'cmake_clean_cache' from command line to 'False'
[1.251s] [34mcolcon.colcon_core.verb[0m [1;30mLevel 5[0m set package 'mavivatan_paket' build argument 'cmake_clean_first' from command line to 'False'
[1.251s] [34mcolcon.colcon_core.verb[0m [1;30mLevel 5[0m set package 'mavivatan_paket' build argument 'cmake_force_configure' from command line to 'False'
[1.251s] [34mcolcon.colcon_core.verb[0m [1;30mLevel 5[0m set package 'mavivatan_paket' build argument 'ament_cmake_args' from command line to 'None'
[1.251s] [34mcolcon.colcon_core.verb[0m [1;30mLevel 5[0m set package 'mavivatan_paket' build argument 'catkin_cmake_args' from command line to 'None'
[1.251s] [34mcolcon.colcon_core.verb[0m [1;30mLevel 5[0m set package 'mavivatan_paket' build argument 'catkin_skip_building_tests' from command line to 'False'
[1.252s] [34mcolcon.colcon_core.verb[0m [1;30mDEBUG[0m [32mBuilding package 'mavivatan_paket' with the following arguments: {'ament_cmake_args': None, 'build_base': '/home/baris/mavivatan_ws/build/mavivatan_paket', 'catkin_cmake_args': None, 'catkin_skip_building_tests': False, 'cmake_args': None, 'cmake_clean_cache': False, 'cmake_clean_first': False, 'cmake_force_configure': False, 'cmake_target': None, 'cmake_target_skip_unavailable': False, 'install_base': '/home/baris/mavivatan_ws/install/mavivatan_paket', 'merge_install': False, 'path': '/home/baris/mavivatan_ws/src/mavivatan_otonomi/src/mavivatan_paket', 'symlink_install': False, 'test_result_base': None}[0m
[1.252s] [34mcolcon.colcon_core.executor[0m [1;30mINFO[0m Executing jobs using 'parallel' executor
[1.255s] [34mcolcon.colcon_parallel_executor.executor.parallel[0m [1;30mDEBUG[0m [32mrun_until_complete[0m
[1.256s] [34mcolcon.colcon_ros.task.ament_python.build[0m [1;30mINFO[0m Building ROS package in '/home/baris/mavivatan_ws/src/mavivatan_otonomi/src/mavivatan_paket' with build type 'ament_python'
[1.257s] [34mcolcon.colcon_core.shell[0m [1;30mLevel 1[0m create_environment_hook('mavivatan_paket', 'ament_prefix_path')
[1.266s] [34mcolcon.colcon_core.plugin_system[0m [1;30mINFO[0m Skipping extension 'colcon_core.shell.bat': Not used on non-Windows systems
[1.266s] [34mcolcon.colcon_core.shell[0m [1;30mINFO[0m Creating environment hook '/home/baris/mavivatan_ws/install/mavivatan_paket/share/mavivatan_paket/hook/ament_prefix_path.ps1'
[1.268s] [34mcolcon.colcon_core.shell[0m [1;30mINFO[0m Creating environment descriptor '/home/baris/mavivatan_ws/install/mavivatan_paket/share/mavivatan_paket/hook/ament_prefix_path.dsv'
[1.270s] [34mcolcon.colcon_core.shell[0m [1;30mINFO[0m Creating environment hook '/home/baris/mavivatan_ws/install/mavivatan_paket/share/mavivatan_paket/hook/ament_prefix_path.sh'
[1.272s] [34mcolcon.colcon_core.shell[0m [1;30mINFO[0m Skip shell extension 'powershell' for command environment: Not usable outside of PowerShell
[1.272s] [34mcolcon.colcon_core.shell[0m [1;30mDEBUG[0m [32mSkip shell extension 'dsv' for command environment[0m
[2.081s] [34mcolcon.colcon_core.task.python.build[0m [1;30mINFO[0m Building Python package in '/home/baris/mavivatan_ws/src/mavivatan_otonomi/src/mavivatan_paket'
[2.082s] [34mcolcon.colcon_core.shell[0m [1;30mINFO[0m Skip shell extension 'powershell' for command environment: Not usable outside of PowerShell
[2.082s] [34mcolcon.colcon_core.shell[0m [1;30mDEBUG[0m [32mSkip shell extension 'dsv' for command environment[0m
[3.155s] [34mcolcon.colcon_core.event_handler.log_command[0m [1;30mDEBUG[0m [32mInvoking command in '/home/baris/mavivatan_ws/src/mavivatan_otonomi/src/mavivatan_paket': CMAKE_PREFIX_PATH=/home/baris/mavivatan_ws/install/mavivatan_interfaces:/home/baris/mavivatan_ws/install/zed_ros2:/home/baris/mavivatan_ws/install/zed_wrapper:/home/baris/mavivatan_ws/install/zed_debug:/home/baris/mavivatan_ws/install/zed_components:/home/baris/mavivatan_ws/install/zed_msgs LD_LIBRARY_PATH=/home/baris/mavivatan_ws/install/mavivatan_interfaces/lib:/home/baris/mavivatan_ws/install/zed_components/lib:/home/baris/mavivatan_ws/install/zed_msgs/lib:/opt/ros/humble/opt/rviz_ogre_vendor/lib:/opt/ros/humble/lib/aarch64-linux-gnu:/opt/ros/humble/lib:/usr/local/cuda-12.6/lib64 PYTHONPATH=/home/baris/mavivatan_ws/build/mavivatan_paket/prefix_override:/usr/lib/python3/dist-packages/colcon_core/task/python/colcon_distutils_commands:/home/baris/mavivatan_ws/install/mavivatan_paket/lib/python3.10/site-packages:${PYTHONPATH} /usr/bin/python3 -W ignore:setup.py install is deprecated -W ignore:easy_install command is deprecated setup.py egg_info --egg-base ../../../../build/mavivatan_paket build --build-base /home/baris/mavivatan_ws/build/mavivatan_paket/build install --record /home/baris/mavivatan_ws/build/mavivatan_paket/install.log --single-version-externally-managed install_data[0m
[3.938s] [34mcolcon.colcon_core.event_handler.log_command[0m [1;30mDEBUG[0m [32mInvoked command in '/home/baris/mavivatan_ws/src/mavivatan_otonomi/src/mavivatan_paket' returned '0': CMAKE_PREFIX_PATH=/home/baris/mavivatan_ws/install/mavivatan_interfaces:/home/baris/mavivatan_ws/install/zed_ros2:/home/baris/mavivatan_ws/install/zed_wrapper:/home/baris/mavivatan_ws/install/zed_debug:/home/baris/mavivatan_ws/install/zed_components:/home/baris/mavivatan_ws/install/zed_msgs LD_LIBRARY_PATH=/home/baris/mavivatan_ws/install/mavivatan_interfaces/lib:/home/baris/mavivatan_ws/install/zed_components/lib:/home/baris/mavivatan_ws/install/zed_msgs/lib:/opt/ros/humble/opt/rviz_ogre_vendor/lib:/opt/ros/humble/lib/aarch64-linux-gnu:/opt/ros/humble/lib:/usr/local/cuda-12.6/lib64 PYTHONPATH=/home/baris/mavivatan_ws/build/mavivatan_paket/prefix_override:/usr/lib/python3/dist-packages/colcon_core/task/python/colcon_distutils_commands:/home/baris/mavivatan_ws/install/mavivatan_paket/lib/python3.10/site-packages:${PYTHONPATH} /usr/bin/python3 -W ignore:setup.py install is deprecated -W ignore:easy_install command is deprecated setup.py egg_info --egg-base ../../../../build/mavivatan_paket build --build-base /home/baris/mavivatan_ws/build/mavivatan_paket/build install --record /home/baris/mavivatan_ws/build/mavivatan_paket/install.log --single-version-externally-managed install_data[0m
[3.951s] [34mcolcon.colcon_core.environment[0m [1;30mLevel 1[0m checking '/home/baris/mavivatan_ws/install/mavivatan_paket' for CMake module files
[3.953s] [34mcolcon.colcon_core.environment[0m [1;30mLevel 1[0m checking '/home/baris/mavivatan_ws/install/mavivatan_paket' for CMake config files
[3.955s] [34mcolcon.colcon_core.environment[0m [1;30mLevel 1[0m checking '/home/baris/mavivatan_ws/install/mavivatan_paket/lib'
[3.956s] [34mcolcon.colcon_core.environment[0m [1;30mLevel 1[0m checking '/home/baris/mavivatan_ws/install/mavivatan_paket/bin'
[3.956s] [34mcolcon.colcon_core.environment[0m [1;30mLevel 1[0m checking '/home/baris/mavivatan_ws/install/mavivatan_paket/lib/pkgconfig/mavivatan_paket.pc'
[3.957s] [34mcolcon.colcon_core.environment[0m [1;30mLevel 1[0m checking '/home/baris/mavivatan_ws/install/mavivatan_paket/lib/python3.10/site-packages'
[3.957s] [34mcolcon.colcon_core.shell[0m [1;30mLevel 1[0m create_environment_hook('mavivatan_paket', 'pythonpath')
[3.958s] [34mcolcon.colcon_core.shell[0m [1;30mINFO[0m Creating environment hook '/home/baris/mavivatan_ws/install/mavivatan_paket/share/mavivatan_paket/hook/pythonpath.ps1'
[3.960s] [34mcolcon.colcon_core.shell[0m [1;30mINFO[0m Creating environment descriptor '/home/baris/mavivatan_ws/install/mavivatan_paket/share/mavivatan_paket/hook/pythonpath.dsv'
[3.961s] [34mcolcon.colcon_core.shell[0m [1;30mINFO[0m Creating environment hook '/home/baris/mavivatan_ws/install/mavivatan_paket/share/mavivatan_paket/hook/pythonpath.sh'
[3.963s] [34mcolcon.colcon_core.environment[0m [1;30mLevel 1[0m checking '/home/baris/mavivatan_ws/install/mavivatan_paket/bin'
[3.964s] [34mcolcon.colcon_core.environment[0m [1;30mLevel 1[0m create_environment_scripts_only(mavivatan_paket)
[3.965s] [34mcolcon.colcon_core.shell[0m [1;30mINFO[0m Creating package script '/home/baris/mavivatan_ws/install/mavivatan_paket/share/mavivatan_paket/package.ps1'
[3.968s] [34mcolcon.colcon_core.shell[0m [1;30mINFO[0m Creating package descriptor '/home/baris/mavivatan_ws/install/mavivatan_paket/share/mavivatan_paket/package.dsv'
[3.969s] [34mcolcon.colcon_core.shell[0m [1;30mINFO[0m Creating package script '/home/baris/mavivatan_ws/install/mavivatan_paket/share/mavivatan_paket/package.sh'
[3.971s] [34mcolcon.colcon_core.shell[0m [1;30mINFO[0m Creating package script '/home/baris/mavivatan_ws/install/mavivatan_paket/share/mavivatan_paket/package.bash'
[3.973s] [34mcolcon.colcon_core.shell[0m [1;30mINFO[0m Creating package script '/home/baris/mavivatan_ws/install/mavivatan_paket/share/mavivatan_paket/package.zsh'
[3.975s] [34mcolcon.colcon_core.environment[0m [1;30mLevel 1[0m create_file_with_runtime_dependencies(/home/baris/mavivatan_ws/install/mavivatan_paket/share/colcon-core/packages/mavivatan_paket)
[3.976s] [34mcolcon.colcon_parallel_executor.executor.parallel[0m [1;30mDEBUG[0m [32mclosing loop[0m
[3.977s] [34mcolcon.colcon_parallel_executor.executor.parallel[0m [1;30mDEBUG[0m [32mloop closed[0m
[3.977s] [34mcolcon.colcon_parallel_executor.executor.parallel[0m [1;30mDEBUG[0m [32mrun_until_complete finished with '0'[0m
[3.977s] [34mcolcon.colcon_core.event_reactor[0m [1;30mDEBUG[0m [32mjoining thread[0m
[3.996s] [34mcolcon.colcon_core.plugin_system[0m [1;30mINFO[0m Skipping extension 'colcon_notification.desktop_notification.terminal_notifier': Not used on non-Darwin systems
[3.996s] [34mcolcon.colcon_core.plugin_system[0m [1;30mINFO[0m Skipping extension 'colcon_notification.desktop_notification.win32': Not used on non-Windows systems
[3.996s] [34mcolcon.colcon_notification.desktop_notification[0m [1;30mINFO[0m Sending desktop notification using 'notify2'
[4.038s] [34mcolcon.colcon_core.event_reactor[0m [1;30mDEBUG[0m [32mjoined thread[0m
[4.039s] [34mcolcon.colcon_core.shell[0m [1;30mINFO[0m Creating prefix script '/home/baris/mavivatan_ws/install/local_setup.ps1'
[4.042s] [34mcolcon.colcon_core.shell[0m [1;30mINFO[0m Creating prefix util module '/home/baris/mavivatan_ws/install/_local_setup_util_ps1.py'
[4.049s] [34mcolcon.colcon_core.shell[0m [1;30mINFO[0m Creating prefix chain script '/home/baris/mavivatan_ws/install/setup.ps1'
[4.056s] [34mcolcon.colcon_core.shell[0m [1;30mINFO[0m Creating prefix script '/home/baris/mavivatan_ws/install/local_setup.sh'
[4.061s] [34mcolcon.colcon_core.shell[0m [1;30mINFO[0m Creating prefix util module '/home/baris/mavivatan_ws/install/_local_setup_util_sh.py'
[4.064s] [34mcolcon.colcon_core.shell[0m [1;30mINFO[0m Creating prefix chain script '/home/baris/mavivatan_ws/install/setup.sh'
[4.070s] [34mcolcon.colcon_core.shell[0m [1;30mINFO[0m Creating prefix script '/home/baris/mavivatan_ws/install/local_setup.bash'
[4.072s] [34mcolcon.colcon_core.shell[0m [1;30mINFO[0m Creating prefix chain script '/home/baris/mavivatan_ws/install/setup.bash'
[4.076s] [34mcolcon.colcon_core.shell[0m [1;30mINFO[0m Creating prefix script '/home/baris/mavivatan_ws/install/local_setup.zsh'
[4.079s] [34mcolcon.colcon_core.shell[0m [1;30mINFO[0m Creating prefix chain script '/home/baris/mavivatan_ws/install/setup.zsh'
