[1.751s] Invoking command in '/home/baris/mavivatan_ws/src/mavivatan_otonomi/src/mavivatan_paket': CMAKE_PREFIX_PATH=/home/baris/mavivatan_ws/install/mavivatan_interfaces:/home/baris/mavivatan_ws/install/zed_ros2:/home/baris/mavivatan_ws/install/zed_wrapper:/home/baris/mavivatan_ws/install/zed_debug:/home/baris/mavivatan_ws/install/zed_components:/home/baris/mavivatan_ws/install/zed_msgs LD_LIBRARY_PATH=/home/baris/mavivatan_ws/install/mavivatan_interfaces/lib:/home/baris/mavivatan_ws/install/zed_components/lib:/home/baris/mavivatan_ws/install/zed_msgs/lib:/opt/ros/humble/opt/rviz_ogre_vendor/lib:/opt/ros/humble/lib/aarch64-linux-gnu:/opt/ros/humble/lib:/usr/local/cuda-12.6/lib64 PYTHONPATH=/home/baris/mavivatan_ws/build/mavivatan_paket/prefix_override:/usr/lib/python3/dist-packages/colcon_core/task/python/colcon_distutils_commands:/home/baris/mavivatan_ws/install/mavivatan_paket/lib/python3.10/site-packages:${PYTHONPATH} /usr/bin/python3 -W ignore:setup.py install is deprecated -W ignore:easy_install command is deprecated setup.py egg_info --egg-base ../../../../build/mavivatan_paket build --build-base /home/baris/mavivatan_ws/build/mavivatan_paket/build install --record /home/baris/mavivatan_ws/build/mavivatan_paket/install.log --single-version-externally-managed install_data
[2.353s] running egg_info
[2.354s] writing ../../../../build/mavivatan_paket/mavivatan_paket.egg-info/PKG-INFO
[2.358s] writing dependency_links to ../../../../build/mavivatan_paket/mavivatan_paket.egg-info/dependency_links.txt
[2.358s] writing entry points to ../../../../build/mavivatan_paket/mavivatan_paket.egg-info/entry_points.txt
[2.359s] writing requirements to ../../../../build/mavivatan_paket/mavivatan_paket.egg-info/requires.txt
[2.359s] writing top-level names to ../../../../build/mavivatan_paket/mavivatan_paket.egg-info/top_level.txt
[2.364s] reading manifest file '../../../../build/mavivatan_paket/mavivatan_paket.egg-info/SOURCES.txt'
[2.367s] writing manifest file '../../../../build/mavivatan_paket/mavivatan_paket.egg-info/SOURCES.txt'
[2.367s] running build
[2.367s] running build_py
[2.368s] copying mavivatan_paket/mavivatan_yars_ui.py -> /home/baris/mavivatan_ws/build/mavivatan_paket/build/lib/mavivatan_paket
[2.370s] running install
[2.371s] running install_lib
[2.376s] copying /home/baris/mavivatan_ws/build/mavivatan_paket/build/lib/mavivatan_paket/mavivatan_yars_ui.py -> /home/baris/mavivatan_ws/install/mavivatan_paket/lib/python3.10/site-packages/mavivatan_paket
[2.378s] byte-compiling /home/baris/mavivatan_ws/install/mavivatan_paket/lib/python3.10/site-packages/mavivatan_paket/mavivatan_yars_ui.py to mavivatan_yars_ui.cpython-310.pyc
[2.388s] running install_data
[2.388s] running install_egg_info
[2.392s] removing '/home/baris/mavivatan_ws/install/mavivatan_paket/lib/python3.10/site-packages/mavivatan_paket-0.0.0-py3.10.egg-info' (and everything under it)
[2.393s] Copying ../../../../build/mavivatan_paket/mavivatan_paket.egg-info to /home/baris/mavivatan_ws/install/mavivatan_paket/lib/python3.10/site-packages/mavivatan_paket-0.0.0-py3.10.egg-info
[2.397s] running install_scripts
[2.444s] Installing abone_dugumu script to /home/baris/mavivatan_ws/install/mavivatan_paket/lib/mavivatan_paket
[2.444s] Installing gorev_yoneticisi script to /home/baris/mavivatan_ws/install/mavivatan_paket/lib/mavivatan_paket
[2.445s] Installing gps_navigasyon script to /home/baris/mavivatan_ws/install/mavivatan_paket/lib/mavivatan_paket
[2.445s] Installing ilk_dugum script to /home/baris/mavivatan_ws/install/mavivatan_paket/lib/mavivatan_paket
[2.445s] Installing kanal_navigasyonu script to /home/baris/mavivatan_ws/install/mavivatan_paket/lib/mavivatan_paket
[2.446s] Installing mavivatan_yars_ui script to /home/baris/mavivatan_ws/install/mavivatan_paket/lib/mavivatan_paket
[2.447s] Installing mavlink_motor script to /home/baris/mavivatan_ws/install/mavivatan_paket/lib/mavivatan_paket
[2.447s] Installing navigasyon_ve_karar script to /home/baris/mavivatan_ws/install/mavivatan_paket/lib/mavivatan_paket
[2.447s] Installing sensor_fuzyonu script to /home/baris/mavivatan_ws/install/mavivatan_paket/lib/mavivatan_paket
[2.448s] Installing telemetri_merkezi script to /home/baris/mavivatan_ws/install/mavivatan_paket/lib/mavivatan_paket
[2.448s] Installing yolo_hedef_tespiti script to /home/baris/mavivatan_ws/install/mavivatan_paket/lib/mavivatan_paket
[2.448s] writing list of installed files to '/home/baris/mavivatan_ws/build/mavivatan_paket/install.log'
[2.529s] Invoked command in '/home/baris/mavivatan_ws/src/mavivatan_otonomi/src/mavivatan_paket' returned '0': CMAKE_PREFIX_PATH=/home/baris/mavivatan_ws/install/mavivatan_interfaces:/home/baris/mavivatan_ws/install/zed_ros2:/home/baris/mavivatan_ws/install/zed_wrapper:/home/baris/mavivatan_ws/install/zed_debug:/home/baris/mavivatan_ws/install/zed_components:/home/baris/mavivatan_ws/install/zed_msgs LD_LIBRARY_PATH=/home/baris/mavivatan_ws/install/mavivatan_interfaces/lib:/home/baris/mavivatan_ws/install/zed_components/lib:/home/baris/mavivatan_ws/install/zed_msgs/lib:/opt/ros/humble/opt/rviz_ogre_vendor/lib:/opt/ros/humble/lib/aarch64-linux-gnu:/opt/ros/humble/lib:/usr/local/cuda-12.6/lib64 PYTHONPATH=/home/baris/mavivatan_ws/build/mavivatan_paket/prefix_override:/usr/lib/python3/dist-packages/colcon_core/task/python/colcon_distutils_commands:/home/baris/mavivatan_ws/install/mavivatan_paket/lib/python3.10/site-packages:${PYTHONPATH} /usr/bin/python3 -W ignore:setup.py install is deprecated -W ignore:easy_install command is deprecated setup.py egg_info --egg-base ../../../../build/mavivatan_paket build --build-base /home/baris/mavivatan_ws/build/mavivatan_paket/build install --record /home/baris/mavivatan_ws/build/mavivatan_paket/install.log --single-version-externally-managed install_data
