[0.029s] Invoking command in '/home/baris/mavivatan_ws/build/zed_msgs': CMAKE_PREFIX_PATH=/opt/ros/humble /usr/bin/cmake --build /home/baris/mavivatan_ws/build/zed_msgs -- -j6 -l6
[0.169s] [  1%] Built target zed_msgs__rs
[0.193s] [ 13%] Built target zed_msgs__rosidl_generator_c
[0.202s] [ 13%] Built target zed_msgs__cpp
[0.248s] [ 13%] Built target ament_cmake_python_copy_zed_msgs
[0.310s] [ 25%] Built target zed_msgs__rosidl_typesupport_fastrtps_c
[0.339s] [ 37%] Built target zed_msgs__rosidl_typesupport_c
[0.361s] [ 49%] Built target zed_msgs__rosidl_typesupport_introspection_c
[0.363s] [ 61%] Built target zed_msgs__rosidl_typesupport_cpp
[0.365s] [ 73%] Built target zed_msgs__rosidl_typesupport_fastrtps_cpp
[0.382s] [ 85%] Built target zed_msgs__rosidl_typesupport_introspection_cpp
[0.429s] [ 85%] Built target zed_msgs
[0.478s] [ 85%] Built target zed_msgs__py
[0.571s] [ 97%] Built target zed_msgs__rosidl_generator_py
[0.640s] [ 99%] Built target zed_msgs__rosidl_typesupport_introspection_c__pyext
[0.641s] [ 99%] Built target zed_msgs__rosidl_typesupport_fastrtps_c__pyext
[0.654s] [100%] Built target zed_msgs__rosidl_typesupport_c__pyext
[0.932s] running egg_info
[0.933s] writing zed_msgs.egg-info/PKG-INFO
[0.934s] writing dependency_links to zed_msgs.egg-info/dependency_links.txt
[0.934s] writing top-level names to zed_msgs.egg-info/top_level.txt
[0.941s] reading manifest file 'zed_msgs.egg-info/SOURCES.txt'
[0.942s] writing manifest file 'zed_msgs.egg-info/SOURCES.txt'
[1.023s] [100%] Built target ament_cmake_python_build_zed_msgs_egg
[1.054s] Invoked command in '/home/baris/mavivatan_ws/build/zed_msgs' returned '0': CMAKE_PREFIX_PATH=/opt/ros/humble /usr/bin/cmake --build /home/baris/mavivatan_ws/build/zed_msgs -- -j6 -l6
[1.077s] Invoking command in '/home/baris/mavivatan_ws/build/zed_msgs': CMAKE_PREFIX_PATH=/opt/ros/humble /usr/bin/cmake --install /home/baris/mavivatan_ws/build/zed_msgs
[1.095s] -- Install configuration: "Release"
[1.095s] -- Up-to-date: /home/baris/mavivatan_ws/install/zed_msgs/share/ament_index/resource_index/rosidl_interfaces/zed_msgs
[1.095s] -- Up-to-date: /home/baris/mavivatan_ws/install/zed_msgs/include/zed_msgs/zed_msgs
[1.096s] -- Up-to-date: /home/baris/mavivatan_ws/install/zed_msgs/include/zed_msgs/zed_msgs/srv
[1.096s] -- Up-to-date: /home/baris/mavivatan_ws/install/zed_msgs/include/zed_msgs/zed_msgs/srv/detail
[1.096s] -- Up-to-date: /home/baris/mavivatan_ws/install/zed_msgs/include/zed_msgs/zed_msgs/srv/detail/set_svo_frame__functions.h
[1.097s] -- Up-to-date: /home/baris/mavivatan_ws/install/zed_msgs/include/zed_msgs/zed_msgs/srv/detail/set_svo_frame__struct.h
[1.097s] -- Up-to-date: /home/baris/mavivatan_ws/install/zed_msgs/include/zed_msgs/zed_msgs/srv/detail/set_pose__struct.h
[1.097s] -- Up-to-date: /home/baris/mavivatan_ws/install/zed_msgs/include/zed_msgs/zed_msgs/srv/detail/set_pose__functions.c
[1.098s] -- Up-to-date: /home/baris/mavivatan_ws/install/zed_msgs/include/zed_msgs/zed_msgs/srv/detail/set_roi__functions.c
[1.098s] -- Up-to-date: /home/baris/mavivatan_ws/install/zed_msgs/include/zed_msgs/zed_msgs/srv/detail/set_roi__functions.h
[1.099s] -- Up-to-date: /home/baris/mavivatan_ws/install/zed_msgs/include/zed_msgs/zed_msgs/srv/detail/start_svo_rec__functions.h
[1.099s] -- Up-to-date: /home/baris/mavivatan_ws/install/zed_msgs/include/zed_msgs/zed_msgs/srv/detail/set_roi__struct.h
[1.100s] -- Up-to-date: /home/baris/mavivatan_ws/install/zed_msgs/include/zed_msgs/zed_msgs/srv/detail/set_pose__type_support.h
[1.100s] -- Up-to-date: /home/baris/mavivatan_ws/install/zed_msgs/include/zed_msgs/zed_msgs/srv/detail/save_area_memory__struct.h
[1.101s] -- Up-to-date: /home/baris/mavivatan_ws/install/zed_msgs/include/zed_msgs/zed_msgs/srv/detail/set_svo_frame__type_support.h
[1.101s] -- Up-to-date: /home/baris/mavivatan_ws/install/zed_msgs/include/zed_msgs/zed_msgs/srv/detail/save_area_memory__functions.h
[1.102s] -- Up-to-date: /home/baris/mavivatan_ws/install/zed_msgs/include/zed_msgs/zed_msgs/srv/detail/start_svo_rec__struct.h
[1.102s] -- Up-to-date: /home/baris/mavivatan_ws/install/zed_msgs/include/zed_msgs/zed_msgs/srv/detail/start_svo_rec__functions.c
[1.102s] -- Up-to-date: /home/baris/mavivatan_ws/install/zed_msgs/include/zed_msgs/zed_msgs/srv/detail/save_area_memory__functions.c
[1.102s] -- Up-to-date: /home/baris/mavivatan_ws/install/zed_msgs/include/zed_msgs/zed_msgs/srv/detail/set_svo_frame__functions.c
[1.102s] -- Up-to-date: /home/baris/mavivatan_ws/install/zed_msgs/include/zed_msgs/zed_msgs/srv/detail/save_area_memory__type_support.h
[1.103s] -- Up-to-date: /home/baris/mavivatan_ws/install/zed_msgs/include/zed_msgs/zed_msgs/srv/detail/set_pose__functions.h
[1.103s] -- Up-to-date: /home/baris/mavivatan_ws/install/zed_msgs/include/zed_msgs/zed_msgs/srv/detail/start_svo_rec__type_support.h
[1.106s] -- Up-to-date: /home/baris/mavivatan_ws/install/zed_msgs/include/zed_msgs/zed_msgs/srv/detail/set_roi__type_support.h
[1.106s] -- Up-to-date: /home/baris/mavivatan_ws/install/zed_msgs/include/zed_msgs/zed_msgs/srv/save_area_memory.h
[1.107s] -- Up-to-date: /home/baris/mavivatan_ws/install/zed_msgs/include/zed_msgs/zed_msgs/srv/start_svo_rec.h
[1.107s] -- Up-to-date: /home/baris/mavivatan_ws/install/zed_msgs/include/zed_msgs/zed_msgs/srv/set_svo_frame.h
[1.108s] -- Up-to-date: /home/baris/mavivatan_ws/install/zed_msgs/include/zed_msgs/zed_msgs/srv/set_pose.h
[1.108s] -- Up-to-date: /home/baris/mavivatan_ws/install/zed_msgs/include/zed_msgs/zed_msgs/srv/set_roi.h
[1.109s] -- Up-to-date: /home/baris/mavivatan_ws/install/zed_msgs/include/zed_msgs/zed_msgs/msg
[1.109s] -- Up-to-date: /home/baris/mavivatan_ws/install/zed_msgs/include/zed_msgs/zed_msgs/msg/detail
[1.110s] -- Up-to-date: /home/baris/mavivatan_ws/install/zed_msgs/include/zed_msgs/zed_msgs/msg/detail/skeleton2_d__functions.h
[1.110s] -- Up-to-date: /home/baris/mavivatan_ws/install/zed_msgs/include/zed_msgs/zed_msgs/msg/detail/skeleton2_d__functions.c
[1.110s] -- Up-to-date: /home/baris/mavivatan_ws/install/zed_msgs/include/zed_msgs/zed_msgs/msg/detail/objects_stamped__type_support.h
[1.110s] -- Up-to-date: /home/baris/mavivatan_ws/install/zed_msgs/include/zed_msgs/zed_msgs/msg/detail/gnss_fusion_status__struct.h
[1.111s] -- Up-to-date: /home/baris/mavivatan_ws/install/zed_msgs/include/zed_msgs/zed_msgs/msg/detail/mag_heading_status__functions.c
[1.111s] -- Up-to-date: /home/baris/mavivatan_ws/install/zed_msgs/include/zed_msgs/zed_msgs/msg/detail/keypoint2_di__type_support.h
[1.112s] -- Up-to-date: /home/baris/mavivatan_ws/install/zed_msgs/include/zed_msgs/zed_msgs/msg/detail/gnss_fusion_status__functions.c
[1.112s] -- Up-to-date: /home/baris/mavivatan_ws/install/zed_msgs/include/zed_msgs/zed_msgs/msg/detail/plane_stamped__struct.h
[1.113s] -- Up-to-date: /home/baris/mavivatan_ws/install/zed_msgs/include/zed_msgs/zed_msgs/msg/detail/health_status_stamped__type_support.h
[1.113s] -- Up-to-date: /home/baris/mavivatan_ws/install/zed_msgs/include/zed_msgs/zed_msgs/msg/detail/mag_heading_status__type_support.h
[1.114s] -- Up-to-date: /home/baris/mavivatan_ws/install/zed_msgs/include/zed_msgs/zed_msgs/msg/detail/objects_stamped__functions.c
[1.114s] -- Up-to-date: /home/baris/mavivatan_ws/install/zed_msgs/include/zed_msgs/zed_msgs/msg/detail/mag_heading_status__struct.h
[1.114s] -- Up-to-date: /home/baris/mavivatan_ws/install/zed_msgs/include/zed_msgs/zed_msgs/msg/detail/keypoint3_d__functions.h
[1.116s] -- Up-to-date: /home/baris/mavivatan_ws/install/zed_msgs/include/zed_msgs/zed_msgs/msg/detail/depth_info_stamped__struct.h
[1.116s] -- Up-to-date: /home/baris/mavivatan_ws/install/zed_msgs/include/zed_msgs/zed_msgs/msg/detail/depth_info_stamped__functions.h
[1.117s] -- Up-to-date: /home/baris/mavivatan_ws/install/zed_msgs/include/zed_msgs/zed_msgs/msg/detail/objects_stamped__struct.h
[1.117s] -- Up-to-date: /home/baris/mavivatan_ws/install/zed_msgs/include/zed_msgs/zed_msgs/msg/detail/health_status_stamped__functions.c
[1.118s] -- Up-to-date: /home/baris/mavivatan_ws/install/zed_msgs/include/zed_msgs/zed_msgs/msg/detail/skeleton2_d__type_support.h
[1.118s] -- Up-to-date: /home/baris/mavivatan_ws/install/zed_msgs/include/zed_msgs/zed_msgs/msg/detail/heartbeat__functions.h
[1.119s] -- Up-to-date: /home/baris/mavivatan_ws/install/zed_msgs/include/zed_msgs/zed_msgs/msg/detail/object__struct.h
[1.119s] -- Up-to-date: /home/baris/mavivatan_ws/install/zed_msgs/include/zed_msgs/zed_msgs/msg/detail/depth_info_stamped__type_support.h
[1.120s] -- Up-to-date: /home/baris/mavivatan_ws/install/zed_msgs/include/zed_msgs/zed_msgs/msg/detail/objects_stamped__functions.h
[1.120s] -- Up-to-date: /home/baris/mavivatan_ws/install/zed_msgs/include/zed_msgs/zed_msgs/msg/detail/bounding_box2_di__type_support.h
[1.120s] -- Up-to-date: /home/baris/mavivatan_ws/install/zed_msgs/include/zed_msgs/zed_msgs/msg/detail/skeleton3_d__struct.h
[1.121s] -- Up-to-date: /home/baris/mavivatan_ws/install/zed_msgs/include/zed_msgs/zed_msgs/msg/detail/pos_track_status__functions.c
[1.121s] -- Up-to-date: /home/baris/mavivatan_ws/install/zed_msgs/include/zed_msgs/zed_msgs/msg/detail/bounding_box3_d__type_support.h
[1.121s] -- Up-to-date: /home/baris/mavivatan_ws/install/zed_msgs/include/zed_msgs/zed_msgs/msg/detail/skeleton2_d__struct.h
[1.122s] -- Up-to-date: /home/baris/mavivatan_ws/install/zed_msgs/include/zed_msgs/zed_msgs/msg/detail/bounding_box2_di__functions.h
[1.122s] -- Up-to-date: /home/baris/mavivatan_ws/install/zed_msgs/include/zed_msgs/zed_msgs/msg/detail/pos_track_status__struct.h
[1.122s] -- Up-to-date: /home/baris/mavivatan_ws/install/zed_msgs/include/zed_msgs/zed_msgs/msg/detail/heartbeat__type_support.h
[1.123s] -- Up-to-date: /home/baris/mavivatan_ws/install/zed_msgs/include/zed_msgs/zed_msgs/msg/detail/pos_track_status__functions.h
[1.123s] -- Up-to-date: /home/baris/mavivatan_ws/install/zed_msgs/include/zed_msgs/zed_msgs/msg/detail/svo_status__functions.c
[1.123s] -- Up-to-date: /home/baris/mavivatan_ws/install/zed_msgs/include/zed_msgs/zed_msgs/msg/detail/mag_heading_status__functions.h
[1.123s] -- Up-to-date: /home/baris/mavivatan_ws/install/zed_msgs/include/zed_msgs/zed_msgs/msg/detail/bounding_box3_d__functions.h
[1.124s] -- Up-to-date: /home/baris/mavivatan_ws/install/zed_msgs/include/zed_msgs/zed_msgs/msg/detail/keypoint3_d__struct.h
[1.124s] -- Up-to-date: /home/baris/mavivatan_ws/install/zed_msgs/include/zed_msgs/zed_msgs/msg/detail/skeleton3_d__functions.c
[1.124s] -- Up-to-date: /home/baris/mavivatan_ws/install/zed_msgs/include/zed_msgs/zed_msgs/msg/detail/skeleton3_d__functions.h
[1.124s] -- Up-to-date: /home/baris/mavivatan_ws/install/zed_msgs/include/zed_msgs/zed_msgs/msg/detail/bounding_box2_df__functions.c
[1.124s] -- Up-to-date: /home/baris/mavivatan_ws/install/zed_msgs/include/zed_msgs/zed_msgs/msg/detail/depth_info_stamped__functions.c
[1.125s] -- Up-to-date: /home/baris/mavivatan_ws/install/zed_msgs/include/zed_msgs/zed_msgs/msg/detail/gnss_fusion_status__functions.h
[1.125s] -- Up-to-date: /home/baris/mavivatan_ws/install/zed_msgs/include/zed_msgs/zed_msgs/msg/detail/bounding_box2_df__type_support.h
[1.125s] -- Up-to-date: /home/baris/mavivatan_ws/install/zed_msgs/include/zed_msgs/zed_msgs/msg/detail/heartbeat__functions.c
[1.126s] -- Up-to-date: /home/baris/mavivatan_ws/install/zed_msgs/include/zed_msgs/zed_msgs/msg/detail/object__type_support.h
[1.126s] -- Up-to-date: /home/baris/mavivatan_ws/install/zed_msgs/include/zed_msgs/zed_msgs/msg/detail/plane_stamped__functions.h
[1.127s] -- Up-to-date: /home/baris/mavivatan_ws/install/zed_msgs/include/zed_msgs/zed_msgs/msg/detail/svo_status__functions.h
[1.127s] -- Up-to-date: /home/baris/mavivatan_ws/install/zed_msgs/include/zed_msgs/zed_msgs/msg/detail/svo_status__struct.h
[1.127s] -- Up-to-date: /home/baris/mavivatan_ws/install/zed_msgs/include/zed_msgs/zed_msgs/msg/detail/keypoint2_di__functions.c
[1.128s] -- Up-to-date: /home/baris/mavivatan_ws/install/zed_msgs/include/zed_msgs/zed_msgs/msg/detail/object__functions.c
[1.128s] -- Up-to-date: /home/baris/mavivatan_ws/install/zed_msgs/include/zed_msgs/zed_msgs/msg/detail/health_status_stamped__struct.h
[1.128s] -- Up-to-date: /home/baris/mavivatan_ws/install/zed_msgs/include/zed_msgs/zed_msgs/msg/detail/bounding_box2_di__struct.h
[1.128s] -- Up-to-date: /home/baris/mavivatan_ws/install/zed_msgs/include/zed_msgs/zed_msgs/msg/detail/heartbeat__struct.h
[1.128s] -- Up-to-date: /home/baris/mavivatan_ws/install/zed_msgs/include/zed_msgs/zed_msgs/msg/detail/plane_stamped__type_support.h
[1.129s] -- Up-to-date: /home/baris/mavivatan_ws/install/zed_msgs/include/zed_msgs/zed_msgs/msg/detail/svo_status__type_support.h
[1.129s] -- Up-to-date: /home/baris/mavivatan_ws/install/zed_msgs/include/zed_msgs/zed_msgs/msg/detail/keypoint2_df__struct.h
[1.129s] -- Up-to-date: /home/baris/mavivatan_ws/install/zed_msgs/include/zed_msgs/zed_msgs/msg/detail/keypoint3_d__type_support.h
[1.129s] -- Up-to-date: /home/baris/mavivatan_ws/install/zed_msgs/include/zed_msgs/zed_msgs/msg/detail/bounding_box3_d__functions.c
[1.129s] -- Up-to-date: /home/baris/mavivatan_ws/install/zed_msgs/include/zed_msgs/zed_msgs/msg/detail/keypoint2_df__functions.h
[1.129s] -- Up-to-date: /home/baris/mavivatan_ws/install/zed_msgs/include/zed_msgs/zed_msgs/msg/detail/keypoint2_df__functions.c
[1.129s] -- Up-to-date: /home/baris/mavivatan_ws/install/zed_msgs/include/zed_msgs/zed_msgs/msg/detail/health_status_stamped__functions.h
[1.130s] -- Up-to-date: /home/baris/mavivatan_ws/install/zed_msgs/include/zed_msgs/zed_msgs/msg/detail/keypoint2_df__type_support.h
[1.130s] -- Up-to-date: /home/baris/mavivatan_ws/install/zed_msgs/include/zed_msgs/zed_msgs/msg/detail/plane_stamped__functions.c
[1.130s] -- Up-to-date: /home/baris/mavivatan_ws/install/zed_msgs/include/zed_msgs/zed_msgs/msg/detail/pos_track_status__type_support.h
[1.130s] -- Up-to-date: /home/baris/mavivatan_ws/install/zed_msgs/include/zed_msgs/zed_msgs/msg/detail/bounding_box2_df__struct.h
[1.130s] -- Up-to-date: /home/baris/mavivatan_ws/install/zed_msgs/include/zed_msgs/zed_msgs/msg/detail/bounding_box2_di__functions.c
[1.130s] -- Up-to-date: /home/baris/mavivatan_ws/install/zed_msgs/include/zed_msgs/zed_msgs/msg/detail/bounding_box2_df__functions.h
[1.130s] -- Up-to-date: /home/baris/mavivatan_ws/install/zed_msgs/include/zed_msgs/zed_msgs/msg/detail/bounding_box3_d__struct.h
[1.131s] -- Up-to-date: /home/baris/mavivatan_ws/install/zed_msgs/include/zed_msgs/zed_msgs/msg/detail/skeleton3_d__type_support.h
[1.132s] -- Up-to-date: /home/baris/mavivatan_ws/install/zed_msgs/include/zed_msgs/zed_msgs/msg/detail/keypoint3_d__functions.c
[1.133s] -- Up-to-date: /home/baris/mavivatan_ws/install/zed_msgs/include/zed_msgs/zed_msgs/msg/detail/keypoint2_di__functions.h
[1.133s] -- Up-to-date: /home/baris/mavivatan_ws/install/zed_msgs/include/zed_msgs/zed_msgs/msg/detail/keypoint2_di__struct.h
[1.133s] -- Up-to-date: /home/baris/mavivatan_ws/install/zed_msgs/include/zed_msgs/zed_msgs/msg/detail/object__functions.h
[1.133s] -- Up-to-date: /home/baris/mavivatan_ws/install/zed_msgs/include/zed_msgs/zed_msgs/msg/detail/gnss_fusion_status__type_support.h
[1.133s] -- Up-to-date: /home/baris/mavivatan_ws/install/zed_msgs/include/zed_msgs/zed_msgs/msg/plane_stamped.h
[1.134s] -- Up-to-date: /home/baris/mavivatan_ws/install/zed_msgs/include/zed_msgs/zed_msgs/msg/svo_status.h
[1.134s] -- Up-to-date: /home/baris/mavivatan_ws/install/zed_msgs/include/zed_msgs/zed_msgs/msg/rosidl_generator_c__visibility_control.h
[1.134s] -- Up-to-date: /home/baris/mavivatan_ws/install/zed_msgs/include/zed_msgs/zed_msgs/msg/keypoint2_df.h
[1.134s] -- Up-to-date: /home/baris/mavivatan_ws/install/zed_msgs/include/zed_msgs/zed_msgs/msg/keypoint3_d.h
[1.134s] -- Up-to-date: /home/baris/mavivatan_ws/install/zed_msgs/include/zed_msgs/zed_msgs/msg/bounding_box2_di.h
[1.134s] -- Up-to-date: /home/baris/mavivatan_ws/install/zed_msgs/include/zed_msgs/zed_msgs/msg/bounding_box3_d.h
[1.134s] -- Up-to-date: /home/baris/mavivatan_ws/install/zed_msgs/include/zed_msgs/zed_msgs/msg/pos_track_status.h
[1.135s] -- Up-to-date: /home/baris/mavivatan_ws/install/zed_msgs/include/zed_msgs/zed_msgs/msg/health_status_stamped.h
[1.135s] -- Up-to-date: /home/baris/mavivatan_ws/install/zed_msgs/include/zed_msgs/zed_msgs/msg/object.h
[1.135s] -- Up-to-date: /home/baris/mavivatan_ws/install/zed_msgs/include/zed_msgs/zed_msgs/msg/keypoint2_di.h
[1.135s] -- Up-to-date: /home/baris/mavivatan_ws/install/zed_msgs/include/zed_msgs/zed_msgs/msg/objects_stamped.h
[1.135s] -- Up-to-date: /home/baris/mavivatan_ws/install/zed_msgs/include/zed_msgs/zed_msgs/msg/skeleton2_d.h
[1.135s] -- Up-to-date: /home/baris/mavivatan_ws/install/zed_msgs/include/zed_msgs/zed_msgs/msg/heartbeat.h
[1.135s] -- Up-to-date: /home/baris/mavivatan_ws/install/zed_msgs/include/zed_msgs/zed_msgs/msg/gnss_fusion_status.h
[1.136s] -- Up-to-date: /home/baris/mavivatan_ws/install/zed_msgs/include/zed_msgs/zed_msgs/msg/depth_info_stamped.h
[1.136s] -- Up-to-date: /home/baris/mavivatan_ws/install/zed_msgs/include/zed_msgs/zed_msgs/msg/mag_heading_status.h
[1.136s] -- Up-to-date: /home/baris/mavivatan_ws/install/zed_msgs/include/zed_msgs/zed_msgs/msg/skeleton3_d.h
[1.136s] -- Up-to-date: /home/baris/mavivatan_ws/install/zed_msgs/include/zed_msgs/zed_msgs/msg/bounding_box2_df.h
[1.136s] -- Up-to-date: /home/baris/mavivatan_ws/install/zed_msgs/share/zed_msgs/environment/library_path.sh
[1.136s] -- Up-to-date: /home/baris/mavivatan_ws/install/zed_msgs/share/zed_msgs/environment/library_path.dsv
[1.136s] -- Up-to-date: /home/baris/mavivatan_ws/install/zed_msgs/lib/libzed_msgs__rosidl_generator_c.so
[1.137s] -- Up-to-date: /home/baris/mavivatan_ws/install/zed_msgs/include/zed_msgs/zed_msgs
[1.137s] -- Up-to-date: /home/baris/mavivatan_ws/install/zed_msgs/include/zed_msgs/zed_msgs/srv
[1.137s] -- Up-to-date: /home/baris/mavivatan_ws/install/zed_msgs/include/zed_msgs/zed_msgs/srv/detail
[1.137s] -- Up-to-date: /home/baris/mavivatan_ws/install/zed_msgs/include/zed_msgs/zed_msgs/srv/detail/set_pose__rosidl_typesupport_fastrtps_c.h
[1.137s] -- Up-to-date: /home/baris/mavivatan_ws/install/zed_msgs/include/zed_msgs/zed_msgs/srv/detail/set_svo_frame__rosidl_typesupport_fastrtps_c.h
[1.137s] -- Up-to-date: /home/baris/mavivatan_ws/install/zed_msgs/include/zed_msgs/zed_msgs/srv/detail/save_area_memory__rosidl_typesupport_fastrtps_c.h
[1.138s] -- Up-to-date: /home/baris/mavivatan_ws/install/zed_msgs/include/zed_msgs/zed_msgs/srv/detail/set_roi__rosidl_typesupport_fastrtps_c.h
[1.138s] -- Up-to-date: /home/baris/mavivatan_ws/install/zed_msgs/include/zed_msgs/zed_msgs/srv/detail/start_svo_rec__rosidl_typesupport_fastrtps_c.h
[1.138s] -- Up-to-date: /home/baris/mavivatan_ws/install/zed_msgs/include/zed_msgs/zed_msgs/msg
[1.138s] -- Up-to-date: /home/baris/mavivatan_ws/install/zed_msgs/include/zed_msgs/zed_msgs/msg/detail
[1.138s] -- Up-to-date: /home/baris/mavivatan_ws/install/zed_msgs/include/zed_msgs/zed_msgs/msg/detail/keypoint2_df__rosidl_typesupport_fastrtps_c.h
[1.138s] -- Up-to-date: /home/baris/mavivatan_ws/install/zed_msgs/include/zed_msgs/zed_msgs/msg/detail/mag_heading_status__rosidl_typesupport_fastrtps_c.h
[1.139s] -- Up-to-date: /home/baris/mavivatan_ws/install/zed_msgs/include/zed_msgs/zed_msgs/msg/detail/plane_stamped__rosidl_typesupport_fastrtps_c.h
[1.139s] -- Up-to-date: /home/baris/mavivatan_ws/install/zed_msgs/include/zed_msgs/zed_msgs/msg/detail/depth_info_stamped__rosidl_typesupport_fastrtps_c.h
[1.139s] -- Up-to-date: /home/baris/mavivatan_ws/install/zed_msgs/include/zed_msgs/zed_msgs/msg/detail/keypoint3_d__rosidl_typesupport_fastrtps_c.h
[1.139s] -- Up-to-date: /home/baris/mavivatan_ws/install/zed_msgs/include/zed_msgs/zed_msgs/msg/detail/objects_stamped__rosidl_typesupport_fastrtps_c.h
[1.139s] -- Up-to-date: /home/baris/mavivatan_ws/install/zed_msgs/include/zed_msgs/zed_msgs/msg/detail/gnss_fusion_status__rosidl_typesupport_fastrtps_c.h
[1.140s] -- Up-to-date: /home/baris/mavivatan_ws/install/zed_msgs/include/zed_msgs/zed_msgs/msg/detail/bounding_box2_di__rosidl_typesupport_fastrtps_c.h
[1.140s] -- Up-to-date: /home/baris/mavivatan_ws/install/zed_msgs/include/zed_msgs/zed_msgs/msg/detail/bounding_box3_d__rosidl_typesupport_fastrtps_c.h
[1.140s] -- Up-to-date: /home/baris/mavivatan_ws/install/zed_msgs/include/zed_msgs/zed_msgs/msg/detail/skeleton2_d__rosidl_typesupport_fastrtps_c.h
[1.140s] -- Up-to-date: /home/baris/mavivatan_ws/install/zed_msgs/include/zed_msgs/zed_msgs/msg/detail/object__rosidl_typesupport_fastrtps_c.h
[1.140s] -- Up-to-date: /home/baris/mavivatan_ws/install/zed_msgs/include/zed_msgs/zed_msgs/msg/detail/pos_track_status__rosidl_typesupport_fastrtps_c.h
[1.140s] -- Up-to-date: /home/baris/mavivatan_ws/install/zed_msgs/include/zed_msgs/zed_msgs/msg/detail/keypoint2_di__rosidl_typesupport_fastrtps_c.h
[1.141s] -- Up-to-date: /home/baris/mavivatan_ws/install/zed_msgs/include/zed_msgs/zed_msgs/msg/detail/skeleton3_d__rosidl_typesupport_fastrtps_c.h
[1.141s] -- Up-to-date: /home/baris/mavivatan_ws/install/zed_msgs/include/zed_msgs/zed_msgs/msg/detail/health_status_stamped__rosidl_typesupport_fastrtps_c.h
[1.141s] -- Up-to-date: /home/baris/mavivatan_ws/install/zed_msgs/include/zed_msgs/zed_msgs/msg/detail/svo_status__rosidl_typesupport_fastrtps_c.h
[1.142s] -- Up-to-date: /home/baris/mavivatan_ws/install/zed_msgs/include/zed_msgs/zed_msgs/msg/detail/heartbeat__rosidl_typesupport_fastrtps_c.h
[1.142s] -- Up-to-date: /home/baris/mavivatan_ws/install/zed_msgs/include/zed_msgs/zed_msgs/msg/detail/bounding_box2_df__rosidl_typesupport_fastrtps_c.h
[1.142s] -- Up-to-date: /home/baris/mavivatan_ws/install/zed_msgs/include/zed_msgs/zed_msgs/msg/rosidl_typesupport_fastrtps_c__visibility_control.h
[1.142s] -- Up-to-date: /home/baris/mavivatan_ws/install/zed_msgs/lib/libzed_msgs__rosidl_typesupport_fastrtps_c.so
[1.142s] -- Up-to-date: /home/baris/mavivatan_ws/install/zed_msgs/include/zed_msgs/zed_msgs
[1.143s] -- Up-to-date: /home/baris/mavivatan_ws/install/zed_msgs/include/zed_msgs/zed_msgs/srv
[1.143s] -- Up-to-date: /home/baris/mavivatan_ws/install/zed_msgs/include/zed_msgs/zed_msgs/srv/detail
[1.143s] -- Up-to-date: /home/baris/mavivatan_ws/install/zed_msgs/include/zed_msgs/zed_msgs/srv/detail/set_pose__traits.hpp
[1.143s] -- Up-to-date: /home/baris/mavivatan_ws/install/zed_msgs/include/zed_msgs/zed_msgs/srv/detail/save_area_memory__struct.hpp
[1.143s] -- Up-to-date: /home/baris/mavivatan_ws/install/zed_msgs/include/zed_msgs/zed_msgs/srv/detail/start_svo_rec__builder.hpp
[1.143s] -- Up-to-date: /home/baris/mavivatan_ws/install/zed_msgs/include/zed_msgs/zed_msgs/srv/detail/set_svo_frame__struct.hpp
[1.143s] -- Up-to-date: /home/baris/mavivatan_ws/install/zed_msgs/include/zed_msgs/zed_msgs/srv/detail/set_roi__struct.hpp
[1.144s] -- Up-to-date: /home/baris/mavivatan_ws/install/zed_msgs/include/zed_msgs/zed_msgs/srv/detail/set_svo_frame__traits.hpp
[1.144s] -- Up-to-date: /home/baris/mavivatan_ws/install/zed_msgs/include/zed_msgs/zed_msgs/srv/detail/save_area_memory__type_support.hpp
[1.144s] -- Up-to-date: /home/baris/mavivatan_ws/install/zed_msgs/include/zed_msgs/zed_msgs/srv/detail/save_area_memory__builder.hpp
[1.144s] -- Up-to-date: /home/baris/mavivatan_ws/install/zed_msgs/include/zed_msgs/zed_msgs/srv/detail/set_roi__traits.hpp
[1.144s] -- Up-to-date: /home/baris/mavivatan_ws/install/zed_msgs/include/zed_msgs/zed_msgs/srv/detail/start_svo_rec__traits.hpp
[1.144s] -- Up-to-date: /home/baris/mavivatan_ws/install/zed_msgs/include/zed_msgs/zed_msgs/srv/detail/set_svo_frame__type_support.hpp
[1.144s] -- Up-to-date: /home/baris/mavivatan_ws/install/zed_msgs/include/zed_msgs/zed_msgs/srv/detail/set_pose__builder.hpp
[1.145s] -- Up-to-date: /home/baris/mavivatan_ws/install/zed_msgs/include/zed_msgs/zed_msgs/srv/detail/set_svo_frame__builder.hpp
[1.145s] -- Up-to-date: /home/baris/mavivatan_ws/install/zed_msgs/include/zed_msgs/zed_msgs/srv/detail/save_area_memory__traits.hpp
[1.145s] -- Up-to-date: /home/baris/mavivatan_ws/install/zed_msgs/include/zed_msgs/zed_msgs/srv/detail/start_svo_rec__struct.hpp
[1.145s] -- Up-to-date: /home/baris/mavivatan_ws/install/zed_msgs/include/zed_msgs/zed_msgs/srv/detail/start_svo_rec__type_support.hpp
[1.145s] -- Up-to-date: /home/baris/mavivatan_ws/install/zed_msgs/include/zed_msgs/zed_msgs/srv/detail/set_roi__builder.hpp
[1.145s] -- Up-to-date: /home/baris/mavivatan_ws/install/zed_msgs/include/zed_msgs/zed_msgs/srv/detail/set_pose__type_support.hpp
[1.145s] -- Up-to-date: /home/baris/mavivatan_ws/install/zed_msgs/include/zed_msgs/zed_msgs/srv/detail/set_roi__type_support.hpp
[1.146s] -- Up-to-date: /home/baris/mavivatan_ws/install/zed_msgs/include/zed_msgs/zed_msgs/srv/detail/set_pose__struct.hpp
[1.146s] -- Up-to-date: /home/baris/mavivatan_ws/install/zed_msgs/include/zed_msgs/zed_msgs/srv/start_svo_rec.hpp
[1.146s] -- Up-to-date: /home/baris/mavivatan_ws/install/zed_msgs/include/zed_msgs/zed_msgs/srv/set_pose.hpp
[1.146s] -- Up-to-date: /home/baris/mavivatan_ws/install/zed_msgs/include/zed_msgs/zed_msgs/srv/set_roi.hpp
[1.146s] -- Up-to-date: /home/baris/mavivatan_ws/install/zed_msgs/include/zed_msgs/zed_msgs/srv/save_area_memory.hpp
[1.146s] -- Up-to-date: /home/baris/mavivatan_ws/install/zed_msgs/include/zed_msgs/zed_msgs/srv/set_svo_frame.hpp
[1.146s] -- Up-to-date: /home/baris/mavivatan_ws/install/zed_msgs/include/zed_msgs/zed_msgs/msg
[1.147s] -- Up-to-date: /home/baris/mavivatan_ws/install/zed_msgs/include/zed_msgs/zed_msgs/msg/mag_heading_status.hpp
[1.147s] -- Up-to-date: /home/baris/mavivatan_ws/install/zed_msgs/include/zed_msgs/zed_msgs/msg/detail
[1.147s] -- Up-to-date: /home/baris/mavivatan_ws/install/zed_msgs/include/zed_msgs/zed_msgs/msg/detail/keypoint2_di__traits.hpp
[1.147s] -- Up-to-date: /home/baris/mavivatan_ws/install/zed_msgs/include/zed_msgs/zed_msgs/msg/detail/bounding_box2_df__builder.hpp
[1.147s] -- Up-to-date: /home/baris/mavivatan_ws/install/zed_msgs/include/zed_msgs/zed_msgs/msg/detail/svo_status__builder.hpp
[1.147s] -- Up-to-date: /home/baris/mavivatan_ws/install/zed_msgs/include/zed_msgs/zed_msgs/msg/detail/object__builder.hpp
[1.147s] -- Up-to-date: /home/baris/mavivatan_ws/install/zed_msgs/include/zed_msgs/zed_msgs/msg/detail/gnss_fusion_status__type_support.hpp
[1.148s] -- Up-to-date: /home/baris/mavivatan_ws/install/zed_msgs/include/zed_msgs/zed_msgs/msg/detail/skeleton3_d__traits.hpp
[1.148s] -- Up-to-date: /home/baris/mavivatan_ws/install/zed_msgs/include/zed_msgs/zed_msgs/msg/detail/object__struct.hpp
[1.148s] -- Up-to-date: /home/baris/mavivatan_ws/install/zed_msgs/include/zed_msgs/zed_msgs/msg/detail/bounding_box2_di__builder.hpp
[1.148s] -- Up-to-date: /home/baris/mavivatan_ws/install/zed_msgs/include/zed_msgs/zed_msgs/msg/detail/bounding_box2_df__type_support.hpp
[1.148s] -- Up-to-date: /home/baris/mavivatan_ws/install/zed_msgs/include/zed_msgs/zed_msgs/msg/detail/gnss_fusion_status__builder.hpp
[1.149s] -- Up-to-date: /home/baris/mavivatan_ws/install/zed_msgs/include/zed_msgs/zed_msgs/msg/detail/keypoint2_df__traits.hpp
[1.149s] -- Up-to-date: /home/baris/mavivatan_ws/install/zed_msgs/include/zed_msgs/zed_msgs/msg/detail/skeleton3_d__builder.hpp
[1.149s] -- Up-to-date: /home/baris/mavivatan_ws/install/zed_msgs/include/zed_msgs/zed_msgs/msg/detail/keypoint2_di__struct.hpp
[1.149s] -- Up-to-date: /home/baris/mavivatan_ws/install/zed_msgs/include/zed_msgs/zed_msgs/msg/detail/bounding_box3_d__builder.hpp
[1.149s] -- Up-to-date: /home/baris/mavivatan_ws/install/zed_msgs/include/zed_msgs/zed_msgs/msg/detail/objects_stamped__struct.hpp
[1.150s] -- Up-to-date: /home/baris/mavivatan_ws/install/zed_msgs/include/zed_msgs/zed_msgs/msg/detail/svo_status__struct.hpp
[1.150s] -- Up-to-date: /home/baris/mavivatan_ws/install/zed_msgs/include/zed_msgs/zed_msgs/msg/detail/keypoint2_df__struct.hpp
[1.150s] -- Up-to-date: /home/baris/mavivatan_ws/install/zed_msgs/include/zed_msgs/zed_msgs/msg/detail/bounding_box2_df__struct.hpp
[1.150s] -- Up-to-date: /home/baris/mavivatan_ws/install/zed_msgs/include/zed_msgs/zed_msgs/msg/detail/depth_info_stamped__builder.hpp
[1.150s] -- Up-to-date: /home/baris/mavivatan_ws/install/zed_msgs/include/zed_msgs/zed_msgs/msg/detail/objects_stamped__builder.hpp
[1.150s] -- Up-to-date: /home/baris/mavivatan_ws/install/zed_msgs/include/zed_msgs/zed_msgs/msg/detail/bounding_box3_d__traits.hpp
[1.150s] -- Up-to-date: /home/baris/mavivatan_ws/install/zed_msgs/include/zed_msgs/zed_msgs/msg/detail/plane_stamped__struct.hpp
[1.151s] -- Up-to-date: /home/baris/mavivatan_ws/install/zed_msgs/include/zed_msgs/zed_msgs/msg/detail/pos_track_status__traits.hpp
[1.151s] -- Up-to-date: /home/baris/mavivatan_ws/install/zed_msgs/include/zed_msgs/zed_msgs/msg/detail/keypoint2_di__type_support.hpp
[1.151s] -- Up-to-date: /home/baris/mavivatan_ws/install/zed_msgs/include/zed_msgs/zed_msgs/msg/detail/heartbeat__traits.hpp
[1.151s] -- Up-to-date: /home/baris/mavivatan_ws/install/zed_msgs/include/zed_msgs/zed_msgs/msg/detail/plane_stamped__type_support.hpp
[1.151s] -- Up-to-date: /home/baris/mavivatan_ws/install/zed_msgs/include/zed_msgs/zed_msgs/msg/detail/heartbeat__struct.hpp
[1.151s] -- Up-to-date: /home/baris/mavivatan_ws/install/zed_msgs/include/zed_msgs/zed_msgs/msg/detail/skeleton2_d__builder.hpp
[1.151s] -- Up-to-date: /home/baris/mavivatan_ws/install/zed_msgs/include/zed_msgs/zed_msgs/msg/detail/bounding_box3_d__type_support.hpp
[1.152s] -- Up-to-date: /home/baris/mavivatan_ws/install/zed_msgs/include/zed_msgs/zed_msgs/msg/detail/pos_track_status__builder.hpp
[1.152s] -- Up-to-date: /home/baris/mavivatan_ws/install/zed_msgs/include/zed_msgs/zed_msgs/msg/detail/health_status_stamped__builder.hpp
[1.152s] -- Up-to-date: /home/baris/mavivatan_ws/install/zed_msgs/include/zed_msgs/zed_msgs/msg/detail/keypoint3_d__builder.hpp
[1.152s] -- Up-to-date: /home/baris/mavivatan_ws/install/zed_msgs/include/zed_msgs/zed_msgs/msg/detail/skeleton2_d__type_support.hpp
[1.152s] -- Up-to-date: /home/baris/mavivatan_ws/install/zed_msgs/include/zed_msgs/zed_msgs/msg/detail/bounding_box3_d__struct.hpp
[1.153s] -- Up-to-date: /home/baris/mavivatan_ws/install/zed_msgs/include/zed_msgs/zed_msgs/msg/detail/health_status_stamped__traits.hpp
[1.153s] -- Up-to-date: /home/baris/mavivatan_ws/install/zed_msgs/include/zed_msgs/zed_msgs/msg/detail/mag_heading_status__type_support.hpp
[1.153s] -- Up-to-date: /home/baris/mavivatan_ws/install/zed_msgs/include/zed_msgs/zed_msgs/msg/detail/objects_stamped__type_support.hpp
[1.153s] -- Up-to-date: /home/baris/mavivatan_ws/install/zed_msgs/include/zed_msgs/zed_msgs/msg/detail/depth_info_stamped__struct.hpp
[1.153s] -- Up-to-date: /home/baris/mavivatan_ws/install/zed_msgs/include/zed_msgs/zed_msgs/msg/detail/depth_info_stamped__traits.hpp
[1.153s] -- Up-to-date: /home/baris/mavivatan_ws/install/zed_msgs/include/zed_msgs/zed_msgs/msg/detail/gnss_fusion_status__traits.hpp
[1.153s] -- Up-to-date: /home/baris/mavivatan_ws/install/zed_msgs/include/zed_msgs/zed_msgs/msg/detail/depth_info_stamped__type_support.hpp
[1.153s] -- Up-to-date: /home/baris/mavivatan_ws/install/zed_msgs/include/zed_msgs/zed_msgs/msg/detail/keypoint3_d__type_support.hpp
[1.154s] -- Up-to-date: /home/baris/mavivatan_ws/install/zed_msgs/include/zed_msgs/zed_msgs/msg/detail/pos_track_status__type_support.hpp
[1.154s] -- Up-to-date: /home/baris/mavivatan_ws/install/zed_msgs/include/zed_msgs/zed_msgs/msg/detail/heartbeat__type_support.hpp
[1.154s] -- Up-to-date: /home/baris/mavivatan_ws/install/zed_msgs/include/zed_msgs/zed_msgs/msg/detail/plane_stamped__builder.hpp
[1.154s] -- Up-to-date: /home/baris/mavivatan_ws/install/zed_msgs/include/zed_msgs/zed_msgs/msg/detail/pos_track_status__struct.hpp
[1.154s] -- Up-to-date: /home/baris/mavivatan_ws/install/zed_msgs/include/zed_msgs/zed_msgs/msg/detail/health_status_stamped__type_support.hpp
[1.155s] -- Up-to-date: /home/baris/mavivatan_ws/install/zed_msgs/include/zed_msgs/zed_msgs/msg/detail/objects_stamped__traits.hpp
[1.155s] -- Up-to-date: /home/baris/mavivatan_ws/install/zed_msgs/include/zed_msgs/zed_msgs/msg/detail/bounding_box2_df__traits.hpp
[1.155s] -- Up-to-date: /home/baris/mavivatan_ws/install/zed_msgs/include/zed_msgs/zed_msgs/msg/detail/bounding_box2_di__type_support.hpp
[1.155s] -- Up-to-date: /home/baris/mavivatan_ws/install/zed_msgs/include/zed_msgs/zed_msgs/msg/detail/gnss_fusion_status__struct.hpp
[1.155s] -- Up-to-date: /home/baris/mavivatan_ws/install/zed_msgs/include/zed_msgs/zed_msgs/msg/detail/skeleton2_d__traits.hpp
[1.155s] -- Up-to-date: /home/baris/mavivatan_ws/install/zed_msgs/include/zed_msgs/zed_msgs/msg/detail/object__traits.hpp
[1.155s] -- Up-to-date: /home/baris/mavivatan_ws/install/zed_msgs/include/zed_msgs/zed_msgs/msg/detail/mag_heading_status__traits.hpp
[1.156s] -- Up-to-date: /home/baris/mavivatan_ws/install/zed_msgs/include/zed_msgs/zed_msgs/msg/detail/keypoint2_di__builder.hpp
[1.156s] -- Up-to-date: /home/baris/mavivatan_ws/install/zed_msgs/include/zed_msgs/zed_msgs/msg/detail/health_status_stamped__struct.hpp
[1.156s] -- Up-to-date: /home/baris/mavivatan_ws/install/zed_msgs/include/zed_msgs/zed_msgs/msg/detail/plane_stamped__traits.hpp
[1.156s] -- Up-to-date: /home/baris/mavivatan_ws/install/zed_msgs/include/zed_msgs/zed_msgs/msg/detail/mag_heading_status__struct.hpp
[1.156s] -- Up-to-date: /home/baris/mavivatan_ws/install/zed_msgs/include/zed_msgs/zed_msgs/msg/detail/bounding_box2_di__struct.hpp
[1.156s] -- Up-to-date: /home/baris/mavivatan_ws/install/zed_msgs/include/zed_msgs/zed_msgs/msg/detail/bounding_box2_di__traits.hpp
[1.156s] -- Up-to-date: /home/baris/mavivatan_ws/install/zed_msgs/include/zed_msgs/zed_msgs/msg/detail/skeleton3_d__struct.hpp
[1.156s] -- Up-to-date: /home/baris/mavivatan_ws/install/zed_msgs/include/zed_msgs/zed_msgs/msg/detail/skeleton2_d__struct.hpp
[1.157s] -- Up-to-date: /home/baris/mavivatan_ws/install/zed_msgs/include/zed_msgs/zed_msgs/msg/detail/keypoint3_d__struct.hpp
[1.157s] -- Up-to-date: /home/baris/mavivatan_ws/install/zed_msgs/include/zed_msgs/zed_msgs/msg/detail/keypoint3_d__traits.hpp
[1.157s] -- Up-to-date: /home/baris/mavivatan_ws/install/zed_msgs/include/zed_msgs/zed_msgs/msg/detail/object__type_support.hpp
[1.157s] -- Up-to-date: /home/baris/mavivatan_ws/install/zed_msgs/include/zed_msgs/zed_msgs/msg/detail/heartbeat__builder.hpp
[1.157s] -- Up-to-date: /home/baris/mavivatan_ws/install/zed_msgs/include/zed_msgs/zed_msgs/msg/detail/svo_status__type_support.hpp
[1.157s] -- Up-to-date: /home/baris/mavivatan_ws/install/zed_msgs/include/zed_msgs/zed_msgs/msg/detail/skeleton3_d__type_support.hpp
[1.157s] -- Up-to-date: /home/baris/mavivatan_ws/install/zed_msgs/include/zed_msgs/zed_msgs/msg/detail/keypoint2_df__type_support.hpp
[1.158s] -- Up-to-date: /home/baris/mavivatan_ws/install/zed_msgs/include/zed_msgs/zed_msgs/msg/detail/mag_heading_status__builder.hpp
[1.158s] -- Up-to-date: /home/baris/mavivatan_ws/install/zed_msgs/include/zed_msgs/zed_msgs/msg/detail/svo_status__traits.hpp
[1.158s] -- Up-to-date: /home/baris/mavivatan_ws/install/zed_msgs/include/zed_msgs/zed_msgs/msg/detail/keypoint2_df__builder.hpp
[1.158s] -- Up-to-date: /home/baris/mavivatan_ws/install/zed_msgs/include/zed_msgs/zed_msgs/msg/object.hpp
[1.158s] -- Up-to-date: /home/baris/mavivatan_ws/install/zed_msgs/include/zed_msgs/zed_msgs/msg/depth_info_stamped.hpp
[1.158s] -- Up-to-date: /home/baris/mavivatan_ws/install/zed_msgs/include/zed_msgs/zed_msgs/msg/pos_track_status.hpp
[1.158s] -- Up-to-date: /home/baris/mavivatan_ws/install/zed_msgs/include/zed_msgs/zed_msgs/msg/heartbeat.hpp
[1.159s] -- Up-to-date: /home/baris/mavivatan_ws/install/zed_msgs/include/zed_msgs/zed_msgs/msg/bounding_box2_df.hpp
[1.159s] -- Up-to-date: /home/baris/mavivatan_ws/install/zed_msgs/include/zed_msgs/zed_msgs/msg/skeleton2_d.hpp
[1.159s] -- Up-to-date: /home/baris/mavivatan_ws/install/zed_msgs/include/zed_msgs/zed_msgs/msg/gnss_fusion_status.hpp
[1.159s] -- Up-to-date: /home/baris/mavivatan_ws/install/zed_msgs/include/zed_msgs/zed_msgs/msg/bounding_box2_di.hpp
[1.160s] -- Up-to-date: /home/baris/mavivatan_ws/install/zed_msgs/include/zed_msgs/zed_msgs/msg/keypoint2_di.hpp
[1.160s] -- Up-to-date: /home/baris/mavivatan_ws/install/zed_msgs/include/zed_msgs/zed_msgs/msg/objects_stamped.hpp
[1.160s] -- Up-to-date: /home/baris/mavivatan_ws/install/zed_msgs/include/zed_msgs/zed_msgs/msg/rosidl_generator_cpp__visibility_control.hpp
[1.161s] -- Up-to-date: /home/baris/mavivatan_ws/install/zed_msgs/include/zed_msgs/zed_msgs/msg/plane_stamped.hpp
[1.161s] -- Up-to-date: /home/baris/mavivatan_ws/install/zed_msgs/include/zed_msgs/zed_msgs/msg/keypoint2_df.hpp
[1.161s] -- Up-to-date: /home/baris/mavivatan_ws/install/zed_msgs/include/zed_msgs/zed_msgs/msg/svo_status.hpp
[1.161s] -- Up-to-date: /home/baris/mavivatan_ws/install/zed_msgs/include/zed_msgs/zed_msgs/msg/health_status_stamped.hpp
[1.161s] -- Up-to-date: /home/baris/mavivatan_ws/install/zed_msgs/include/zed_msgs/zed_msgs/msg/skeleton3_d.hpp
[1.161s] -- Up-to-date: /home/baris/mavivatan_ws/install/zed_msgs/include/zed_msgs/zed_msgs/msg/keypoint3_d.hpp
[1.161s] -- Up-to-date: /home/baris/mavivatan_ws/install/zed_msgs/include/zed_msgs/zed_msgs/msg/bounding_box3_d.hpp
[1.162s] -- Up-to-date: /home/baris/mavivatan_ws/install/zed_msgs/include/zed_msgs/zed_msgs
[1.162s] -- Up-to-date: /home/baris/mavivatan_ws/install/zed_msgs/include/zed_msgs/zed_msgs/srv
[1.162s] -- Up-to-date: /home/baris/mavivatan_ws/install/zed_msgs/include/zed_msgs/zed_msgs/srv/detail
[1.162s] -- Up-to-date: /home/baris/mavivatan_ws/install/zed_msgs/include/zed_msgs/zed_msgs/srv/detail/set_svo_frame__rosidl_typesupport_fastrtps_cpp.hpp
[1.162s] -- Up-to-date: /home/baris/mavivatan_ws/install/zed_msgs/include/zed_msgs/zed_msgs/srv/detail/save_area_memory__rosidl_typesupport_fastrtps_cpp.hpp
[1.163s] -- Up-to-date: /home/baris/mavivatan_ws/install/zed_msgs/include/zed_msgs/zed_msgs/srv/detail/start_svo_rec__rosidl_typesupport_fastrtps_cpp.hpp
[1.163s] -- Up-to-date: /home/baris/mavivatan_ws/install/zed_msgs/include/zed_msgs/zed_msgs/srv/detail/set_roi__rosidl_typesupport_fastrtps_cpp.hpp
[1.163s] -- Up-to-date: /home/baris/mavivatan_ws/install/zed_msgs/include/zed_msgs/zed_msgs/srv/detail/dds_fastrtps
[1.163s] -- Up-to-date: /home/baris/mavivatan_ws/install/zed_msgs/include/zed_msgs/zed_msgs/srv/detail/set_pose__rosidl_typesupport_fastrtps_cpp.hpp
[1.163s] -- Up-to-date: /home/baris/mavivatan_ws/install/zed_msgs/include/zed_msgs/zed_msgs/msg
[1.163s] -- Up-to-date: /home/baris/mavivatan_ws/install/zed_msgs/include/zed_msgs/zed_msgs/msg/detail
[1.163s] -- Up-to-date: /home/baris/mavivatan_ws/install/zed_msgs/include/zed_msgs/zed_msgs/msg/detail/keypoint2_df__rosidl_typesupport_fastrtps_cpp.hpp
[1.164s] -- Up-to-date: /home/baris/mavivatan_ws/install/zed_msgs/include/zed_msgs/zed_msgs/msg/detail/health_status_stamped__rosidl_typesupport_fastrtps_cpp.hpp
[1.164s] -- Up-to-date: /home/baris/mavivatan_ws/install/zed_msgs/include/zed_msgs/zed_msgs/msg/detail/svo_status__rosidl_typesupport_fastrtps_cpp.hpp
[1.164s] -- Up-to-date: /home/baris/mavivatan_ws/install/zed_msgs/include/zed_msgs/zed_msgs/msg/detail/pos_track_status__rosidl_typesupport_fastrtps_cpp.hpp
[1.165s] -- Up-to-date: /home/baris/mavivatan_ws/install/zed_msgs/include/zed_msgs/zed_msgs/msg/detail/depth_info_stamped__rosidl_typesupport_fastrtps_cpp.hpp
[1.165s] -- Up-to-date: /home/baris/mavivatan_ws/install/zed_msgs/include/zed_msgs/zed_msgs/msg/detail/skeleton3_d__rosidl_typesupport_fastrtps_cpp.hpp
[1.165s] -- Up-to-date: /home/baris/mavivatan_ws/install/zed_msgs/include/zed_msgs/zed_msgs/msg/detail/objects_stamped__rosidl_typesupport_fastrtps_cpp.hpp
[1.165s] -- Up-to-date: /home/baris/mavivatan_ws/install/zed_msgs/include/zed_msgs/zed_msgs/msg/detail/plane_stamped__rosidl_typesupport_fastrtps_cpp.hpp
[1.166s] -- Up-to-date: /home/baris/mavivatan_ws/install/zed_msgs/include/zed_msgs/zed_msgs/msg/detail/keypoint3_d__rosidl_typesupport_fastrtps_cpp.hpp
[1.166s] -- Up-to-date: /home/baris/mavivatan_ws/install/zed_msgs/include/zed_msgs/zed_msgs/msg/detail/mag_heading_status__rosidl_typesupport_fastrtps_cpp.hpp
[1.166s] -- Up-to-date: /home/baris/mavivatan_ws/install/zed_msgs/include/zed_msgs/zed_msgs/msg/detail/skeleton2_d__rosidl_typesupport_fastrtps_cpp.hpp
[1.166s] -- Up-to-date: /home/baris/mavivatan_ws/install/zed_msgs/include/zed_msgs/zed_msgs/msg/detail/heartbeat__rosidl_typesupport_fastrtps_cpp.hpp
[1.167s] -- Up-to-date: /home/baris/mavivatan_ws/install/zed_msgs/include/zed_msgs/zed_msgs/msg/detail/bounding_box3_d__rosidl_typesupport_fastrtps_cpp.hpp
[1.167s] -- Up-to-date: /home/baris/mavivatan_ws/install/zed_msgs/include/zed_msgs/zed_msgs/msg/detail/keypoint2_di__rosidl_typesupport_fastrtps_cpp.hpp
[1.167s] -- Up-to-date: /home/baris/mavivatan_ws/install/zed_msgs/include/zed_msgs/zed_msgs/msg/detail/dds_fastrtps
[1.167s] -- Up-to-date: /home/baris/mavivatan_ws/install/zed_msgs/include/zed_msgs/zed_msgs/msg/detail/bounding_box2_df__rosidl_typesupport_fastrtps_cpp.hpp
[1.168s] -- Up-to-date: /home/baris/mavivatan_ws/install/zed_msgs/include/zed_msgs/zed_msgs/msg/detail/gnss_fusion_status__rosidl_typesupport_fastrtps_cpp.hpp
[1.168s] -- Up-to-date: /home/baris/mavivatan_ws/install/zed_msgs/include/zed_msgs/zed_msgs/msg/detail/object__rosidl_typesupport_fastrtps_cpp.hpp
[1.168s] -- Up-to-date: /home/baris/mavivatan_ws/install/zed_msgs/include/zed_msgs/zed_msgs/msg/detail/bounding_box2_di__rosidl_typesupport_fastrtps_cpp.hpp
[1.168s] -- Up-to-date: /home/baris/mavivatan_ws/install/zed_msgs/include/zed_msgs/zed_msgs/msg/rosidl_typesupport_fastrtps_cpp__visibility_control.h
[1.169s] -- Up-to-date: /home/baris/mavivatan_ws/install/zed_msgs/lib/libzed_msgs__rosidl_typesupport_fastrtps_cpp.so
[1.169s] -- Up-to-date: /home/baris/mavivatan_ws/install/zed_msgs/include/zed_msgs/zed_msgs
[1.169s] -- Up-to-date: /home/baris/mavivatan_ws/install/zed_msgs/include/zed_msgs/zed_msgs/srv
[1.169s] -- Up-to-date: /home/baris/mavivatan_ws/install/zed_msgs/include/zed_msgs/zed_msgs/srv/detail
[1.170s] -- Up-to-date: /home/baris/mavivatan_ws/install/zed_msgs/include/zed_msgs/zed_msgs/srv/detail/start_svo_rec__type_support.c
[1.170s] -- Up-to-date: /home/baris/mavivatan_ws/install/zed_msgs/include/zed_msgs/zed_msgs/srv/detail/set_pose__rosidl_typesupport_introspection_c.h
[1.170s] -- Up-to-date: /home/baris/mavivatan_ws/install/zed_msgs/include/zed_msgs/zed_msgs/srv/detail/save_area_memory__rosidl_typesupport_introspection_c.h
[1.170s] -- Up-to-date: /home/baris/mavivatan_ws/install/zed_msgs/include/zed_msgs/zed_msgs/srv/detail/set_roi__type_support.c
[1.171s] -- Up-to-date: /home/baris/mavivatan_ws/install/zed_msgs/include/zed_msgs/zed_msgs/srv/detail/set_svo_frame__type_support.c
[1.171s] -- Up-to-date: /home/baris/mavivatan_ws/install/zed_msgs/include/zed_msgs/zed_msgs/srv/detail/save_area_memory__type_support.c
[1.171s] -- Up-to-date: /home/baris/mavivatan_ws/install/zed_msgs/include/zed_msgs/zed_msgs/srv/detail/set_svo_frame__rosidl_typesupport_introspection_c.h
[1.171s] -- Up-to-date: /home/baris/mavivatan_ws/install/zed_msgs/include/zed_msgs/zed_msgs/srv/detail/set_roi__rosidl_typesupport_introspection_c.h
[1.172s] -- Up-to-date: /home/baris/mavivatan_ws/install/zed_msgs/include/zed_msgs/zed_msgs/srv/detail/start_svo_rec__rosidl_typesupport_introspection_c.h
[1.172s] -- Up-to-date: /home/baris/mavivatan_ws/install/zed_msgs/include/zed_msgs/zed_msgs/srv/detail/set_pose__type_support.c
[1.172s] -- Up-to-date: /home/baris/mavivatan_ws/install/zed_msgs/include/zed_msgs/zed_msgs/msg
[1.172s] -- Up-to-date: /home/baris/mavivatan_ws/install/zed_msgs/include/zed_msgs/zed_msgs/msg/detail
[1.172s] -- Up-to-date: /home/baris/mavivatan_ws/install/zed_msgs/include/zed_msgs/zed_msgs/msg/detail/object__type_support.c
[1.173s] -- Up-to-date: /home/baris/mavivatan_ws/install/zed_msgs/include/zed_msgs/zed_msgs/msg/detail/heartbeat__rosidl_typesupport_introspection_c.h
[1.173s] -- Up-to-date: /home/baris/mavivatan_ws/install/zed_msgs/include/zed_msgs/zed_msgs/msg/detail/pos_track_status__rosidl_typesupport_introspection_c.h
[1.173s] -- Up-to-date: /home/baris/mavivatan_ws/install/zed_msgs/include/zed_msgs/zed_msgs/msg/detail/bounding_box2_df__type_support.c
[1.173s] -- Up-to-date: /home/baris/mavivatan_ws/install/zed_msgs/include/zed_msgs/zed_msgs/msg/detail/keypoint2_di__type_support.c
[1.173s] -- Up-to-date: /home/baris/mavivatan_ws/install/zed_msgs/include/zed_msgs/zed_msgs/msg/detail/keypoint2_df__type_support.c
[1.174s] -- Up-to-date: /home/baris/mavivatan_ws/install/zed_msgs/include/zed_msgs/zed_msgs/msg/detail/skeleton2_d__type_support.c
[1.174s] -- Up-to-date: /home/baris/mavivatan_ws/install/zed_msgs/include/zed_msgs/zed_msgs/msg/detail/bounding_box3_d__rosidl_typesupport_introspection_c.h
[1.174s] -- Up-to-date: /home/baris/mavivatan_ws/install/zed_msgs/include/zed_msgs/zed_msgs/msg/detail/depth_info_stamped__type_support.c
[1.174s] -- Up-to-date: /home/baris/mavivatan_ws/install/zed_msgs/include/zed_msgs/zed_msgs/msg/detail/mag_heading_status__rosidl_typesupport_introspection_c.h
[1.174s] -- Up-to-date: /home/baris/mavivatan_ws/install/zed_msgs/include/zed_msgs/zed_msgs/msg/detail/mag_heading_status__type_support.c
[1.175s] -- Up-to-date: /home/baris/mavivatan_ws/install/zed_msgs/include/zed_msgs/zed_msgs/msg/detail/skeleton2_d__rosidl_typesupport_introspection_c.h
[1.175s] -- Up-to-date: /home/baris/mavivatan_ws/install/zed_msgs/include/zed_msgs/zed_msgs/msg/detail/plane_stamped__type_support.c
[1.175s] -- Up-to-date: /home/baris/mavivatan_ws/install/zed_msgs/include/zed_msgs/zed_msgs/msg/detail/keypoint2_di__rosidl_typesupport_introspection_c.h
[1.175s] -- Up-to-date: /home/baris/mavivatan_ws/install/zed_msgs/include/zed_msgs/zed_msgs/msg/detail/bounding_box2_di__rosidl_typesupport_introspection_c.h
[1.176s] -- Up-to-date: /home/baris/mavivatan_ws/install/zed_msgs/include/zed_msgs/zed_msgs/msg/detail/skeleton3_d__type_support.c
[1.176s] -- Up-to-date: /home/baris/mavivatan_ws/install/zed_msgs/include/zed_msgs/zed_msgs/msg/detail/svo_status__type_support.c
[1.176s] -- Up-to-date: /home/baris/mavivatan_ws/install/zed_msgs/include/zed_msgs/zed_msgs/msg/detail/keypoint3_d__type_support.c
[1.176s] -- Up-to-date: /home/baris/mavivatan_ws/install/zed_msgs/include/zed_msgs/zed_msgs/msg/detail/bounding_box2_di__type_support.c
[1.177s] -- Up-to-date: /home/baris/mavivatan_ws/install/zed_msgs/include/zed_msgs/zed_msgs/msg/detail/depth_info_stamped__rosidl_typesupport_introspection_c.h
[1.177s] -- Up-to-date: /home/baris/mavivatan_ws/install/zed_msgs/include/zed_msgs/zed_msgs/msg/detail/svo_status__rosidl_typesupport_introspection_c.h
[1.177s] -- Up-to-date: /home/baris/mavivatan_ws/install/zed_msgs/include/zed_msgs/zed_msgs/msg/detail/keypoint2_df__rosidl_typesupport_introspection_c.h
[1.177s] -- Up-to-date: /home/baris/mavivatan_ws/install/zed_msgs/include/zed_msgs/zed_msgs/msg/detail/keypoint3_d__rosidl_typesupport_introspection_c.h
[1.177s] -- Up-to-date: /home/baris/mavivatan_ws/install/zed_msgs/include/zed_msgs/zed_msgs/msg/detail/object__rosidl_typesupport_introspection_c.h
[1.177s] -- Up-to-date: /home/baris/mavivatan_ws/install/zed_msgs/include/zed_msgs/zed_msgs/msg/detail/bounding_box3_d__type_support.c
[1.177s] -- Up-to-date: /home/baris/mavivatan_ws/install/zed_msgs/include/zed_msgs/zed_msgs/msg/detail/health_status_stamped__rosidl_typesupport_introspection_c.h
[1.178s] -- Up-to-date: /home/baris/mavivatan_ws/install/zed_msgs/include/zed_msgs/zed_msgs/msg/detail/gnss_fusion_status__type_support.c
[1.178s] -- Up-to-date: /home/baris/mavivatan_ws/install/zed_msgs/include/zed_msgs/zed_msgs/msg/detail/objects_stamped__rosidl_typesupport_introspection_c.h
[1.178s] -- Up-to-date: /home/baris/mavivatan_ws/install/zed_msgs/include/zed_msgs/zed_msgs/msg/detail/pos_track_status__type_support.c
[1.178s] -- Up-to-date: /home/baris/mavivatan_ws/install/zed_msgs/include/zed_msgs/zed_msgs/msg/detail/objects_stamped__type_support.c
[1.178s] -- Up-to-date: /home/baris/mavivatan_ws/install/zed_msgs/include/zed_msgs/zed_msgs/msg/detail/bounding_box2_df__rosidl_typesupport_introspection_c.h
[1.179s] -- Up-to-date: /home/baris/mavivatan_ws/install/zed_msgs/include/zed_msgs/zed_msgs/msg/detail/plane_stamped__rosidl_typesupport_introspection_c.h
[1.179s] -- Up-to-date: /home/baris/mavivatan_ws/install/zed_msgs/include/zed_msgs/zed_msgs/msg/detail/heartbeat__type_support.c
[1.180s] -- Up-to-date: /home/baris/mavivatan_ws/install/zed_msgs/include/zed_msgs/zed_msgs/msg/detail/skeleton3_d__rosidl_typesupport_introspection_c.h
[1.180s] -- Up-to-date: /home/baris/mavivatan_ws/install/zed_msgs/include/zed_msgs/zed_msgs/msg/detail/health_status_stamped__type_support.c
[1.180s] -- Up-to-date: /home/baris/mavivatan_ws/install/zed_msgs/include/zed_msgs/zed_msgs/msg/detail/gnss_fusion_status__rosidl_typesupport_introspection_c.h
[1.180s] -- Up-to-date: /home/baris/mavivatan_ws/install/zed_msgs/include/zed_msgs/zed_msgs/msg/rosidl_typesupport_introspection_c__visibility_control.h
[1.181s] -- Up-to-date: /home/baris/mavivatan_ws/install/zed_msgs/lib/libzed_msgs__rosidl_typesupport_introspection_c.so
[1.182s] -- Up-to-date: /home/baris/mavivatan_ws/install/zed_msgs/lib/libzed_msgs__rosidl_typesupport_c.so
[1.183s] -- Up-to-date: /home/baris/mavivatan_ws/install/zed_msgs/include/zed_msgs/zed_msgs
[1.183s] -- Up-to-date: /home/baris/mavivatan_ws/install/zed_msgs/include/zed_msgs/zed_msgs/srv
[1.183s] -- Up-to-date: /home/baris/mavivatan_ws/install/zed_msgs/include/zed_msgs/zed_msgs/srv/detail
[1.183s] -- Up-to-date: /home/baris/mavivatan_ws/install/zed_msgs/include/zed_msgs/zed_msgs/srv/detail/start_svo_rec__type_support.cpp
[1.183s] -- Up-to-date: /home/baris/mavivatan_ws/install/zed_msgs/include/zed_msgs/zed_msgs/srv/detail/set_roi__type_support.cpp
[1.183s] -- Up-to-date: /home/baris/mavivatan_ws/install/zed_msgs/include/zed_msgs/zed_msgs/srv/detail/set_roi__rosidl_typesupport_introspection_cpp.hpp
[1.183s] -- Up-to-date: /home/baris/mavivatan_ws/install/zed_msgs/include/zed_msgs/zed_msgs/srv/detail/set_svo_frame__type_support.cpp
[1.184s] -- Up-to-date: /home/baris/mavivatan_ws/install/zed_msgs/include/zed_msgs/zed_msgs/srv/detail/save_area_memory__rosidl_typesupport_introspection_cpp.hpp
[1.184s] -- Up-to-date: /home/baris/mavivatan_ws/install/zed_msgs/include/zed_msgs/zed_msgs/srv/detail/start_svo_rec__rosidl_typesupport_introspection_cpp.hpp
[1.184s] -- Up-to-date: /home/baris/mavivatan_ws/install/zed_msgs/include/zed_msgs/zed_msgs/srv/detail/set_pose__rosidl_typesupport_introspection_cpp.hpp
[1.184s] -- Up-to-date: /home/baris/mavivatan_ws/install/zed_msgs/include/zed_msgs/zed_msgs/srv/detail/set_pose__type_support.cpp
[1.184s] -- Up-to-date: /home/baris/mavivatan_ws/install/zed_msgs/include/zed_msgs/zed_msgs/srv/detail/set_svo_frame__rosidl_typesupport_introspection_cpp.hpp
[1.184s] -- Up-to-date: /home/baris/mavivatan_ws/install/zed_msgs/include/zed_msgs/zed_msgs/srv/detail/save_area_memory__type_support.cpp
[1.185s] -- Up-to-date: /home/baris/mavivatan_ws/install/zed_msgs/include/zed_msgs/zed_msgs/msg
[1.185s] -- Up-to-date: /home/baris/mavivatan_ws/install/zed_msgs/include/zed_msgs/zed_msgs/msg/detail
[1.185s] -- Up-to-date: /home/baris/mavivatan_ws/install/zed_msgs/include/zed_msgs/zed_msgs/msg/detail/keypoint2_df__rosidl_typesupport_introspection_cpp.hpp
[1.185s] -- Up-to-date: /home/baris/mavivatan_ws/install/zed_msgs/include/zed_msgs/zed_msgs/msg/detail/plane_stamped__rosidl_typesupport_introspection_cpp.hpp
[1.186s] -- Up-to-date: /home/baris/mavivatan_ws/install/zed_msgs/include/zed_msgs/zed_msgs/msg/detail/gnss_fusion_status__type_support.cpp
[1.186s] -- Up-to-date: /home/baris/mavivatan_ws/install/zed_msgs/include/zed_msgs/zed_msgs/msg/detail/objects_stamped__type_support.cpp
[1.186s] -- Up-to-date: /home/baris/mavivatan_ws/install/zed_msgs/include/zed_msgs/zed_msgs/msg/detail/depth_info_stamped__type_support.cpp
[1.186s] -- Up-to-date: /home/baris/mavivatan_ws/install/zed_msgs/include/zed_msgs/zed_msgs/msg/detail/health_status_stamped__type_support.cpp
[1.186s] -- Up-to-date: /home/baris/mavivatan_ws/install/zed_msgs/include/zed_msgs/zed_msgs/msg/detail/object__rosidl_typesupport_introspection_cpp.hpp
[1.186s] -- Up-to-date: /home/baris/mavivatan_ws/install/zed_msgs/include/zed_msgs/zed_msgs/msg/detail/heartbeat__rosidl_typesupport_introspection_cpp.hpp
[1.187s] -- Up-to-date: /home/baris/mavivatan_ws/install/zed_msgs/include/zed_msgs/zed_msgs/msg/detail/bounding_box2_df__rosidl_typesupport_introspection_cpp.hpp
[1.187s] -- Up-to-date: /home/baris/mavivatan_ws/install/zed_msgs/include/zed_msgs/zed_msgs/msg/detail/keypoint2_di__type_support.cpp
[1.187s] -- Up-to-date: /home/baris/mavivatan_ws/install/zed_msgs/include/zed_msgs/zed_msgs/msg/detail/svo_status__rosidl_typesupport_introspection_cpp.hpp
[1.187s] -- Up-to-date: /home/baris/mavivatan_ws/install/zed_msgs/include/zed_msgs/zed_msgs/msg/detail/gnss_fusion_status__rosidl_typesupport_introspection_cpp.hpp
[1.187s] -- Up-to-date: /home/baris/mavivatan_ws/install/zed_msgs/include/zed_msgs/zed_msgs/msg/detail/objects_stamped__rosidl_typesupport_introspection_cpp.hpp
[1.187s] -- Up-to-date: /home/baris/mavivatan_ws/install/zed_msgs/include/zed_msgs/zed_msgs/msg/detail/heartbeat__type_support.cpp
[1.188s] -- Up-to-date: /home/baris/mavivatan_ws/install/zed_msgs/include/zed_msgs/zed_msgs/msg/detail/health_status_stamped__rosidl_typesupport_introspection_cpp.hpp
[1.188s] -- Up-to-date: /home/baris/mavivatan_ws/install/zed_msgs/include/zed_msgs/zed_msgs/msg/detail/bounding_box2_df__type_support.cpp
[1.188s] -- Up-to-date: /home/baris/mavivatan_ws/install/zed_msgs/include/zed_msgs/zed_msgs/msg/detail/bounding_box2_di__type_support.cpp
[1.188s] -- Up-to-date: /home/baris/mavivatan_ws/install/zed_msgs/include/zed_msgs/zed_msgs/msg/detail/mag_heading_status__rosidl_typesupport_introspection_cpp.hpp
[1.188s] -- Up-to-date: /home/baris/mavivatan_ws/install/zed_msgs/include/zed_msgs/zed_msgs/msg/detail/skeleton3_d__rosidl_typesupport_introspection_cpp.hpp
[1.188s] -- Up-to-date: /home/baris/mavivatan_ws/install/zed_msgs/include/zed_msgs/zed_msgs/msg/detail/bounding_box3_d__rosidl_typesupport_introspection_cpp.hpp
[1.189s] -- Up-to-date: /home/baris/mavivatan_ws/install/zed_msgs/include/zed_msgs/zed_msgs/msg/detail/plane_stamped__type_support.cpp
[1.189s] -- Up-to-date: /home/baris/mavivatan_ws/install/zed_msgs/include/zed_msgs/zed_msgs/msg/detail/depth_info_stamped__rosidl_typesupport_introspection_cpp.hpp
[1.189s] -- Up-to-date: /home/baris/mavivatan_ws/install/zed_msgs/include/zed_msgs/zed_msgs/msg/detail/bounding_box3_d__type_support.cpp
[1.189s] -- Up-to-date: /home/baris/mavivatan_ws/install/zed_msgs/include/zed_msgs/zed_msgs/msg/detail/skeleton2_d__type_support.cpp
[1.190s] -- Up-to-date: /home/baris/mavivatan_ws/install/zed_msgs/include/zed_msgs/zed_msgs/msg/detail/object__type_support.cpp
[1.190s] -- Up-to-date: /home/baris/mavivatan_ws/install/zed_msgs/include/zed_msgs/zed_msgs/msg/detail/mag_heading_status__type_support.cpp
[1.190s] -- Up-to-date: /home/baris/mavivatan_ws/install/zed_msgs/include/zed_msgs/zed_msgs/msg/detail/svo_status__type_support.cpp
[1.190s] -- Up-to-date: /home/baris/mavivatan_ws/install/zed_msgs/include/zed_msgs/zed_msgs/msg/detail/bounding_box2_di__rosidl_typesupport_introspection_cpp.hpp
[1.190s] -- Up-to-date: /home/baris/mavivatan_ws/install/zed_msgs/include/zed_msgs/zed_msgs/msg/detail/skeleton2_d__rosidl_typesupport_introspection_cpp.hpp
[1.190s] -- Up-to-date: /home/baris/mavivatan_ws/install/zed_msgs/include/zed_msgs/zed_msgs/msg/detail/keypoint3_d__type_support.cpp
[1.190s] -- Up-to-date: /home/baris/mavivatan_ws/install/zed_msgs/include/zed_msgs/zed_msgs/msg/detail/pos_track_status__rosidl_typesupport_introspection_cpp.hpp
[1.191s] -- Up-to-date: /home/baris/mavivatan_ws/install/zed_msgs/include/zed_msgs/zed_msgs/msg/detail/keypoint2_df__type_support.cpp
[1.191s] -- Up-to-date: /home/baris/mavivatan_ws/install/zed_msgs/include/zed_msgs/zed_msgs/msg/detail/keypoint3_d__rosidl_typesupport_introspection_cpp.hpp
[1.191s] -- Up-to-date: /home/baris/mavivatan_ws/install/zed_msgs/include/zed_msgs/zed_msgs/msg/detail/skeleton3_d__type_support.cpp
[1.191s] -- Up-to-date: /home/baris/mavivatan_ws/install/zed_msgs/include/zed_msgs/zed_msgs/msg/detail/keypoint2_di__rosidl_typesupport_introspection_cpp.hpp
[1.191s] -- Up-to-date: /home/baris/mavivatan_ws/install/zed_msgs/include/zed_msgs/zed_msgs/msg/detail/pos_track_status__type_support.cpp
[1.192s] -- Up-to-date: /home/baris/mavivatan_ws/install/zed_msgs/lib/libzed_msgs__rosidl_typesupport_introspection_cpp.so
[1.192s] -- Up-to-date: /home/baris/mavivatan_ws/install/zed_msgs/lib/libzed_msgs__rosidl_typesupport_cpp.so
[1.193s] -- Up-to-date: /home/baris/mavivatan_ws/install/zed_msgs/share/zed_msgs/environment/pythonpath.sh
[1.194s] -- Up-to-date: /home/baris/mavivatan_ws/install/zed_msgs/share/zed_msgs/environment/pythonpath.dsv
[1.194s] -- Up-to-date: /home/baris/mavivatan_ws/install/zed_msgs/local/lib/python3.10/dist-packages/zed_msgs-5.2.1-py3.10.egg-info
[1.194s] -- Installing: /home/baris/mavivatan_ws/install/zed_msgs/local/lib/python3.10/dist-packages/zed_msgs-5.2.1-py3.10.egg-info/SOURCES.txt
[1.195s] -- Installing: /home/baris/mavivatan_ws/install/zed_msgs/local/lib/python3.10/dist-packages/zed_msgs-5.2.1-py3.10.egg-info/top_level.txt
[1.195s] -- Installing: /home/baris/mavivatan_ws/install/zed_msgs/local/lib/python3.10/dist-packages/zed_msgs-5.2.1-py3.10.egg-info/dependency_links.txt
[1.195s] -- Installing: /home/baris/mavivatan_ws/install/zed_msgs/local/lib/python3.10/dist-packages/zed_msgs-5.2.1-py3.10.egg-info/PKG-INFO
[1.195s] -- Up-to-date: /home/baris/mavivatan_ws/install/zed_msgs/local/lib/python3.10/dist-packages/zed_msgs
[1.195s] -- Up-to-date: /home/baris/mavivatan_ws/install/zed_msgs/local/lib/python3.10/dist-packages/zed_msgs/srv
[1.196s] -- Up-to-date: /home/baris/mavivatan_ws/install/zed_msgs/local/lib/python3.10/dist-packages/zed_msgs/srv/_set_svo_frame.py
[1.196s] -- Up-to-date: /home/baris/mavivatan_ws/install/zed_msgs/local/lib/python3.10/dist-packages/zed_msgs/srv/_start_svo_rec_s.c
[1.196s] -- Up-to-date: /home/baris/mavivatan_ws/install/zed_msgs/local/lib/python3.10/dist-packages/zed_msgs/srv/_set_pose.py
[1.196s] -- Up-to-date: /home/baris/mavivatan_ws/install/zed_msgs/local/lib/python3.10/dist-packages/zed_msgs/srv/_set_roi_s.c
[1.196s] -- Up-to-date: /home/baris/mavivatan_ws/install/zed_msgs/local/lib/python3.10/dist-packages/zed_msgs/srv/_set_roi.py
[1.196s] -- Up-to-date: /home/baris/mavivatan_ws/install/zed_msgs/local/lib/python3.10/dist-packages/zed_msgs/srv/_start_svo_rec.py
[1.196s] -- Up-to-date: /home/baris/mavivatan_ws/install/zed_msgs/local/lib/python3.10/dist-packages/zed_msgs/srv/_set_pose_s.c
[1.197s] -- Up-to-date: /home/baris/mavivatan_ws/install/zed_msgs/local/lib/python3.10/dist-packages/zed_msgs/srv/_set_svo_frame_s.c
[1.197s] -- Up-to-date: /home/baris/mavivatan_ws/install/zed_msgs/local/lib/python3.10/dist-packages/zed_msgs/srv/_save_area_memory_s.c
[1.197s] -- Up-to-date: /home/baris/mavivatan_ws/install/zed_msgs/local/lib/python3.10/dist-packages/zed_msgs/srv/_save_area_memory.py
[1.197s] -- Up-to-date: /home/baris/mavivatan_ws/install/zed_msgs/local/lib/python3.10/dist-packages/zed_msgs/srv/__init__.py
[1.197s] -- Up-to-date: /home/baris/mavivatan_ws/install/zed_msgs/local/lib/python3.10/dist-packages/zed_msgs/_zed_msgs_s.ep.rosidl_typesupport_fastrtps_c.c
[1.197s] -- Up-to-date: /home/baris/mavivatan_ws/install/zed_msgs/local/lib/python3.10/dist-packages/zed_msgs/_zed_msgs_s.ep.rosidl_typesupport_introspection_c.c
[1.197s] -- Up-to-date: /home/baris/mavivatan_ws/install/zed_msgs/local/lib/python3.10/dist-packages/zed_msgs/msg
[1.198s] -- Up-to-date: /home/baris/mavivatan_ws/install/zed_msgs/local/lib/python3.10/dist-packages/zed_msgs/msg/_svo_status_s.c
[1.198s] -- Up-to-date: /home/baris/mavivatan_ws/install/zed_msgs/local/lib/python3.10/dist-packages/zed_msgs/msg/_bounding_box3_d.py
[1.198s] -- Up-to-date: /home/baris/mavivatan_ws/install/zed_msgs/local/lib/python3.10/dist-packages/zed_msgs/msg/_depth_info_stamped_s.c
[1.198s] -- Up-to-date: /home/baris/mavivatan_ws/install/zed_msgs/local/lib/python3.10/dist-packages/zed_msgs/msg/_bounding_box2_df_s.c
[1.198s] -- Up-to-date: /home/baris/mavivatan_ws/install/zed_msgs/local/lib/python3.10/dist-packages/zed_msgs/msg/_skeleton3_d_s.c
[1.198s] -- Up-to-date: /home/baris/mavivatan_ws/install/zed_msgs/local/lib/python3.10/dist-packages/zed_msgs/msg/_skeleton2_d.py
[1.198s] -- Up-to-date: /home/baris/mavivatan_ws/install/zed_msgs/local/lib/python3.10/dist-packages/zed_msgs/msg/_object_s.c
[1.199s] -- Up-to-date: /home/baris/mavivatan_ws/install/zed_msgs/local/lib/python3.10/dist-packages/zed_msgs/msg/_keypoint2_df_s.c
[1.199s] -- Up-to-date: /home/baris/mavivatan_ws/install/zed_msgs/local/lib/python3.10/dist-packages/zed_msgs/msg/_plane_stamped.py
[1.199s] -- Up-to-date: /home/baris/mavivatan_ws/install/zed_msgs/local/lib/python3.10/dist-packages/zed_msgs/msg/_keypoint3_d_s.c
[1.199s] -- Up-to-date: /home/baris/mavivatan_ws/install/zed_msgs/local/lib/python3.10/dist-packages/zed_msgs/msg/_pos_track_status.py
[1.199s] -- Up-to-date: /home/baris/mavivatan_ws/install/zed_msgs/local/lib/python3.10/dist-packages/zed_msgs/msg/_pos_track_status_s.c
[1.199s] -- Up-to-date: /home/baris/mavivatan_ws/install/zed_msgs/local/lib/python3.10/dist-packages/zed_msgs/msg/_heartbeat_s.c
[1.199s] -- Up-to-date: /home/baris/mavivatan_ws/install/zed_msgs/local/lib/python3.10/dist-packages/zed_msgs/msg/_keypoint2_di_s.c
[1.200s] -- Up-to-date: /home/baris/mavivatan_ws/install/zed_msgs/local/lib/python3.10/dist-packages/zed_msgs/msg/_gnss_fusion_status.py
[1.200s] -- Up-to-date: /home/baris/mavivatan_ws/install/zed_msgs/local/lib/python3.10/dist-packages/zed_msgs/msg/_gnss_fusion_status_s.c
[1.200s] -- Up-to-date: /home/baris/mavivatan_ws/install/zed_msgs/local/lib/python3.10/dist-packages/zed_msgs/msg/_objects_stamped_s.c
[1.200s] -- Up-to-date: /home/baris/mavivatan_ws/install/zed_msgs/local/lib/python3.10/dist-packages/zed_msgs/msg/_svo_status.py
[1.200s] -- Up-to-date: /home/baris/mavivatan_ws/install/zed_msgs/local/lib/python3.10/dist-packages/zed_msgs/msg/_objects_stamped.py
[1.200s] -- Up-to-date: /home/baris/mavivatan_ws/install/zed_msgs/local/lib/python3.10/dist-packages/zed_msgs/msg/_depth_info_stamped.py
[1.200s] -- Up-to-date: /home/baris/mavivatan_ws/install/zed_msgs/local/lib/python3.10/dist-packages/zed_msgs/msg/_keypoint2_di.py
[1.201s] -- Up-to-date: /home/baris/mavivatan_ws/install/zed_msgs/local/lib/python3.10/dist-packages/zed_msgs/msg/_bounding_box2_df.py
[1.201s] -- Up-to-date: /home/baris/mavivatan_ws/install/zed_msgs/local/lib/python3.10/dist-packages/zed_msgs/msg/_mag_heading_status.py
[1.201s] -- Up-to-date: /home/baris/mavivatan_ws/install/zed_msgs/local/lib/python3.10/dist-packages/zed_msgs/msg/_bounding_box2_di.py
[1.201s] -- Up-to-date: /home/baris/mavivatan_ws/install/zed_msgs/local/lib/python3.10/dist-packages/zed_msgs/msg/_keypoint3_d.py
[1.201s] -- Up-to-date: /home/baris/mavivatan_ws/install/zed_msgs/local/lib/python3.10/dist-packages/zed_msgs/msg/_plane_stamped_s.c
[1.201s] -- Up-to-date: /home/baris/mavivatan_ws/install/zed_msgs/local/lib/python3.10/dist-packages/zed_msgs/msg/_skeleton2_d_s.c
[1.201s] -- Up-to-date: /home/baris/mavivatan_ws/install/zed_msgs/local/lib/python3.10/dist-packages/zed_msgs/msg/_keypoint2_df.py
[1.202s] -- Up-to-date: /home/baris/mavivatan_ws/install/zed_msgs/local/lib/python3.10/dist-packages/zed_msgs/msg/_health_status_stamped_s.c
[1.202s] -- Up-to-date: /home/baris/mavivatan_ws/install/zed_msgs/local/lib/python3.10/dist-packages/zed_msgs/msg/_skeleton3_d.py
[1.202s] -- Up-to-date: /home/baris/mavivatan_ws/install/zed_msgs/local/lib/python3.10/dist-packages/zed_msgs/msg/_mag_heading_status_s.c
[1.202s] -- Up-to-date: /home/baris/mavivatan_ws/install/zed_msgs/local/lib/python3.10/dist-packages/zed_msgs/msg/_object.py
[1.202s] -- Up-to-date: /home/baris/mavivatan_ws/install/zed_msgs/local/lib/python3.10/dist-packages/zed_msgs/msg/_bounding_box2_di_s.c
[1.202s] -- Up-to-date: /home/baris/mavivatan_ws/install/zed_msgs/local/lib/python3.10/dist-packages/zed_msgs/msg/__init__.py
[1.202s] -- Up-to-date: /home/baris/mavivatan_ws/install/zed_msgs/local/lib/python3.10/dist-packages/zed_msgs/msg/_heartbeat.py
[1.203s] -- Up-to-date: /home/baris/mavivatan_ws/install/zed_msgs/local/lib/python3.10/dist-packages/zed_msgs/msg/_health_status_stamped.py
[1.203s] -- Up-to-date: /home/baris/mavivatan_ws/install/zed_msgs/local/lib/python3.10/dist-packages/zed_msgs/msg/_bounding_box3_d_s.c
[1.203s] -- Up-to-date: /home/baris/mavivatan_ws/install/zed_msgs/local/lib/python3.10/dist-packages/zed_msgs/zed_msgs_s__rosidl_typesupport_introspection_c.cpython-310-aarch64-linux-gnu.so
[1.203s] -- Up-to-date: /home/baris/mavivatan_ws/install/zed_msgs/local/lib/python3.10/dist-packages/zed_msgs/libzed_msgs__rosidl_generator_py.so
[1.203s] -- Up-to-date: /home/baris/mavivatan_ws/install/zed_msgs/local/lib/python3.10/dist-packages/zed_msgs/zed_msgs_s__rosidl_typesupport_fastrtps_c.cpython-310-aarch64-linux-gnu.so
[1.203s] -- Up-to-date: /home/baris/mavivatan_ws/install/zed_msgs/local/lib/python3.10/dist-packages/zed_msgs/__init__.py
[1.203s] -- Up-to-date: /home/baris/mavivatan_ws/install/zed_msgs/local/lib/python3.10/dist-packages/zed_msgs/zed_msgs_s__rosidl_typesupport_c.cpython-310-aarch64-linux-gnu.so
[1.204s] -- Up-to-date: /home/baris/mavivatan_ws/install/zed_msgs/local/lib/python3.10/dist-packages/zed_msgs/_zed_msgs_s.ep.rosidl_typesupport_c.c
[1.207s] Listing '/home/baris/mavivatan_ws/install/zed_msgs/local/lib/python3.10/dist-packages/zed_msgs'...
[1.207s] Listing '/home/baris/mavivatan_ws/install/zed_msgs/local/lib/python3.10/dist-packages/zed_msgs/msg'...
[1.207s] Listing '/home/baris/mavivatan_ws/install/zed_msgs/local/lib/python3.10/dist-packages/zed_msgs/srv'...
[1.221s] -- Up-to-date: /home/baris/mavivatan_ws/install/zed_msgs/local/lib/python3.10/dist-packages/zed_msgs/zed_msgs_s__rosidl_typesupport_fastrtps_c.cpython-310-aarch64-linux-gnu.so
[1.221s] -- Up-to-date: /home/baris/mavivatan_ws/install/zed_msgs/local/lib/python3.10/dist-packages/zed_msgs/zed_msgs_s__rosidl_typesupport_introspection_c.cpython-310-aarch64-linux-gnu.so
[1.222s] -- Up-to-date: /home/baris/mavivatan_ws/install/zed_msgs/local/lib/python3.10/dist-packages/zed_msgs/zed_msgs_s__rosidl_typesupport_c.cpython-310-aarch64-linux-gnu.so
[1.224s] -- Up-to-date: /home/baris/mavivatan_ws/install/zed_msgs/lib/libzed_msgs__rosidl_generator_py.so
[1.226s] -- Up-to-date: /home/baris/mavivatan_ws/install/zed_msgs/share/ament_index/resource_index/rust_packages/zed_msgs
[1.226s] -- Up-to-date: /home/baris/mavivatan_ws/install/zed_msgs/share/zed_msgs/rust
[1.227s] -- Up-to-date: /home/baris/mavivatan_ws/install/zed_msgs/share/zed_msgs/rust/Cargo.toml
[1.227s] -- Up-to-date: /home/baris/mavivatan_ws/install/zed_msgs/share/zed_msgs/rust/src
[1.227s] -- Up-to-date: /home/baris/mavivatan_ws/install/zed_msgs/share/zed_msgs/rust/src/srv
[1.228s] -- Up-to-date: /home/baris/mavivatan_ws/install/zed_msgs/share/zed_msgs/rust/src/srv/rmw.rs
[1.228s] -- Up-to-date: /home/baris/mavivatan_ws/install/zed_msgs/share/zed_msgs/rust/src/msg.rs
[1.228s] -- Up-to-date: /home/baris/mavivatan_ws/install/zed_msgs/share/zed_msgs/rust/src/lib.rs
[1.229s] -- Up-to-date: /home/baris/mavivatan_ws/install/zed_msgs/share/zed_msgs/rust/src/msg
[1.229s] -- Up-to-date: /home/baris/mavivatan_ws/install/zed_msgs/share/zed_msgs/rust/src/msg/rmw.rs
[1.230s] -- Up-to-date: /home/baris/mavivatan_ws/install/zed_msgs/share/zed_msgs/rust/src/srv.rs
[1.230s] -- Up-to-date: /home/baris/mavivatan_ws/install/zed_msgs/share/zed_msgs/rust/build.rs
[1.231s] -- Up-to-date: /home/baris/mavivatan_ws/install/zed_msgs/share/zed_msgs/msg/Object.idl
[1.231s] -- Up-to-date: /home/baris/mavivatan_ws/install/zed_msgs/share/zed_msgs/msg/ObjectsStamped.idl
[1.232s] -- Up-to-date: /home/baris/mavivatan_ws/install/zed_msgs/share/zed_msgs/msg/Keypoint2Di.idl
[1.232s] -- Up-to-date: /home/baris/mavivatan_ws/install/zed_msgs/share/zed_msgs/msg/Keypoint2Df.idl
[1.233s] -- Up-to-date: /home/baris/mavivatan_ws/install/zed_msgs/share/zed_msgs/msg/Keypoint3D.idl
[1.234s] -- Up-to-date: /home/baris/mavivatan_ws/install/zed_msgs/share/zed_msgs/msg/BoundingBox2Di.idl
[1.234s] -- Up-to-date: /home/baris/mavivatan_ws/install/zed_msgs/share/zed_msgs/msg/BoundingBox2Df.idl
[1.235s] -- Up-to-date: /home/baris/mavivatan_ws/install/zed_msgs/share/zed_msgs/msg/BoundingBox3D.idl
[1.235s] -- Up-to-date: /home/baris/mavivatan_ws/install/zed_msgs/share/zed_msgs/msg/Skeleton2D.idl
[1.236s] -- Up-to-date: /home/baris/mavivatan_ws/install/zed_msgs/share/zed_msgs/msg/Skeleton3D.idl
[1.237s] -- Up-to-date: /home/baris/mavivatan_ws/install/zed_msgs/share/zed_msgs/msg/DepthInfoStamped.idl
[1.237s] -- Up-to-date: /home/baris/mavivatan_ws/install/zed_msgs/share/zed_msgs/msg/PlaneStamped.idl
[1.239s] -- Up-to-date: /home/baris/mavivatan_ws/install/zed_msgs/share/zed_msgs/msg/PosTrackStatus.idl
[1.240s] -- Up-to-date: /home/baris/mavivatan_ws/install/zed_msgs/share/zed_msgs/msg/GnssFusionStatus.idl
[1.240s] -- Up-to-date: /home/baris/mavivatan_ws/install/zed_msgs/share/zed_msgs/msg/Heartbeat.idl
[1.240s] -- Up-to-date: /home/baris/mavivatan_ws/install/zed_msgs/share/zed_msgs/msg/MagHeadingStatus.idl
[1.241s] -- Up-to-date: /home/baris/mavivatan_ws/install/zed_msgs/share/zed_msgs/msg/SvoStatus.idl
[1.241s] -- Up-to-date: /home/baris/mavivatan_ws/install/zed_msgs/share/zed_msgs/msg/HealthStatusStamped.idl
[1.241s] -- Up-to-date: /home/baris/mavivatan_ws/install/zed_msgs/share/zed_msgs/srv/SetPose.idl
[1.241s] -- Up-to-date: /home/baris/mavivatan_ws/install/zed_msgs/share/zed_msgs/srv/StartSvoRec.idl
[1.242s] -- Up-to-date: /home/baris/mavivatan_ws/install/zed_msgs/share/zed_msgs/srv/SetROI.idl
[1.242s] -- Up-to-date: /home/baris/mavivatan_ws/install/zed_msgs/share/zed_msgs/srv/SetSvoFrame.idl
[1.242s] -- Up-to-date: /home/baris/mavivatan_ws/install/zed_msgs/share/zed_msgs/srv/SaveAreaMemory.idl
[1.242s] -- Up-to-date: /home/baris/mavivatan_ws/install/zed_msgs/share/zed_msgs/msg/Object.msg
[1.243s] -- Up-to-date: /home/baris/mavivatan_ws/install/zed_msgs/share/zed_msgs/msg/ObjectsStamped.msg
[1.243s] -- Up-to-date: /home/baris/mavivatan_ws/install/zed_msgs/share/zed_msgs/msg/Keypoint2Di.msg
[1.243s] -- Up-to-date: /home/baris/mavivatan_ws/install/zed_msgs/share/zed_msgs/msg/Keypoint2Df.msg
[1.243s] -- Up-to-date: /home/baris/mavivatan_ws/install/zed_msgs/share/zed_msgs/msg/Keypoint3D.msg
[1.244s] -- Up-to-date: /home/baris/mavivatan_ws/install/zed_msgs/share/zed_msgs/msg/BoundingBox2Di.msg
[1.244s] -- Up-to-date: /home/baris/mavivatan_ws/install/zed_msgs/share/zed_msgs/msg/BoundingBox2Df.msg
[1.245s] -- Up-to-date: /home/baris/mavivatan_ws/install/zed_msgs/share/zed_msgs/msg/BoundingBox3D.msg
[1.245s] -- Up-to-date: /home/baris/mavivatan_ws/install/zed_msgs/share/zed_msgs/msg/Skeleton2D.msg
[1.245s] -- Up-to-date: /home/baris/mavivatan_ws/install/zed_msgs/share/zed_msgs/msg/Skeleton3D.msg
[1.245s] -- Up-to-date: /home/baris/mavivatan_ws/install/zed_msgs/share/zed_msgs/msg/DepthInfoStamped.msg
[1.245s] -- Up-to-date: /home/baris/mavivatan_ws/install/zed_msgs/share/zed_msgs/msg/PlaneStamped.msg
[1.246s] -- Up-to-date: /home/baris/mavivatan_ws/install/zed_msgs/share/zed_msgs/msg/PosTrackStatus.msg
[1.246s] -- Up-to-date: /home/baris/mavivatan_ws/install/zed_msgs/share/zed_msgs/msg/GnssFusionStatus.msg
[1.246s] -- Up-to-date: /home/baris/mavivatan_ws/install/zed_msgs/share/zed_msgs/msg/Heartbeat.msg
[1.246s] -- Up-to-date: /home/baris/mavivatan_ws/install/zed_msgs/share/zed_msgs/msg/MagHeadingStatus.msg
[1.246s] -- Up-to-date: /home/baris/mavivatan_ws/install/zed_msgs/share/zed_msgs/msg/SvoStatus.msg
[1.247s] -- Up-to-date: /home/baris/mavivatan_ws/install/zed_msgs/share/zed_msgs/msg/HealthStatusStamped.msg
[1.247s] -- Up-to-date: /home/baris/mavivatan_ws/install/zed_msgs/share/zed_msgs/srv/SetPose.srv
[1.247s] -- Up-to-date: /home/baris/mavivatan_ws/install/zed_msgs/share/zed_msgs/srv/SetPose_Request.msg
[1.247s] -- Up-to-date: /home/baris/mavivatan_ws/install/zed_msgs/share/zed_msgs/srv/SetPose_Response.msg
[1.247s] -- Up-to-date: /home/baris/mavivatan_ws/install/zed_msgs/share/zed_msgs/srv/StartSvoRec.srv
[1.248s] -- Up-to-date: /home/baris/mavivatan_ws/install/zed_msgs/share/zed_msgs/srv/StartSvoRec_Request.msg
[1.248s] -- Up-to-date: /home/baris/mavivatan_ws/install/zed_msgs/share/zed_msgs/srv/StartSvoRec_Response.msg
[1.248s] -- Up-to-date: /home/baris/mavivatan_ws/install/zed_msgs/share/zed_msgs/srv/SetROI.srv
[1.248s] -- Up-to-date: /home/baris/mavivatan_ws/install/zed_msgs/share/zed_msgs/srv/SetROI_Request.msg
[1.248s] -- Up-to-date: /home/baris/mavivatan_ws/install/zed_msgs/share/zed_msgs/srv/SetROI_Response.msg
[1.249s] -- Up-to-date: /home/baris/mavivatan_ws/install/zed_msgs/share/zed_msgs/srv/SetSvoFrame.srv
[1.249s] -- Up-to-date: /home/baris/mavivatan_ws/install/zed_msgs/share/zed_msgs/srv/SetSvoFrame_Request.msg
[1.249s] -- Up-to-date: /home/baris/mavivatan_ws/install/zed_msgs/share/zed_msgs/srv/SetSvoFrame_Response.msg
[1.249s] -- Up-to-date: /home/baris/mavivatan_ws/install/zed_msgs/share/zed_msgs/srv/SaveAreaMemory.srv
[1.249s] -- Up-to-date: /home/baris/mavivatan_ws/install/zed_msgs/share/zed_msgs/srv/SaveAreaMemory_Request.msg
[1.250s] -- Up-to-date: /home/baris/mavivatan_ws/install/zed_msgs/share/zed_msgs/srv/SaveAreaMemory_Response.msg
[1.251s] -- Up-to-date: /home/baris/mavivatan_ws/install/zed_msgs/share/ament_index/resource_index/package_run_dependencies/zed_msgs
[1.251s] -- Up-to-date: /home/baris/mavivatan_ws/install/zed_msgs/share/ament_index/resource_index/parent_prefix_path/zed_msgs
[1.252s] -- Up-to-date: /home/baris/mavivatan_ws/install/zed_msgs/share/zed_msgs/environment/ament_prefix_path.sh
[1.252s] -- Up-to-date: /home/baris/mavivatan_ws/install/zed_msgs/share/zed_msgs/environment/ament_prefix_path.dsv
[1.252s] -- Up-to-date: /home/baris/mavivatan_ws/install/zed_msgs/share/zed_msgs/environment/path.sh
[1.253s] -- Up-to-date: /home/baris/mavivatan_ws/install/zed_msgs/share/zed_msgs/environment/path.dsv
[1.253s] -- Up-to-date: /home/baris/mavivatan_ws/install/zed_msgs/share/zed_msgs/local_setup.bash
[1.254s] -- Up-to-date: /home/baris/mavivatan_ws/install/zed_msgs/share/zed_msgs/local_setup.sh
[1.254s] -- Up-to-date: /home/baris/mavivatan_ws/install/zed_msgs/share/zed_msgs/local_setup.zsh
[1.254s] -- Up-to-date: /home/baris/mavivatan_ws/install/zed_msgs/share/zed_msgs/local_setup.dsv
[1.255s] -- Installing: /home/baris/mavivatan_ws/install/zed_msgs/share/zed_msgs/package.dsv
[1.256s] -- Up-to-date: /home/baris/mavivatan_ws/install/zed_msgs/share/ament_index/resource_index/packages/zed_msgs
[1.256s] -- Up-to-date: /home/baris/mavivatan_ws/install/zed_msgs/share/zed_msgs/cmake/export_zed_msgs__rosidl_generator_cExport.cmake
[1.256s] -- Up-to-date: /home/baris/mavivatan_ws/install/zed_msgs/share/zed_msgs/cmake/export_zed_msgs__rosidl_generator_cExport-release.cmake
[1.257s] -- Up-to-date: /home/baris/mavivatan_ws/install/zed_msgs/share/zed_msgs/cmake/export_zed_msgs__rosidl_typesupport_fastrtps_cExport.cmake
[1.258s] -- Up-to-date: /home/baris/mavivatan_ws/install/zed_msgs/share/zed_msgs/cmake/export_zed_msgs__rosidl_typesupport_fastrtps_cExport-release.cmake
[1.259s] -- Up-to-date: /home/baris/mavivatan_ws/install/zed_msgs/share/zed_msgs/cmake/export_zed_msgs__rosidl_generator_cppExport.cmake
[1.260s] -- Up-to-date: /home/baris/mavivatan_ws/install/zed_msgs/share/zed_msgs/cmake/export_zed_msgs__rosidl_typesupport_fastrtps_cppExport.cmake
[1.260s] -- Up-to-date: /home/baris/mavivatan_ws/install/zed_msgs/share/zed_msgs/cmake/export_zed_msgs__rosidl_typesupport_fastrtps_cppExport-release.cmake
[1.260s] -- Up-to-date: /home/baris/mavivatan_ws/install/zed_msgs/share/zed_msgs/cmake/zed_msgs__rosidl_typesupport_introspection_cExport.cmake
[1.261s] -- Up-to-date: /home/baris/mavivatan_ws/install/zed_msgs/share/zed_msgs/cmake/zed_msgs__rosidl_typesupport_introspection_cExport-release.cmake
[1.261s] -- Up-to-date: /home/baris/mavivatan_ws/install/zed_msgs/share/zed_msgs/cmake/zed_msgs__rosidl_typesupport_cExport.cmake
[1.262s] -- Up-to-date: /home/baris/mavivatan_ws/install/zed_msgs/share/zed_msgs/cmake/zed_msgs__rosidl_typesupport_cExport-release.cmake
[1.262s] -- Up-to-date: /home/baris/mavivatan_ws/install/zed_msgs/share/zed_msgs/cmake/zed_msgs__rosidl_typesupport_introspection_cppExport.cmake
[1.262s] -- Up-to-date: /home/baris/mavivatan_ws/install/zed_msgs/share/zed_msgs/cmake/zed_msgs__rosidl_typesupport_introspection_cppExport-release.cmake
[1.263s] -- Up-to-date: /home/baris/mavivatan_ws/install/zed_msgs/share/zed_msgs/cmake/zed_msgs__rosidl_typesupport_cppExport.cmake
[1.263s] -- Up-to-date: /home/baris/mavivatan_ws/install/zed_msgs/share/zed_msgs/cmake/zed_msgs__rosidl_typesupport_cppExport-release.cmake
[1.264s] -- Up-to-date: /home/baris/mavivatan_ws/install/zed_msgs/share/zed_msgs/cmake/export_zed_msgs__rosidl_generator_pyExport.cmake
[1.264s] -- Up-to-date: /home/baris/mavivatan_ws/install/zed_msgs/share/zed_msgs/cmake/export_zed_msgs__rosidl_generator_pyExport-release.cmake
[1.266s] -- Up-to-date: /home/baris/mavivatan_ws/install/zed_msgs/share/zed_msgs/cmake/rosidl_cmake-extras.cmake
[1.266s] -- Up-to-date: /home/baris/mavivatan_ws/install/zed_msgs/share/zed_msgs/cmake/ament_cmake_export_dependencies-extras.cmake
[1.267s] -- Up-to-date: /home/baris/mavivatan_ws/install/zed_msgs/share/zed_msgs/cmake/ament_cmake_export_include_directories-extras.cmake
[1.268s] -- Up-to-date: /home/baris/mavivatan_ws/install/zed_msgs/share/zed_msgs/cmake/ament_cmake_export_libraries-extras.cmake
[1.270s] -- Up-to-date: /home/baris/mavivatan_ws/install/zed_msgs/share/zed_msgs/cmake/ament_cmake_export_targets-extras.cmake
[1.270s] -- Up-to-date: /home/baris/mavivatan_ws/install/zed_msgs/share/zed_msgs/cmake/rosidl_cmake_export_typesupport_targets-extras.cmake
[1.271s] -- Up-to-date: /home/baris/mavivatan_ws/install/zed_msgs/share/zed_msgs/cmake/rosidl_cmake_export_typesupport_libraries-extras.cmake
[1.271s] -- Up-to-date: /home/baris/mavivatan_ws/install/zed_msgs/share/zed_msgs/cmake/zed_msgsConfig.cmake
[1.272s] -- Up-to-date: /home/baris/mavivatan_ws/install/zed_msgs/share/zed_msgs/cmake/zed_msgsConfig-version.cmake
[1.273s] -- Up-to-date: /home/baris/mavivatan_ws/install/zed_msgs/share/zed_msgs/package.xml
[1.324s] Invoked command in '/home/baris/mavivatan_ws/build/zed_msgs' returned '0': CMAKE_PREFIX_PATH=/opt/ros/humble /usr/bin/cmake --install /home/baris/mavivatan_ws/build/zed_msgs
