[1.920s] Invoking command in '/home/baris/mavivatan_ws/src/mavivatan_otonomi/src/mavivatan_paket': AMENT_PREFIX_PATH=/home/baris/mavivatan_ws/install/mavivatan_interfaces:${AMENT_PREFIX_PATH} CMAKE_PREFIX_PATH=/home/baris/mavivatan_ws/install/mavivatan_interfaces LD_LIBRARY_PATH=/home/baris/mavivatan_ws/install/mavivatan_interfaces/lib:/opt/ros/humble/opt/rviz_ogre_vendor/lib:/opt/ros/humble/lib/aarch64-linux-gnu:/opt/ros/humble/lib:/usr/local/cuda-12.6/lib64 PYTHONPATH=/home/baris/mavivatan_ws/build/mavivatan_paket/prefix_override:/usr/lib/python3/dist-packages/colcon_core/task/python/colcon_distutils_commands:/home/baris/mavivatan_ws/install/mavivatan_paket/lib/python3.10/site-packages:/home/baris/mavivatan_ws/install/mavivatan_interfaces/local/lib/python3.10/dist-packages:${PYTHONPATH} /usr/bin/python3 -W ignore:setup.py install is deprecated -W ignore:easy_install command is deprecated setup.py egg_info --egg-base ../../../../build/mavivatan_paket build --build-base /home/baris/mavivatan_ws/build/mavivatan_paket/build install --record /home/baris/mavivatan_ws/build/mavivatan_paket/install.log --single-version-externally-managed install_data
[2.572s] running egg_info
[2.574s] writing ../../../../build/mavivatan_paket/mavivatan_paket.egg-info/PKG-INFO
[2.575s] writing dependency_links to ../../../../build/mavivatan_paket/mavivatan_paket.egg-info/dependency_links.txt
[2.576s] writing entry points to ../../../../build/mavivatan_paket/mavivatan_paket.egg-info/entry_points.txt
[2.577s] writing requirements to ../../../../build/mavivatan_paket/mavivatan_paket.egg-info/requires.txt
[2.577s] writing top-level names to ../../../../build/mavivatan_paket/mavivatan_paket.egg-info/top_level.txt
[2.583s] reading manifest file '../../../../build/mavivatan_paket/mavivatan_paket.egg-info/SOURCES.txt'
[2.585s] writing manifest file '../../../../build/mavivatan_paket/mavivatan_paket.egg-info/SOURCES.txt'
[2.585s] running build
[2.585s] running build_py
[2.588s] copying mavivatan_paket/yolo_hedef_tespiti.py -> /home/baris/mavivatan_ws/build/mavivatan_paket/build/lib/mavivatan_paket
[2.590s] running install
[2.591s] running install_lib
[2.597s] copying /home/baris/mavivatan_ws/build/mavivatan_paket/build/lib/mavivatan_paket/yolo_hedef_tespiti.py -> /home/baris/mavivatan_ws/install/mavivatan_paket/lib/python3.10/site-packages/mavivatan_paket
[2.599s] byte-compiling /home/baris/mavivatan_ws/install/mavivatan_paket/lib/python3.10/site-packages/mavivatan_paket/yolo_hedef_tespiti.py to yolo_hedef_tespiti.cpython-310.pyc
[2.606s] running install_data
[2.606s] running install_egg_info
[2.613s] removing '/home/baris/mavivatan_ws/install/mavivatan_paket/lib/python3.10/site-packages/mavivatan_paket-0.0.0-py3.10.egg-info' (and everything under it)
[2.613s] Copying ../../../../build/mavivatan_paket/mavivatan_paket.egg-info to /home/baris/mavivatan_ws/install/mavivatan_paket/lib/python3.10/site-packages/mavivatan_paket-0.0.0-py3.10.egg-info
[2.616s] running install_scripts
[2.673s] Installing abone_dugumu script to /home/baris/mavivatan_ws/install/mavivatan_paket/lib/mavivatan_paket
[2.675s] Installing gorev_yoneticisi script to /home/baris/mavivatan_ws/install/mavivatan_paket/lib/mavivatan_paket
[2.675s] Installing gps_navigasyon script to /home/baris/mavivatan_ws/install/mavivatan_paket/lib/mavivatan_paket
[2.675s] Installing ilk_dugum script to /home/baris/mavivatan_ws/install/mavivatan_paket/lib/mavivatan_paket
[2.675s] Installing kanal_navigasyonu script to /home/baris/mavivatan_ws/install/mavivatan_paket/lib/mavivatan_paket
[2.676s] Installing mavlink_motor script to /home/baris/mavivatan_ws/install/mavivatan_paket/lib/mavivatan_paket
[2.677s] Installing navigasyon_ve_karar script to /home/baris/mavivatan_ws/install/mavivatan_paket/lib/mavivatan_paket
[2.677s] Installing sensor_fuzyonu script to /home/baris/mavivatan_ws/install/mavivatan_paket/lib/mavivatan_paket
[2.677s] Installing telemetri_merkezi script to /home/baris/mavivatan_ws/install/mavivatan_paket/lib/mavivatan_paket
[2.677s] Installing yolo_hedef_tespiti script to /home/baris/mavivatan_ws/install/mavivatan_paket/lib/mavivatan_paket
[2.677s] writing list of installed files to '/home/baris/mavivatan_ws/build/mavivatan_paket/install.log'
[2.828s] Invoked command in '/home/baris/mavivatan_ws/src/mavivatan_otonomi/src/mavivatan_paket' returned '0': AMENT_PREFIX_PATH=/home/baris/mavivatan_ws/install/mavivatan_interfaces:${AMENT_PREFIX_PATH} CMAKE_PREFIX_PATH=/home/baris/mavivatan_ws/install/mavivatan_interfaces LD_LIBRARY_PATH=/home/baris/mavivatan_ws/install/mavivatan_interfaces/lib:/opt/ros/humble/opt/rviz_ogre_vendor/lib:/opt/ros/humble/lib/aarch64-linux-gnu:/opt/ros/humble/lib:/usr/local/cuda-12.6/lib64 PYTHONPATH=/home/baris/mavivatan_ws/build/mavivatan_paket/prefix_override:/usr/lib/python3/dist-packages/colcon_core/task/python/colcon_distutils_commands:/home/baris/mavivatan_ws/install/mavivatan_paket/lib/python3.10/site-packages:/home/baris/mavivatan_ws/install/mavivatan_interfaces/local/lib/python3.10/dist-packages:${PYTHONPATH} /usr/bin/python3 -W ignore:setup.py install is deprecated -W ignore:easy_install command is deprecated setup.py egg_info --egg-base ../../../../build/mavivatan_paket build --build-base /home/baris/mavivatan_ws/build/mavivatan_paket/build install --record /home/baris/mavivatan_ws/build/mavivatan_paket/install.log --single-version-externally-managed install_data
