[0.631s] Invoking command in '/home/baris/mavivatan_ws/build/zed_components': AMENT_PREFIX_PATH=/home/baris/mavivatan_ws/install/zed_msgs:${AMENT_PREFIX_PATH} CMAKE_PREFIX_PATH=/home/baris/mavivatan_ws/install/zed_msgs:/opt/ros/humble LD_LIBRARY_PATH=/home/baris/mavivatan_ws/install/zed_msgs/lib:/opt/ros/humble/opt/rviz_ogre_vendor/lib:/opt/ros/humble/lib/aarch64-linux-gnu:/opt/ros/humble/lib:/usr/local/cuda-12.6/lib64 PYTHONPATH=/home/baris/mavivatan_ws/install/zed_msgs/local/lib/python3.10/dist-packages:${PYTHONPATH} /usr/bin/cmake --build /home/baris/mavivatan_ws/build/zed_components -- -j6 -l6
[0.743s] [35m[1mConsolidate compiler generated dependencies of target zed_camera_component[0m
[0.788s] [ 47%] Built target zed_camera_one_component
[0.846s] [ 52%] [32mBuilding CXX object CMakeFiles/zed_camera_component.dir/src/zed_camera/src/zed_camera_component_objdet.cpp.o[0m
[35.460s] [ 58%] [32m[1mLinking CXX shared library libzed_camera_component.so[0m
[37.241s] [100%] Built target zed_camera_component
[37.268s] Invoked command in '/home/baris/mavivatan_ws/build/zed_components' returned '0': AMENT_PREFIX_PATH=/home/baris/mavivatan_ws/install/zed_msgs:${AMENT_PREFIX_PATH} CMAKE_PREFIX_PATH=/home/baris/mavivatan_ws/install/zed_msgs:/opt/ros/humble LD_LIBRARY_PATH=/home/baris/mavivatan_ws/install/zed_msgs/lib:/opt/ros/humble/opt/rviz_ogre_vendor/lib:/opt/ros/humble/lib/aarch64-linux-gnu:/opt/ros/humble/lib:/usr/local/cuda-12.6/lib64 PYTHONPATH=/home/baris/mavivatan_ws/install/zed_msgs/local/lib/python3.10/dist-packages:${PYTHONPATH} /usr/bin/cmake --build /home/baris/mavivatan_ws/build/zed_components -- -j6 -l6
[37.273s] Invoking command in '/home/baris/mavivatan_ws/build/zed_components': AMENT_PREFIX_PATH=/home/baris/mavivatan_ws/install/zed_msgs:${AMENT_PREFIX_PATH} CMAKE_PREFIX_PATH=/home/baris/mavivatan_ws/install/zed_msgs:/opt/ros/humble LD_LIBRARY_PATH=/home/baris/mavivatan_ws/install/zed_msgs/lib:/opt/ros/humble/opt/rviz_ogre_vendor/lib:/opt/ros/humble/lib/aarch64-linux-gnu:/opt/ros/humble/lib:/usr/local/cuda-12.6/lib64 PYTHONPATH=/home/baris/mavivatan_ws/install/zed_msgs/local/lib/python3.10/dist-packages:${PYTHONPATH} /usr/bin/cmake --install /home/baris/mavivatan_ws/build/zed_components
[37.290s] -- Install configuration: "Release"
[37.291s] -- Installing: /home/baris/mavivatan_ws/install/zed_components/lib/libzed_camera_component.so
[37.306s] -- Set runtime path of "/home/baris/mavivatan_ws/install/zed_components/lib/libzed_camera_component.so" to ""
[37.307s] -- Installing: /home/baris/mavivatan_ws/install/zed_components/lib/libzed_camera_one_component.so
[37.312s] -- Set runtime path of "/home/baris/mavivatan_ws/install/zed_components/lib/libzed_camera_one_component.so" to ""
[37.313s] -- Installing: /home/baris/mavivatan_ws/install/zed_components/include/zed_components/
[37.313s] -- Installing: /home/baris/mavivatan_ws/install/zed_components/include/zed_components//cost_traversability.hpp
[37.313s] -- Installing: /home/baris/mavivatan_ws/install/zed_components/include/zed_components//zed_camera_component.hpp
[37.314s] -- Up-to-date: /home/baris/mavivatan_ws/install/zed_components/include/zed_components/
[37.314s] -- Installing: /home/baris/mavivatan_ws/install/zed_components/include/zed_components//zed_camera_one_component.hpp
[37.314s] -- Up-to-date: /home/baris/mavivatan_ws/install/zed_components/include/zed_components/
[37.315s] -- Installing: /home/baris/mavivatan_ws/install/zed_components/include/zed_components//sl_type_adapter.hpp
[37.315s] -- Installing: /home/baris/mavivatan_ws/install/zed_components/include/zed_components//sl_types.hpp
[37.315s] -- Installing: /home/baris/mavivatan_ws/install/zed_components/include/zed_components//sl_logging.hpp
[37.315s] -- Installing: /home/baris/mavivatan_ws/install/zed_components/include/zed_components//gnss_replay.hpp
[37.315s] -- Installing: /home/baris/mavivatan_ws/install/zed_components/include/zed_components//sl_tools.hpp
[37.316s] -- Installing: /home/baris/mavivatan_ws/install/zed_components/include/zed_components//sl_win_avg.hpp
[37.316s] -- Up-to-date: /home/baris/mavivatan_ws/install/zed_components/include/zed_components/
[37.316s] -- Installing: /home/baris/mavivatan_ws/install/zed_components/include/zed_components//sl_version.hpp
[37.316s] -- Installing: /home/baris/mavivatan_ws/install/zed_components/include/zed_components//visibility_control.hpp
[37.317s] -- Installing: /home/baris/mavivatan_ws/install/zed_components/share/zed_components/environment/library_path.sh
[37.317s] -- Installing: /home/baris/mavivatan_ws/install/zed_components/share/zed_components/environment/library_path.dsv
[37.318s] -- Installing: /home/baris/mavivatan_ws/install/zed_components/share/ament_index/resource_index/package_run_dependencies/zed_components
[37.318s] -- Installing: /home/baris/mavivatan_ws/install/zed_components/share/ament_index/resource_index/parent_prefix_path/zed_components
[37.318s] -- Installing: /home/baris/mavivatan_ws/install/zed_components/share/zed_components/environment/ament_prefix_path.sh
[37.319s] -- Installing: /home/baris/mavivatan_ws/install/zed_components/share/zed_components/environment/ament_prefix_path.dsv
[37.319s] -- Installing: /home/baris/mavivatan_ws/install/zed_components/share/zed_components/environment/path.sh
[37.319s] -- Installing: /home/baris/mavivatan_ws/install/zed_components/share/zed_components/environment/path.dsv
[37.320s] -- Installing: /home/baris/mavivatan_ws/install/zed_components/share/zed_components/local_setup.bash
[37.320s] -- Installing: /home/baris/mavivatan_ws/install/zed_components/share/zed_components/local_setup.sh
[37.320s] -- Installing: /home/baris/mavivatan_ws/install/zed_components/share/zed_components/local_setup.zsh
[37.321s] -- Installing: /home/baris/mavivatan_ws/install/zed_components/share/zed_components/local_setup.dsv
[37.321s] -- Installing: /home/baris/mavivatan_ws/install/zed_components/share/zed_components/package.dsv
[37.322s] -- Installing: /home/baris/mavivatan_ws/install/zed_components/share/ament_index/resource_index/packages/zed_components
[37.322s] -- Installing: /home/baris/mavivatan_ws/install/zed_components/share/ament_index/resource_index/rclcpp_components/zed_components
[37.322s] -- Installing: /home/baris/mavivatan_ws/install/zed_components/share/zed_components/cmake/ament_cmake_export_include_directories-extras.cmake
[37.323s] -- Installing: /home/baris/mavivatan_ws/install/zed_components/share/zed_components/cmake/ament_cmake_export_libraries-extras.cmake
[37.323s] -- Installing: /home/baris/mavivatan_ws/install/zed_components/share/zed_components/cmake/ament_cmake_export_dependencies-extras.cmake
[37.323s] -- Installing: /home/baris/mavivatan_ws/install/zed_components/share/zed_components/cmake/zed_componentsConfig.cmake
[37.323s] -- Installing: /home/baris/mavivatan_ws/install/zed_components/share/zed_components/cmake/zed_componentsConfig-version.cmake
[37.324s] -- Installing: /home/baris/mavivatan_ws/install/zed_components/share/zed_components/package.xml
[37.331s] Invoked command in '/home/baris/mavivatan_ws/build/zed_components' returned '0': AMENT_PREFIX_PATH=/home/baris/mavivatan_ws/install/zed_msgs:${AMENT_PREFIX_PATH} CMAKE_PREFIX_PATH=/home/baris/mavivatan_ws/install/zed_msgs:/opt/ros/humble LD_LIBRARY_PATH=/home/baris/mavivatan_ws/install/zed_msgs/lib:/opt/ros/humble/opt/rviz_ogre_vendor/lib:/opt/ros/humble/lib/aarch64-linux-gnu:/opt/ros/humble/lib:/usr/local/cuda-12.6/lib64 PYTHONPATH=/home/baris/mavivatan_ws/install/zed_msgs/local/lib/python3.10/dist-packages:${PYTHONPATH} /usr/bin/cmake --install /home/baris/mavivatan_ws/build/zed_components
