[1.377s] Invoking command in '/home/baris/mavivatan_ws/src/mavivatan_otonomi/src/mavivatan_paket': CMAKE_PREFIX_PATH=/home/baris/mavivatan_ws/install/mavivatan_interfaces:/home/baris/mavivatan_ws/install/zed_ros2:/home/baris/mavivatan_ws/install/zed_wrapper:/home/baris/mavivatan_ws/install/zed_debug:/home/baris/mavivatan_ws/install/zed_components:/home/baris/mavivatan_ws/install/zed_msgs LD_LIBRARY_PATH=/home/baris/mavivatan_ws/install/mavivatan_interfaces/lib:/opt/ros/humble/opt/rviz_ogre_vendor/lib:/opt/ros/humble/lib/aarch64-linux-gnu:/opt/ros/humble/lib:/home/baris/mavivatan_ws/install/zed_components/lib:/home/baris/mavivatan_ws/install/zed_msgs/lib:/usr/local/cuda-12.6/lib64 PYTHONPATH=/home/baris/mavivatan_ws/build/mavivatan_paket/prefix_override:/usr/lib/python3/dist-packages/colcon_core/task/python/colcon_distutils_commands:/home/baris/mavivatan_ws/install/mavivatan_paket/lib/python3.10/site-packages:${PYTHONPATH} /usr/bin/python3 -W ignore:setup.py install is deprecated -W ignore:easy_install command is deprecated setup.py egg_info --egg-base ../../../../build/mavivatan_paket build --build-base /home/baris/mavivatan_ws/build/mavivatan_paket/build install --record /home/baris/mavivatan_ws/build/mavivatan_paket/install.log --single-version-externally-managed install_data
[1.904s] running egg_info
[1.905s] writing ../../../../build/mavivatan_paket/mavivatan_paket.egg-info/PKG-INFO
[1.905s] writing dependency_links to ../../../../build/mavivatan_paket/mavivatan_paket.egg-info/dependency_links.txt
[1.906s] writing entry points to ../../../../build/mavivatan_paket/mavivatan_paket.egg-info/entry_points.txt
[1.906s] writing requirements to ../../../../build/mavivatan_paket/mavivatan_paket.egg-info/requires.txt
[1.906s] writing top-level names to ../../../../build/mavivatan_paket/mavivatan_paket.egg-info/top_level.txt
[1.910s] reading manifest file '../../../../build/mavivatan_paket/mavivatan_paket.egg-info/SOURCES.txt'
[1.912s] writing manifest file '../../../../build/mavivatan_paket/mavivatan_paket.egg-info/SOURCES.txt'
[1.912s] running build
[1.912s] running build_py
[1.913s] copying mavivatan_paket/yolo_hedef_tespiti.py -> /home/baris/mavivatan_ws/build/mavivatan_paket/build/lib/mavivatan_paket
[1.914s] running install
[1.914s] running install_lib
[1.919s] copying /home/baris/mavivatan_ws/build/mavivatan_paket/build/lib/mavivatan_paket/yolo_hedef_tespiti.py -> /home/baris/mavivatan_ws/install/mavivatan_paket/lib/python3.10/site-packages/mavivatan_paket
[1.920s] byte-compiling /home/baris/mavivatan_ws/install/mavivatan_paket/lib/python3.10/site-packages/mavivatan_paket/yolo_hedef_tespiti.py to yolo_hedef_tespiti.cpython-310.pyc
[1.923s] running install_data
[1.923s] running install_egg_info
[1.927s] removing '/home/baris/mavivatan_ws/install/mavivatan_paket/lib/python3.10/site-packages/mavivatan_paket-0.0.0-py3.10.egg-info' (and everything under it)
[1.927s] Copying ../../../../build/mavivatan_paket/mavivatan_paket.egg-info to /home/baris/mavivatan_ws/install/mavivatan_paket/lib/python3.10/site-packages/mavivatan_paket-0.0.0-py3.10.egg-info
[1.930s] running install_scripts
[1.967s] Installing abone_dugumu script to /home/baris/mavivatan_ws/install/mavivatan_paket/lib/mavivatan_paket
[1.967s] Installing gorev_yoneticisi script to /home/baris/mavivatan_ws/install/mavivatan_paket/lib/mavivatan_paket
[1.968s] Installing gps_navigasyon script to /home/baris/mavivatan_ws/install/mavivatan_paket/lib/mavivatan_paket
[1.968s] Installing ilk_dugum script to /home/baris/mavivatan_ws/install/mavivatan_paket/lib/mavivatan_paket
[1.969s] Installing kanal_navigasyonu script to /home/baris/mavivatan_ws/install/mavivatan_paket/lib/mavivatan_paket
[1.969s] Installing mavivatan_yars_ui script to /home/baris/mavivatan_ws/install/mavivatan_paket/lib/mavivatan_paket
[1.969s] Installing mavlink_motor script to /home/baris/mavivatan_ws/install/mavivatan_paket/lib/mavivatan_paket
[1.970s] Installing navigasyon_ve_karar script to /home/baris/mavivatan_ws/install/mavivatan_paket/lib/mavivatan_paket
[1.970s] Installing sensor_fuzyonu script to /home/baris/mavivatan_ws/install/mavivatan_paket/lib/mavivatan_paket
[1.970s] Installing telemetri_merkezi script to /home/baris/mavivatan_ws/install/mavivatan_paket/lib/mavivatan_paket
[1.971s] Installing yolo_hedef_tespiti script to /home/baris/mavivatan_ws/install/mavivatan_paket/lib/mavivatan_paket
[1.971s] writing list of installed files to '/home/baris/mavivatan_ws/build/mavivatan_paket/install.log'
[2.041s] Invoked command in '/home/baris/mavivatan_ws/src/mavivatan_otonomi/src/mavivatan_paket' returned '0': CMAKE_PREFIX_PATH=/home/baris/mavivatan_ws/install/mavivatan_interfaces:/home/baris/mavivatan_ws/install/zed_ros2:/home/baris/mavivatan_ws/install/zed_wrapper:/home/baris/mavivatan_ws/install/zed_debug:/home/baris/mavivatan_ws/install/zed_components:/home/baris/mavivatan_ws/install/zed_msgs LD_LIBRARY_PATH=/home/baris/mavivatan_ws/install/mavivatan_interfaces/lib:/opt/ros/humble/opt/rviz_ogre_vendor/lib:/opt/ros/humble/lib/aarch64-linux-gnu:/opt/ros/humble/lib:/home/baris/mavivatan_ws/install/zed_components/lib:/home/baris/mavivatan_ws/install/zed_msgs/lib:/usr/local/cuda-12.6/lib64 PYTHONPATH=/home/baris/mavivatan_ws/build/mavivatan_paket/prefix_override:/usr/lib/python3/dist-packages/colcon_core/task/python/colcon_distutils_commands:/home/baris/mavivatan_ws/install/mavivatan_paket/lib/python3.10/site-packages:${PYTHONPATH} /usr/bin/python3 -W ignore:setup.py install is deprecated -W ignore:easy_install command is deprecated setup.py egg_info --egg-base ../../../../build/mavivatan_paket build --build-base /home/baris/mavivatan_ws/build/mavivatan_paket/build install --record /home/baris/mavivatan_ws/build/mavivatan_paket/install.log --single-version-externally-managed install_data
