[0.030s] Invoking command in '/home/baris/mavivatan_ws/build/mavivatan_interfaces': CMAKE_PREFIX_PATH=${CMAKE_PREFIX_PATH}:/home/baris/mavivatan_ws/install/mavivatan_paket:/opt/ros/humble /usr/bin/cmake --build /home/baris/mavivatan_ws/build/mavivatan_interfaces -- -j6 -l6
[0.161s] [35m[1mConsolidate compiler generated dependencies of target mavivatan_interfaces__rosidl_generator_c[0m
[0.161s] [  3%] Built target mavivatan_interfaces__cpp
[0.178s] [  6%] Built target mavivatan_interfaces__rs
[0.193s] [35m[1mConsolidate compiler generated dependencies of target mavivatan_interfaces__rosidl_typesupport_fastrtps_cpp[0m
[0.194s] [  6%] Built target ament_cmake_python_copy_mavivatan_interfaces
[0.199s] [ 15%] Built target mavivatan_interfaces__rosidl_generator_c
[0.207s] [35m[1mConsolidate compiler generated dependencies of target mavivatan_interfaces__rosidl_typesupport_cpp[0m
[0.231s] [ 25%] Built target mavivatan_interfaces__rosidl_typesupport_fastrtps_cpp
[0.235s] [35m[1mConsolidate compiler generated dependencies of target mavivatan_interfaces__rosidl_typesupport_introspection_cpp[0m
[0.248s] [35m[1mConsolidate compiler generated dependencies of target mavivatan_interfaces__rosidl_typesupport_introspection_c[0m
[0.267s] [ 34%] Built target mavivatan_interfaces__rosidl_typesupport_cpp
[0.277s] [35m[1mConsolidate compiler generated dependencies of target mavivatan_interfaces__rosidl_typesupport_fastrtps_c[0m
[0.298s] [35m[1mConsolidate compiler generated dependencies of target mavivatan_interfaces__rosidl_typesupport_c[0m
[0.298s] [ 43%] Built target mavivatan_interfaces__rosidl_typesupport_introspection_cpp
[0.313s] [ 53%] Built target mavivatan_interfaces__rosidl_typesupport_introspection_c
[0.364s] [ 62%] Built target mavivatan_interfaces__rosidl_typesupport_c
[0.365s] [ 71%] Built target mavivatan_interfaces__rosidl_typesupport_fastrtps_c
[0.456s] [ 71%] Built target mavivatan_interfaces
[0.511s] [ 75%] Built target mavivatan_interfaces__py
[0.538s] [35m[1mConsolidate compiler generated dependencies of target mavivatan_interfaces__rosidl_generator_py[0m
[0.578s] [ 81%] Built target mavivatan_interfaces__rosidl_generator_py
[0.608s] [35m[1mConsolidate compiler generated dependencies of target mavivatan_interfaces__rosidl_typesupport_introspection_c__pyext[0m
[0.608s] [35m[1mConsolidate compiler generated dependencies of target mavivatan_interfaces__rosidl_typesupport_c__pyext[0m
[0.626s] [35m[1mConsolidate compiler generated dependencies of target mavivatan_interfaces__rosidl_typesupport_fastrtps_c__pyext[0m
[0.641s] [ 87%] Built target mavivatan_interfaces__rosidl_typesupport_introspection_c__pyext
[0.641s] [ 93%] Built target mavivatan_interfaces__rosidl_typesupport_c__pyext
[0.658s] [100%] Built target mavivatan_interfaces__rosidl_typesupport_fastrtps_c__pyext
[0.808s] running egg_info
[0.809s] writing mavivatan_interfaces.egg-info/PKG-INFO
[0.810s] writing dependency_links to mavivatan_interfaces.egg-info/dependency_links.txt
[0.810s] writing top-level names to mavivatan_interfaces.egg-info/top_level.txt
[0.817s] reading manifest file 'mavivatan_interfaces.egg-info/SOURCES.txt'
[0.818s] writing manifest file 'mavivatan_interfaces.egg-info/SOURCES.txt'
[0.898s] [100%] Built target ament_cmake_python_build_mavivatan_interfaces_egg
[0.931s] Invoked command in '/home/baris/mavivatan_ws/build/mavivatan_interfaces' returned '0': CMAKE_PREFIX_PATH=${CMAKE_PREFIX_PATH}:/home/baris/mavivatan_ws/install/mavivatan_paket:/opt/ros/humble /usr/bin/cmake --build /home/baris/mavivatan_ws/build/mavivatan_interfaces -- -j6 -l6
[0.958s] Invoking command in '/home/baris/mavivatan_ws/build/mavivatan_interfaces': CMAKE_PREFIX_PATH=${CMAKE_PREFIX_PATH}:/home/baris/mavivatan_ws/install/mavivatan_paket:/opt/ros/humble /usr/bin/cmake --install /home/baris/mavivatan_ws/build/mavivatan_interfaces
[0.979s] -- Install configuration: "Release"
[0.979s] -- Up-to-date: /home/baris/mavivatan_ws/install/mavivatan_interfaces/share/ament_index/resource_index/rosidl_interfaces/mavivatan_interfaces
[0.980s] -- Up-to-date: /home/baris/mavivatan_ws/install/mavivatan_interfaces/include/mavivatan_interfaces/mavivatan_interfaces
[0.980s] -- Up-to-date: /home/baris/mavivatan_ws/install/mavivatan_interfaces/include/mavivatan_interfaces/mavivatan_interfaces/msg
[0.980s] -- Up-to-date: /home/baris/mavivatan_ws/install/mavivatan_interfaces/include/mavivatan_interfaces/mavivatan_interfaces/msg/detail
[0.980s] -- Up-to-date: /home/baris/mavivatan_ws/install/mavivatan_interfaces/include/mavivatan_interfaces/mavivatan_interfaces/msg/detail/ida_durum__functions.h
[0.981s] -- Up-to-date: /home/baris/mavivatan_ws/install/mavivatan_interfaces/include/mavivatan_interfaces/mavivatan_interfaces/msg/detail/ida_durum__functions.c
[0.981s] -- Up-to-date: /home/baris/mavivatan_ws/install/mavivatan_interfaces/include/mavivatan_interfaces/mavivatan_interfaces/msg/detail/ida_durum__type_support.h
[0.981s] -- Up-to-date: /home/baris/mavivatan_ws/install/mavivatan_interfaces/include/mavivatan_interfaces/mavivatan_interfaces/msg/detail/ida_durum__struct.h
[0.981s] -- Up-to-date: /home/baris/mavivatan_ws/install/mavivatan_interfaces/include/mavivatan_interfaces/mavivatan_interfaces/msg/rosidl_generator_c__visibility_control.h
[0.981s] -- Up-to-date: /home/baris/mavivatan_ws/install/mavivatan_interfaces/include/mavivatan_interfaces/mavivatan_interfaces/msg/ida_durum.h
[0.982s] -- Up-to-date: /home/baris/mavivatan_ws/install/mavivatan_interfaces/share/mavivatan_interfaces/environment/library_path.sh
[0.982s] -- Up-to-date: /home/baris/mavivatan_ws/install/mavivatan_interfaces/share/mavivatan_interfaces/environment/library_path.dsv
[0.982s] -- Up-to-date: /home/baris/mavivatan_ws/install/mavivatan_interfaces/lib/libmavivatan_interfaces__rosidl_generator_c.so
[0.982s] -- Up-to-date: /home/baris/mavivatan_ws/install/mavivatan_interfaces/include/mavivatan_interfaces/mavivatan_interfaces
[0.982s] -- Up-to-date: /home/baris/mavivatan_ws/install/mavivatan_interfaces/include/mavivatan_interfaces/mavivatan_interfaces/msg
[0.983s] -- Up-to-date: /home/baris/mavivatan_ws/install/mavivatan_interfaces/include/mavivatan_interfaces/mavivatan_interfaces/msg/detail
[0.983s] -- Up-to-date: /home/baris/mavivatan_ws/install/mavivatan_interfaces/include/mavivatan_interfaces/mavivatan_interfaces/msg/detail/ida_durum__rosidl_typesupport_fastrtps_c.h
[0.983s] -- Up-to-date: /home/baris/mavivatan_ws/install/mavivatan_interfaces/include/mavivatan_interfaces/mavivatan_interfaces/msg/rosidl_typesupport_fastrtps_c__visibility_control.h
[0.984s] -- Up-to-date: /home/baris/mavivatan_ws/install/mavivatan_interfaces/lib/libmavivatan_interfaces__rosidl_typesupport_fastrtps_c.so
[0.984s] -- Up-to-date: /home/baris/mavivatan_ws/install/mavivatan_interfaces/include/mavivatan_interfaces/mavivatan_interfaces
[0.984s] -- Up-to-date: /home/baris/mavivatan_ws/install/mavivatan_interfaces/include/mavivatan_interfaces/mavivatan_interfaces/msg
[0.985s] -- Up-to-date: /home/baris/mavivatan_ws/install/mavivatan_interfaces/include/mavivatan_interfaces/mavivatan_interfaces/msg/detail
[0.985s] -- Up-to-date: /home/baris/mavivatan_ws/install/mavivatan_interfaces/include/mavivatan_interfaces/mavivatan_interfaces/msg/detail/ida_durum__rosidl_typesupport_introspection_c.h
[0.985s] -- Up-to-date: /home/baris/mavivatan_ws/install/mavivatan_interfaces/include/mavivatan_interfaces/mavivatan_interfaces/msg/detail/ida_durum__type_support.c
[0.985s] -- Up-to-date: /home/baris/mavivatan_ws/install/mavivatan_interfaces/include/mavivatan_interfaces/mavivatan_interfaces/msg/rosidl_typesupport_introspection_c__visibility_control.h
[0.985s] -- Up-to-date: /home/baris/mavivatan_ws/install/mavivatan_interfaces/lib/libmavivatan_interfaces__rosidl_typesupport_introspection_c.so
[0.986s] -- Up-to-date: /home/baris/mavivatan_ws/install/mavivatan_interfaces/lib/libmavivatan_interfaces__rosidl_typesupport_c.so
[0.986s] -- Up-to-date: /home/baris/mavivatan_ws/install/mavivatan_interfaces/include/mavivatan_interfaces/mavivatan_interfaces
[0.986s] -- Up-to-date: /home/baris/mavivatan_ws/install/mavivatan_interfaces/include/mavivatan_interfaces/mavivatan_interfaces/msg
[0.986s] -- Up-to-date: /home/baris/mavivatan_ws/install/mavivatan_interfaces/include/mavivatan_interfaces/mavivatan_interfaces/msg/detail
[0.986s] -- Up-to-date: /home/baris/mavivatan_ws/install/mavivatan_interfaces/include/mavivatan_interfaces/mavivatan_interfaces/msg/detail/ida_durum__builder.hpp
[0.987s] -- Up-to-date: /home/baris/mavivatan_ws/install/mavivatan_interfaces/include/mavivatan_interfaces/mavivatan_interfaces/msg/detail/ida_durum__struct.hpp
[0.987s] -- Up-to-date: /home/baris/mavivatan_ws/install/mavivatan_interfaces/include/mavivatan_interfaces/mavivatan_interfaces/msg/detail/ida_durum__type_support.hpp
[0.987s] -- Up-to-date: /home/baris/mavivatan_ws/install/mavivatan_interfaces/include/mavivatan_interfaces/mavivatan_interfaces/msg/detail/ida_durum__traits.hpp
[0.987s] -- Up-to-date: /home/baris/mavivatan_ws/install/mavivatan_interfaces/include/mavivatan_interfaces/mavivatan_interfaces/msg/rosidl_generator_cpp__visibility_control.hpp
[0.987s] -- Up-to-date: /home/baris/mavivatan_ws/install/mavivatan_interfaces/include/mavivatan_interfaces/mavivatan_interfaces/msg/ida_durum.hpp
[0.987s] -- Up-to-date: /home/baris/mavivatan_ws/install/mavivatan_interfaces/include/mavivatan_interfaces/mavivatan_interfaces
[0.988s] -- Up-to-date: /home/baris/mavivatan_ws/install/mavivatan_interfaces/include/mavivatan_interfaces/mavivatan_interfaces/msg
[0.988s] -- Up-to-date: /home/baris/mavivatan_ws/install/mavivatan_interfaces/include/mavivatan_interfaces/mavivatan_interfaces/msg/detail
[0.988s] -- Up-to-date: /home/baris/mavivatan_ws/install/mavivatan_interfaces/include/mavivatan_interfaces/mavivatan_interfaces/msg/detail/ida_durum__rosidl_typesupport_fastrtps_cpp.hpp
[0.988s] -- Up-to-date: /home/baris/mavivatan_ws/install/mavivatan_interfaces/include/mavivatan_interfaces/mavivatan_interfaces/msg/detail/dds_fastrtps
[0.988s] -- Up-to-date: /home/baris/mavivatan_ws/install/mavivatan_interfaces/include/mavivatan_interfaces/mavivatan_interfaces/msg/rosidl_typesupport_fastrtps_cpp__visibility_control.h
[0.988s] -- Up-to-date: /home/baris/mavivatan_ws/install/mavivatan_interfaces/lib/libmavivatan_interfaces__rosidl_typesupport_fastrtps_cpp.so
[0.989s] -- Up-to-date: /home/baris/mavivatan_ws/install/mavivatan_interfaces/include/mavivatan_interfaces/mavivatan_interfaces
[0.989s] -- Up-to-date: /home/baris/mavivatan_ws/install/mavivatan_interfaces/include/mavivatan_interfaces/mavivatan_interfaces/msg
[0.989s] -- Up-to-date: /home/baris/mavivatan_ws/install/mavivatan_interfaces/include/mavivatan_interfaces/mavivatan_interfaces/msg/detail
[0.989s] -- Up-to-date: /home/baris/mavivatan_ws/install/mavivatan_interfaces/include/mavivatan_interfaces/mavivatan_interfaces/msg/detail/ida_durum__rosidl_typesupport_introspection_cpp.hpp
[0.989s] -- Up-to-date: /home/baris/mavivatan_ws/install/mavivatan_interfaces/include/mavivatan_interfaces/mavivatan_interfaces/msg/detail/ida_durum__type_support.cpp
[0.989s] -- Up-to-date: /home/baris/mavivatan_ws/install/mavivatan_interfaces/lib/libmavivatan_interfaces__rosidl_typesupport_introspection_cpp.so
[0.990s] -- Up-to-date: /home/baris/mavivatan_ws/install/mavivatan_interfaces/lib/libmavivatan_interfaces__rosidl_typesupport_cpp.so
[0.990s] -- Up-to-date: /home/baris/mavivatan_ws/install/mavivatan_interfaces/share/mavivatan_interfaces/environment/pythonpath.sh
[0.990s] -- Up-to-date: /home/baris/mavivatan_ws/install/mavivatan_interfaces/share/mavivatan_interfaces/environment/pythonpath.dsv
[0.990s] -- Up-to-date: /home/baris/mavivatan_ws/install/mavivatan_interfaces/local/lib/python3.10/dist-packages/mavivatan_interfaces-0.0.0-py3.10.egg-info
[0.990s] -- Installing: /home/baris/mavivatan_ws/install/mavivatan_interfaces/local/lib/python3.10/dist-packages/mavivatan_interfaces-0.0.0-py3.10.egg-info/SOURCES.txt
[0.990s] -- Installing: /home/baris/mavivatan_ws/install/mavivatan_interfaces/local/lib/python3.10/dist-packages/mavivatan_interfaces-0.0.0-py3.10.egg-info/top_level.txt
[0.991s] -- Installing: /home/baris/mavivatan_ws/install/mavivatan_interfaces/local/lib/python3.10/dist-packages/mavivatan_interfaces-0.0.0-py3.10.egg-info/dependency_links.txt
[0.991s] -- Installing: /home/baris/mavivatan_ws/install/mavivatan_interfaces/local/lib/python3.10/dist-packages/mavivatan_interfaces-0.0.0-py3.10.egg-info/PKG-INFO
[0.991s] -- Up-to-date: /home/baris/mavivatan_ws/install/mavivatan_interfaces/local/lib/python3.10/dist-packages/mavivatan_interfaces
[0.991s] -- Up-to-date: /home/baris/mavivatan_ws/install/mavivatan_interfaces/local/lib/python3.10/dist-packages/mavivatan_interfaces/_mavivatan_interfaces_s.ep.rosidl_typesupport_c.c
[0.991s] -- Up-to-date: /home/baris/mavivatan_ws/install/mavivatan_interfaces/local/lib/python3.10/dist-packages/mavivatan_interfaces/_mavivatan_interfaces_s.ep.rosidl_typesupport_fastrtps_c.c
[0.991s] -- Up-to-date: /home/baris/mavivatan_ws/install/mavivatan_interfaces/local/lib/python3.10/dist-packages/mavivatan_interfaces/libmavivatan_interfaces__rosidl_generator_py.so
[0.992s] -- Up-to-date: /home/baris/mavivatan_ws/install/mavivatan_interfaces/local/lib/python3.10/dist-packages/mavivatan_interfaces/mavivatan_interfaces_s__rosidl_typesupport_c.cpython-310-aarch64-linux-gnu.so
[0.992s] -- Up-to-date: /home/baris/mavivatan_ws/install/mavivatan_interfaces/local/lib/python3.10/dist-packages/mavivatan_interfaces/_mavivatan_interfaces_s.ep.rosidl_typesupport_introspection_c.c
[0.992s] -- Up-to-date: /home/baris/mavivatan_ws/install/mavivatan_interfaces/local/lib/python3.10/dist-packages/mavivatan_interfaces/msg
[0.992s] -- Up-to-date: /home/baris/mavivatan_ws/install/mavivatan_interfaces/local/lib/python3.10/dist-packages/mavivatan_interfaces/msg/_ida_durum.py
[0.992s] -- Up-to-date: /home/baris/mavivatan_ws/install/mavivatan_interfaces/local/lib/python3.10/dist-packages/mavivatan_interfaces/msg/_ida_durum_s.c
[0.993s] -- Up-to-date: /home/baris/mavivatan_ws/install/mavivatan_interfaces/local/lib/python3.10/dist-packages/mavivatan_interfaces/msg/__init__.py
[0.993s] -- Up-to-date: /home/baris/mavivatan_ws/install/mavivatan_interfaces/local/lib/python3.10/dist-packages/mavivatan_interfaces/mavivatan_interfaces_s__rosidl_typesupport_introspection_c.cpython-310-aarch64-linux-gnu.so
[0.993s] -- Up-to-date: /home/baris/mavivatan_ws/install/mavivatan_interfaces/local/lib/python3.10/dist-packages/mavivatan_interfaces/mavivatan_interfaces_s__rosidl_typesupport_fastrtps_c.cpython-310-aarch64-linux-gnu.so
[0.993s] -- Up-to-date: /home/baris/mavivatan_ws/install/mavivatan_interfaces/local/lib/python3.10/dist-packages/mavivatan_interfaces/__init__.py
[1.069s] Listing '/home/baris/mavivatan_ws/install/mavivatan_interfaces/local/lib/python3.10/dist-packages/mavivatan_interfaces'...
[1.070s] Listing '/home/baris/mavivatan_ws/install/mavivatan_interfaces/local/lib/python3.10/dist-packages/mavivatan_interfaces/msg'...
[1.124s] -- Up-to-date: /home/baris/mavivatan_ws/install/mavivatan_interfaces/local/lib/python3.10/dist-packages/mavivatan_interfaces/mavivatan_interfaces_s__rosidl_typesupport_fastrtps_c.cpython-310-aarch64-linux-gnu.so
[1.125s] -- Up-to-date: /home/baris/mavivatan_ws/install/mavivatan_interfaces/local/lib/python3.10/dist-packages/mavivatan_interfaces/mavivatan_interfaces_s__rosidl_typesupport_introspection_c.cpython-310-aarch64-linux-gnu.so
[1.126s] -- Up-to-date: /home/baris/mavivatan_ws/install/mavivatan_interfaces/local/lib/python3.10/dist-packages/mavivatan_interfaces/mavivatan_interfaces_s__rosidl_typesupport_c.cpython-310-aarch64-linux-gnu.so
[1.131s] -- Up-to-date: /home/baris/mavivatan_ws/install/mavivatan_interfaces/lib/libmavivatan_interfaces__rosidl_generator_py.so
[1.136s] -- Up-to-date: /home/baris/mavivatan_ws/install/mavivatan_interfaces/share/ament_index/resource_index/rust_packages/mavivatan_interfaces
[1.136s] -- Up-to-date: /home/baris/mavivatan_ws/install/mavivatan_interfaces/share/mavivatan_interfaces/rust
[1.136s] -- Up-to-date: /home/baris/mavivatan_ws/install/mavivatan_interfaces/share/mavivatan_interfaces/rust/Cargo.toml
[1.137s] -- Up-to-date: /home/baris/mavivatan_ws/install/mavivatan_interfaces/share/mavivatan_interfaces/rust/src
[1.137s] -- Up-to-date: /home/baris/mavivatan_ws/install/mavivatan_interfaces/share/mavivatan_interfaces/rust/src/msg.rs
[1.137s] -- Up-to-date: /home/baris/mavivatan_ws/install/mavivatan_interfaces/share/mavivatan_interfaces/rust/src/lib.rs
[1.138s] -- Up-to-date: /home/baris/mavivatan_ws/install/mavivatan_interfaces/share/mavivatan_interfaces/rust/src/msg
[1.138s] -- Up-to-date: /home/baris/mavivatan_ws/install/mavivatan_interfaces/share/mavivatan_interfaces/rust/src/msg/rmw.rs
[1.139s] -- Up-to-date: /home/baris/mavivatan_ws/install/mavivatan_interfaces/share/mavivatan_interfaces/rust/build.rs
[1.139s] -- Up-to-date: /home/baris/mavivatan_ws/install/mavivatan_interfaces/share/mavivatan_interfaces/msg/IdaDurum.idl
[1.140s] -- Up-to-date: /home/baris/mavivatan_ws/install/mavivatan_interfaces/share/mavivatan_interfaces/msg/IdaDurum.msg
[1.140s] -- Up-to-date: /home/baris/mavivatan_ws/install/mavivatan_interfaces/share/ament_index/resource_index/package_run_dependencies/mavivatan_interfaces
[1.142s] -- Up-to-date: /home/baris/mavivatan_ws/install/mavivatan_interfaces/share/ament_index/resource_index/parent_prefix_path/mavivatan_interfaces
[1.143s] -- Up-to-date: /home/baris/mavivatan_ws/install/mavivatan_interfaces/share/mavivatan_interfaces/environment/ament_prefix_path.sh
[1.144s] -- Up-to-date: /home/baris/mavivatan_ws/install/mavivatan_interfaces/share/mavivatan_interfaces/environment/ament_prefix_path.dsv
[1.145s] -- Up-to-date: /home/baris/mavivatan_ws/install/mavivatan_interfaces/share/mavivatan_interfaces/environment/path.sh
[1.145s] -- Up-to-date: /home/baris/mavivatan_ws/install/mavivatan_interfaces/share/mavivatan_interfaces/environment/path.dsv
[1.146s] -- Up-to-date: /home/baris/mavivatan_ws/install/mavivatan_interfaces/share/mavivatan_interfaces/local_setup.bash
[1.147s] -- Up-to-date: /home/baris/mavivatan_ws/install/mavivatan_interfaces/share/mavivatan_interfaces/local_setup.sh
[1.148s] -- Up-to-date: /home/baris/mavivatan_ws/install/mavivatan_interfaces/share/mavivatan_interfaces/local_setup.zsh
[1.148s] -- Up-to-date: /home/baris/mavivatan_ws/install/mavivatan_interfaces/share/mavivatan_interfaces/local_setup.dsv
[1.149s] -- Installing: /home/baris/mavivatan_ws/install/mavivatan_interfaces/share/mavivatan_interfaces/package.dsv
[1.156s] -- Up-to-date: /home/baris/mavivatan_ws/install/mavivatan_interfaces/share/ament_index/resource_index/packages/mavivatan_interfaces
[1.164s] -- Up-to-date: /home/baris/mavivatan_ws/install/mavivatan_interfaces/share/mavivatan_interfaces/cmake/export_mavivatan_interfaces__rosidl_generator_cExport.cmake
[1.164s] -- Up-to-date: /home/baris/mavivatan_ws/install/mavivatan_interfaces/share/mavivatan_interfaces/cmake/export_mavivatan_interfaces__rosidl_generator_cExport-release.cmake
[1.175s] -- Up-to-date: /home/baris/mavivatan_ws/install/mavivatan_interfaces/share/mavivatan_interfaces/cmake/export_mavivatan_interfaces__rosidl_typesupport_fastrtps_cExport.cmake
[1.180s] -- Up-to-date: /home/baris/mavivatan_ws/install/mavivatan_interfaces/share/mavivatan_interfaces/cmake/export_mavivatan_interfaces__rosidl_typesupport_fastrtps_cExport-release.cmake
[1.191s] -- Up-to-date: /home/baris/mavivatan_ws/install/mavivatan_interfaces/share/mavivatan_interfaces/cmake/mavivatan_interfaces__rosidl_typesupport_introspection_cExport.cmake
[1.193s] -- Up-to-date: /home/baris/mavivatan_ws/install/mavivatan_interfaces/share/mavivatan_interfaces/cmake/mavivatan_interfaces__rosidl_typesupport_introspection_cExport-release.cmake
[1.203s] -- Up-to-date: /home/baris/mavivatan_ws/install/mavivatan_interfaces/share/mavivatan_interfaces/cmake/mavivatan_interfaces__rosidl_typesupport_cExport.cmake
[1.203s] -- Up-to-date: /home/baris/mavivatan_ws/install/mavivatan_interfaces/share/mavivatan_interfaces/cmake/mavivatan_interfaces__rosidl_typesupport_cExport-release.cmake
[1.203s] -- Up-to-date: /home/baris/mavivatan_ws/install/mavivatan_interfaces/share/mavivatan_interfaces/cmake/export_mavivatan_interfaces__rosidl_generator_cppExport.cmake
[1.204s] -- Up-to-date: /home/baris/mavivatan_ws/install/mavivatan_interfaces/share/mavivatan_interfaces/cmake/export_mavivatan_interfaces__rosidl_typesupport_fastrtps_cppExport.cmake
[1.211s] -- Up-to-date: /home/baris/mavivatan_ws/install/mavivatan_interfaces/share/mavivatan_interfaces/cmake/export_mavivatan_interfaces__rosidl_typesupport_fastrtps_cppExport-release.cmake
[1.219s] -- Up-to-date: /home/baris/mavivatan_ws/install/mavivatan_interfaces/share/mavivatan_interfaces/cmake/mavivatan_interfaces__rosidl_typesupport_introspection_cppExport.cmake
[1.220s] -- Up-to-date: /home/baris/mavivatan_ws/install/mavivatan_interfaces/share/mavivatan_interfaces/cmake/mavivatan_interfaces__rosidl_typesupport_introspection_cppExport-release.cmake
[1.224s] -- Up-to-date: /home/baris/mavivatan_ws/install/mavivatan_interfaces/share/mavivatan_interfaces/cmake/mavivatan_interfaces__rosidl_typesupport_cppExport.cmake
[1.226s] -- Up-to-date: /home/baris/mavivatan_ws/install/mavivatan_interfaces/share/mavivatan_interfaces/cmake/mavivatan_interfaces__rosidl_typesupport_cppExport-release.cmake
[1.235s] -- Up-to-date: /home/baris/mavivatan_ws/install/mavivatan_interfaces/share/mavivatan_interfaces/cmake/export_mavivatan_interfaces__rosidl_generator_pyExport.cmake
[1.239s] -- Up-to-date: /home/baris/mavivatan_ws/install/mavivatan_interfaces/share/mavivatan_interfaces/cmake/export_mavivatan_interfaces__rosidl_generator_pyExport-release.cmake
[1.241s] -- Up-to-date: /home/baris/mavivatan_ws/install/mavivatan_interfaces/share/mavivatan_interfaces/cmake/rosidl_cmake-extras.cmake
[1.242s] -- Up-to-date: /home/baris/mavivatan_ws/install/mavivatan_interfaces/share/mavivatan_interfaces/cmake/ament_cmake_export_include_directories-extras.cmake
[1.243s] -- Up-to-date: /home/baris/mavivatan_ws/install/mavivatan_interfaces/share/mavivatan_interfaces/cmake/ament_cmake_export_libraries-extras.cmake
[1.244s] -- Up-to-date: /home/baris/mavivatan_ws/install/mavivatan_interfaces/share/mavivatan_interfaces/cmake/ament_cmake_export_targets-extras.cmake
[1.248s] -- Up-to-date: /home/baris/mavivatan_ws/install/mavivatan_interfaces/share/mavivatan_interfaces/cmake/rosidl_cmake_export_typesupport_targets-extras.cmake
[1.248s] -- Up-to-date: /home/baris/mavivatan_ws/install/mavivatan_interfaces/share/mavivatan_interfaces/cmake/ament_cmake_export_dependencies-extras.cmake
[1.249s] -- Up-to-date: /home/baris/mavivatan_ws/install/mavivatan_interfaces/share/mavivatan_interfaces/cmake/rosidl_cmake_export_typesupport_libraries-extras.cmake
[1.250s] -- Up-to-date: /home/baris/mavivatan_ws/install/mavivatan_interfaces/share/mavivatan_interfaces/cmake/mavivatan_interfacesConfig.cmake
[1.250s] -- Up-to-date: /home/baris/mavivatan_ws/install/mavivatan_interfaces/share/mavivatan_interfaces/cmake/mavivatan_interfacesConfig-version.cmake
[1.251s] -- Up-to-date: /home/baris/mavivatan_ws/install/mavivatan_interfaces/share/mavivatan_interfaces/package.xml
[1.290s] Invoked command in '/home/baris/mavivatan_ws/build/mavivatan_interfaces' returned '0': CMAKE_PREFIX_PATH=${CMAKE_PREFIX_PATH}:/home/baris/mavivatan_ws/install/mavivatan_paket:/opt/ros/humble /usr/bin/cmake --install /home/baris/mavivatan_ws/build/mavivatan_interfaces
