[0.063s] Invoking command in '/home/baris/mavivatan_ws/build/zed_debug': CMAKE_PREFIX_PATH=/home/baris/mavivatan_ws/install/zed_components:/home/baris/mavivatan_ws/install/zed_msgs:/home/baris/mavivatan_ws/install/zed_ros2:/home/baris/mavivatan_ws/install/zed_wrapper:/home/baris/mavivatan_ws/install/zed_debug:/home/baris/mavivatan_ws/install/mavivatan_interfaces:/home/baris/mavivatan_ws/install/mavivatan_paket:/opt/ros/humble LD_LIBRARY_PATH=/home/baris/mavivatan_ws/install/zed_components/lib:/home/baris/mavivatan_ws/install/zed_msgs/lib:/home/baris/mavivatan_ws/install/mavivatan_interfaces/lib:/opt/ros/humble/opt/rviz_ogre_vendor/lib:/opt/ros/humble/lib/aarch64-linux-gnu:/opt/ros/humble/lib:/usr/local/cuda-12.6/lib64 /usr/bin/cmake /home/baris/mavivatan_ws/src/zed-ros2-wrapper/zed_debug -DCMAKE_INSTALL_PREFIX=/home/baris/mavivatan_ws/install/zed_debug
[0.311s] -- Found CUDA: /usr/local/cuda-12.6 (found suitable version "12.6", minimum required is "12.6") 
[0.512s] -- Found CUDA: /usr/local/cuda-12.6 (found version "12.6") 
[0.515s] -- Found ament_cmake_auto: 1.3.14 (/opt/ros/humble/share/ament_cmake_auto/cmake)
[1.261s] -- Found rosidl_generator_c: 3.1.8 (/opt/ros/humble/share/rosidl_generator_c/cmake)
[1.276s] -- Found rosidl_adapter: 3.1.8 (/opt/ros/humble/share/rosidl_adapter/cmake)
[1.293s] -- Found rosidl_generator_cpp: 3.1.8 (/opt/ros/humble/share/rosidl_generator_cpp/cmake)
[1.317s] -- Using all available rosidl_typesupport_c: rosidl_typesupport_fastrtps_c;rosidl_typesupport_introspection_c
[1.370s] -- Using all available rosidl_typesupport_cpp: rosidl_typesupport_fastrtps_cpp;rosidl_typesupport_introspection_cpp
[1.468s] -- Found rmw_implementation_cmake: 6.1.2 (/opt/ros/humble/share/rmw_implementation_cmake/cmake)
[1.472s] -- Found rmw_fastrtps_cpp: 6.2.10 (/opt/ros/humble/share/rmw_fastrtps_cpp/cmake)
[1.806s] -- Using RMW implementation 'rmw_fastrtps_cpp' as default
[2.679s] -- Found eigen3_cmake_module: 0.1.1 (/opt/ros/humble/share/eigen3_cmake_module/cmake)
[2.681s] -- Ensuring Eigen3 include directory is part of orocos-kdl CMake target
[3.258s] -- Found ament_lint_auto: 0.12.15 (/opt/ros/humble/share/ament_lint_auto/cmake)
[3.413s] -- Added test 'copyright' to check source files copyright and LICENSE
[3.416s] -- Added test 'cppcheck' to perform static code analysis on C / C++ code
[3.417s] -- Configured cppcheck include dirs: 
[3.417s] -- Configured cppcheck exclude dirs and/or files: 
[3.417s] -- Added test 'lint_cmake' to check CMake code style
[3.418s] -- Added test 'pep257' to check Python code against some of the docstring style conventions in PEP 257
[3.420s] -- Added test 'uncrustify' to check C / C++ code style
[3.421s] -- Configured uncrustify additional arguments: 
[3.421s] -- Added test 'xmllint' to check XML markup files
[3.436s] -- Configuring done
[3.689s] -- Generating done
[3.731s] -- Build files have been written to: /home/baris/mavivatan_ws/build/zed_debug
[3.802s] Invoked command in '/home/baris/mavivatan_ws/build/zed_debug' returned '0': CMAKE_PREFIX_PATH=/home/baris/mavivatan_ws/install/zed_components:/home/baris/mavivatan_ws/install/zed_msgs:/home/baris/mavivatan_ws/install/zed_ros2:/home/baris/mavivatan_ws/install/zed_wrapper:/home/baris/mavivatan_ws/install/zed_debug:/home/baris/mavivatan_ws/install/mavivatan_interfaces:/home/baris/mavivatan_ws/install/mavivatan_paket:/opt/ros/humble LD_LIBRARY_PATH=/home/baris/mavivatan_ws/install/zed_components/lib:/home/baris/mavivatan_ws/install/zed_msgs/lib:/home/baris/mavivatan_ws/install/mavivatan_interfaces/lib:/opt/ros/humble/opt/rviz_ogre_vendor/lib:/opt/ros/humble/lib/aarch64-linux-gnu:/opt/ros/humble/lib:/usr/local/cuda-12.6/lib64 /usr/bin/cmake /home/baris/mavivatan_ws/src/zed-ros2-wrapper/zed_debug -DCMAKE_INSTALL_PREFIX=/home/baris/mavivatan_ws/install/zed_debug
[3.804s] Invoking command in '/home/baris/mavivatan_ws/build/zed_debug': CMAKE_PREFIX_PATH=/home/baris/mavivatan_ws/install/zed_components:/home/baris/mavivatan_ws/install/zed_msgs:/home/baris/mavivatan_ws/install/zed_ros2:/home/baris/mavivatan_ws/install/zed_wrapper:/home/baris/mavivatan_ws/install/zed_debug:/home/baris/mavivatan_ws/install/mavivatan_interfaces:/home/baris/mavivatan_ws/install/mavivatan_paket:/opt/ros/humble LD_LIBRARY_PATH=/home/baris/mavivatan_ws/install/zed_components/lib:/home/baris/mavivatan_ws/install/zed_msgs/lib:/home/baris/mavivatan_ws/install/mavivatan_interfaces/lib:/opt/ros/humble/opt/rviz_ogre_vendor/lib:/opt/ros/humble/lib/aarch64-linux-gnu:/opt/ros/humble/lib:/usr/local/cuda-12.6/lib64 /usr/bin/cmake --build /home/baris/mavivatan_ws/build/zed_debug -- -j6 -l6
[4.075s] [35m[1mConsolidate compiler generated dependencies of target zed_debug_proc[0m
[4.236s] [100%] Built target zed_debug_proc
[4.310s] Invoked command in '/home/baris/mavivatan_ws/build/zed_debug' returned '0': CMAKE_PREFIX_PATH=/home/baris/mavivatan_ws/install/zed_components:/home/baris/mavivatan_ws/install/zed_msgs:/home/baris/mavivatan_ws/install/zed_ros2:/home/baris/mavivatan_ws/install/zed_wrapper:/home/baris/mavivatan_ws/install/zed_debug:/home/baris/mavivatan_ws/install/mavivatan_interfaces:/home/baris/mavivatan_ws/install/mavivatan_paket:/opt/ros/humble LD_LIBRARY_PATH=/home/baris/mavivatan_ws/install/zed_components/lib:/home/baris/mavivatan_ws/install/zed_msgs/lib:/home/baris/mavivatan_ws/install/mavivatan_interfaces/lib:/opt/ros/humble/opt/rviz_ogre_vendor/lib:/opt/ros/humble/lib/aarch64-linux-gnu:/opt/ros/humble/lib:/usr/local/cuda-12.6/lib64 /usr/bin/cmake --build /home/baris/mavivatan_ws/build/zed_debug -- -j6 -l6
[4.320s] Invoking command in '/home/baris/mavivatan_ws/build/zed_debug': CMAKE_PREFIX_PATH=/home/baris/mavivatan_ws/install/zed_components:/home/baris/mavivatan_ws/install/zed_msgs:/home/baris/mavivatan_ws/install/zed_ros2:/home/baris/mavivatan_ws/install/zed_wrapper:/home/baris/mavivatan_ws/install/zed_debug:/home/baris/mavivatan_ws/install/mavivatan_interfaces:/home/baris/mavivatan_ws/install/mavivatan_paket:/opt/ros/humble LD_LIBRARY_PATH=/home/baris/mavivatan_ws/install/zed_components/lib:/home/baris/mavivatan_ws/install/zed_msgs/lib:/home/baris/mavivatan_ws/install/mavivatan_interfaces/lib:/opt/ros/humble/opt/rviz_ogre_vendor/lib:/opt/ros/humble/lib/aarch64-linux-gnu:/opt/ros/humble/lib:/usr/local/cuda-12.6/lib64 /usr/bin/cmake --install /home/baris/mavivatan_ws/build/zed_debug
[4.372s] -- Install configuration: "Release"
[4.374s] -- Up-to-date: /home/baris/mavivatan_ws/install/zed_debug/lib/zed_debug/zed_debug_proc
[4.376s] -- Up-to-date: /home/baris/mavivatan_ws/install/zed_debug/share/zed_debug/launch
[4.377s] -- Up-to-date: /home/baris/mavivatan_ws/install/zed_debug/share/zed_debug/launch/zed_camera_debug.launch.py
[4.377s] -- Up-to-date: /home/baris/mavivatan_ws/install/zed_debug/share/zed_debug/config
[4.378s] -- Up-to-date: /home/baris/mavivatan_ws/install/zed_debug/share/zed_debug/config/virtual.yaml
[4.378s] -- Up-to-date: /home/baris/mavivatan_ws/install/zed_debug/share/zed_debug/config/object_detection.yaml
[4.379s] -- Up-to-date: /home/baris/mavivatan_ws/install/zed_debug/share/zed_debug/config/zedxone4k.yaml
[4.379s] -- Up-to-date: /home/baris/mavivatan_ws/install/zed_debug/share/zed_debug/config/common_mono.yaml
[4.379s] -- Up-to-date: /home/baris/mavivatan_ws/install/zed_debug/share/zed_debug/config/zedxhdrmini.yaml
[4.381s] -- Up-to-date: /home/baris/mavivatan_ws/install/zed_debug/share/zed_debug/config/zedm.yaml
[4.381s] -- Up-to-date: /home/baris/mavivatan_ws/install/zed_debug/share/zed_debug/config/zedxonegs.yaml
[4.381s] -- Up-to-date: /home/baris/mavivatan_ws/install/zed_debug/share/zed_debug/config/zed2.yaml
[4.381s] -- Up-to-date: /home/baris/mavivatan_ws/install/zed_debug/share/zed_debug/config/zedxhdrmax.yaml
[4.381s] -- Up-to-date: /home/baris/mavivatan_ws/install/zed_debug/share/zed_debug/config/zedxm.yaml
[4.382s] -- Up-to-date: /home/baris/mavivatan_ws/install/zed_debug/share/zed_debug/config/zedx.yaml
[4.382s] -- Up-to-date: /home/baris/mavivatan_ws/install/zed_debug/share/zed_debug/config/common_stereo.yaml
[4.382s] -- Up-to-date: /home/baris/mavivatan_ws/install/zed_debug/share/zed_debug/config/zedxonehdr.yaml
[4.382s] -- Up-to-date: /home/baris/mavivatan_ws/install/zed_debug/share/zed_debug/config/zed.yaml
[4.382s] -- Up-to-date: /home/baris/mavivatan_ws/install/zed_debug/share/zed_debug/config/custom_object_detection.yaml
[4.382s] -- Up-to-date: /home/baris/mavivatan_ws/install/zed_debug/share/zed_debug/config/zedxhdr.yaml
[4.382s] -- Up-to-date: /home/baris/mavivatan_ws/install/zed_debug/share/zed_debug/config/zed2i.yaml
[4.383s] -- Up-to-date: /home/baris/mavivatan_ws/install/zed_debug/share/ament_index/resource_index/package_run_dependencies/zed_debug
[4.383s] -- Installing: /home/baris/mavivatan_ws/install/zed_debug/share/ament_index/resource_index/parent_prefix_path/zed_debug
[4.386s] -- Up-to-date: /home/baris/mavivatan_ws/install/zed_debug/share/zed_debug/environment/ament_prefix_path.sh
[4.387s] -- Installing: /home/baris/mavivatan_ws/install/zed_debug/share/zed_debug/environment/ament_prefix_path.dsv
[4.387s] -- Up-to-date: /home/baris/mavivatan_ws/install/zed_debug/share/zed_debug/environment/path.sh
[4.387s] -- Installing: /home/baris/mavivatan_ws/install/zed_debug/share/zed_debug/environment/path.dsv
[4.387s] -- Up-to-date: /home/baris/mavivatan_ws/install/zed_debug/share/zed_debug/local_setup.bash
[4.387s] -- Up-to-date: /home/baris/mavivatan_ws/install/zed_debug/share/zed_debug/local_setup.sh
[4.387s] -- Up-to-date: /home/baris/mavivatan_ws/install/zed_debug/share/zed_debug/local_setup.zsh
[4.388s] -- Installing: /home/baris/mavivatan_ws/install/zed_debug/share/zed_debug/local_setup.dsv
[4.388s] -- Installing: /home/baris/mavivatan_ws/install/zed_debug/share/zed_debug/package.dsv
[4.388s] -- Up-to-date: /home/baris/mavivatan_ws/install/zed_debug/share/ament_index/resource_index/packages/zed_debug
[4.400s] -- Up-to-date: /home/baris/mavivatan_ws/install/zed_debug/share/zed_debug/cmake/zed_debugConfig.cmake
[4.400s] -- Up-to-date: /home/baris/mavivatan_ws/install/zed_debug/share/zed_debug/cmake/zed_debugConfig-version.cmake
[4.403s] -- Up-to-date: /home/baris/mavivatan_ws/install/zed_debug/share/zed_debug/package.xml
[4.412s] Invoked command in '/home/baris/mavivatan_ws/build/zed_debug' returned '0': CMAKE_PREFIX_PATH=/home/baris/mavivatan_ws/install/zed_components:/home/baris/mavivatan_ws/install/zed_msgs:/home/baris/mavivatan_ws/install/zed_ros2:/home/baris/mavivatan_ws/install/zed_wrapper:/home/baris/mavivatan_ws/install/zed_debug:/home/baris/mavivatan_ws/install/mavivatan_interfaces:/home/baris/mavivatan_ws/install/mavivatan_paket:/opt/ros/humble LD_LIBRARY_PATH=/home/baris/mavivatan_ws/install/zed_components/lib:/home/baris/mavivatan_ws/install/zed_msgs/lib:/home/baris/mavivatan_ws/install/mavivatan_interfaces/lib:/opt/ros/humble/opt/rviz_ogre_vendor/lib:/opt/ros/humble/lib/aarch64-linux-gnu:/opt/ros/humble/lib:/usr/local/cuda-12.6/lib64 /usr/bin/cmake --install /home/baris/mavivatan_ws/build/zed_debug
