[0.025s] Invoking command in '/home/baris/mavivatan_ws/build/mavivatan_interfaces': CMAKE_PREFIX_PATH=/opt/ros/humble /usr/bin/cmake --build /home/baris/mavivatan_ws/build/mavivatan_interfaces -- -j6 -l6
[0.162s] [  9%] Built target mavivatan_interfaces__rosidl_generator_c
[0.176s] [ 12%] Built target mavivatan_interfaces__rs
[0.188s] [ 15%] Built target mavivatan_interfaces__cpp
[0.205s] [ 15%] Built target ament_cmake_python_copy_mavivatan_interfaces
[0.271s] [ 25%] Built target mavivatan_interfaces__rosidl_typesupport_fastrtps_c
[0.298s] [ 34%] Built target mavivatan_interfaces__rosidl_typesupport_fastrtps_cpp
[0.306s] [ 43%] Built target mavivatan_interfaces__rosidl_typesupport_introspection_cpp
[0.319s] [ 53%] Built target mavivatan_interfaces__rosidl_typesupport_introspection_c
[0.327s] [ 62%] Built target mavivatan_interfaces__rosidl_typesupport_c
[0.337s] [ 71%] Built target mavivatan_interfaces__rosidl_typesupport_cpp
[0.392s] [ 71%] Built target mavivatan_interfaces
[0.440s] [ 75%] Built target mavivatan_interfaces__py
[0.495s] [ 81%] Built target mavivatan_interfaces__rosidl_generator_py
[0.578s] [ 87%] Built target mavivatan_interfaces__rosidl_typesupport_fastrtps_c__pyext
[0.590s] [ 93%] Built target mavivatan_interfaces__rosidl_typesupport_introspection_c__pyext
[0.597s] [100%] Built target mavivatan_interfaces__rosidl_typesupport_c__pyext
[0.952s] running egg_info
[0.954s] writing mavivatan_interfaces.egg-info/PKG-INFO
[0.954s] writing dependency_links to mavivatan_interfaces.egg-info/dependency_links.txt
[0.955s] writing top-level names to mavivatan_interfaces.egg-info/top_level.txt
[0.961s] reading manifest file 'mavivatan_interfaces.egg-info/SOURCES.txt'
[0.963s] writing manifest file 'mavivatan_interfaces.egg-info/SOURCES.txt'
[1.045s] [100%] Built target ament_cmake_python_build_mavivatan_interfaces_egg
[1.075s] Invoked command in '/home/baris/mavivatan_ws/build/mavivatan_interfaces' returned '0': CMAKE_PREFIX_PATH=/opt/ros/humble /usr/bin/cmake --build /home/baris/mavivatan_ws/build/mavivatan_interfaces -- -j6 -l6
[1.078s] Invoking command in '/home/baris/mavivatan_ws/build/mavivatan_interfaces': CMAKE_PREFIX_PATH=/opt/ros/humble /usr/bin/cmake --install /home/baris/mavivatan_ws/build/mavivatan_interfaces
[1.151s] -- Install configuration: "Release"
[1.152s] -- Up-to-date: /home/baris/mavivatan_ws/install/mavivatan_interfaces/share/ament_index/resource_index/rosidl_interfaces/mavivatan_interfaces
[1.153s] -- Up-to-date: /home/baris/mavivatan_ws/install/mavivatan_interfaces/include/mavivatan_interfaces/mavivatan_interfaces
[1.153s] -- Up-to-date: /home/baris/mavivatan_ws/install/mavivatan_interfaces/include/mavivatan_interfaces/mavivatan_interfaces/msg
[1.154s] -- Up-to-date: /home/baris/mavivatan_ws/install/mavivatan_interfaces/include/mavivatan_interfaces/mavivatan_interfaces/msg/detail
[1.154s] -- Up-to-date: /home/baris/mavivatan_ws/install/mavivatan_interfaces/include/mavivatan_interfaces/mavivatan_interfaces/msg/detail/ida_durum__functions.h
[1.154s] -- Up-to-date: /home/baris/mavivatan_ws/install/mavivatan_interfaces/include/mavivatan_interfaces/mavivatan_interfaces/msg/detail/ida_durum__functions.c
[1.154s] -- Up-to-date: /home/baris/mavivatan_ws/install/mavivatan_interfaces/include/mavivatan_interfaces/mavivatan_interfaces/msg/detail/ida_durum__type_support.h
[1.155s] -- Up-to-date: /home/baris/mavivatan_ws/install/mavivatan_interfaces/include/mavivatan_interfaces/mavivatan_interfaces/msg/detail/ida_durum__struct.h
[1.155s] -- Up-to-date: /home/baris/mavivatan_ws/install/mavivatan_interfaces/include/mavivatan_interfaces/mavivatan_interfaces/msg/rosidl_generator_c__visibility_control.h
[1.155s] -- Up-to-date: /home/baris/mavivatan_ws/install/mavivatan_interfaces/include/mavivatan_interfaces/mavivatan_interfaces/msg/ida_durum.h
[1.156s] -- Up-to-date: /home/baris/mavivatan_ws/install/mavivatan_interfaces/share/mavivatan_interfaces/environment/library_path.sh
[1.156s] -- Up-to-date: /home/baris/mavivatan_ws/install/mavivatan_interfaces/share/mavivatan_interfaces/environment/library_path.dsv
[1.156s] -- Up-to-date: /home/baris/mavivatan_ws/install/mavivatan_interfaces/lib/libmavivatan_interfaces__rosidl_generator_c.so
[1.157s] -- Up-to-date: /home/baris/mavivatan_ws/install/mavivatan_interfaces/include/mavivatan_interfaces/mavivatan_interfaces
[1.157s] -- Up-to-date: /home/baris/mavivatan_ws/install/mavivatan_interfaces/include/mavivatan_interfaces/mavivatan_interfaces/msg
[1.158s] -- Up-to-date: /home/baris/mavivatan_ws/install/mavivatan_interfaces/include/mavivatan_interfaces/mavivatan_interfaces/msg/detail
[1.158s] -- Up-to-date: /home/baris/mavivatan_ws/install/mavivatan_interfaces/include/mavivatan_interfaces/mavivatan_interfaces/msg/detail/ida_durum__rosidl_typesupport_fastrtps_c.h
[1.158s] -- Up-to-date: /home/baris/mavivatan_ws/install/mavivatan_interfaces/include/mavivatan_interfaces/mavivatan_interfaces/msg/rosidl_typesupport_fastrtps_c__visibility_control.h
[1.161s] -- Up-to-date: /home/baris/mavivatan_ws/install/mavivatan_interfaces/lib/libmavivatan_interfaces__rosidl_typesupport_fastrtps_c.so
[1.162s] -- Up-to-date: /home/baris/mavivatan_ws/install/mavivatan_interfaces/include/mavivatan_interfaces/mavivatan_interfaces
[1.162s] -- Up-to-date: /home/baris/mavivatan_ws/install/mavivatan_interfaces/include/mavivatan_interfaces/mavivatan_interfaces/msg
[1.162s] -- Up-to-date: /home/baris/mavivatan_ws/install/mavivatan_interfaces/include/mavivatan_interfaces/mavivatan_interfaces/msg/detail
[1.162s] -- Up-to-date: /home/baris/mavivatan_ws/install/mavivatan_interfaces/include/mavivatan_interfaces/mavivatan_interfaces/msg/detail/ida_durum__rosidl_typesupport_introspection_c.h
[1.163s] -- Up-to-date: /home/baris/mavivatan_ws/install/mavivatan_interfaces/include/mavivatan_interfaces/mavivatan_interfaces/msg/detail/ida_durum__type_support.c
[1.163s] -- Up-to-date: /home/baris/mavivatan_ws/install/mavivatan_interfaces/include/mavivatan_interfaces/mavivatan_interfaces/msg/rosidl_typesupport_introspection_c__visibility_control.h
[1.163s] -- Up-to-date: /home/baris/mavivatan_ws/install/mavivatan_interfaces/lib/libmavivatan_interfaces__rosidl_typesupport_introspection_c.so
[1.165s] -- Up-to-date: /home/baris/mavivatan_ws/install/mavivatan_interfaces/lib/libmavivatan_interfaces__rosidl_typesupport_c.so
[1.165s] -- Up-to-date: /home/baris/mavivatan_ws/install/mavivatan_interfaces/include/mavivatan_interfaces/mavivatan_interfaces
[1.166s] -- Up-to-date: /home/baris/mavivatan_ws/install/mavivatan_interfaces/include/mavivatan_interfaces/mavivatan_interfaces/msg
[1.166s] -- Up-to-date: /home/baris/mavivatan_ws/install/mavivatan_interfaces/include/mavivatan_interfaces/mavivatan_interfaces/msg/detail
[1.166s] -- Up-to-date: /home/baris/mavivatan_ws/install/mavivatan_interfaces/include/mavivatan_interfaces/mavivatan_interfaces/msg/detail/ida_durum__builder.hpp
[1.166s] -- Up-to-date: /home/baris/mavivatan_ws/install/mavivatan_interfaces/include/mavivatan_interfaces/mavivatan_interfaces/msg/detail/ida_durum__struct.hpp
[1.166s] -- Up-to-date: /home/baris/mavivatan_ws/install/mavivatan_interfaces/include/mavivatan_interfaces/mavivatan_interfaces/msg/detail/ida_durum__type_support.hpp
[1.166s] -- Up-to-date: /home/baris/mavivatan_ws/install/mavivatan_interfaces/include/mavivatan_interfaces/mavivatan_interfaces/msg/detail/ida_durum__traits.hpp
[1.168s] -- Up-to-date: /home/baris/mavivatan_ws/install/mavivatan_interfaces/include/mavivatan_interfaces/mavivatan_interfaces/msg/rosidl_generator_cpp__visibility_control.hpp
[1.168s] -- Up-to-date: /home/baris/mavivatan_ws/install/mavivatan_interfaces/include/mavivatan_interfaces/mavivatan_interfaces/msg/ida_durum.hpp
[1.168s] -- Up-to-date: /home/baris/mavivatan_ws/install/mavivatan_interfaces/include/mavivatan_interfaces/mavivatan_interfaces
[1.168s] -- Up-to-date: /home/baris/mavivatan_ws/install/mavivatan_interfaces/include/mavivatan_interfaces/mavivatan_interfaces/msg
[1.169s] -- Up-to-date: /home/baris/mavivatan_ws/install/mavivatan_interfaces/include/mavivatan_interfaces/mavivatan_interfaces/msg/detail
[1.169s] -- Up-to-date: /home/baris/mavivatan_ws/install/mavivatan_interfaces/include/mavivatan_interfaces/mavivatan_interfaces/msg/detail/ida_durum__rosidl_typesupport_fastrtps_cpp.hpp
[1.169s] -- Up-to-date: /home/baris/mavivatan_ws/install/mavivatan_interfaces/include/mavivatan_interfaces/mavivatan_interfaces/msg/detail/dds_fastrtps
[1.169s] -- Up-to-date: /home/baris/mavivatan_ws/install/mavivatan_interfaces/include/mavivatan_interfaces/mavivatan_interfaces/msg/rosidl_typesupport_fastrtps_cpp__visibility_control.h
[1.169s] -- Up-to-date: /home/baris/mavivatan_ws/install/mavivatan_interfaces/lib/libmavivatan_interfaces__rosidl_typesupport_fastrtps_cpp.so
[1.170s] -- Up-to-date: /home/baris/mavivatan_ws/install/mavivatan_interfaces/include/mavivatan_interfaces/mavivatan_interfaces
[1.171s] -- Up-to-date: /home/baris/mavivatan_ws/install/mavivatan_interfaces/include/mavivatan_interfaces/mavivatan_interfaces/msg
[1.172s] -- Up-to-date: /home/baris/mavivatan_ws/install/mavivatan_interfaces/include/mavivatan_interfaces/mavivatan_interfaces/msg/detail
[1.172s] -- Up-to-date: /home/baris/mavivatan_ws/install/mavivatan_interfaces/include/mavivatan_interfaces/mavivatan_interfaces/msg/detail/ida_durum__rosidl_typesupport_introspection_cpp.hpp
[1.172s] -- Up-to-date: /home/baris/mavivatan_ws/install/mavivatan_interfaces/include/mavivatan_interfaces/mavivatan_interfaces/msg/detail/ida_durum__type_support.cpp
[1.173s] -- Up-to-date: /home/baris/mavivatan_ws/install/mavivatan_interfaces/lib/libmavivatan_interfaces__rosidl_typesupport_introspection_cpp.so
[1.174s] -- Up-to-date: /home/baris/mavivatan_ws/install/mavivatan_interfaces/lib/libmavivatan_interfaces__rosidl_typesupport_cpp.so
[1.175s] -- Up-to-date: /home/baris/mavivatan_ws/install/mavivatan_interfaces/share/mavivatan_interfaces/environment/pythonpath.sh
[1.176s] -- Up-to-date: /home/baris/mavivatan_ws/install/mavivatan_interfaces/share/mavivatan_interfaces/environment/pythonpath.dsv
[1.176s] -- Up-to-date: /home/baris/mavivatan_ws/install/mavivatan_interfaces/local/lib/python3.10/dist-packages/mavivatan_interfaces-0.0.0-py3.10.egg-info
[1.176s] -- Installing: /home/baris/mavivatan_ws/install/mavivatan_interfaces/local/lib/python3.10/dist-packages/mavivatan_interfaces-0.0.0-py3.10.egg-info/SOURCES.txt
[1.178s] -- Installing: /home/baris/mavivatan_ws/install/mavivatan_interfaces/local/lib/python3.10/dist-packages/mavivatan_interfaces-0.0.0-py3.10.egg-info/top_level.txt
[1.179s] -- Installing: /home/baris/mavivatan_ws/install/mavivatan_interfaces/local/lib/python3.10/dist-packages/mavivatan_interfaces-0.0.0-py3.10.egg-info/dependency_links.txt
[1.179s] -- Installing: /home/baris/mavivatan_ws/install/mavivatan_interfaces/local/lib/python3.10/dist-packages/mavivatan_interfaces-0.0.0-py3.10.egg-info/PKG-INFO
[1.179s] -- Up-to-date: /home/baris/mavivatan_ws/install/mavivatan_interfaces/local/lib/python3.10/dist-packages/mavivatan_interfaces
[1.179s] -- Up-to-date: /home/baris/mavivatan_ws/install/mavivatan_interfaces/local/lib/python3.10/dist-packages/mavivatan_interfaces/_mavivatan_interfaces_s.ep.rosidl_typesupport_c.c
[1.179s] -- Up-to-date: /home/baris/mavivatan_ws/install/mavivatan_interfaces/local/lib/python3.10/dist-packages/mavivatan_interfaces/_mavivatan_interfaces_s.ep.rosidl_typesupport_fastrtps_c.c
[1.180s] -- Up-to-date: /home/baris/mavivatan_ws/install/mavivatan_interfaces/local/lib/python3.10/dist-packages/mavivatan_interfaces/libmavivatan_interfaces__rosidl_generator_py.so
[1.180s] -- Up-to-date: /home/baris/mavivatan_ws/install/mavivatan_interfaces/local/lib/python3.10/dist-packages/mavivatan_interfaces/mavivatan_interfaces_s__rosidl_typesupport_c.cpython-310-aarch64-linux-gnu.so
[1.180s] -- Up-to-date: /home/baris/mavivatan_ws/install/mavivatan_interfaces/local/lib/python3.10/dist-packages/mavivatan_interfaces/_mavivatan_interfaces_s.ep.rosidl_typesupport_introspection_c.c
[1.180s] -- Up-to-date: /home/baris/mavivatan_ws/install/mavivatan_interfaces/local/lib/python3.10/dist-packages/mavivatan_interfaces/msg
[1.180s] -- Up-to-date: /home/baris/mavivatan_ws/install/mavivatan_interfaces/local/lib/python3.10/dist-packages/mavivatan_interfaces/msg/_ida_durum.py
[1.180s] -- Up-to-date: /home/baris/mavivatan_ws/install/mavivatan_interfaces/local/lib/python3.10/dist-packages/mavivatan_interfaces/msg/_ida_durum_s.c
[1.181s] -- Up-to-date: /home/baris/mavivatan_ws/install/mavivatan_interfaces/local/lib/python3.10/dist-packages/mavivatan_interfaces/msg/__init__.py
[1.181s] -- Up-to-date: /home/baris/mavivatan_ws/install/mavivatan_interfaces/local/lib/python3.10/dist-packages/mavivatan_interfaces/mavivatan_interfaces_s__rosidl_typesupport_introspection_c.cpython-310-aarch64-linux-gnu.so
[1.181s] -- Up-to-date: /home/baris/mavivatan_ws/install/mavivatan_interfaces/local/lib/python3.10/dist-packages/mavivatan_interfaces/mavivatan_interfaces_s__rosidl_typesupport_fastrtps_c.cpython-310-aarch64-linux-gnu.so
[1.181s] -- Up-to-date: /home/baris/mavivatan_ws/install/mavivatan_interfaces/local/lib/python3.10/dist-packages/mavivatan_interfaces/__init__.py
[1.191s] Listing '/home/baris/mavivatan_ws/install/mavivatan_interfaces/local/lib/python3.10/dist-packages/mavivatan_interfaces'...
[1.192s] Listing '/home/baris/mavivatan_ws/install/mavivatan_interfaces/local/lib/python3.10/dist-packages/mavivatan_interfaces/msg'...
[1.197s] -- Up-to-date: /home/baris/mavivatan_ws/install/mavivatan_interfaces/local/lib/python3.10/dist-packages/mavivatan_interfaces/mavivatan_interfaces_s__rosidl_typesupport_fastrtps_c.cpython-310-aarch64-linux-gnu.so
[1.198s] -- Up-to-date: /home/baris/mavivatan_ws/install/mavivatan_interfaces/local/lib/python3.10/dist-packages/mavivatan_interfaces/mavivatan_interfaces_s__rosidl_typesupport_introspection_c.cpython-310-aarch64-linux-gnu.so
[1.198s] -- Up-to-date: /home/baris/mavivatan_ws/install/mavivatan_interfaces/local/lib/python3.10/dist-packages/mavivatan_interfaces/mavivatan_interfaces_s__rosidl_typesupport_c.cpython-310-aarch64-linux-gnu.so
[1.198s] -- Up-to-date: /home/baris/mavivatan_ws/install/mavivatan_interfaces/lib/libmavivatan_interfaces__rosidl_generator_py.so
[1.198s] -- Up-to-date: /home/baris/mavivatan_ws/install/mavivatan_interfaces/share/ament_index/resource_index/rust_packages/mavivatan_interfaces
[1.199s] -- Up-to-date: /home/baris/mavivatan_ws/install/mavivatan_interfaces/share/mavivatan_interfaces/rust
[1.199s] -- Up-to-date: /home/baris/mavivatan_ws/install/mavivatan_interfaces/share/mavivatan_interfaces/rust/Cargo.toml
[1.199s] -- Up-to-date: /home/baris/mavivatan_ws/install/mavivatan_interfaces/share/mavivatan_interfaces/rust/src
[1.199s] -- Up-to-date: /home/baris/mavivatan_ws/install/mavivatan_interfaces/share/mavivatan_interfaces/rust/src/msg.rs
[1.200s] -- Up-to-date: /home/baris/mavivatan_ws/install/mavivatan_interfaces/share/mavivatan_interfaces/rust/src/lib.rs
[1.200s] -- Up-to-date: /home/baris/mavivatan_ws/install/mavivatan_interfaces/share/mavivatan_interfaces/rust/src/msg
[1.200s] -- Up-to-date: /home/baris/mavivatan_ws/install/mavivatan_interfaces/share/mavivatan_interfaces/rust/src/msg/rmw.rs
[1.200s] -- Up-to-date: /home/baris/mavivatan_ws/install/mavivatan_interfaces/share/mavivatan_interfaces/rust/build.rs
[1.200s] -- Up-to-date: /home/baris/mavivatan_ws/install/mavivatan_interfaces/share/mavivatan_interfaces/msg/IdaDurum.idl
[1.201s] -- Up-to-date: /home/baris/mavivatan_ws/install/mavivatan_interfaces/share/mavivatan_interfaces/msg/IdaDurum.msg
[1.201s] -- Up-to-date: /home/baris/mavivatan_ws/install/mavivatan_interfaces/share/ament_index/resource_index/package_run_dependencies/mavivatan_interfaces
[1.201s] -- Up-to-date: /home/baris/mavivatan_ws/install/mavivatan_interfaces/share/ament_index/resource_index/parent_prefix_path/mavivatan_interfaces
[1.201s] -- Up-to-date: /home/baris/mavivatan_ws/install/mavivatan_interfaces/share/mavivatan_interfaces/environment/ament_prefix_path.sh
[1.201s] -- Up-to-date: /home/baris/mavivatan_ws/install/mavivatan_interfaces/share/mavivatan_interfaces/environment/ament_prefix_path.dsv
[1.202s] -- Up-to-date: /home/baris/mavivatan_ws/install/mavivatan_interfaces/share/mavivatan_interfaces/environment/path.sh
[1.202s] -- Up-to-date: /home/baris/mavivatan_ws/install/mavivatan_interfaces/share/mavivatan_interfaces/environment/path.dsv
[1.202s] -- Up-to-date: /home/baris/mavivatan_ws/install/mavivatan_interfaces/share/mavivatan_interfaces/local_setup.bash
[1.202s] -- Up-to-date: /home/baris/mavivatan_ws/install/mavivatan_interfaces/share/mavivatan_interfaces/local_setup.sh
[1.203s] -- Up-to-date: /home/baris/mavivatan_ws/install/mavivatan_interfaces/share/mavivatan_interfaces/local_setup.zsh
[1.203s] -- Up-to-date: /home/baris/mavivatan_ws/install/mavivatan_interfaces/share/mavivatan_interfaces/local_setup.dsv
[1.203s] -- Installing: /home/baris/mavivatan_ws/install/mavivatan_interfaces/share/mavivatan_interfaces/package.dsv
[1.203s] -- Up-to-date: /home/baris/mavivatan_ws/install/mavivatan_interfaces/share/ament_index/resource_index/packages/mavivatan_interfaces
[1.203s] -- Up-to-date: /home/baris/mavivatan_ws/install/mavivatan_interfaces/share/mavivatan_interfaces/cmake/export_mavivatan_interfaces__rosidl_generator_cExport.cmake
[1.204s] -- Up-to-date: /home/baris/mavivatan_ws/install/mavivatan_interfaces/share/mavivatan_interfaces/cmake/export_mavivatan_interfaces__rosidl_generator_cExport-release.cmake
[1.204s] -- Up-to-date: /home/baris/mavivatan_ws/install/mavivatan_interfaces/share/mavivatan_interfaces/cmake/export_mavivatan_interfaces__rosidl_typesupport_fastrtps_cExport.cmake
[1.204s] -- Up-to-date: /home/baris/mavivatan_ws/install/mavivatan_interfaces/share/mavivatan_interfaces/cmake/export_mavivatan_interfaces__rosidl_typesupport_fastrtps_cExport-release.cmake
[1.204s] -- Up-to-date: /home/baris/mavivatan_ws/install/mavivatan_interfaces/share/mavivatan_interfaces/cmake/mavivatan_interfaces__rosidl_typesupport_introspection_cExport.cmake
[1.204s] -- Up-to-date: /home/baris/mavivatan_ws/install/mavivatan_interfaces/share/mavivatan_interfaces/cmake/mavivatan_interfaces__rosidl_typesupport_introspection_cExport-release.cmake
[1.204s] -- Up-to-date: /home/baris/mavivatan_ws/install/mavivatan_interfaces/share/mavivatan_interfaces/cmake/mavivatan_interfaces__rosidl_typesupport_cExport.cmake
[1.204s] -- Up-to-date: /home/baris/mavivatan_ws/install/mavivatan_interfaces/share/mavivatan_interfaces/cmake/mavivatan_interfaces__rosidl_typesupport_cExport-release.cmake
[1.205s] -- Up-to-date: /home/baris/mavivatan_ws/install/mavivatan_interfaces/share/mavivatan_interfaces/cmake/export_mavivatan_interfaces__rosidl_generator_cppExport.cmake
[1.205s] -- Up-to-date: /home/baris/mavivatan_ws/install/mavivatan_interfaces/share/mavivatan_interfaces/cmake/export_mavivatan_interfaces__rosidl_typesupport_fastrtps_cppExport.cmake
[1.205s] -- Up-to-date: /home/baris/mavivatan_ws/install/mavivatan_interfaces/share/mavivatan_interfaces/cmake/export_mavivatan_interfaces__rosidl_typesupport_fastrtps_cppExport-release.cmake
[1.205s] -- Up-to-date: /home/baris/mavivatan_ws/install/mavivatan_interfaces/share/mavivatan_interfaces/cmake/mavivatan_interfaces__rosidl_typesupport_introspection_cppExport.cmake
[1.205s] -- Up-to-date: /home/baris/mavivatan_ws/install/mavivatan_interfaces/share/mavivatan_interfaces/cmake/mavivatan_interfaces__rosidl_typesupport_introspection_cppExport-release.cmake
[1.205s] -- Up-to-date: /home/baris/mavivatan_ws/install/mavivatan_interfaces/share/mavivatan_interfaces/cmake/mavivatan_interfaces__rosidl_typesupport_cppExport.cmake
[1.205s] -- Up-to-date: /home/baris/mavivatan_ws/install/mavivatan_interfaces/share/mavivatan_interfaces/cmake/mavivatan_interfaces__rosidl_typesupport_cppExport-release.cmake
[1.206s] -- Up-to-date: /home/baris/mavivatan_ws/install/mavivatan_interfaces/share/mavivatan_interfaces/cmake/export_mavivatan_interfaces__rosidl_generator_pyExport.cmake
[1.206s] -- Up-to-date: /home/baris/mavivatan_ws/install/mavivatan_interfaces/share/mavivatan_interfaces/cmake/export_mavivatan_interfaces__rosidl_generator_pyExport-release.cmake
[1.206s] -- Up-to-date: /home/baris/mavivatan_ws/install/mavivatan_interfaces/share/mavivatan_interfaces/cmake/rosidl_cmake-extras.cmake
[1.206s] -- Up-to-date: /home/baris/mavivatan_ws/install/mavivatan_interfaces/share/mavivatan_interfaces/cmake/ament_cmake_export_include_directories-extras.cmake
[1.206s] -- Up-to-date: /home/baris/mavivatan_ws/install/mavivatan_interfaces/share/mavivatan_interfaces/cmake/ament_cmake_export_libraries-extras.cmake
[1.206s] -- Up-to-date: /home/baris/mavivatan_ws/install/mavivatan_interfaces/share/mavivatan_interfaces/cmake/ament_cmake_export_targets-extras.cmake
[1.206s] -- Up-to-date: /home/baris/mavivatan_ws/install/mavivatan_interfaces/share/mavivatan_interfaces/cmake/rosidl_cmake_export_typesupport_targets-extras.cmake
[1.207s] -- Up-to-date: /home/baris/mavivatan_ws/install/mavivatan_interfaces/share/mavivatan_interfaces/cmake/ament_cmake_export_dependencies-extras.cmake
[1.207s] -- Up-to-date: /home/baris/mavivatan_ws/install/mavivatan_interfaces/share/mavivatan_interfaces/cmake/rosidl_cmake_export_typesupport_libraries-extras.cmake
[1.207s] -- Up-to-date: /home/baris/mavivatan_ws/install/mavivatan_interfaces/share/mavivatan_interfaces/cmake/mavivatan_interfacesConfig.cmake
[1.207s] -- Up-to-date: /home/baris/mavivatan_ws/install/mavivatan_interfaces/share/mavivatan_interfaces/cmake/mavivatan_interfacesConfig-version.cmake
[1.207s] -- Up-to-date: /home/baris/mavivatan_ws/install/mavivatan_interfaces/share/mavivatan_interfaces/package.xml
[1.212s] Invoked command in '/home/baris/mavivatan_ws/build/mavivatan_interfaces' returned '0': CMAKE_PREFIX_PATH=/opt/ros/humble /usr/bin/cmake --install /home/baris/mavivatan_ws/build/mavivatan_interfaces
