/home/baris/mavivatan_ws/install/mavivatan_paket/lib/python3.10/site-packages/mavivatan_paket/engel_kacinma.py
/home/baris/mavivatan_ws/install/mavivatan_paket/lib/python3.10/site-packages/mavivatan_paket/mavlink_motor.py
/home/baris/mavivatan_ws/install/mavivatan_paket/lib/python3.10/site-packages/mavivatan_paket/abone_dugumu.py
/home/baris/mavivatan_ws/install/mavivatan_paket/lib/python3.10/site-packages/mavivatan_paket/kanal_navigasyonu.py
/home/baris/mavivatan_ws/install/mavivatan_paket/lib/python3.10/site-packages/mavivatan_paket/navigasyon_ve_karar.py
/home/baris/mavivatan_ws/install/mavivatan_paket/lib/python3.10/site-packages/mavivatan_paket/sensor_fuzyonu.py
/home/baris/mavivatan_ws/install/mavivatan_paket/lib/python3.10/site-packages/mavivatan_paket/telemetri_merkezi.py
/home/baris/mavivatan_ws/install/mavivatan_paket/lib/python3.10/site-packages/mavivatan_paket/mavivatan_yars_ui.py
/home/baris/mavivatan_ws/install/mavivatan_paket/lib/python3.10/site-packages/mavivatan_paket/yolo_hedef_tespiti.py
/home/baris/mavivatan_ws/install/mavivatan_paket/lib/python3.10/site-packages/mavivatan_paket/gorev_yoneticisi.py
/home/baris/mavivatan_ws/install/mavivatan_paket/lib/python3.10/site-packages/mavivatan_paket/gps_navigasyon.py
/home/baris/mavivatan_ws/install/mavivatan_paket/lib/python3.10/site-packages/mavivatan_paket/ilk_dugum.py
/home/baris/mavivatan_ws/install/mavivatan_paket/lib/python3.10/site-packages/mavivatan_paket/yki_merkez.py
/home/baris/mavivatan_ws/install/mavivatan_paket/lib/python3.10/site-packages/mavivatan_paket/__init__.py
/home/baris/mavivatan_ws/install/mavivatan_paket/lib/python3.10/site-packages/mavivatan_paket/__pycache__/engel_kacinma.cpython-310.pyc
/home/baris/mavivatan_ws/install/mavivatan_paket/lib/python3.10/site-packages/mavivatan_paket/__pycache__/mavlink_motor.cpython-310.pyc
/home/baris/mavivatan_ws/install/mavivatan_paket/lib/python3.10/site-packages/mavivatan_paket/__pycache__/abone_dugumu.cpython-310.pyc
/home/baris/mavivatan_ws/install/mavivatan_paket/lib/python3.10/site-packages/mavivatan_paket/__pycache__/kanal_navigasyonu.cpython-310.pyc
/home/baris/mavivatan_ws/install/mavivatan_paket/lib/python3.10/site-packages/mavivatan_paket/__pycache__/navigasyon_ve_karar.cpython-310.pyc
/home/baris/mavivatan_ws/install/mavivatan_paket/lib/python3.10/site-packages/mavivatan_paket/__pycache__/sensor_fuzyonu.cpython-310.pyc
/home/baris/mavivatan_ws/install/mavivatan_paket/lib/python3.10/site-packages/mavivatan_paket/__pycache__/telemetri_merkezi.cpython-310.pyc
/home/baris/mavivatan_ws/install/mavivatan_paket/lib/python3.10/site-packages/mavivatan_paket/__pycache__/mavivatan_yars_ui.cpython-310.pyc
/home/baris/mavivatan_ws/install/mavivatan_paket/lib/python3.10/site-packages/mavivatan_paket/__pycache__/yolo_hedef_tespiti.cpython-310.pyc
/home/baris/mavivatan_ws/install/mavivatan_paket/lib/python3.10/site-packages/mavivatan_paket/__pycache__/gorev_yoneticisi.cpython-310.pyc
/home/baris/mavivatan_ws/install/mavivatan_paket/lib/python3.10/site-packages/mavivatan_paket/__pycache__/gps_navigasyon.cpython-310.pyc
/home/baris/mavivatan_ws/install/mavivatan_paket/lib/python3.10/site-packages/mavivatan_paket/__pycache__/ilk_dugum.cpython-310.pyc
/home/baris/mavivatan_ws/install/mavivatan_paket/lib/python3.10/site-packages/mavivatan_paket/__pycache__/yki_merkez.cpython-310.pyc
/home/baris/mavivatan_ws/install/mavivatan_paket/lib/python3.10/site-packages/mavivatan_paket/__pycache__/__init__.cpython-310.pyc
/home/baris/mavivatan_ws/install/mavivatan_paket/share/ament_index/resource_index/packages/mavivatan_paket
/home/baris/mavivatan_ws/install/mavivatan_paket/share/mavivatan_paket/package.xml
/home/baris/mavivatan_ws/install/mavivatan_paket/share/mavivatan_paket/config/ekf_ayarlari.yaml
/home/baris/mavivatan_ws/install/mavivatan_paket/share/mavivatan_paket/launch/sensorleri_baslat.launch.py
/home/baris/mavivatan_ws/install/mavivatan_paket/share/mavivatan_paket/launch/otonom_operasyon.launch.py
/home/baris/mavivatan_ws/install/mavivatan_paket/lib/python3.10/site-packages/mavivatan_paket-0.0.0-py3.10.egg-info/SOURCES.txt
/home/baris/mavivatan_ws/install/mavivatan_paket/lib/python3.10/site-packages/mavivatan_paket-0.0.0-py3.10.egg-info/entry_points.txt
/home/baris/mavivatan_ws/install/mavivatan_paket/lib/python3.10/site-packages/mavivatan_paket-0.0.0-py3.10.egg-info/zip-safe
/home/baris/mavivatan_ws/install/mavivatan_paket/lib/python3.10/site-packages/mavivatan_paket-0.0.0-py3.10.egg-info/top_level.txt
/home/baris/mavivatan_ws/install/mavivatan_paket/lib/python3.10/site-packages/mavivatan_paket-0.0.0-py3.10.egg-info/dependency_links.txt
/home/baris/mavivatan_ws/install/mavivatan_paket/lib/python3.10/site-packages/mavivatan_paket-0.0.0-py3.10.egg-info/PKG-INFO
/home/baris/mavivatan_ws/install/mavivatan_paket/lib/python3.10/site-packages/mavivatan_paket-0.0.0-py3.10.egg-info/requires.txt
/home/baris/mavivatan_ws/install/mavivatan_paket/lib/mavivatan_paket/abone_dugumu
/home/baris/mavivatan_ws/install/mavivatan_paket/lib/mavivatan_paket/gorev_yoneticisi
/home/baris/mavivatan_ws/install/mavivatan_paket/lib/mavivatan_paket/gps_navigasyon
/home/baris/mavivatan_ws/install/mavivatan_paket/lib/mavivatan_paket/ilk_dugum
/home/baris/mavivatan_ws/install/mavivatan_paket/lib/mavivatan_paket/kanal_navigasyonu
/home/baris/mavivatan_ws/install/mavivatan_paket/lib/mavivatan_paket/mavivatan_yars_ui
/home/baris/mavivatan_ws/install/mavivatan_paket/lib/mavivatan_paket/mavlink_motor
/home/baris/mavivatan_ws/install/mavivatan_paket/lib/mavivatan_paket/navigasyon_ve_karar
/home/baris/mavivatan_ws/install/mavivatan_paket/lib/mavivatan_paket/sensor_fuzyonu
/home/baris/mavivatan_ws/install/mavivatan_paket/lib/mavivatan_paket/telemetri_merkezi
/home/baris/mavivatan_ws/install/mavivatan_paket/lib/mavivatan_paket/yolo_hedef_tespiti
