[0.050s] Invoking command in '/home/baris/mavivatan_ws/build/mavivatan_interfaces': CMAKE_PREFIX_PATH=${CMAKE_PREFIX_PATH}:/home/baris/mavivatan_ws/install/mavivatan_paket:/opt/ros/humble /usr/bin/cmake /home/baris/mavivatan_ws/src/mavivatan_otonomi/src/mavivatan_interfaces -DCMAKE_INSTALL_PREFIX=/home/baris/mavivatan_ws/install/mavivatan_interfaces
[0.088s] -- Found ament_cmake: 1.3.14 (/opt/ros/humble/share/ament_cmake/cmake)
[0.437s] -- Found rosidl_default_generators: 1.2.1 (/opt/ros/humble/share/rosidl_default_generators/cmake)
[0.444s] -- Using all available rosidl_typesupport_c: rosidl_typesupport_fastrtps_c;rosidl_typesupport_introspection_c
[0.452s] -- Found rosidl_adapter: 3.1.8 (/opt/ros/humble/share/rosidl_adapter/cmake)
[0.529s] -- Using all available rosidl_typesupport_cpp: rosidl_typesupport_fastrtps_cpp;rosidl_typesupport_introspection_cpp
[1.176s] -- Found ament_cmake_ros: 0.10.0 (/opt/ros/humble/share/ament_cmake_ros/cmake)
[1.640s] -- Using all available rosidl_typesupport_c: rosidl_typesupport_fastrtps_c;rosidl_typesupport_introspection_c
[2.239s] -- Using all available rosidl_typesupport_cpp: rosidl_typesupport_fastrtps_cpp;rosidl_typesupport_introspection_cpp
[2.294s] -- Found python_cmake_module: 0.10.0 (/opt/ros/humble/share/python_cmake_module/cmake)
[2.352s] -- Using PYTHON_EXECUTABLE: /usr/bin/python3
[2.353s] -- Using PYTHON_INCLUDE_DIRS: /usr/include/python3.10
[2.353s] -- Using PYTHON_LIBRARIES: /usr/lib/aarch64-linux-gnu/libpython3.10.so
[2.549s] -- Configuring done
[2.649s] -- Generating done
[2.674s] -- Build files have been written to: /home/baris/mavivatan_ws/build/mavivatan_interfaces
[2.698s] Invoked command in '/home/baris/mavivatan_ws/build/mavivatan_interfaces' returned '0': CMAKE_PREFIX_PATH=${CMAKE_PREFIX_PATH}:/home/baris/mavivatan_ws/install/mavivatan_paket:/opt/ros/humble /usr/bin/cmake /home/baris/mavivatan_ws/src/mavivatan_otonomi/src/mavivatan_interfaces -DCMAKE_INSTALL_PREFIX=/home/baris/mavivatan_ws/install/mavivatan_interfaces
[2.703s] Invoking command in '/home/baris/mavivatan_ws/build/mavivatan_interfaces': CMAKE_PREFIX_PATH=${CMAKE_PREFIX_PATH}:/home/baris/mavivatan_ws/install/mavivatan_paket:/opt/ros/humble /usr/bin/cmake --build /home/baris/mavivatan_ws/build/mavivatan_interfaces -- -j6 -l6
[2.822s] [35m[1mConsolidate compiler generated dependencies of target mavivatan_interfaces__rosidl_generator_c[0m
[2.850s] [  3%] Built target mavivatan_interfaces__rs
[2.855s] [ 12%] Built target mavivatan_interfaces__rosidl_generator_c
[2.873s] [ 15%] Built target mavivatan_interfaces__cpp
[2.881s] [35m[1mConsolidate compiler generated dependencies of target mavivatan_interfaces__rosidl_typesupport_introspection_c[0m
[2.883s] [35m[1mConsolidate compiler generated dependencies of target mavivatan_interfaces__rosidl_typesupport_c[0m
[2.891s] [35m[1mConsolidate compiler generated dependencies of target mavivatan_interfaces__rosidl_typesupport_fastrtps_c[0m
[2.896s] [ 15%] Built target ament_cmake_python_copy_mavivatan_interfaces
[2.914s] [35m[1mConsolidate compiler generated dependencies of target mavivatan_interfaces__rosidl_typesupport_introspection_cpp[0m
[2.915s] [35m[1mConsolidate compiler generated dependencies of target mavivatan_interfaces__rosidl_typesupport_fastrtps_cpp[0m
[2.943s] [ 25%] Built target mavivatan_interfaces__rosidl_typesupport_introspection_c
[2.950s] [ 34%] Built target mavivatan_interfaces__rosidl_typesupport_c
[2.952s] [35m[1mConsolidate compiler generated dependencies of target mavivatan_interfaces__rosidl_typesupport_cpp[0m
[2.973s] [ 43%] Built target mavivatan_interfaces__rosidl_typesupport_fastrtps_c
[2.979s] [ 53%] Built target mavivatan_interfaces__rosidl_typesupport_fastrtps_cpp
[2.980s] [ 62%] Built target mavivatan_interfaces__rosidl_typesupport_introspection_cpp
[2.985s] [ 71%] Built target mavivatan_interfaces__rosidl_typesupport_cpp
[3.043s] [ 71%] Built target mavivatan_interfaces
[3.099s] [ 75%] Built target mavivatan_interfaces__py
[3.124s] [35m[1mConsolidate compiler generated dependencies of target mavivatan_interfaces__rosidl_generator_py[0m
[3.167s] [ 81%] Built target mavivatan_interfaces__rosidl_generator_py
[3.201s] [35m[1mConsolidate compiler generated dependencies of target mavivatan_interfaces__rosidl_typesupport_introspection_c__pyext[0m
[3.202s] [35m[1mConsolidate compiler generated dependencies of target mavivatan_interfaces__rosidl_typesupport_fastrtps_c__pyext[0m
[3.202s] [35m[1mConsolidate compiler generated dependencies of target mavivatan_interfaces__rosidl_typesupport_c__pyext[0m
[3.241s] [ 87%] Built target mavivatan_interfaces__rosidl_typesupport_fastrtps_c__pyext
[3.245s] [ 93%] Built target mavivatan_interfaces__rosidl_typesupport_introspection_c__pyext
[3.280s] [100%] Built target mavivatan_interfaces__rosidl_typesupport_c__pyext
[3.608s] running egg_info
[3.611s] writing mavivatan_interfaces.egg-info/PKG-INFO
[3.613s] writing dependency_links to mavivatan_interfaces.egg-info/dependency_links.txt
[3.613s] writing top-level names to mavivatan_interfaces.egg-info/top_level.txt
[3.621s] reading manifest file 'mavivatan_interfaces.egg-info/SOURCES.txt'
[3.623s] writing manifest file 'mavivatan_interfaces.egg-info/SOURCES.txt'
[3.714s] [100%] Built target ament_cmake_python_build_mavivatan_interfaces_egg
[3.745s] Invoked command in '/home/baris/mavivatan_ws/build/mavivatan_interfaces' returned '0': CMAKE_PREFIX_PATH=${CMAKE_PREFIX_PATH}:/home/baris/mavivatan_ws/install/mavivatan_paket:/opt/ros/humble /usr/bin/cmake --build /home/baris/mavivatan_ws/build/mavivatan_interfaces -- -j6 -l6
[3.768s] Invoking command in '/home/baris/mavivatan_ws/build/mavivatan_interfaces': CMAKE_PREFIX_PATH=${CMAKE_PREFIX_PATH}:/home/baris/mavivatan_ws/install/mavivatan_paket:/opt/ros/humble /usr/bin/cmake --install /home/baris/mavivatan_ws/build/mavivatan_interfaces
[3.788s] -- Install configuration: "Release"
[3.789s] -- Up-to-date: /home/baris/mavivatan_ws/install/mavivatan_interfaces/share/ament_index/resource_index/rosidl_interfaces/mavivatan_interfaces
[3.789s] -- Up-to-date: /home/baris/mavivatan_ws/install/mavivatan_interfaces/include/mavivatan_interfaces/mavivatan_interfaces
[3.789s] -- Up-to-date: /home/baris/mavivatan_ws/install/mavivatan_interfaces/include/mavivatan_interfaces/mavivatan_interfaces/msg
[3.790s] -- Up-to-date: /home/baris/mavivatan_ws/install/mavivatan_interfaces/include/mavivatan_interfaces/mavivatan_interfaces/msg/detail
[3.790s] -- Up-to-date: /home/baris/mavivatan_ws/install/mavivatan_interfaces/include/mavivatan_interfaces/mavivatan_interfaces/msg/detail/ida_durum__functions.h
[3.790s] -- Up-to-date: /home/baris/mavivatan_ws/install/mavivatan_interfaces/include/mavivatan_interfaces/mavivatan_interfaces/msg/detail/ida_durum__functions.c
[3.790s] -- Up-to-date: /home/baris/mavivatan_ws/install/mavivatan_interfaces/include/mavivatan_interfaces/mavivatan_interfaces/msg/detail/ida_durum__type_support.h
[3.791s] -- Up-to-date: /home/baris/mavivatan_ws/install/mavivatan_interfaces/include/mavivatan_interfaces/mavivatan_interfaces/msg/detail/ida_durum__struct.h
[3.791s] -- Up-to-date: /home/baris/mavivatan_ws/install/mavivatan_interfaces/include/mavivatan_interfaces/mavivatan_interfaces/msg/rosidl_generator_c__visibility_control.h
[3.791s] -- Up-to-date: /home/baris/mavivatan_ws/install/mavivatan_interfaces/include/mavivatan_interfaces/mavivatan_interfaces/msg/ida_durum.h
[3.791s] -- Up-to-date: /home/baris/mavivatan_ws/install/mavivatan_interfaces/share/mavivatan_interfaces/environment/library_path.sh
[3.792s] -- Installing: /home/baris/mavivatan_ws/install/mavivatan_interfaces/share/mavivatan_interfaces/environment/library_path.dsv
[3.792s] -- Up-to-date: /home/baris/mavivatan_ws/install/mavivatan_interfaces/lib/libmavivatan_interfaces__rosidl_generator_c.so
[3.793s] -- Up-to-date: /home/baris/mavivatan_ws/install/mavivatan_interfaces/include/mavivatan_interfaces/mavivatan_interfaces
[3.793s] -- Up-to-date: /home/baris/mavivatan_ws/install/mavivatan_interfaces/include/mavivatan_interfaces/mavivatan_interfaces/msg
[3.794s] -- Up-to-date: /home/baris/mavivatan_ws/install/mavivatan_interfaces/include/mavivatan_interfaces/mavivatan_interfaces/msg/detail
[3.794s] -- Up-to-date: /home/baris/mavivatan_ws/install/mavivatan_interfaces/include/mavivatan_interfaces/mavivatan_interfaces/msg/detail/ida_durum__rosidl_typesupport_fastrtps_c.h
[3.794s] -- Up-to-date: /home/baris/mavivatan_ws/install/mavivatan_interfaces/include/mavivatan_interfaces/mavivatan_interfaces/msg/rosidl_typesupport_fastrtps_c__visibility_control.h
[3.795s] -- Up-to-date: /home/baris/mavivatan_ws/install/mavivatan_interfaces/lib/libmavivatan_interfaces__rosidl_typesupport_fastrtps_c.so
[3.795s] -- Up-to-date: /home/baris/mavivatan_ws/install/mavivatan_interfaces/include/mavivatan_interfaces/mavivatan_interfaces
[3.796s] -- Up-to-date: /home/baris/mavivatan_ws/install/mavivatan_interfaces/include/mavivatan_interfaces/mavivatan_interfaces/msg
[3.796s] -- Up-to-date: /home/baris/mavivatan_ws/install/mavivatan_interfaces/include/mavivatan_interfaces/mavivatan_interfaces/msg/detail
[3.796s] -- Up-to-date: /home/baris/mavivatan_ws/install/mavivatan_interfaces/include/mavivatan_interfaces/mavivatan_interfaces/msg/detail/ida_durum__rosidl_typesupport_introspection_c.h
[3.797s] -- Up-to-date: /home/baris/mavivatan_ws/install/mavivatan_interfaces/include/mavivatan_interfaces/mavivatan_interfaces/msg/detail/ida_durum__type_support.c
[3.797s] -- Up-to-date: /home/baris/mavivatan_ws/install/mavivatan_interfaces/include/mavivatan_interfaces/mavivatan_interfaces/msg/rosidl_typesupport_introspection_c__visibility_control.h
[3.798s] -- Up-to-date: /home/baris/mavivatan_ws/install/mavivatan_interfaces/lib/libmavivatan_interfaces__rosidl_typesupport_introspection_c.so
[3.799s] -- Up-to-date: /home/baris/mavivatan_ws/install/mavivatan_interfaces/lib/libmavivatan_interfaces__rosidl_typesupport_c.so
[3.800s] -- Up-to-date: /home/baris/mavivatan_ws/install/mavivatan_interfaces/include/mavivatan_interfaces/mavivatan_interfaces
[3.800s] -- Up-to-date: /home/baris/mavivatan_ws/install/mavivatan_interfaces/include/mavivatan_interfaces/mavivatan_interfaces/msg
[3.800s] -- Up-to-date: /home/baris/mavivatan_ws/install/mavivatan_interfaces/include/mavivatan_interfaces/mavivatan_interfaces/msg/detail
[3.800s] -- Up-to-date: /home/baris/mavivatan_ws/install/mavivatan_interfaces/include/mavivatan_interfaces/mavivatan_interfaces/msg/detail/ida_durum__builder.hpp
[3.800s] -- Up-to-date: /home/baris/mavivatan_ws/install/mavivatan_interfaces/include/mavivatan_interfaces/mavivatan_interfaces/msg/detail/ida_durum__struct.hpp
[3.801s] -- Up-to-date: /home/baris/mavivatan_ws/install/mavivatan_interfaces/include/mavivatan_interfaces/mavivatan_interfaces/msg/detail/ida_durum__type_support.hpp
[3.801s] -- Up-to-date: /home/baris/mavivatan_ws/install/mavivatan_interfaces/include/mavivatan_interfaces/mavivatan_interfaces/msg/detail/ida_durum__traits.hpp
[3.801s] -- Up-to-date: /home/baris/mavivatan_ws/install/mavivatan_interfaces/include/mavivatan_interfaces/mavivatan_interfaces/msg/rosidl_generator_cpp__visibility_control.hpp
[3.801s] -- Up-to-date: /home/baris/mavivatan_ws/install/mavivatan_interfaces/include/mavivatan_interfaces/mavivatan_interfaces/msg/ida_durum.hpp
[3.802s] -- Up-to-date: /home/baris/mavivatan_ws/install/mavivatan_interfaces/include/mavivatan_interfaces/mavivatan_interfaces
[3.802s] -- Up-to-date: /home/baris/mavivatan_ws/install/mavivatan_interfaces/include/mavivatan_interfaces/mavivatan_interfaces/msg
[3.802s] -- Up-to-date: /home/baris/mavivatan_ws/install/mavivatan_interfaces/include/mavivatan_interfaces/mavivatan_interfaces/msg/detail
[3.802s] -- Up-to-date: /home/baris/mavivatan_ws/install/mavivatan_interfaces/include/mavivatan_interfaces/mavivatan_interfaces/msg/detail/ida_durum__rosidl_typesupport_fastrtps_cpp.hpp
[3.803s] -- Up-to-date: /home/baris/mavivatan_ws/install/mavivatan_interfaces/include/mavivatan_interfaces/mavivatan_interfaces/msg/detail/dds_fastrtps
[3.803s] -- Up-to-date: /home/baris/mavivatan_ws/install/mavivatan_interfaces/include/mavivatan_interfaces/mavivatan_interfaces/msg/rosidl_typesupport_fastrtps_cpp__visibility_control.h
[3.803s] -- Up-to-date: /home/baris/mavivatan_ws/install/mavivatan_interfaces/lib/libmavivatan_interfaces__rosidl_typesupport_fastrtps_cpp.so
[3.803s] -- Up-to-date: /home/baris/mavivatan_ws/install/mavivatan_interfaces/include/mavivatan_interfaces/mavivatan_interfaces
[3.804s] -- Up-to-date: /home/baris/mavivatan_ws/install/mavivatan_interfaces/include/mavivatan_interfaces/mavivatan_interfaces/msg
[3.804s] -- Up-to-date: /home/baris/mavivatan_ws/install/mavivatan_interfaces/include/mavivatan_interfaces/mavivatan_interfaces/msg/detail
[3.804s] -- Up-to-date: /home/baris/mavivatan_ws/install/mavivatan_interfaces/include/mavivatan_interfaces/mavivatan_interfaces/msg/detail/ida_durum__rosidl_typesupport_introspection_cpp.hpp
[3.804s] -- Up-to-date: /home/baris/mavivatan_ws/install/mavivatan_interfaces/include/mavivatan_interfaces/mavivatan_interfaces/msg/detail/ida_durum__type_support.cpp
[3.804s] -- Up-to-date: /home/baris/mavivatan_ws/install/mavivatan_interfaces/lib/libmavivatan_interfaces__rosidl_typesupport_introspection_cpp.so
[3.805s] -- Up-to-date: /home/baris/mavivatan_ws/install/mavivatan_interfaces/lib/libmavivatan_interfaces__rosidl_typesupport_cpp.so
[3.806s] -- Up-to-date: /home/baris/mavivatan_ws/install/mavivatan_interfaces/share/mavivatan_interfaces/environment/pythonpath.sh
[3.806s] -- Installing: /home/baris/mavivatan_ws/install/mavivatan_interfaces/share/mavivatan_interfaces/environment/pythonpath.dsv
[3.806s] -- Up-to-date: /home/baris/mavivatan_ws/install/mavivatan_interfaces/local/lib/python3.10/dist-packages/mavivatan_interfaces-0.0.0-py3.10.egg-info
[3.807s] -- Installing: /home/baris/mavivatan_ws/install/mavivatan_interfaces/local/lib/python3.10/dist-packages/mavivatan_interfaces-0.0.0-py3.10.egg-info/SOURCES.txt
[3.807s] -- Installing: /home/baris/mavivatan_ws/install/mavivatan_interfaces/local/lib/python3.10/dist-packages/mavivatan_interfaces-0.0.0-py3.10.egg-info/top_level.txt
[3.807s] -- Installing: /home/baris/mavivatan_ws/install/mavivatan_interfaces/local/lib/python3.10/dist-packages/mavivatan_interfaces-0.0.0-py3.10.egg-info/dependency_links.txt
[3.807s] -- Installing: /home/baris/mavivatan_ws/install/mavivatan_interfaces/local/lib/python3.10/dist-packages/mavivatan_interfaces-0.0.0-py3.10.egg-info/PKG-INFO
[3.810s] -- Up-to-date: /home/baris/mavivatan_ws/install/mavivatan_interfaces/local/lib/python3.10/dist-packages/mavivatan_interfaces
[3.810s] -- Up-to-date: /home/baris/mavivatan_ws/install/mavivatan_interfaces/local/lib/python3.10/dist-packages/mavivatan_interfaces/_mavivatan_interfaces_s.ep.rosidl_typesupport_c.c
[3.814s] -- Up-to-date: /home/baris/mavivatan_ws/install/mavivatan_interfaces/local/lib/python3.10/dist-packages/mavivatan_interfaces/_mavivatan_interfaces_s.ep.rosidl_typesupport_fastrtps_c.c
[3.814s] -- Up-to-date: /home/baris/mavivatan_ws/install/mavivatan_interfaces/local/lib/python3.10/dist-packages/mavivatan_interfaces/libmavivatan_interfaces__rosidl_generator_py.so
[3.814s] -- Up-to-date: /home/baris/mavivatan_ws/install/mavivatan_interfaces/local/lib/python3.10/dist-packages/mavivatan_interfaces/mavivatan_interfaces_s__rosidl_typesupport_c.cpython-310-aarch64-linux-gnu.so
[3.815s] -- Up-to-date: /home/baris/mavivatan_ws/install/mavivatan_interfaces/local/lib/python3.10/dist-packages/mavivatan_interfaces/_mavivatan_interfaces_s.ep.rosidl_typesupport_introspection_c.c
[3.815s] -- Up-to-date: /home/baris/mavivatan_ws/install/mavivatan_interfaces/local/lib/python3.10/dist-packages/mavivatan_interfaces/msg
[3.815s] -- Up-to-date: /home/baris/mavivatan_ws/install/mavivatan_interfaces/local/lib/python3.10/dist-packages/mavivatan_interfaces/msg/_ida_durum.py
[3.815s] -- Up-to-date: /home/baris/mavivatan_ws/install/mavivatan_interfaces/local/lib/python3.10/dist-packages/mavivatan_interfaces/msg/_ida_durum_s.c
[3.815s] -- Up-to-date: /home/baris/mavivatan_ws/install/mavivatan_interfaces/local/lib/python3.10/dist-packages/mavivatan_interfaces/msg/__init__.py
[3.815s] -- Up-to-date: /home/baris/mavivatan_ws/install/mavivatan_interfaces/local/lib/python3.10/dist-packages/mavivatan_interfaces/mavivatan_interfaces_s__rosidl_typesupport_introspection_c.cpython-310-aarch64-linux-gnu.so
[3.815s] -- Up-to-date: /home/baris/mavivatan_ws/install/mavivatan_interfaces/local/lib/python3.10/dist-packages/mavivatan_interfaces/mavivatan_interfaces_s__rosidl_typesupport_fastrtps_c.cpython-310-aarch64-linux-gnu.so
[3.816s] -- Installing: /home/baris/mavivatan_ws/install/mavivatan_interfaces/local/lib/python3.10/dist-packages/mavivatan_interfaces/__init__.py
[3.900s] Listing '/home/baris/mavivatan_ws/install/mavivatan_interfaces/local/lib/python3.10/dist-packages/mavivatan_interfaces'...
[3.900s] Compiling '/home/baris/mavivatan_ws/install/mavivatan_interfaces/local/lib/python3.10/dist-packages/mavivatan_interfaces/__init__.py'...
[3.901s] Listing '/home/baris/mavivatan_ws/install/mavivatan_interfaces/local/lib/python3.10/dist-packages/mavivatan_interfaces/msg'...
[3.915s] -- Up-to-date: /home/baris/mavivatan_ws/install/mavivatan_interfaces/local/lib/python3.10/dist-packages/mavivatan_interfaces/mavivatan_interfaces_s__rosidl_typesupport_fastrtps_c.cpython-310-aarch64-linux-gnu.so
[3.918s] -- Up-to-date: /home/baris/mavivatan_ws/install/mavivatan_interfaces/local/lib/python3.10/dist-packages/mavivatan_interfaces/mavivatan_interfaces_s__rosidl_typesupport_introspection_c.cpython-310-aarch64-linux-gnu.so
[3.919s] -- Up-to-date: /home/baris/mavivatan_ws/install/mavivatan_interfaces/local/lib/python3.10/dist-packages/mavivatan_interfaces/mavivatan_interfaces_s__rosidl_typesupport_c.cpython-310-aarch64-linux-gnu.so
[3.920s] -- Up-to-date: /home/baris/mavivatan_ws/install/mavivatan_interfaces/lib/libmavivatan_interfaces__rosidl_generator_py.so
[3.920s] -- Up-to-date: /home/baris/mavivatan_ws/install/mavivatan_interfaces/share/ament_index/resource_index/rust_packages/mavivatan_interfaces
[3.921s] -- Up-to-date: /home/baris/mavivatan_ws/install/mavivatan_interfaces/share/mavivatan_interfaces/rust
[3.922s] -- Up-to-date: /home/baris/mavivatan_ws/install/mavivatan_interfaces/share/mavivatan_interfaces/rust/Cargo.toml
[3.922s] -- Up-to-date: /home/baris/mavivatan_ws/install/mavivatan_interfaces/share/mavivatan_interfaces/rust/src
[3.923s] -- Up-to-date: /home/baris/mavivatan_ws/install/mavivatan_interfaces/share/mavivatan_interfaces/rust/src/msg.rs
[3.923s] -- Up-to-date: /home/baris/mavivatan_ws/install/mavivatan_interfaces/share/mavivatan_interfaces/rust/src/lib.rs
[3.923s] -- Up-to-date: /home/baris/mavivatan_ws/install/mavivatan_interfaces/share/mavivatan_interfaces/rust/src/msg
[3.924s] -- Up-to-date: /home/baris/mavivatan_ws/install/mavivatan_interfaces/share/mavivatan_interfaces/rust/src/msg/rmw.rs
[3.924s] -- Up-to-date: /home/baris/mavivatan_ws/install/mavivatan_interfaces/share/mavivatan_interfaces/rust/build.rs
[3.925s] -- Up-to-date: /home/baris/mavivatan_ws/install/mavivatan_interfaces/share/mavivatan_interfaces/msg/IdaDurum.idl
[3.930s] -- Up-to-date: /home/baris/mavivatan_ws/install/mavivatan_interfaces/share/mavivatan_interfaces/msg/IdaDurum.msg
[3.931s] -- Up-to-date: /home/baris/mavivatan_ws/install/mavivatan_interfaces/share/ament_index/resource_index/package_run_dependencies/mavivatan_interfaces
[3.931s] -- Installing: /home/baris/mavivatan_ws/install/mavivatan_interfaces/share/ament_index/resource_index/parent_prefix_path/mavivatan_interfaces
[3.931s] -- Up-to-date: /home/baris/mavivatan_ws/install/mavivatan_interfaces/share/mavivatan_interfaces/environment/ament_prefix_path.sh
[3.932s] -- Installing: /home/baris/mavivatan_ws/install/mavivatan_interfaces/share/mavivatan_interfaces/environment/ament_prefix_path.dsv
[3.932s] -- Up-to-date: /home/baris/mavivatan_ws/install/mavivatan_interfaces/share/mavivatan_interfaces/environment/path.sh
[3.932s] -- Installing: /home/baris/mavivatan_ws/install/mavivatan_interfaces/share/mavivatan_interfaces/environment/path.dsv
[3.937s] -- Up-to-date: /home/baris/mavivatan_ws/install/mavivatan_interfaces/share/mavivatan_interfaces/local_setup.bash
[3.938s] -- Up-to-date: /home/baris/mavivatan_ws/install/mavivatan_interfaces/share/mavivatan_interfaces/local_setup.sh
[3.939s] -- Up-to-date: /home/baris/mavivatan_ws/install/mavivatan_interfaces/share/mavivatan_interfaces/local_setup.zsh
[3.939s] -- Installing: /home/baris/mavivatan_ws/install/mavivatan_interfaces/share/mavivatan_interfaces/local_setup.dsv
[3.940s] -- Installing: /home/baris/mavivatan_ws/install/mavivatan_interfaces/share/mavivatan_interfaces/package.dsv
[3.941s] -- Up-to-date: /home/baris/mavivatan_ws/install/mavivatan_interfaces/share/ament_index/resource_index/packages/mavivatan_interfaces
[3.942s] -- Up-to-date: /home/baris/mavivatan_ws/install/mavivatan_interfaces/share/mavivatan_interfaces/cmake/export_mavivatan_interfaces__rosidl_generator_cExport.cmake
[3.947s] -- Up-to-date: /home/baris/mavivatan_ws/install/mavivatan_interfaces/share/mavivatan_interfaces/cmake/export_mavivatan_interfaces__rosidl_generator_cExport-release.cmake
[3.948s] -- Up-to-date: /home/baris/mavivatan_ws/install/mavivatan_interfaces/share/mavivatan_interfaces/cmake/export_mavivatan_interfaces__rosidl_typesupport_fastrtps_cExport.cmake
[3.948s] -- Up-to-date: /home/baris/mavivatan_ws/install/mavivatan_interfaces/share/mavivatan_interfaces/cmake/export_mavivatan_interfaces__rosidl_typesupport_fastrtps_cExport-release.cmake
[3.948s] -- Up-to-date: /home/baris/mavivatan_ws/install/mavivatan_interfaces/share/mavivatan_interfaces/cmake/mavivatan_interfaces__rosidl_typesupport_introspection_cExport.cmake
[3.949s] -- Up-to-date: /home/baris/mavivatan_ws/install/mavivatan_interfaces/share/mavivatan_interfaces/cmake/mavivatan_interfaces__rosidl_typesupport_introspection_cExport-release.cmake
[3.950s] -- Up-to-date: /home/baris/mavivatan_ws/install/mavivatan_interfaces/share/mavivatan_interfaces/cmake/mavivatan_interfaces__rosidl_typesupport_cExport.cmake
[3.950s] -- Up-to-date: /home/baris/mavivatan_ws/install/mavivatan_interfaces/share/mavivatan_interfaces/cmake/mavivatan_interfaces__rosidl_typesupport_cExport-release.cmake
[3.951s] -- Up-to-date: /home/baris/mavivatan_ws/install/mavivatan_interfaces/share/mavivatan_interfaces/cmake/export_mavivatan_interfaces__rosidl_generator_cppExport.cmake
[3.951s] -- Up-to-date: /home/baris/mavivatan_ws/install/mavivatan_interfaces/share/mavivatan_interfaces/cmake/export_mavivatan_interfaces__rosidl_typesupport_fastrtps_cppExport.cmake
[3.951s] -- Up-to-date: /home/baris/mavivatan_ws/install/mavivatan_interfaces/share/mavivatan_interfaces/cmake/export_mavivatan_interfaces__rosidl_typesupport_fastrtps_cppExport-release.cmake
[3.952s] -- Up-to-date: /home/baris/mavivatan_ws/install/mavivatan_interfaces/share/mavivatan_interfaces/cmake/mavivatan_interfaces__rosidl_typesupport_introspection_cppExport.cmake
[3.952s] -- Up-to-date: /home/baris/mavivatan_ws/install/mavivatan_interfaces/share/mavivatan_interfaces/cmake/mavivatan_interfaces__rosidl_typesupport_introspection_cppExport-release.cmake
[3.952s] -- Up-to-date: /home/baris/mavivatan_ws/install/mavivatan_interfaces/share/mavivatan_interfaces/cmake/mavivatan_interfaces__rosidl_typesupport_cppExport.cmake
[3.952s] -- Up-to-date: /home/baris/mavivatan_ws/install/mavivatan_interfaces/share/mavivatan_interfaces/cmake/mavivatan_interfaces__rosidl_typesupport_cppExport-release.cmake
[3.953s] -- Up-to-date: /home/baris/mavivatan_ws/install/mavivatan_interfaces/share/mavivatan_interfaces/cmake/export_mavivatan_interfaces__rosidl_generator_pyExport.cmake
[3.955s] -- Up-to-date: /home/baris/mavivatan_ws/install/mavivatan_interfaces/share/mavivatan_interfaces/cmake/export_mavivatan_interfaces__rosidl_generator_pyExport-release.cmake
[3.956s] -- Up-to-date: /home/baris/mavivatan_ws/install/mavivatan_interfaces/share/mavivatan_interfaces/cmake/rosidl_cmake-extras.cmake
[3.956s] -- Up-to-date: /home/baris/mavivatan_ws/install/mavivatan_interfaces/share/mavivatan_interfaces/cmake/ament_cmake_export_include_directories-extras.cmake
[3.956s] -- Up-to-date: /home/baris/mavivatan_ws/install/mavivatan_interfaces/share/mavivatan_interfaces/cmake/ament_cmake_export_libraries-extras.cmake
[3.956s] -- Up-to-date: /home/baris/mavivatan_ws/install/mavivatan_interfaces/share/mavivatan_interfaces/cmake/ament_cmake_export_targets-extras.cmake
[3.956s] -- Up-to-date: /home/baris/mavivatan_ws/install/mavivatan_interfaces/share/mavivatan_interfaces/cmake/rosidl_cmake_export_typesupport_targets-extras.cmake
[3.956s] -- Up-to-date: /home/baris/mavivatan_ws/install/mavivatan_interfaces/share/mavivatan_interfaces/cmake/ament_cmake_export_dependencies-extras.cmake
[3.957s] -- Up-to-date: /home/baris/mavivatan_ws/install/mavivatan_interfaces/share/mavivatan_interfaces/cmake/rosidl_cmake_export_typesupport_libraries-extras.cmake
[3.957s] -- Up-to-date: /home/baris/mavivatan_ws/install/mavivatan_interfaces/share/mavivatan_interfaces/cmake/mavivatan_interfacesConfig.cmake
[3.957s] -- Up-to-date: /home/baris/mavivatan_ws/install/mavivatan_interfaces/share/mavivatan_interfaces/cmake/mavivatan_interfacesConfig-version.cmake
[3.957s] -- Up-to-date: /home/baris/mavivatan_ws/install/mavivatan_interfaces/share/mavivatan_interfaces/package.xml
[3.957s] Invoked command in '/home/baris/mavivatan_ws/build/mavivatan_interfaces' returned '0': CMAKE_PREFIX_PATH=${CMAKE_PREFIX_PATH}:/home/baris/mavivatan_ws/install/mavivatan_paket:/opt/ros/humble /usr/bin/cmake --install /home/baris/mavivatan_ws/build/mavivatan_interfaces
