-- The C compiler identification is GNU 11.4.0
-- The CXX compiler identification is GNU 11.4.0
-- Detecting C compiler ABI info
-- Detecting C compiler ABI info - done
-- Check for working C compiler: /usr/bin/cc - skipped
-- Detecting C compile features
-- Detecting C compile features - done
-- Detecting CXX compiler ABI info
-- Detecting CXX compiler ABI info - done
-- Check for working CXX compiler: /usr/bin/c++ - skipped
-- Detecting CXX compile features
-- Detecting CXX compile features - done
-- Found nlohmann_json: /usr/lib/cmake/nlohmann_json/nlohmann_jsonConfig.cmake (found version "3.10.5") 
-- Looking for sgemm_
-- Looking for sgemm_ - not found
-- Looking for pthread.h
-- Looking for pthread.h - found
-- Performing Test CMAKE_HAVE_LIBC_PTHREAD
-- Performing Test CMAKE_HAVE_LIBC_PTHREAD - Success
-- Found Threads: TRUE  
-- Looking for sgemm_
-- Looking for sgemm_ - found
-- Found BLAS: /usr/lib/aarch64-linux-gnu/libopenblas.so  
-- Found CUDA: /usr/local/cuda-12.6 (found suitable version "12.6", minimum required is "12.6") 
-- Found CUDA: /usr/local/cuda-12.6 (found version "12.6") 
-- Found ament_cmake_auto: 1.3.14 (/opt/ros/humble/share/ament_cmake_auto/cmake)
-- Found Python3: /usr/bin/python3 (found version "3.10.12") found components: Interpreter 
-- Found rosidl_generator_c: 3.1.8 (/opt/ros/humble/share/rosidl_generator_c/cmake)
-- Found rosidl_adapter: 3.1.8 (/opt/ros/humble/share/rosidl_adapter/cmake)
-- Found rosidl_generator_cpp: 3.1.8 (/opt/ros/humble/share/rosidl_generator_cpp/cmake)
-- Using all available rosidl_typesupport_c: rosidl_typesupport_fastrtps_c;rosidl_typesupport_introspection_c
-- Using all available rosidl_typesupport_cpp: rosidl_typesupport_fastrtps_cpp;rosidl_typesupport_introspection_cpp
-- Found rmw_implementation_cmake: 6.1.2 (/opt/ros/humble/share/rmw_implementation_cmake/cmake)
-- Found rmw_fastrtps_cpp: 6.2.10 (/opt/ros/humble/share/rmw_fastrtps_cpp/cmake)
-- Found OpenSSL: /usr/lib/aarch64-linux-gnu/libcrypto.so (found version "3.0.2")  
-- Found FastRTPS: /opt/ros/humble/include  
-- Using RMW implementation 'rmw_fastrtps_cpp' as default
-- Found eigen3_cmake_module: 0.1.1 (/opt/ros/humble/share/eigen3_cmake_module/cmake)
-- Found Eigen3: TRUE (found version "3.4.0") 
-- Ensuring Eigen3 include directory is part of orocos-kdl CMake target
--  * Type Adaptation for sl::Mat is enabled
-- Found ament_lint_auto: 0.12.15 (/opt/ros/humble/share/ament_lint_auto/cmake)
-- Added test 'copyright' to check source files copyright and LICENSE
-- Added test 'cppcheck' to perform static code analysis on C / C++ code
-- Configured cppcheck include dirs: /home/baris/mavivatan_ws/src/zed-ros2-wrapper/zed_components/src/include;/home/baris/mavivatan_ws/src/zed-ros2-wrapper/zed_components/src/zed_camera/include;/home/baris/mavivatan_ws/src/zed-ros2-wrapper/zed_components/src/tools/include;/home/baris/mavivatan_ws/src/zed-ros2-wrapper/zed_components/src/zed_camera_one/include
-- Configured cppcheck exclude dirs and/or files: 
-- Added test 'lint_cmake' to check CMake code style
-- Added test 'uncrustify' to check C / C++ code style
-- Configured uncrustify additional arguments: 
-- Added test 'xmllint' to check XML markup files
-- Configuring done
-- Generating done
-- Build files have been written to: /home/baris/mavivatan_ws/build/zed_components
[ 35%] [32mBuilding CXX object CMakeFiles/zed_camera_component.dir/src/tools/src/sl_tools.cpp.o[0m
[ 35%] [32mBuilding CXX object CMakeFiles/zed_camera_one_component.dir/src/tools/src/sl_win_avg.cpp.o[0m
[ 35%] [32mBuilding CXX object CMakeFiles/zed_camera_one_component.dir/src/tools/src/sl_tools.cpp.o[0m
[ 35%] [32mBuilding CXX object CMakeFiles/zed_camera_component.dir/src/tools/src/gnss_replay.cpp.o[0m
[ 35%] [32mBuilding CXX object CMakeFiles/zed_camera_component.dir/src/tools/src/sl_win_avg.cpp.o[0m
[ 35%] [32mBuilding CXX object CMakeFiles/zed_camera_one_component.dir/src/tools/src/gnss_replay.cpp.o[0m
[ 41%] [32mBuilding CXX object CMakeFiles/zed_camera_component.dir/src/tools/src/sl_types.cpp.o[0m
[ 47%] [32mBuilding CXX object CMakeFiles/zed_camera_component.dir/src/zed_camera/src/zed_camera_component_main.cpp.o[0m
[ 52%] [32mBuilding CXX object CMakeFiles/zed_camera_one_component.dir/src/tools/src/sl_types.cpp.o[0m
[ 58%] [32mBuilding CXX object CMakeFiles/zed_camera_component.dir/src/zed_camera/src/zed_camera_component_video_depth.cpp.o[0m
[ 64%] [32mBuilding CXX object CMakeFiles/zed_camera_one_component.dir/src/zed_camera_one/src/zed_camera_one_component_main.cpp.o[0m
[ 70%] [32mBuilding CXX object CMakeFiles/zed_camera_component.dir/src/zed_camera/src/zed_camera_component_objdet.cpp.o[0m
[ 76%] [32mBuilding CXX object CMakeFiles/zed_camera_component.dir/src/zed_camera/src/zed_camera_component_bodytrk.cpp.o[0m
[01m[K/home/baris/mavivatan_ws/src/zed-ros2-wrapper/zed_components/src/zed_camera/src/zed_camera_component_objdet.cpp:[m[K In member function ‘[01m[Kvoid stereolabs::ZedCamera::getCustomOdParams()[m[K’:
[01m[K/home/baris/mavivatan_ws/src/zed-ros2-wrapper/zed_components/src/zed_camera/src/zed_camera_component_objdet.cpp:339:27:[m[K [01;31m[Kerror: [m[Kno matching function for call to ‘[01m[KgetEnumParam(std::shared_ptr<rclcpp::Node>, std::string&, const char [8], sl::OBJECT_ACCELERATION_PRESET, sl::OBJECT_ACCELERATION_PRESET, int&, std::__cxx11::basic_string<char>)[m[K’
  339 |     [01;31m[Ksl_tools::getEnumParam([m[K
      |     [01;31m[K~~~~~~~~~~~~~~~~~~~~~~^[m[K
  340 | [01;31m[K      shared_from_this(), param_name, "DEFAULT",[m[K
      |       [01;31m[K~~~~~~~~~~~~~~~~~~~~~~~~~~~~~~~~~~~~~~~~~~[m[K
  341 | [01;31m[K      sl::OBJECT_ACCELERATION_PRESET::DEFAULT,[m[K
      |       [01;31m[K~~~~~~~~~~~~~~~~~~~~~~~~~~~~~~~~~~~~~~~~[m[K
  342 | [01;31m[K      sl::OBJECT_ACCELERATION_PRESET::LAST,[m[K
      |       [01;31m[K~~~~~~~~~~~~~~~~~~~~~~~~~~~~~~~~~~~~~[m[K
  343 | [01;31m[K      dummy_object_acceleration_preset,[m[K
      |       [01;31m[K~~~~~~~~~~~~~~~~~~~~~~~~~~~~~~~~~[m[K
  344 | [01;31m[K      std::string("  * ") + param_name + ": ")[m[K;
      |       [01;31m[K~~~~~~~~~~~~~~~~~~~~~~~~~~~~~~~~~~~~~~~~[m[K
In file included from [01m[K/home/baris/mavivatan_ws/src/zed-ros2-wrapper/zed_components/src/zed_camera/include/zed_camera_component.hpp:27[m[K,
                 from [01m[K/home/baris/mavivatan_ws/src/zed-ros2-wrapper/zed_components/src/zed_camera/src/zed_camera_component_objdet.cpp:22[m[K:
[01m[K/home/baris/mavivatan_ws/src/zed-ros2-wrapper/zed_components/src/tools/include/sl_tools.hpp:284:6:[m[K [01;36m[Knote: [m[Kcandidate: ‘[01m[Ktemplate<class EnumT> bool sl_tools::getEnumParam(std::shared_ptr<rclcpp::Node>, const string&, const string&, EnumT, EnumT, EnumT&, const string&)[m[K’
  284 | bool [01;36m[KgetEnumParam[m[K(
      |      [01;36m[K^~~~~~~~~~~~[m[K
[01m[K/home/baris/mavivatan_ws/src/zed-ros2-wrapper/zed_components/src/tools/include/sl_tools.hpp:284:6:[m[K [01;36m[Knote: [m[K  template argument deduction/substitution failed:
[01m[K/home/baris/mavivatan_ws/src/zed-ros2-wrapper/zed_components/src/zed_camera/src/zed_camera_component_objdet.cpp:339:27:[m[K [01;36m[Knote: [m[K  deduced conflicting types for parameter ‘[01m[KEnumT[m[K’ (‘[01m[Ksl::OBJECT_ACCELERATION_PRESET[m[K’ and ‘[01m[Kint[m[K’)
  339 |     [01;36m[Ksl_tools::getEnumParam([m[K
      |     [01;36m[K~~~~~~~~~~~~~~~~~~~~~~^[m[K
  340 | [01;36m[K      shared_from_this(), param_name, "DEFAULT",[m[K
      |       [01;36m[K~~~~~~~~~~~~~~~~~~~~~~~~~~~~~~~~~~~~~~~~~~[m[K
  341 | [01;36m[K      sl::OBJECT_ACCELERATION_PRESET::DEFAULT,[m[K
      |       [01;36m[K~~~~~~~~~~~~~~~~~~~~~~~~~~~~~~~~~~~~~~~~[m[K
  342 | [01;36m[K      sl::OBJECT_ACCELERATION_PRESET::LAST,[m[K
      |       [01;36m[K~~~~~~~~~~~~~~~~~~~~~~~~~~~~~~~~~~~~~[m[K
  343 | [01;36m[K      dummy_object_acceleration_preset,[m[K
      |       [01;36m[K~~~~~~~~~~~~~~~~~~~~~~~~~~~~~~~~~[m[K
  344 | [01;36m[K      std::string("  * ") + param_name + ": ")[m[K;
      |       [01;36m[K~~~~~~~~~~~~~~~~~~~~~~~~~~~~~~~~~~~~~~~~[m[K
gmake[2]: *** [CMakeFiles/zed_camera_component.dir/build.make:160: CMakeFiles/zed_camera_component.dir/src/zed_camera/src/zed_camera_component_objdet.cpp.o] Error 1
gmake[2]: *** Waiting for unfinished jobs....
[ 88%] [32mBuilding CXX object CMakeFiles/zed_camera_one_component.dir/src/zed_camera_one/src/zed_camera_one_component_sensors.cpp.o[0m
[ 88%] [32mBuilding CXX object CMakeFiles/zed_camera_one_component.dir/src/zed_camera_one/src/zed_camera_one_component_video.cpp.o[0m
[ 94%] [32m[1mLinking CXX shared library libzed_camera_one_component.so[0m
[ 94%] Built target zed_camera_one_component
gmake[1]: *** [CMakeFiles/Makefile2:166: CMakeFiles/zed_camera_component.dir/all] Error 2
gmake: *** [Makefile:146: all] Error 2
