[0.028s] Invoking command in '/home/baris/mavivatan_ws/build/zed_components': CMAKE_PREFIX_PATH=${CMAKE_PREFIX_PATH}:/home/baris/mavivatan_ws/install/mavivatan_paket:/opt/ros/humble LD_LIBRARY_PATH=/home/baris/mavivatan_ws/install/zed_msgs/lib:/home/baris/mavivatan_ws/install/mavivatan_interfaces/lib:/opt/ros/humble/opt/rviz_ogre_vendor/lib:/opt/ros/humble/lib/aarch64-linux-gnu:/opt/ros/humble/lib:/usr/local/cuda-12.6/lib64 /usr/bin/cmake /home/baris/mavivatan_ws/src/zed-ros2-wrapper/zed_components -DCMAKE_BUILD_TYPE=Release -DCMAKE_INSTALL_PREFIX=/home/baris/mavivatan_ws/install/zed_components
[0.154s] -- The C compiler identification is GNU 11.4.0
[0.282s] -- The CXX compiler identification is GNU 11.4.0
[0.306s] -- Detecting C compiler ABI info
[0.464s] -- Detecting C compiler ABI info - done
[0.489s] -- Check for working C compiler: /usr/bin/cc - skipped
[0.489s] -- Detecting C compile features
[0.491s] -- Detecting C compile features - done
[0.502s] -- Detecting CXX compiler ABI info
[0.675s] -- Detecting CXX compiler ABI info - done
[0.700s] -- Check for working CXX compiler: /usr/bin/c++ - skipped
[0.701s] -- Detecting CXX compile features
[0.703s] -- Detecting CXX compile features - done
[0.717s] -- Found nlohmann_json: /usr/lib/cmake/nlohmann_json/nlohmann_jsonConfig.cmake (found version "3.10.5") 
[0.732s] -- Looking for sgemm_
[0.886s] -- Looking for sgemm_ - not found
[0.891s] -- Looking for pthread.h
[1.053s] -- Looking for pthread.h - found
[1.054s] -- Performing Test CMAKE_HAVE_LIBC_PTHREAD
[1.216s] -- Performing Test CMAKE_HAVE_LIBC_PTHREAD - Success
[1.219s] -- Found Threads: TRUE  
[1.303s] -- Looking for sgemm_
[1.516s] -- Looking for sgemm_ - found
[1.517s] -- Found BLAS: /usr/lib/aarch64-linux-gnu/libopenblas.so  
[1.596s] -- Found CUDA: /usr/local/cuda-12.6 (found suitable version "12.6", minimum required is "12.6") 
[1.650s] -- Found CUDA: /usr/local/cuda-12.6 (found version "12.6") 
[1.655s] -- Found ament_cmake_auto: 1.3.14 (/opt/ros/humble/share/ament_cmake_auto/cmake)
[2.020s] -- Found Python3: /usr/bin/python3 (found version "3.10.12") found components: Interpreter 
[2.517s] -- Found rosidl_generator_c: 3.1.8 (/opt/ros/humble/share/rosidl_generator_c/cmake)
[2.527s] -- Found rosidl_adapter: 3.1.8 (/opt/ros/humble/share/rosidl_adapter/cmake)
[2.548s] -- Found rosidl_generator_cpp: 3.1.8 (/opt/ros/humble/share/rosidl_generator_cpp/cmake)
[2.576s] -- Using all available rosidl_typesupport_c: rosidl_typesupport_fastrtps_c;rosidl_typesupport_introspection_c
[2.610s] -- Using all available rosidl_typesupport_cpp: rosidl_typesupport_fastrtps_cpp;rosidl_typesupport_introspection_cpp
[2.863s] -- Found rmw_implementation_cmake: 6.1.2 (/opt/ros/humble/share/rmw_implementation_cmake/cmake)
[2.869s] -- Found rmw_fastrtps_cpp: 6.2.10 (/opt/ros/humble/share/rmw_fastrtps_cpp/cmake)
[3.055s] -- Found OpenSSL: /usr/lib/aarch64-linux-gnu/libcrypto.so (found version "3.0.2")  
[3.114s] -- Found FastRTPS: /opt/ros/humble/include  
[3.202s] -- Using RMW implementation 'rmw_fastrtps_cpp' as default
[3.785s] -- Found eigen3_cmake_module: 0.1.1 (/opt/ros/humble/share/eigen3_cmake_module/cmake)
[3.787s] -- Found Eigen3: TRUE (found version "3.4.0") 
[3.788s] -- Ensuring Eigen3 include directory is part of orocos-kdl CMake target
[4.057s] --  * Type Adaptation for sl::Mat is enabled
[4.060s] -- Found ament_lint_auto: 0.12.15 (/opt/ros/humble/share/ament_lint_auto/cmake)
[4.138s] -- Added test 'copyright' to check source files copyright and LICENSE
[4.143s] -- Added test 'cppcheck' to perform static code analysis on C / C++ code
[4.144s] -- Configured cppcheck include dirs: /home/baris/mavivatan_ws/src/zed-ros2-wrapper/zed_components/src/include;/home/baris/mavivatan_ws/src/zed-ros2-wrapper/zed_components/src/zed_camera/include;/home/baris/mavivatan_ws/src/zed-ros2-wrapper/zed_components/src/tools/include;/home/baris/mavivatan_ws/src/zed-ros2-wrapper/zed_components/src/zed_camera_one/include
[4.144s] -- Configured cppcheck exclude dirs and/or files: 
[4.146s] -- Added test 'lint_cmake' to check CMake code style
[4.150s] -- Added test 'uncrustify' to check C / C++ code style
[4.151s] -- Configured uncrustify additional arguments: 
[4.151s] -- Added test 'xmllint' to check XML markup files
[4.158s] -- Configuring done
[4.234s] -- Generating done
[4.257s] -- Build files have been written to: /home/baris/mavivatan_ws/build/zed_components
[4.293s] Invoked command in '/home/baris/mavivatan_ws/build/zed_components' returned '0': CMAKE_PREFIX_PATH=${CMAKE_PREFIX_PATH}:/home/baris/mavivatan_ws/install/mavivatan_paket:/opt/ros/humble LD_LIBRARY_PATH=/home/baris/mavivatan_ws/install/zed_msgs/lib:/home/baris/mavivatan_ws/install/mavivatan_interfaces/lib:/opt/ros/humble/opt/rviz_ogre_vendor/lib:/opt/ros/humble/lib/aarch64-linux-gnu:/opt/ros/humble/lib:/usr/local/cuda-12.6/lib64 /usr/bin/cmake /home/baris/mavivatan_ws/src/zed-ros2-wrapper/zed_components -DCMAKE_BUILD_TYPE=Release -DCMAKE_INSTALL_PREFIX=/home/baris/mavivatan_ws/install/zed_components
[4.298s] Invoking command in '/home/baris/mavivatan_ws/build/zed_components': CMAKE_PREFIX_PATH=${CMAKE_PREFIX_PATH}:/home/baris/mavivatan_ws/install/mavivatan_paket:/opt/ros/humble LD_LIBRARY_PATH=/home/baris/mavivatan_ws/install/zed_msgs/lib:/home/baris/mavivatan_ws/install/mavivatan_interfaces/lib:/opt/ros/humble/opt/rviz_ogre_vendor/lib:/opt/ros/humble/lib/aarch64-linux-gnu:/opt/ros/humble/lib:/usr/local/cuda-12.6/lib64 /usr/bin/cmake --build /home/baris/mavivatan_ws/build/zed_components -- -j6 -l6
[4.413s] [ 35%] [32mBuilding CXX object CMakeFiles/zed_camera_component.dir/src/tools/src/sl_tools.cpp.o[0m
[4.413s] [ 35%] [32mBuilding CXX object CMakeFiles/zed_camera_one_component.dir/src/tools/src/sl_win_avg.cpp.o[0m
[4.414s] [ 35%] [32mBuilding CXX object CMakeFiles/zed_camera_one_component.dir/src/tools/src/sl_tools.cpp.o[0m
[4.414s] [ 35%] [32mBuilding CXX object CMakeFiles/zed_camera_component.dir/src/tools/src/gnss_replay.cpp.o[0m
[4.414s] [ 35%] [32mBuilding CXX object CMakeFiles/zed_camera_component.dir/src/tools/src/sl_win_avg.cpp.o[0m
[4.414s] [ 35%] [32mBuilding CXX object CMakeFiles/zed_camera_one_component.dir/src/tools/src/gnss_replay.cpp.o[0m
[5.515s] [ 41%] [32mBuilding CXX object CMakeFiles/zed_camera_component.dir/src/tools/src/sl_types.cpp.o[0m
[5.640s] [ 47%] [32mBuilding CXX object CMakeFiles/zed_camera_component.dir/src/zed_camera/src/zed_camera_component_main.cpp.o[0m
[21.473s] [ 52%] [32mBuilding CXX object CMakeFiles/zed_camera_one_component.dir/src/tools/src/sl_types.cpp.o[0m
[21.484s] [ 58%] [32mBuilding CXX object CMakeFiles/zed_camera_component.dir/src/zed_camera/src/zed_camera_component_video_depth.cpp.o[0m
[23.475s] [ 64%] [32mBuilding CXX object CMakeFiles/zed_camera_one_component.dir/src/zed_camera_one/src/zed_camera_one_component_main.cpp.o[0m
[24.223s] [ 70%] [32mBuilding CXX object CMakeFiles/zed_camera_component.dir/src/zed_camera/src/zed_camera_component_objdet.cpp.o[0m
[25.552s] [ 76%] [32mBuilding CXX object CMakeFiles/zed_camera_component.dir/src/zed_camera/src/zed_camera_component_bodytrk.cpp.o[0m
[37.856s] [01m[K/home/baris/mavivatan_ws/src/zed-ros2-wrapper/zed_components/src/zed_camera/src/zed_camera_component_objdet.cpp:[m[K In member function ‘[01m[Kvoid stereolabs::ZedCamera::getCustomOdParams()[m[K’:
[37.857s] [01m[K/home/baris/mavivatan_ws/src/zed-ros2-wrapper/zed_components/src/zed_camera/src/zed_camera_component_objdet.cpp:339:27:[m[K [01;31m[Kerror: [m[Kno matching function for call to ‘[01m[KgetEnumParam(std::shared_ptr<rclcpp::Node>, std::string&, const char [8], sl::OBJECT_ACCELERATION_PRESET, sl::OBJECT_ACCELERATION_PRESET, int&, std::__cxx11::basic_string<char>)[m[K’
[37.857s]   339 |     [01;31m[Ksl_tools::getEnumParam([m[K
[37.857s]       |     [01;31m[K~~~~~~~~~~~~~~~~~~~~~~^[m[K
[37.858s]   340 | [01;31m[K      shared_from_this(), param_name, "DEFAULT",[m[K
[37.858s]       |       [01;31m[K~~~~~~~~~~~~~~~~~~~~~~~~~~~~~~~~~~~~~~~~~~[m[K
[37.858s]   341 | [01;31m[K      sl::OBJECT_ACCELERATION_PRESET::DEFAULT,[m[K
[37.859s]       |       [01;31m[K~~~~~~~~~~~~~~~~~~~~~~~~~~~~~~~~~~~~~~~~[m[K
[37.859s]   342 | [01;31m[K      sl::OBJECT_ACCELERATION_PRESET::LAST,[m[K
[37.859s]       |       [01;31m[K~~~~~~~~~~~~~~~~~~~~~~~~~~~~~~~~~~~~~[m[K
[37.859s]   343 | [01;31m[K      dummy_object_acceleration_preset,[m[K
[37.860s]       |       [01;31m[K~~~~~~~~~~~~~~~~~~~~~~~~~~~~~~~~~[m[K
[37.860s]   344 | [01;31m[K      std::string("  * ") + param_name + ": ")[m[K;
[37.860s]       |       [01;31m[K~~~~~~~~~~~~~~~~~~~~~~~~~~~~~~~~~~~~~~~~[m[K
[37.861s] In file included from [01m[K/home/baris/mavivatan_ws/src/zed-ros2-wrapper/zed_components/src/zed_camera/include/zed_camera_component.hpp:27[m[K,
[37.862s]                  from [01m[K/home/baris/mavivatan_ws/src/zed-ros2-wrapper/zed_components/src/zed_camera/src/zed_camera_component_objdet.cpp:22[m[K:
[37.862s] [01m[K/home/baris/mavivatan_ws/src/zed-ros2-wrapper/zed_components/src/tools/include/sl_tools.hpp:284:6:[m[K [01;36m[Knote: [m[Kcandidate: ‘[01m[Ktemplate<class EnumT> bool sl_tools::getEnumParam(std::shared_ptr<rclcpp::Node>, const string&, const string&, EnumT, EnumT, EnumT&, const string&)[m[K’
[37.862s]   284 | bool [01;36m[KgetEnumParam[m[K(
[37.862s]       |      [01;36m[K^~~~~~~~~~~~[m[K
[37.863s] [01m[K/home/baris/mavivatan_ws/src/zed-ros2-wrapper/zed_components/src/tools/include/sl_tools.hpp:284:6:[m[K [01;36m[Knote: [m[K  template argument deduction/substitution failed:
[37.863s] [01m[K/home/baris/mavivatan_ws/src/zed-ros2-wrapper/zed_components/src/zed_camera/src/zed_camera_component_objdet.cpp:339:27:[m[K [01;36m[Knote: [m[K  deduced conflicting types for parameter ‘[01m[KEnumT[m[K’ (‘[01m[Ksl::OBJECT_ACCELERATION_PRESET[m[K’ and ‘[01m[Kint[m[K’)
[37.864s]   339 |     [01;36m[Ksl_tools::getEnumParam([m[K
[37.864s]       |     [01;36m[K~~~~~~~~~~~~~~~~~~~~~~^[m[K
[37.864s]   340 | [01;36m[K      shared_from_this(), param_name, "DEFAULT",[m[K
[37.864s]       |       [01;36m[K~~~~~~~~~~~~~~~~~~~~~~~~~~~~~~~~~~~~~~~~~~[m[K
[37.865s]   341 | [01;36m[K      sl::OBJECT_ACCELERATION_PRESET::DEFAULT,[m[K
[37.865s]       |       [01;36m[K~~~~~~~~~~~~~~~~~~~~~~~~~~~~~~~~~~~~~~~~[m[K
[37.865s]   342 | [01;36m[K      sl::OBJECT_ACCELERATION_PRESET::LAST,[m[K
[37.866s]       |       [01;36m[K~~~~~~~~~~~~~~~~~~~~~~~~~~~~~~~~~~~~~[m[K
[37.866s]   343 | [01;36m[K      dummy_object_acceleration_preset,[m[K
[37.866s]       |       [01;36m[K~~~~~~~~~~~~~~~~~~~~~~~~~~~~~~~~~[m[K
[37.866s]   344 | [01;36m[K      std::string("  * ") + param_name + ": ")[m[K;
[37.867s]       |       [01;36m[K~~~~~~~~~~~~~~~~~~~~~~~~~~~~~~~~~~~~~~~~[m[K
[44.317s] gmake[2]: *** [CMakeFiles/zed_camera_component.dir/build.make:160: CMakeFiles/zed_camera_component.dir/src/zed_camera/src/zed_camera_component_objdet.cpp.o] Error 1
[44.317s] gmake[2]: *** Waiting for unfinished jobs....
[80.733s] [ 88%] [32mBuilding CXX object CMakeFiles/zed_camera_one_component.dir/src/zed_camera_one/src/zed_camera_one_component_sensors.cpp.o[0m
[80.734s] [ 88%] [32mBuilding CXX object CMakeFiles/zed_camera_one_component.dir/src/zed_camera_one/src/zed_camera_one_component_video.cpp.o[0m
[113.101s] [ 94%] [32m[1mLinking CXX shared library libzed_camera_one_component.so[0m
[114.330s] [ 94%] Built target zed_camera_one_component
[191.533s] gmake[1]: *** [CMakeFiles/Makefile2:166: CMakeFiles/zed_camera_component.dir/all] Error 2
[191.534s] gmake: *** [Makefile:146: all] Error 2
[191.546s] Invoked command in '/home/baris/mavivatan_ws/build/zed_components' returned '2': CMAKE_PREFIX_PATH=${CMAKE_PREFIX_PATH}:/home/baris/mavivatan_ws/install/mavivatan_paket:/opt/ros/humble LD_LIBRARY_PATH=/home/baris/mavivatan_ws/install/zed_msgs/lib:/home/baris/mavivatan_ws/install/mavivatan_interfaces/lib:/opt/ros/humble/opt/rviz_ogre_vendor/lib:/opt/ros/humble/lib/aarch64-linux-gnu:/opt/ros/humble/lib:/usr/local/cuda-12.6/lib64 /usr/bin/cmake --build /home/baris/mavivatan_ws/build/zed_components -- -j6 -l6
