[0.037s] Invoking command in '/home/baris/mavivatan_ws/build/zed_msgs': CMAKE_PREFIX_PATH=${CMAKE_PREFIX_PATH}:/home/baris/mavivatan_ws/install/mavivatan_paket:/opt/ros/humble /usr/bin/cmake /home/baris/mavivatan_ws/src/zed-ros2-interfaces -DCMAKE_INSTALL_PREFIX=/home/baris/mavivatan_ws/install/zed_msgs
[0.108s] -- Found ament_cmake_auto: 1.3.14 (/opt/ros/humble/share/ament_cmake_auto/cmake)
[0.672s] -- Found rosidl_generator_c: 3.1.8 (/opt/ros/humble/share/rosidl_generator_c/cmake)
[0.677s] -- Found rosidl_adapter: 3.1.8 (/opt/ros/humble/share/rosidl_adapter/cmake)
[0.690s] -- Found rosidl_generator_cpp: 3.1.8 (/opt/ros/humble/share/rosidl_generator_cpp/cmake)
[0.712s] -- Using all available rosidl_typesupport_c: rosidl_typesupport_fastrtps_c;rosidl_typesupport_introspection_c
[0.739s] -- Using all available rosidl_typesupport_cpp: rosidl_typesupport_fastrtps_cpp;rosidl_typesupport_introspection_cpp
[0.883s] -- Found ament_lint_auto: 0.12.15 (/opt/ros/humble/share/ament_lint_auto/cmake)
[1.822s] -- Found ament_cmake_ros: 0.10.0 (/opt/ros/humble/share/ament_cmake_ros/cmake)
[2.922s] -- Using all available rosidl_typesupport_c: rosidl_typesupport_fastrtps_c;rosidl_typesupport_introspection_c
[3.410s] -- Using all available rosidl_typesupport_cpp: rosidl_typesupport_fastrtps_cpp;rosidl_typesupport_introspection_cpp
[3.481s] -- Found python_cmake_module: 0.10.0 (/opt/ros/humble/share/python_cmake_module/cmake)
[3.554s] -- Using PYTHON_EXECUTABLE: /usr/bin/python3
[3.554s] -- Using PYTHON_INCLUDE_DIRS: /usr/include/python3.10
[3.554s] -- Using PYTHON_LIBRARIES: /usr/lib/aarch64-linux-gnu/libpython3.10.so
[3.901s] -- Added test 'copyright' to check source files copyright and LICENSE
[3.922s] -- Added test 'lint_cmake' to check CMake code style
[3.934s] -- Added test 'xmllint' to check XML markup files
[3.957s] -- Configuring done
[4.364s] -- Generating done
[4.470s] -- Build files have been written to: /home/baris/mavivatan_ws/build/zed_msgs
[5.004s] Invoked command in '/home/baris/mavivatan_ws/build/zed_msgs' returned '0': CMAKE_PREFIX_PATH=${CMAKE_PREFIX_PATH}:/home/baris/mavivatan_ws/install/mavivatan_paket:/opt/ros/humble /usr/bin/cmake /home/baris/mavivatan_ws/src/zed-ros2-interfaces -DCMAKE_INSTALL_PREFIX=/home/baris/mavivatan_ws/install/zed_msgs
[5.005s] Invoking command in '/home/baris/mavivatan_ws/build/zed_msgs': CMAKE_PREFIX_PATH=${CMAKE_PREFIX_PATH}:/home/baris/mavivatan_ws/install/mavivatan_paket:/opt/ros/humble /usr/bin/cmake --build /home/baris/mavivatan_ws/build/zed_msgs -- -j6 -l6
[5.410s] [35m[1mConsolidate compiler generated dependencies of target zed_msgs__rosidl_generator_c[0m
[5.468s] [  1%] Built target zed_msgs__rs
[5.568s] [ 13%] Built target zed_msgs__rosidl_generator_c
[5.582s] [ 13%] Built target zed_msgs__cpp
[5.635s] [ 13%] Built target ament_cmake_python_copy_zed_msgs
[5.653s] [35m[1mConsolidate compiler generated dependencies of target zed_msgs__rosidl_typesupport_introspection_c[0m
[5.722s] [35m[1mConsolidate compiler generated dependencies of target zed_msgs__rosidl_typesupport_cpp[0m
[5.754s] [35m[1mConsolidate compiler generated dependencies of target zed_msgs__rosidl_typesupport_c[0m
[5.786s] [35m[1mConsolidate compiler generated dependencies of target zed_msgs__rosidl_typesupport_fastrtps_c[0m
[5.795s] [ 25%] Built target zed_msgs__rosidl_typesupport_introspection_c
[5.814s] [35m[1mConsolidate compiler generated dependencies of target zed_msgs__rosidl_typesupport_fastrtps_cpp[0m
[5.822s] [35m[1mConsolidate compiler generated dependencies of target zed_msgs__rosidl_typesupport_introspection_cpp[0m
[5.907s] [ 37%] Built target zed_msgs__rosidl_typesupport_cpp
[5.938s] [ 49%] Built target zed_msgs__rosidl_typesupport_c
[5.941s] [ 61%] Built target zed_msgs__rosidl_typesupport_fastrtps_c
[6.019s] [ 73%] Built target zed_msgs__rosidl_typesupport_introspection_cpp
[6.027s] [ 85%] Built target zed_msgs__rosidl_typesupport_fastrtps_cpp
[6.246s] [ 85%] Built target zed_msgs
[6.437s] [ 85%] Built target zed_msgs__py
[6.643s] [35m[1mConsolidate compiler generated dependencies of target zed_msgs__rosidl_generator_py[0m
[6.854s] [ 97%] Built target zed_msgs__rosidl_generator_py
[6.977s] [35m[1mConsolidate compiler generated dependencies of target zed_msgs__rosidl_typesupport_c__pyext[0m
[6.979s] [35m[1mConsolidate compiler generated dependencies of target zed_msgs__rosidl_typesupport_fastrtps_c__pyext[0m
[6.988s] [35m[1mConsolidate compiler generated dependencies of target zed_msgs__rosidl_typesupport_introspection_c__pyext[0m
[7.143s] [ 98%] Built target zed_msgs__rosidl_typesupport_c__pyext
[7.177s] [ 99%] Built target zed_msgs__rosidl_typesupport_fastrtps_c__pyext
[7.183s] [100%] Built target zed_msgs__rosidl_typesupport_introspection_c__pyext
[7.328s] running egg_info
[7.331s] writing zed_msgs.egg-info/PKG-INFO
[7.332s] writing dependency_links to zed_msgs.egg-info/dependency_links.txt
[7.333s] writing top-level names to zed_msgs.egg-info/top_level.txt
[7.342s] reading manifest file 'zed_msgs.egg-info/SOURCES.txt'
[7.352s] writing manifest file 'zed_msgs.egg-info/SOURCES.txt'
[7.515s] [100%] Built target ament_cmake_python_build_zed_msgs_egg
[7.621s] Invoked command in '/home/baris/mavivatan_ws/build/zed_msgs' returned '0': CMAKE_PREFIX_PATH=${CMAKE_PREFIX_PATH}:/home/baris/mavivatan_ws/install/mavivatan_paket:/opt/ros/humble /usr/bin/cmake --build /home/baris/mavivatan_ws/build/zed_msgs -- -j6 -l6
[7.635s] Invoking command in '/home/baris/mavivatan_ws/build/zed_msgs': CMAKE_PREFIX_PATH=${CMAKE_PREFIX_PATH}:/home/baris/mavivatan_ws/install/mavivatan_paket:/opt/ros/humble /usr/bin/cmake --install /home/baris/mavivatan_ws/build/zed_msgs
[7.658s] -- Install configuration: "Release"
[7.661s] -- Up-to-date: /home/baris/mavivatan_ws/install/zed_msgs/share/ament_index/resource_index/rosidl_interfaces/zed_msgs
[7.664s] -- Up-to-date: /home/baris/mavivatan_ws/install/zed_msgs/include/zed_msgs/zed_msgs
[7.665s] -- Up-to-date: /home/baris/mavivatan_ws/install/zed_msgs/include/zed_msgs/zed_msgs/srv
[7.665s] -- Up-to-date: /home/baris/mavivatan_ws/install/zed_msgs/include/zed_msgs/zed_msgs/srv/detail
[7.666s] -- Up-to-date: /home/baris/mavivatan_ws/install/zed_msgs/include/zed_msgs/zed_msgs/srv/detail/set_svo_frame__functions.h
[7.666s] -- Up-to-date: /home/baris/mavivatan_ws/install/zed_msgs/include/zed_msgs/zed_msgs/srv/detail/set_svo_frame__struct.h
[7.666s] -- Up-to-date: /home/baris/mavivatan_ws/install/zed_msgs/include/zed_msgs/zed_msgs/srv/detail/set_pose__struct.h
[7.666s] -- Up-to-date: /home/baris/mavivatan_ws/install/zed_msgs/include/zed_msgs/zed_msgs/srv/detail/set_pose__functions.c
[7.666s] -- Up-to-date: /home/baris/mavivatan_ws/install/zed_msgs/include/zed_msgs/zed_msgs/srv/detail/set_roi__functions.c
[7.668s] -- Up-to-date: /home/baris/mavivatan_ws/install/zed_msgs/include/zed_msgs/zed_msgs/srv/detail/set_roi__functions.h
[7.668s] -- Up-to-date: /home/baris/mavivatan_ws/install/zed_msgs/include/zed_msgs/zed_msgs/srv/detail/start_svo_rec__functions.h
[7.668s] -- Up-to-date: /home/baris/mavivatan_ws/install/zed_msgs/include/zed_msgs/zed_msgs/srv/detail/set_roi__struct.h
[7.668s] -- Up-to-date: /home/baris/mavivatan_ws/install/zed_msgs/include/zed_msgs/zed_msgs/srv/detail/set_pose__type_support.h
[7.669s] -- Up-to-date: /home/baris/mavivatan_ws/install/zed_msgs/include/zed_msgs/zed_msgs/srv/detail/save_area_memory__struct.h
[7.669s] -- Up-to-date: /home/baris/mavivatan_ws/install/zed_msgs/include/zed_msgs/zed_msgs/srv/detail/set_svo_frame__type_support.h
[7.669s] -- Up-to-date: /home/baris/mavivatan_ws/install/zed_msgs/include/zed_msgs/zed_msgs/srv/detail/save_area_memory__functions.h
[7.669s] -- Up-to-date: /home/baris/mavivatan_ws/install/zed_msgs/include/zed_msgs/zed_msgs/srv/detail/start_svo_rec__struct.h
[7.669s] -- Up-to-date: /home/baris/mavivatan_ws/install/zed_msgs/include/zed_msgs/zed_msgs/srv/detail/start_svo_rec__functions.c
[7.669s] -- Up-to-date: /home/baris/mavivatan_ws/install/zed_msgs/include/zed_msgs/zed_msgs/srv/detail/save_area_memory__functions.c
[7.670s] -- Up-to-date: /home/baris/mavivatan_ws/install/zed_msgs/include/zed_msgs/zed_msgs/srv/detail/set_svo_frame__functions.c
[7.670s] -- Up-to-date: /home/baris/mavivatan_ws/install/zed_msgs/include/zed_msgs/zed_msgs/srv/detail/save_area_memory__type_support.h
[7.670s] -- Up-to-date: /home/baris/mavivatan_ws/install/zed_msgs/include/zed_msgs/zed_msgs/srv/detail/set_pose__functions.h
[7.670s] -- Up-to-date: /home/baris/mavivatan_ws/install/zed_msgs/include/zed_msgs/zed_msgs/srv/detail/start_svo_rec__type_support.h
[7.670s] -- Up-to-date: /home/baris/mavivatan_ws/install/zed_msgs/include/zed_msgs/zed_msgs/srv/detail/set_roi__type_support.h
[7.670s] -- Up-to-date: /home/baris/mavivatan_ws/install/zed_msgs/include/zed_msgs/zed_msgs/srv/save_area_memory.h
[7.670s] -- Up-to-date: /home/baris/mavivatan_ws/install/zed_msgs/include/zed_msgs/zed_msgs/srv/start_svo_rec.h
[7.671s] -- Up-to-date: /home/baris/mavivatan_ws/install/zed_msgs/include/zed_msgs/zed_msgs/srv/set_svo_frame.h
[7.671s] -- Up-to-date: /home/baris/mavivatan_ws/install/zed_msgs/include/zed_msgs/zed_msgs/srv/set_pose.h
[7.671s] -- Up-to-date: /home/baris/mavivatan_ws/install/zed_msgs/include/zed_msgs/zed_msgs/srv/set_roi.h
[7.671s] -- Up-to-date: /home/baris/mavivatan_ws/install/zed_msgs/include/zed_msgs/zed_msgs/msg
[7.672s] -- Up-to-date: /home/baris/mavivatan_ws/install/zed_msgs/include/zed_msgs/zed_msgs/msg/detail
[7.673s] -- Up-to-date: /home/baris/mavivatan_ws/install/zed_msgs/include/zed_msgs/zed_msgs/msg/detail/skeleton2_d__functions.h
[7.673s] -- Up-to-date: /home/baris/mavivatan_ws/install/zed_msgs/include/zed_msgs/zed_msgs/msg/detail/skeleton2_d__functions.c
[7.673s] -- Up-to-date: /home/baris/mavivatan_ws/install/zed_msgs/include/zed_msgs/zed_msgs/msg/detail/objects_stamped__type_support.h
[7.674s] -- Up-to-date: /home/baris/mavivatan_ws/install/zed_msgs/include/zed_msgs/zed_msgs/msg/detail/gnss_fusion_status__struct.h
[7.688s] -- Up-to-date: /home/baris/mavivatan_ws/install/zed_msgs/include/zed_msgs/zed_msgs/msg/detail/mag_heading_status__functions.c
[7.689s] -- Up-to-date: /home/baris/mavivatan_ws/install/zed_msgs/include/zed_msgs/zed_msgs/msg/detail/keypoint2_di__type_support.h
[7.689s] -- Up-to-date: /home/baris/mavivatan_ws/install/zed_msgs/include/zed_msgs/zed_msgs/msg/detail/gnss_fusion_status__functions.c
[7.689s] -- Up-to-date: /home/baris/mavivatan_ws/install/zed_msgs/include/zed_msgs/zed_msgs/msg/detail/plane_stamped__struct.h
[7.690s] -- Up-to-date: /home/baris/mavivatan_ws/install/zed_msgs/include/zed_msgs/zed_msgs/msg/detail/health_status_stamped__type_support.h
[7.690s] -- Up-to-date: /home/baris/mavivatan_ws/install/zed_msgs/include/zed_msgs/zed_msgs/msg/detail/mag_heading_status__type_support.h
[7.690s] -- Up-to-date: /home/baris/mavivatan_ws/install/zed_msgs/include/zed_msgs/zed_msgs/msg/detail/objects_stamped__functions.c
[7.690s] -- Up-to-date: /home/baris/mavivatan_ws/install/zed_msgs/include/zed_msgs/zed_msgs/msg/detail/mag_heading_status__struct.h
[7.690s] -- Up-to-date: /home/baris/mavivatan_ws/install/zed_msgs/include/zed_msgs/zed_msgs/msg/detail/keypoint3_d__functions.h
[7.690s] -- Up-to-date: /home/baris/mavivatan_ws/install/zed_msgs/include/zed_msgs/zed_msgs/msg/detail/depth_info_stamped__struct.h
[7.690s] -- Up-to-date: /home/baris/mavivatan_ws/install/zed_msgs/include/zed_msgs/zed_msgs/msg/detail/depth_info_stamped__functions.h
[7.693s] -- Up-to-date: /home/baris/mavivatan_ws/install/zed_msgs/include/zed_msgs/zed_msgs/msg/detail/objects_stamped__struct.h
[7.693s] -- Up-to-date: /home/baris/mavivatan_ws/install/zed_msgs/include/zed_msgs/zed_msgs/msg/detail/health_status_stamped__functions.c
[7.694s] -- Up-to-date: /home/baris/mavivatan_ws/install/zed_msgs/include/zed_msgs/zed_msgs/msg/detail/skeleton2_d__type_support.h
[7.694s] -- Up-to-date: /home/baris/mavivatan_ws/install/zed_msgs/include/zed_msgs/zed_msgs/msg/detail/heartbeat__functions.h
[7.694s] -- Up-to-date: /home/baris/mavivatan_ws/install/zed_msgs/include/zed_msgs/zed_msgs/msg/detail/object__struct.h
[7.694s] -- Up-to-date: /home/baris/mavivatan_ws/install/zed_msgs/include/zed_msgs/zed_msgs/msg/detail/depth_info_stamped__type_support.h
[7.694s] -- Up-to-date: /home/baris/mavivatan_ws/install/zed_msgs/include/zed_msgs/zed_msgs/msg/detail/objects_stamped__functions.h
[7.694s] -- Up-to-date: /home/baris/mavivatan_ws/install/zed_msgs/include/zed_msgs/zed_msgs/msg/detail/bounding_box2_di__type_support.h
[7.695s] -- Up-to-date: /home/baris/mavivatan_ws/install/zed_msgs/include/zed_msgs/zed_msgs/msg/detail/skeleton3_d__struct.h
[7.695s] -- Up-to-date: /home/baris/mavivatan_ws/install/zed_msgs/include/zed_msgs/zed_msgs/msg/detail/pos_track_status__functions.c
[7.695s] -- Up-to-date: /home/baris/mavivatan_ws/install/zed_msgs/include/zed_msgs/zed_msgs/msg/detail/bounding_box3_d__type_support.h
[7.695s] -- Up-to-date: /home/baris/mavivatan_ws/install/zed_msgs/include/zed_msgs/zed_msgs/msg/detail/skeleton2_d__struct.h
[7.695s] -- Up-to-date: /home/baris/mavivatan_ws/install/zed_msgs/include/zed_msgs/zed_msgs/msg/detail/bounding_box2_di__functions.h
[7.695s] -- Up-to-date: /home/baris/mavivatan_ws/install/zed_msgs/include/zed_msgs/zed_msgs/msg/detail/pos_track_status__struct.h
[7.695s] -- Up-to-date: /home/baris/mavivatan_ws/install/zed_msgs/include/zed_msgs/zed_msgs/msg/detail/heartbeat__type_support.h
[7.696s] -- Up-to-date: /home/baris/mavivatan_ws/install/zed_msgs/include/zed_msgs/zed_msgs/msg/detail/pos_track_status__functions.h
[7.696s] -- Up-to-date: /home/baris/mavivatan_ws/install/zed_msgs/include/zed_msgs/zed_msgs/msg/detail/svo_status__functions.c
[7.696s] -- Up-to-date: /home/baris/mavivatan_ws/install/zed_msgs/include/zed_msgs/zed_msgs/msg/detail/mag_heading_status__functions.h
[7.696s] -- Up-to-date: /home/baris/mavivatan_ws/install/zed_msgs/include/zed_msgs/zed_msgs/msg/detail/bounding_box3_d__functions.h
[7.696s] -- Up-to-date: /home/baris/mavivatan_ws/install/zed_msgs/include/zed_msgs/zed_msgs/msg/detail/keypoint3_d__struct.h
[7.696s] -- Up-to-date: /home/baris/mavivatan_ws/install/zed_msgs/include/zed_msgs/zed_msgs/msg/detail/skeleton3_d__functions.c
[7.696s] -- Up-to-date: /home/baris/mavivatan_ws/install/zed_msgs/include/zed_msgs/zed_msgs/msg/detail/skeleton3_d__functions.h
[7.696s] -- Up-to-date: /home/baris/mavivatan_ws/install/zed_msgs/include/zed_msgs/zed_msgs/msg/detail/bounding_box2_df__functions.c
[7.697s] -- Up-to-date: /home/baris/mavivatan_ws/install/zed_msgs/include/zed_msgs/zed_msgs/msg/detail/depth_info_stamped__functions.c
[7.697s] -- Up-to-date: /home/baris/mavivatan_ws/install/zed_msgs/include/zed_msgs/zed_msgs/msg/detail/gnss_fusion_status__functions.h
[7.697s] -- Up-to-date: /home/baris/mavivatan_ws/install/zed_msgs/include/zed_msgs/zed_msgs/msg/detail/bounding_box2_df__type_support.h
[7.697s] -- Up-to-date: /home/baris/mavivatan_ws/install/zed_msgs/include/zed_msgs/zed_msgs/msg/detail/heartbeat__functions.c
[7.697s] -- Up-to-date: /home/baris/mavivatan_ws/install/zed_msgs/include/zed_msgs/zed_msgs/msg/detail/object__type_support.h
[7.697s] -- Up-to-date: /home/baris/mavivatan_ws/install/zed_msgs/include/zed_msgs/zed_msgs/msg/detail/plane_stamped__functions.h
[7.698s] -- Up-to-date: /home/baris/mavivatan_ws/install/zed_msgs/include/zed_msgs/zed_msgs/msg/detail/svo_status__functions.h
[7.698s] -- Up-to-date: /home/baris/mavivatan_ws/install/zed_msgs/include/zed_msgs/zed_msgs/msg/detail/svo_status__struct.h
[7.698s] -- Up-to-date: /home/baris/mavivatan_ws/install/zed_msgs/include/zed_msgs/zed_msgs/msg/detail/keypoint2_di__functions.c
[7.698s] -- Up-to-date: /home/baris/mavivatan_ws/install/zed_msgs/include/zed_msgs/zed_msgs/msg/detail/object__functions.c
[7.698s] -- Up-to-date: /home/baris/mavivatan_ws/install/zed_msgs/include/zed_msgs/zed_msgs/msg/detail/health_status_stamped__struct.h
[7.698s] -- Up-to-date: /home/baris/mavivatan_ws/install/zed_msgs/include/zed_msgs/zed_msgs/msg/detail/bounding_box2_di__struct.h
[7.707s] -- Up-to-date: /home/baris/mavivatan_ws/install/zed_msgs/include/zed_msgs/zed_msgs/msg/detail/heartbeat__struct.h
[7.708s] -- Up-to-date: /home/baris/mavivatan_ws/install/zed_msgs/include/zed_msgs/zed_msgs/msg/detail/plane_stamped__type_support.h
[7.708s] -- Up-to-date: /home/baris/mavivatan_ws/install/zed_msgs/include/zed_msgs/zed_msgs/msg/detail/svo_status__type_support.h
[7.708s] -- Up-to-date: /home/baris/mavivatan_ws/install/zed_msgs/include/zed_msgs/zed_msgs/msg/detail/keypoint2_df__struct.h
[7.708s] -- Up-to-date: /home/baris/mavivatan_ws/install/zed_msgs/include/zed_msgs/zed_msgs/msg/detail/keypoint3_d__type_support.h
[7.708s] -- Up-to-date: /home/baris/mavivatan_ws/install/zed_msgs/include/zed_msgs/zed_msgs/msg/detail/bounding_box3_d__functions.c
[7.709s] -- Up-to-date: /home/baris/mavivatan_ws/install/zed_msgs/include/zed_msgs/zed_msgs/msg/detail/keypoint2_df__functions.h
[7.709s] -- Up-to-date: /home/baris/mavivatan_ws/install/zed_msgs/include/zed_msgs/zed_msgs/msg/detail/keypoint2_df__functions.c
[7.709s] -- Up-to-date: /home/baris/mavivatan_ws/install/zed_msgs/include/zed_msgs/zed_msgs/msg/detail/health_status_stamped__functions.h
[7.709s] -- Up-to-date: /home/baris/mavivatan_ws/install/zed_msgs/include/zed_msgs/zed_msgs/msg/detail/keypoint2_df__type_support.h
[7.709s] -- Up-to-date: /home/baris/mavivatan_ws/install/zed_msgs/include/zed_msgs/zed_msgs/msg/detail/plane_stamped__functions.c
[7.709s] -- Up-to-date: /home/baris/mavivatan_ws/install/zed_msgs/include/zed_msgs/zed_msgs/msg/detail/pos_track_status__type_support.h
[7.709s] -- Up-to-date: /home/baris/mavivatan_ws/install/zed_msgs/include/zed_msgs/zed_msgs/msg/detail/bounding_box2_df__struct.h
[7.729s] -- Up-to-date: /home/baris/mavivatan_ws/install/zed_msgs/include/zed_msgs/zed_msgs/msg/detail/bounding_box2_di__functions.c
[7.730s] -- Up-to-date: /home/baris/mavivatan_ws/install/zed_msgs/include/zed_msgs/zed_msgs/msg/detail/bounding_box2_df__functions.h
[7.730s] -- Up-to-date: /home/baris/mavivatan_ws/install/zed_msgs/include/zed_msgs/zed_msgs/msg/detail/bounding_box3_d__struct.h
[7.730s] -- Up-to-date: /home/baris/mavivatan_ws/install/zed_msgs/include/zed_msgs/zed_msgs/msg/detail/skeleton3_d__type_support.h
[7.731s] -- Up-to-date: /home/baris/mavivatan_ws/install/zed_msgs/include/zed_msgs/zed_msgs/msg/detail/keypoint3_d__functions.c
[7.731s] -- Up-to-date: /home/baris/mavivatan_ws/install/zed_msgs/include/zed_msgs/zed_msgs/msg/detail/keypoint2_di__functions.h
[7.731s] -- Up-to-date: /home/baris/mavivatan_ws/install/zed_msgs/include/zed_msgs/zed_msgs/msg/detail/keypoint2_di__struct.h
[7.731s] -- Up-to-date: /home/baris/mavivatan_ws/install/zed_msgs/include/zed_msgs/zed_msgs/msg/detail/object__functions.h
[7.732s] -- Up-to-date: /home/baris/mavivatan_ws/install/zed_msgs/include/zed_msgs/zed_msgs/msg/detail/gnss_fusion_status__type_support.h
[7.732s] -- Up-to-date: /home/baris/mavivatan_ws/install/zed_msgs/include/zed_msgs/zed_msgs/msg/plane_stamped.h
[7.732s] -- Up-to-date: /home/baris/mavivatan_ws/install/zed_msgs/include/zed_msgs/zed_msgs/msg/svo_status.h
[7.734s] -- Up-to-date: /home/baris/mavivatan_ws/install/zed_msgs/include/zed_msgs/zed_msgs/msg/rosidl_generator_c__visibility_control.h
[7.734s] -- Up-to-date: /home/baris/mavivatan_ws/install/zed_msgs/include/zed_msgs/zed_msgs/msg/keypoint2_df.h
[7.734s] -- Up-to-date: /home/baris/mavivatan_ws/install/zed_msgs/include/zed_msgs/zed_msgs/msg/keypoint3_d.h
[7.734s] -- Up-to-date: /home/baris/mavivatan_ws/install/zed_msgs/include/zed_msgs/zed_msgs/msg/bounding_box2_di.h
[7.735s] -- Up-to-date: /home/baris/mavivatan_ws/install/zed_msgs/include/zed_msgs/zed_msgs/msg/bounding_box3_d.h
[7.735s] -- Up-to-date: /home/baris/mavivatan_ws/install/zed_msgs/include/zed_msgs/zed_msgs/msg/pos_track_status.h
[7.735s] -- Up-to-date: /home/baris/mavivatan_ws/install/zed_msgs/include/zed_msgs/zed_msgs/msg/health_status_stamped.h
[7.735s] -- Up-to-date: /home/baris/mavivatan_ws/install/zed_msgs/include/zed_msgs/zed_msgs/msg/object.h
[7.735s] -- Up-to-date: /home/baris/mavivatan_ws/install/zed_msgs/include/zed_msgs/zed_msgs/msg/keypoint2_di.h
[7.735s] -- Up-to-date: /home/baris/mavivatan_ws/install/zed_msgs/include/zed_msgs/zed_msgs/msg/objects_stamped.h
[7.741s] -- Up-to-date: /home/baris/mavivatan_ws/install/zed_msgs/include/zed_msgs/zed_msgs/msg/skeleton2_d.h
[7.749s] -- Up-to-date: /home/baris/mavivatan_ws/install/zed_msgs/include/zed_msgs/zed_msgs/msg/heartbeat.h
[7.750s] -- Up-to-date: /home/baris/mavivatan_ws/install/zed_msgs/include/zed_msgs/zed_msgs/msg/gnss_fusion_status.h
[7.750s] -- Up-to-date: /home/baris/mavivatan_ws/install/zed_msgs/include/zed_msgs/zed_msgs/msg/depth_info_stamped.h
[7.750s] -- Up-to-date: /home/baris/mavivatan_ws/install/zed_msgs/include/zed_msgs/zed_msgs/msg/mag_heading_status.h
[7.750s] -- Up-to-date: /home/baris/mavivatan_ws/install/zed_msgs/include/zed_msgs/zed_msgs/msg/skeleton3_d.h
[7.750s] -- Up-to-date: /home/baris/mavivatan_ws/install/zed_msgs/include/zed_msgs/zed_msgs/msg/bounding_box2_df.h
[7.751s] -- Up-to-date: /home/baris/mavivatan_ws/install/zed_msgs/share/zed_msgs/environment/library_path.sh
[7.751s] -- Installing: /home/baris/mavivatan_ws/install/zed_msgs/share/zed_msgs/environment/library_path.dsv
[7.751s] -- Up-to-date: /home/baris/mavivatan_ws/install/zed_msgs/lib/libzed_msgs__rosidl_generator_c.so
[7.751s] -- Up-to-date: /home/baris/mavivatan_ws/install/zed_msgs/include/zed_msgs/zed_msgs
[7.751s] -- Up-to-date: /home/baris/mavivatan_ws/install/zed_msgs/include/zed_msgs/zed_msgs/srv
[7.751s] -- Up-to-date: /home/baris/mavivatan_ws/install/zed_msgs/include/zed_msgs/zed_msgs/srv/detail
[7.751s] -- Up-to-date: /home/baris/mavivatan_ws/install/zed_msgs/include/zed_msgs/zed_msgs/srv/detail/set_pose__rosidl_typesupport_fastrtps_c.h
[7.752s] -- Up-to-date: /home/baris/mavivatan_ws/install/zed_msgs/include/zed_msgs/zed_msgs/srv/detail/set_svo_frame__rosidl_typesupport_fastrtps_c.h
[7.752s] -- Up-to-date: /home/baris/mavivatan_ws/install/zed_msgs/include/zed_msgs/zed_msgs/srv/detail/save_area_memory__rosidl_typesupport_fastrtps_c.h
[7.752s] -- Up-to-date: /home/baris/mavivatan_ws/install/zed_msgs/include/zed_msgs/zed_msgs/srv/detail/set_roi__rosidl_typesupport_fastrtps_c.h
[7.752s] -- Up-to-date: /home/baris/mavivatan_ws/install/zed_msgs/include/zed_msgs/zed_msgs/srv/detail/start_svo_rec__rosidl_typesupport_fastrtps_c.h
[7.752s] -- Up-to-date: /home/baris/mavivatan_ws/install/zed_msgs/include/zed_msgs/zed_msgs/msg
[7.753s] -- Up-to-date: /home/baris/mavivatan_ws/install/zed_msgs/include/zed_msgs/zed_msgs/msg/detail
[7.753s] -- Up-to-date: /home/baris/mavivatan_ws/install/zed_msgs/include/zed_msgs/zed_msgs/msg/detail/keypoint2_df__rosidl_typesupport_fastrtps_c.h
[7.753s] -- Up-to-date: /home/baris/mavivatan_ws/install/zed_msgs/include/zed_msgs/zed_msgs/msg/detail/mag_heading_status__rosidl_typesupport_fastrtps_c.h
[7.753s] -- Up-to-date: /home/baris/mavivatan_ws/install/zed_msgs/include/zed_msgs/zed_msgs/msg/detail/plane_stamped__rosidl_typesupport_fastrtps_c.h
[7.754s] -- Up-to-date: /home/baris/mavivatan_ws/install/zed_msgs/include/zed_msgs/zed_msgs/msg/detail/depth_info_stamped__rosidl_typesupport_fastrtps_c.h
[7.754s] -- Up-to-date: /home/baris/mavivatan_ws/install/zed_msgs/include/zed_msgs/zed_msgs/msg/detail/keypoint3_d__rosidl_typesupport_fastrtps_c.h
[7.754s] -- Up-to-date: /home/baris/mavivatan_ws/install/zed_msgs/include/zed_msgs/zed_msgs/msg/detail/objects_stamped__rosidl_typesupport_fastrtps_c.h
[7.754s] -- Up-to-date: /home/baris/mavivatan_ws/install/zed_msgs/include/zed_msgs/zed_msgs/msg/detail/gnss_fusion_status__rosidl_typesupport_fastrtps_c.h
[7.754s] -- Up-to-date: /home/baris/mavivatan_ws/install/zed_msgs/include/zed_msgs/zed_msgs/msg/detail/bounding_box2_di__rosidl_typesupport_fastrtps_c.h
[7.754s] -- Up-to-date: /home/baris/mavivatan_ws/install/zed_msgs/include/zed_msgs/zed_msgs/msg/detail/bounding_box3_d__rosidl_typesupport_fastrtps_c.h
[7.754s] -- Up-to-date: /home/baris/mavivatan_ws/install/zed_msgs/include/zed_msgs/zed_msgs/msg/detail/skeleton2_d__rosidl_typesupport_fastrtps_c.h
[7.755s] -- Up-to-date: /home/baris/mavivatan_ws/install/zed_msgs/include/zed_msgs/zed_msgs/msg/detail/object__rosidl_typesupport_fastrtps_c.h
[7.755s] -- Up-to-date: /home/baris/mavivatan_ws/install/zed_msgs/include/zed_msgs/zed_msgs/msg/detail/pos_track_status__rosidl_typesupport_fastrtps_c.h
[7.755s] -- Up-to-date: /home/baris/mavivatan_ws/install/zed_msgs/include/zed_msgs/zed_msgs/msg/detail/keypoint2_di__rosidl_typesupport_fastrtps_c.h
[7.755s] -- Up-to-date: /home/baris/mavivatan_ws/install/zed_msgs/include/zed_msgs/zed_msgs/msg/detail/skeleton3_d__rosidl_typesupport_fastrtps_c.h
[7.755s] -- Up-to-date: /home/baris/mavivatan_ws/install/zed_msgs/include/zed_msgs/zed_msgs/msg/detail/health_status_stamped__rosidl_typesupport_fastrtps_c.h
[7.755s] -- Up-to-date: /home/baris/mavivatan_ws/install/zed_msgs/include/zed_msgs/zed_msgs/msg/detail/svo_status__rosidl_typesupport_fastrtps_c.h
[7.755s] -- Up-to-date: /home/baris/mavivatan_ws/install/zed_msgs/include/zed_msgs/zed_msgs/msg/detail/heartbeat__rosidl_typesupport_fastrtps_c.h
[7.756s] -- Up-to-date: /home/baris/mavivatan_ws/install/zed_msgs/include/zed_msgs/zed_msgs/msg/detail/bounding_box2_df__rosidl_typesupport_fastrtps_c.h
[7.756s] -- Up-to-date: /home/baris/mavivatan_ws/install/zed_msgs/include/zed_msgs/zed_msgs/msg/rosidl_typesupport_fastrtps_c__visibility_control.h
[7.756s] -- Up-to-date: /home/baris/mavivatan_ws/install/zed_msgs/lib/libzed_msgs__rosidl_typesupport_fastrtps_c.so
[7.756s] -- Up-to-date: /home/baris/mavivatan_ws/install/zed_msgs/include/zed_msgs/zed_msgs
[7.756s] -- Up-to-date: /home/baris/mavivatan_ws/install/zed_msgs/include/zed_msgs/zed_msgs/srv
[7.756s] -- Up-to-date: /home/baris/mavivatan_ws/install/zed_msgs/include/zed_msgs/zed_msgs/srv/detail
[7.756s] -- Up-to-date: /home/baris/mavivatan_ws/install/zed_msgs/include/zed_msgs/zed_msgs/srv/detail/set_pose__traits.hpp
[7.756s] -- Up-to-date: /home/baris/mavivatan_ws/install/zed_msgs/include/zed_msgs/zed_msgs/srv/detail/save_area_memory__struct.hpp
[7.757s] -- Up-to-date: /home/baris/mavivatan_ws/install/zed_msgs/include/zed_msgs/zed_msgs/srv/detail/start_svo_rec__builder.hpp
[7.757s] -- Up-to-date: /home/baris/mavivatan_ws/install/zed_msgs/include/zed_msgs/zed_msgs/srv/detail/set_svo_frame__struct.hpp
[7.757s] -- Up-to-date: /home/baris/mavivatan_ws/install/zed_msgs/include/zed_msgs/zed_msgs/srv/detail/set_roi__struct.hpp
[7.757s] -- Up-to-date: /home/baris/mavivatan_ws/install/zed_msgs/include/zed_msgs/zed_msgs/srv/detail/set_svo_frame__traits.hpp
[7.757s] -- Up-to-date: /home/baris/mavivatan_ws/install/zed_msgs/include/zed_msgs/zed_msgs/srv/detail/save_area_memory__type_support.hpp
[7.757s] -- Up-to-date: /home/baris/mavivatan_ws/install/zed_msgs/include/zed_msgs/zed_msgs/srv/detail/save_area_memory__builder.hpp
[7.757s] -- Up-to-date: /home/baris/mavivatan_ws/install/zed_msgs/include/zed_msgs/zed_msgs/srv/detail/set_roi__traits.hpp
[7.758s] -- Up-to-date: /home/baris/mavivatan_ws/install/zed_msgs/include/zed_msgs/zed_msgs/srv/detail/start_svo_rec__traits.hpp
[7.758s] -- Up-to-date: /home/baris/mavivatan_ws/install/zed_msgs/include/zed_msgs/zed_msgs/srv/detail/set_svo_frame__type_support.hpp
[7.758s] -- Up-to-date: /home/baris/mavivatan_ws/install/zed_msgs/include/zed_msgs/zed_msgs/srv/detail/set_pose__builder.hpp
[7.758s] -- Up-to-date: /home/baris/mavivatan_ws/install/zed_msgs/include/zed_msgs/zed_msgs/srv/detail/set_svo_frame__builder.hpp
[7.758s] -- Up-to-date: /home/baris/mavivatan_ws/install/zed_msgs/include/zed_msgs/zed_msgs/srv/detail/save_area_memory__traits.hpp
[7.758s] -- Up-to-date: /home/baris/mavivatan_ws/install/zed_msgs/include/zed_msgs/zed_msgs/srv/detail/start_svo_rec__struct.hpp
[7.758s] -- Up-to-date: /home/baris/mavivatan_ws/install/zed_msgs/include/zed_msgs/zed_msgs/srv/detail/start_svo_rec__type_support.hpp
[7.759s] -- Up-to-date: /home/baris/mavivatan_ws/install/zed_msgs/include/zed_msgs/zed_msgs/srv/detail/set_roi__builder.hpp
[7.759s] -- Up-to-date: /home/baris/mavivatan_ws/install/zed_msgs/include/zed_msgs/zed_msgs/srv/detail/set_pose__type_support.hpp
[7.759s] -- Up-to-date: /home/baris/mavivatan_ws/install/zed_msgs/include/zed_msgs/zed_msgs/srv/detail/set_roi__type_support.hpp
[7.759s] -- Up-to-date: /home/baris/mavivatan_ws/install/zed_msgs/include/zed_msgs/zed_msgs/srv/detail/set_pose__struct.hpp
[7.759s] -- Up-to-date: /home/baris/mavivatan_ws/install/zed_msgs/include/zed_msgs/zed_msgs/srv/start_svo_rec.hpp
[7.759s] -- Up-to-date: /home/baris/mavivatan_ws/install/zed_msgs/include/zed_msgs/zed_msgs/srv/set_pose.hpp
[7.759s] -- Up-to-date: /home/baris/mavivatan_ws/install/zed_msgs/include/zed_msgs/zed_msgs/srv/set_roi.hpp
[7.760s] -- Up-to-date: /home/baris/mavivatan_ws/install/zed_msgs/include/zed_msgs/zed_msgs/srv/save_area_memory.hpp
[7.760s] -- Up-to-date: /home/baris/mavivatan_ws/install/zed_msgs/include/zed_msgs/zed_msgs/srv/set_svo_frame.hpp
[7.760s] -- Up-to-date: /home/baris/mavivatan_ws/install/zed_msgs/include/zed_msgs/zed_msgs/msg
[7.760s] -- Up-to-date: /home/baris/mavivatan_ws/install/zed_msgs/include/zed_msgs/zed_msgs/msg/mag_heading_status.hpp
[7.760s] -- Up-to-date: /home/baris/mavivatan_ws/install/zed_msgs/include/zed_msgs/zed_msgs/msg/detail
[7.760s] -- Up-to-date: /home/baris/mavivatan_ws/install/zed_msgs/include/zed_msgs/zed_msgs/msg/detail/keypoint2_di__traits.hpp
[7.760s] -- Up-to-date: /home/baris/mavivatan_ws/install/zed_msgs/include/zed_msgs/zed_msgs/msg/detail/bounding_box2_df__builder.hpp
[7.761s] -- Up-to-date: /home/baris/mavivatan_ws/install/zed_msgs/include/zed_msgs/zed_msgs/msg/detail/svo_status__builder.hpp
[7.782s] -- Up-to-date: /home/baris/mavivatan_ws/install/zed_msgs/include/zed_msgs/zed_msgs/msg/detail/object__builder.hpp
[7.783s] -- Up-to-date: /home/baris/mavivatan_ws/install/zed_msgs/include/zed_msgs/zed_msgs/msg/detail/gnss_fusion_status__type_support.hpp
[7.788s] -- Up-to-date: /home/baris/mavivatan_ws/install/zed_msgs/include/zed_msgs/zed_msgs/msg/detail/skeleton3_d__traits.hpp
[7.789s] -- Up-to-date: /home/baris/mavivatan_ws/install/zed_msgs/include/zed_msgs/zed_msgs/msg/detail/object__struct.hpp
[7.789s] -- Up-to-date: /home/baris/mavivatan_ws/install/zed_msgs/include/zed_msgs/zed_msgs/msg/detail/bounding_box2_di__builder.hpp
[7.789s] -- Up-to-date: /home/baris/mavivatan_ws/install/zed_msgs/include/zed_msgs/zed_msgs/msg/detail/bounding_box2_df__type_support.hpp
[7.789s] -- Up-to-date: /home/baris/mavivatan_ws/install/zed_msgs/include/zed_msgs/zed_msgs/msg/detail/gnss_fusion_status__builder.hpp
[7.790s] -- Up-to-date: /home/baris/mavivatan_ws/install/zed_msgs/include/zed_msgs/zed_msgs/msg/detail/keypoint2_df__traits.hpp
[7.790s] -- Up-to-date: /home/baris/mavivatan_ws/install/zed_msgs/include/zed_msgs/zed_msgs/msg/detail/skeleton3_d__builder.hpp
[7.790s] -- Up-to-date: /home/baris/mavivatan_ws/install/zed_msgs/include/zed_msgs/zed_msgs/msg/detail/keypoint2_di__struct.hpp
[7.790s] -- Up-to-date: /home/baris/mavivatan_ws/install/zed_msgs/include/zed_msgs/zed_msgs/msg/detail/bounding_box3_d__builder.hpp
[7.790s] -- Up-to-date: /home/baris/mavivatan_ws/install/zed_msgs/include/zed_msgs/zed_msgs/msg/detail/objects_stamped__struct.hpp
[7.790s] -- Up-to-date: /home/baris/mavivatan_ws/install/zed_msgs/include/zed_msgs/zed_msgs/msg/detail/svo_status__struct.hpp
[7.790s] -- Up-to-date: /home/baris/mavivatan_ws/install/zed_msgs/include/zed_msgs/zed_msgs/msg/detail/keypoint2_df__struct.hpp
[7.791s] -- Up-to-date: /home/baris/mavivatan_ws/install/zed_msgs/include/zed_msgs/zed_msgs/msg/detail/bounding_box2_df__struct.hpp
[7.791s] -- Up-to-date: /home/baris/mavivatan_ws/install/zed_msgs/include/zed_msgs/zed_msgs/msg/detail/depth_info_stamped__builder.hpp
[7.791s] -- Up-to-date: /home/baris/mavivatan_ws/install/zed_msgs/include/zed_msgs/zed_msgs/msg/detail/objects_stamped__builder.hpp
[7.791s] -- Up-to-date: /home/baris/mavivatan_ws/install/zed_msgs/include/zed_msgs/zed_msgs/msg/detail/bounding_box3_d__traits.hpp
[7.791s] -- Up-to-date: /home/baris/mavivatan_ws/install/zed_msgs/include/zed_msgs/zed_msgs/msg/detail/plane_stamped__struct.hpp
[7.791s] -- Up-to-date: /home/baris/mavivatan_ws/install/zed_msgs/include/zed_msgs/zed_msgs/msg/detail/pos_track_status__traits.hpp
[7.791s] -- Up-to-date: /home/baris/mavivatan_ws/install/zed_msgs/include/zed_msgs/zed_msgs/msg/detail/keypoint2_di__type_support.hpp
[7.792s] -- Up-to-date: /home/baris/mavivatan_ws/install/zed_msgs/include/zed_msgs/zed_msgs/msg/detail/heartbeat__traits.hpp
[7.792s] -- Up-to-date: /home/baris/mavivatan_ws/install/zed_msgs/include/zed_msgs/zed_msgs/msg/detail/plane_stamped__type_support.hpp
[7.792s] -- Up-to-date: /home/baris/mavivatan_ws/install/zed_msgs/include/zed_msgs/zed_msgs/msg/detail/heartbeat__struct.hpp
[7.792s] -- Up-to-date: /home/baris/mavivatan_ws/install/zed_msgs/include/zed_msgs/zed_msgs/msg/detail/skeleton2_d__builder.hpp
[7.792s] -- Up-to-date: /home/baris/mavivatan_ws/install/zed_msgs/include/zed_msgs/zed_msgs/msg/detail/bounding_box3_d__type_support.hpp
[7.792s] -- Up-to-date: /home/baris/mavivatan_ws/install/zed_msgs/include/zed_msgs/zed_msgs/msg/detail/pos_track_status__builder.hpp
[7.792s] -- Up-to-date: /home/baris/mavivatan_ws/install/zed_msgs/include/zed_msgs/zed_msgs/msg/detail/health_status_stamped__builder.hpp
[7.793s] -- Up-to-date: /home/baris/mavivatan_ws/install/zed_msgs/include/zed_msgs/zed_msgs/msg/detail/keypoint3_d__builder.hpp
[7.793s] -- Up-to-date: /home/baris/mavivatan_ws/install/zed_msgs/include/zed_msgs/zed_msgs/msg/detail/skeleton2_d__type_support.hpp
[7.793s] -- Up-to-date: /home/baris/mavivatan_ws/install/zed_msgs/include/zed_msgs/zed_msgs/msg/detail/bounding_box3_d__struct.hpp
[7.793s] -- Up-to-date: /home/baris/mavivatan_ws/install/zed_msgs/include/zed_msgs/zed_msgs/msg/detail/health_status_stamped__traits.hpp
[7.793s] -- Up-to-date: /home/baris/mavivatan_ws/install/zed_msgs/include/zed_msgs/zed_msgs/msg/detail/mag_heading_status__type_support.hpp
[7.793s] -- Up-to-date: /home/baris/mavivatan_ws/install/zed_msgs/include/zed_msgs/zed_msgs/msg/detail/objects_stamped__type_support.hpp
[7.793s] -- Up-to-date: /home/baris/mavivatan_ws/install/zed_msgs/include/zed_msgs/zed_msgs/msg/detail/depth_info_stamped__struct.hpp
[7.794s] -- Up-to-date: /home/baris/mavivatan_ws/install/zed_msgs/include/zed_msgs/zed_msgs/msg/detail/depth_info_stamped__traits.hpp
[7.794s] -- Up-to-date: /home/baris/mavivatan_ws/install/zed_msgs/include/zed_msgs/zed_msgs/msg/detail/gnss_fusion_status__traits.hpp
[7.794s] -- Up-to-date: /home/baris/mavivatan_ws/install/zed_msgs/include/zed_msgs/zed_msgs/msg/detail/depth_info_stamped__type_support.hpp
[7.794s] -- Up-to-date: /home/baris/mavivatan_ws/install/zed_msgs/include/zed_msgs/zed_msgs/msg/detail/keypoint3_d__type_support.hpp
[7.794s] -- Up-to-date: /home/baris/mavivatan_ws/install/zed_msgs/include/zed_msgs/zed_msgs/msg/detail/pos_track_status__type_support.hpp
[7.794s] -- Up-to-date: /home/baris/mavivatan_ws/install/zed_msgs/include/zed_msgs/zed_msgs/msg/detail/heartbeat__type_support.hpp
[7.794s] -- Up-to-date: /home/baris/mavivatan_ws/install/zed_msgs/include/zed_msgs/zed_msgs/msg/detail/plane_stamped__builder.hpp
[7.795s] -- Up-to-date: /home/baris/mavivatan_ws/install/zed_msgs/include/zed_msgs/zed_msgs/msg/detail/pos_track_status__struct.hpp
[7.795s] -- Up-to-date: /home/baris/mavivatan_ws/install/zed_msgs/include/zed_msgs/zed_msgs/msg/detail/health_status_stamped__type_support.hpp
[7.795s] -- Up-to-date: /home/baris/mavivatan_ws/install/zed_msgs/include/zed_msgs/zed_msgs/msg/detail/objects_stamped__traits.hpp
[7.795s] -- Up-to-date: /home/baris/mavivatan_ws/install/zed_msgs/include/zed_msgs/zed_msgs/msg/detail/bounding_box2_df__traits.hpp
[7.795s] -- Up-to-date: /home/baris/mavivatan_ws/install/zed_msgs/include/zed_msgs/zed_msgs/msg/detail/bounding_box2_di__type_support.hpp
[7.795s] -- Up-to-date: /home/baris/mavivatan_ws/install/zed_msgs/include/zed_msgs/zed_msgs/msg/detail/gnss_fusion_status__struct.hpp
[7.795s] -- Up-to-date: /home/baris/mavivatan_ws/install/zed_msgs/include/zed_msgs/zed_msgs/msg/detail/skeleton2_d__traits.hpp
[7.795s] -- Up-to-date: /home/baris/mavivatan_ws/install/zed_msgs/include/zed_msgs/zed_msgs/msg/detail/object__traits.hpp
[7.796s] -- Up-to-date: /home/baris/mavivatan_ws/install/zed_msgs/include/zed_msgs/zed_msgs/msg/detail/mag_heading_status__traits.hpp
[7.796s] -- Up-to-date: /home/baris/mavivatan_ws/install/zed_msgs/include/zed_msgs/zed_msgs/msg/detail/keypoint2_di__builder.hpp
[7.796s] -- Up-to-date: /home/baris/mavivatan_ws/install/zed_msgs/include/zed_msgs/zed_msgs/msg/detail/health_status_stamped__struct.hpp
[7.796s] -- Up-to-date: /home/baris/mavivatan_ws/install/zed_msgs/include/zed_msgs/zed_msgs/msg/detail/plane_stamped__traits.hpp
[7.796s] -- Up-to-date: /home/baris/mavivatan_ws/install/zed_msgs/include/zed_msgs/zed_msgs/msg/detail/mag_heading_status__struct.hpp
[7.796s] -- Up-to-date: /home/baris/mavivatan_ws/install/zed_msgs/include/zed_msgs/zed_msgs/msg/detail/bounding_box2_di__struct.hpp
[7.796s] -- Up-to-date: /home/baris/mavivatan_ws/install/zed_msgs/include/zed_msgs/zed_msgs/msg/detail/bounding_box2_di__traits.hpp
[7.797s] -- Up-to-date: /home/baris/mavivatan_ws/install/zed_msgs/include/zed_msgs/zed_msgs/msg/detail/skeleton3_d__struct.hpp
[7.813s] -- Up-to-date: /home/baris/mavivatan_ws/install/zed_msgs/include/zed_msgs/zed_msgs/msg/detail/skeleton2_d__struct.hpp
[7.814s] -- Up-to-date: /home/baris/mavivatan_ws/install/zed_msgs/include/zed_msgs/zed_msgs/msg/detail/keypoint3_d__struct.hpp
[7.814s] -- Up-to-date: /home/baris/mavivatan_ws/install/zed_msgs/include/zed_msgs/zed_msgs/msg/detail/keypoint3_d__traits.hpp
[7.815s] -- Up-to-date: /home/baris/mavivatan_ws/install/zed_msgs/include/zed_msgs/zed_msgs/msg/detail/object__type_support.hpp
[7.815s] -- Up-to-date: /home/baris/mavivatan_ws/install/zed_msgs/include/zed_msgs/zed_msgs/msg/detail/heartbeat__builder.hpp
[7.815s] -- Up-to-date: /home/baris/mavivatan_ws/install/zed_msgs/include/zed_msgs/zed_msgs/msg/detail/svo_status__type_support.hpp
[7.815s] -- Up-to-date: /home/baris/mavivatan_ws/install/zed_msgs/include/zed_msgs/zed_msgs/msg/detail/skeleton3_d__type_support.hpp
[7.815s] -- Up-to-date: /home/baris/mavivatan_ws/install/zed_msgs/include/zed_msgs/zed_msgs/msg/detail/keypoint2_df__type_support.hpp
[7.815s] -- Up-to-date: /home/baris/mavivatan_ws/install/zed_msgs/include/zed_msgs/zed_msgs/msg/detail/mag_heading_status__builder.hpp
[7.816s] -- Up-to-date: /home/baris/mavivatan_ws/install/zed_msgs/include/zed_msgs/zed_msgs/msg/detail/svo_status__traits.hpp
[7.816s] -- Up-to-date: /home/baris/mavivatan_ws/install/zed_msgs/include/zed_msgs/zed_msgs/msg/detail/keypoint2_df__builder.hpp
[7.816s] -- Up-to-date: /home/baris/mavivatan_ws/install/zed_msgs/include/zed_msgs/zed_msgs/msg/object.hpp
[7.816s] -- Up-to-date: /home/baris/mavivatan_ws/install/zed_msgs/include/zed_msgs/zed_msgs/msg/depth_info_stamped.hpp
[7.816s] -- Up-to-date: /home/baris/mavivatan_ws/install/zed_msgs/include/zed_msgs/zed_msgs/msg/pos_track_status.hpp
[7.816s] -- Up-to-date: /home/baris/mavivatan_ws/install/zed_msgs/include/zed_msgs/zed_msgs/msg/heartbeat.hpp
[7.816s] -- Up-to-date: /home/baris/mavivatan_ws/install/zed_msgs/include/zed_msgs/zed_msgs/msg/bounding_box2_df.hpp
[7.817s] -- Up-to-date: /home/baris/mavivatan_ws/install/zed_msgs/include/zed_msgs/zed_msgs/msg/skeleton2_d.hpp
[7.826s] -- Up-to-date: /home/baris/mavivatan_ws/install/zed_msgs/include/zed_msgs/zed_msgs/msg/gnss_fusion_status.hpp
[7.827s] -- Up-to-date: /home/baris/mavivatan_ws/install/zed_msgs/include/zed_msgs/zed_msgs/msg/bounding_box2_di.hpp
[7.827s] -- Up-to-date: /home/baris/mavivatan_ws/install/zed_msgs/include/zed_msgs/zed_msgs/msg/keypoint2_di.hpp
[7.829s] -- Up-to-date: /home/baris/mavivatan_ws/install/zed_msgs/include/zed_msgs/zed_msgs/msg/objects_stamped.hpp
[7.830s] -- Up-to-date: /home/baris/mavivatan_ws/install/zed_msgs/include/zed_msgs/zed_msgs/msg/rosidl_generator_cpp__visibility_control.hpp
[7.830s] -- Up-to-date: /home/baris/mavivatan_ws/install/zed_msgs/include/zed_msgs/zed_msgs/msg/plane_stamped.hpp
[7.830s] -- Up-to-date: /home/baris/mavivatan_ws/install/zed_msgs/include/zed_msgs/zed_msgs/msg/keypoint2_df.hpp
[7.831s] -- Up-to-date: /home/baris/mavivatan_ws/install/zed_msgs/include/zed_msgs/zed_msgs/msg/svo_status.hpp
[7.831s] -- Up-to-date: /home/baris/mavivatan_ws/install/zed_msgs/include/zed_msgs/zed_msgs/msg/health_status_stamped.hpp
[7.831s] -- Up-to-date: /home/baris/mavivatan_ws/install/zed_msgs/include/zed_msgs/zed_msgs/msg/skeleton3_d.hpp
[7.832s] -- Up-to-date: /home/baris/mavivatan_ws/install/zed_msgs/include/zed_msgs/zed_msgs/msg/keypoint3_d.hpp
[7.832s] -- Up-to-date: /home/baris/mavivatan_ws/install/zed_msgs/include/zed_msgs/zed_msgs/msg/bounding_box3_d.hpp
[7.832s] -- Up-to-date: /home/baris/mavivatan_ws/install/zed_msgs/include/zed_msgs/zed_msgs
[7.832s] -- Up-to-date: /home/baris/mavivatan_ws/install/zed_msgs/include/zed_msgs/zed_msgs/srv
[7.832s] -- Up-to-date: /home/baris/mavivatan_ws/install/zed_msgs/include/zed_msgs/zed_msgs/srv/detail
[7.832s] -- Up-to-date: /home/baris/mavivatan_ws/install/zed_msgs/include/zed_msgs/zed_msgs/srv/detail/set_svo_frame__rosidl_typesupport_fastrtps_cpp.hpp
[7.833s] -- Up-to-date: /home/baris/mavivatan_ws/install/zed_msgs/include/zed_msgs/zed_msgs/srv/detail/save_area_memory__rosidl_typesupport_fastrtps_cpp.hpp
[7.833s] -- Up-to-date: /home/baris/mavivatan_ws/install/zed_msgs/include/zed_msgs/zed_msgs/srv/detail/start_svo_rec__rosidl_typesupport_fastrtps_cpp.hpp
[7.833s] -- Up-to-date: /home/baris/mavivatan_ws/install/zed_msgs/include/zed_msgs/zed_msgs/srv/detail/set_roi__rosidl_typesupport_fastrtps_cpp.hpp
[7.833s] -- Up-to-date: /home/baris/mavivatan_ws/install/zed_msgs/include/zed_msgs/zed_msgs/srv/detail/dds_fastrtps
[7.833s] -- Up-to-date: /home/baris/mavivatan_ws/install/zed_msgs/include/zed_msgs/zed_msgs/srv/detail/set_pose__rosidl_typesupport_fastrtps_cpp.hpp
[7.834s] -- Up-to-date: /home/baris/mavivatan_ws/install/zed_msgs/include/zed_msgs/zed_msgs/msg
[7.834s] -- Up-to-date: /home/baris/mavivatan_ws/install/zed_msgs/include/zed_msgs/zed_msgs/msg/detail
[7.834s] -- Up-to-date: /home/baris/mavivatan_ws/install/zed_msgs/include/zed_msgs/zed_msgs/msg/detail/keypoint2_df__rosidl_typesupport_fastrtps_cpp.hpp
[7.835s] -- Up-to-date: /home/baris/mavivatan_ws/install/zed_msgs/include/zed_msgs/zed_msgs/msg/detail/health_status_stamped__rosidl_typesupport_fastrtps_cpp.hpp
[7.836s] -- Up-to-date: /home/baris/mavivatan_ws/install/zed_msgs/include/zed_msgs/zed_msgs/msg/detail/svo_status__rosidl_typesupport_fastrtps_cpp.hpp
[7.836s] -- Up-to-date: /home/baris/mavivatan_ws/install/zed_msgs/include/zed_msgs/zed_msgs/msg/detail/pos_track_status__rosidl_typesupport_fastrtps_cpp.hpp
[7.836s] -- Up-to-date: /home/baris/mavivatan_ws/install/zed_msgs/include/zed_msgs/zed_msgs/msg/detail/depth_info_stamped__rosidl_typesupport_fastrtps_cpp.hpp
[7.837s] -- Up-to-date: /home/baris/mavivatan_ws/install/zed_msgs/include/zed_msgs/zed_msgs/msg/detail/skeleton3_d__rosidl_typesupport_fastrtps_cpp.hpp
[7.837s] -- Up-to-date: /home/baris/mavivatan_ws/install/zed_msgs/include/zed_msgs/zed_msgs/msg/detail/objects_stamped__rosidl_typesupport_fastrtps_cpp.hpp
[7.837s] -- Up-to-date: /home/baris/mavivatan_ws/install/zed_msgs/include/zed_msgs/zed_msgs/msg/detail/plane_stamped__rosidl_typesupport_fastrtps_cpp.hpp
[7.837s] -- Up-to-date: /home/baris/mavivatan_ws/install/zed_msgs/include/zed_msgs/zed_msgs/msg/detail/keypoint3_d__rosidl_typesupport_fastrtps_cpp.hpp
[7.837s] -- Up-to-date: /home/baris/mavivatan_ws/install/zed_msgs/include/zed_msgs/zed_msgs/msg/detail/mag_heading_status__rosidl_typesupport_fastrtps_cpp.hpp
[7.837s] -- Up-to-date: /home/baris/mavivatan_ws/install/zed_msgs/include/zed_msgs/zed_msgs/msg/detail/skeleton2_d__rosidl_typesupport_fastrtps_cpp.hpp
[7.837s] -- Up-to-date: /home/baris/mavivatan_ws/install/zed_msgs/include/zed_msgs/zed_msgs/msg/detail/heartbeat__rosidl_typesupport_fastrtps_cpp.hpp
[7.838s] -- Up-to-date: /home/baris/mavivatan_ws/install/zed_msgs/include/zed_msgs/zed_msgs/msg/detail/bounding_box3_d__rosidl_typesupport_fastrtps_cpp.hpp
[7.838s] -- Up-to-date: /home/baris/mavivatan_ws/install/zed_msgs/include/zed_msgs/zed_msgs/msg/detail/keypoint2_di__rosidl_typesupport_fastrtps_cpp.hpp
[7.838s] -- Up-to-date: /home/baris/mavivatan_ws/install/zed_msgs/include/zed_msgs/zed_msgs/msg/detail/dds_fastrtps
[7.838s] -- Up-to-date: /home/baris/mavivatan_ws/install/zed_msgs/include/zed_msgs/zed_msgs/msg/detail/bounding_box2_df__rosidl_typesupport_fastrtps_cpp.hpp
[7.838s] -- Up-to-date: /home/baris/mavivatan_ws/install/zed_msgs/include/zed_msgs/zed_msgs/msg/detail/gnss_fusion_status__rosidl_typesupport_fastrtps_cpp.hpp
[7.838s] -- Up-to-date: /home/baris/mavivatan_ws/install/zed_msgs/include/zed_msgs/zed_msgs/msg/detail/object__rosidl_typesupport_fastrtps_cpp.hpp
[7.838s] -- Up-to-date: /home/baris/mavivatan_ws/install/zed_msgs/include/zed_msgs/zed_msgs/msg/detail/bounding_box2_di__rosidl_typesupport_fastrtps_cpp.hpp
[7.839s] -- Up-to-date: /home/baris/mavivatan_ws/install/zed_msgs/include/zed_msgs/zed_msgs/msg/rosidl_typesupport_fastrtps_cpp__visibility_control.h
[7.839s] -- Up-to-date: /home/baris/mavivatan_ws/install/zed_msgs/lib/libzed_msgs__rosidl_typesupport_fastrtps_cpp.so
[7.839s] -- Up-to-date: /home/baris/mavivatan_ws/install/zed_msgs/include/zed_msgs/zed_msgs
[7.839s] -- Up-to-date: /home/baris/mavivatan_ws/install/zed_msgs/include/zed_msgs/zed_msgs/srv
[7.839s] -- Up-to-date: /home/baris/mavivatan_ws/install/zed_msgs/include/zed_msgs/zed_msgs/srv/detail
[7.839s] -- Up-to-date: /home/baris/mavivatan_ws/install/zed_msgs/include/zed_msgs/zed_msgs/srv/detail/start_svo_rec__type_support.c
[7.840s] -- Up-to-date: /home/baris/mavivatan_ws/install/zed_msgs/include/zed_msgs/zed_msgs/srv/detail/set_pose__rosidl_typesupport_introspection_c.h
[7.840s] -- Up-to-date: /home/baris/mavivatan_ws/install/zed_msgs/include/zed_msgs/zed_msgs/srv/detail/save_area_memory__rosidl_typesupport_introspection_c.h
[7.840s] -- Up-to-date: /home/baris/mavivatan_ws/install/zed_msgs/include/zed_msgs/zed_msgs/srv/detail/set_roi__type_support.c
[7.842s] -- Up-to-date: /home/baris/mavivatan_ws/install/zed_msgs/include/zed_msgs/zed_msgs/srv/detail/set_svo_frame__type_support.c
[7.843s] -- Up-to-date: /home/baris/mavivatan_ws/install/zed_msgs/include/zed_msgs/zed_msgs/srv/detail/save_area_memory__type_support.c
[7.844s] -- Up-to-date: /home/baris/mavivatan_ws/install/zed_msgs/include/zed_msgs/zed_msgs/srv/detail/set_svo_frame__rosidl_typesupport_introspection_c.h
[7.844s] -- Up-to-date: /home/baris/mavivatan_ws/install/zed_msgs/include/zed_msgs/zed_msgs/srv/detail/set_roi__rosidl_typesupport_introspection_c.h
[7.844s] -- Up-to-date: /home/baris/mavivatan_ws/install/zed_msgs/include/zed_msgs/zed_msgs/srv/detail/start_svo_rec__rosidl_typesupport_introspection_c.h
[7.844s] -- Up-to-date: /home/baris/mavivatan_ws/install/zed_msgs/include/zed_msgs/zed_msgs/srv/detail/set_pose__type_support.c
[7.845s] -- Up-to-date: /home/baris/mavivatan_ws/install/zed_msgs/include/zed_msgs/zed_msgs/msg
[7.845s] -- Up-to-date: /home/baris/mavivatan_ws/install/zed_msgs/include/zed_msgs/zed_msgs/msg/detail
[7.845s] -- Up-to-date: /home/baris/mavivatan_ws/install/zed_msgs/include/zed_msgs/zed_msgs/msg/detail/object__type_support.c
[7.845s] -- Up-to-date: /home/baris/mavivatan_ws/install/zed_msgs/include/zed_msgs/zed_msgs/msg/detail/heartbeat__rosidl_typesupport_introspection_c.h
[7.845s] -- Up-to-date: /home/baris/mavivatan_ws/install/zed_msgs/include/zed_msgs/zed_msgs/msg/detail/pos_track_status__rosidl_typesupport_introspection_c.h
[7.845s] -- Up-to-date: /home/baris/mavivatan_ws/install/zed_msgs/include/zed_msgs/zed_msgs/msg/detail/bounding_box2_df__type_support.c
[7.846s] -- Up-to-date: /home/baris/mavivatan_ws/install/zed_msgs/include/zed_msgs/zed_msgs/msg/detail/keypoint2_di__type_support.c
[7.846s] -- Up-to-date: /home/baris/mavivatan_ws/install/zed_msgs/include/zed_msgs/zed_msgs/msg/detail/keypoint2_df__type_support.c
[7.846s] -- Up-to-date: /home/baris/mavivatan_ws/install/zed_msgs/include/zed_msgs/zed_msgs/msg/detail/skeleton2_d__type_support.c
[7.846s] -- Up-to-date: /home/baris/mavivatan_ws/install/zed_msgs/include/zed_msgs/zed_msgs/msg/detail/bounding_box3_d__rosidl_typesupport_introspection_c.h
[7.846s] -- Up-to-date: /home/baris/mavivatan_ws/install/zed_msgs/include/zed_msgs/zed_msgs/msg/detail/depth_info_stamped__type_support.c
[7.846s] -- Up-to-date: /home/baris/mavivatan_ws/install/zed_msgs/include/zed_msgs/zed_msgs/msg/detail/mag_heading_status__rosidl_typesupport_introspection_c.h
[7.847s] -- Up-to-date: /home/baris/mavivatan_ws/install/zed_msgs/include/zed_msgs/zed_msgs/msg/detail/mag_heading_status__type_support.c
[7.847s] -- Up-to-date: /home/baris/mavivatan_ws/install/zed_msgs/include/zed_msgs/zed_msgs/msg/detail/skeleton2_d__rosidl_typesupport_introspection_c.h
[7.847s] -- Up-to-date: /home/baris/mavivatan_ws/install/zed_msgs/include/zed_msgs/zed_msgs/msg/detail/plane_stamped__type_support.c
[7.847s] -- Up-to-date: /home/baris/mavivatan_ws/install/zed_msgs/include/zed_msgs/zed_msgs/msg/detail/keypoint2_di__rosidl_typesupport_introspection_c.h
[7.847s] -- Up-to-date: /home/baris/mavivatan_ws/install/zed_msgs/include/zed_msgs/zed_msgs/msg/detail/bounding_box2_di__rosidl_typesupport_introspection_c.h
[7.847s] -- Up-to-date: /home/baris/mavivatan_ws/install/zed_msgs/include/zed_msgs/zed_msgs/msg/detail/skeleton3_d__type_support.c
[7.848s] -- Up-to-date: /home/baris/mavivatan_ws/install/zed_msgs/include/zed_msgs/zed_msgs/msg/detail/svo_status__type_support.c
[7.848s] -- Up-to-date: /home/baris/mavivatan_ws/install/zed_msgs/include/zed_msgs/zed_msgs/msg/detail/keypoint3_d__type_support.c
[7.848s] -- Up-to-date: /home/baris/mavivatan_ws/install/zed_msgs/include/zed_msgs/zed_msgs/msg/detail/bounding_box2_di__type_support.c
[7.848s] -- Up-to-date: /home/baris/mavivatan_ws/install/zed_msgs/include/zed_msgs/zed_msgs/msg/detail/depth_info_stamped__rosidl_typesupport_introspection_c.h
[7.848s] -- Up-to-date: /home/baris/mavivatan_ws/install/zed_msgs/include/zed_msgs/zed_msgs/msg/detail/svo_status__rosidl_typesupport_introspection_c.h
[7.849s] -- Up-to-date: /home/baris/mavivatan_ws/install/zed_msgs/include/zed_msgs/zed_msgs/msg/detail/keypoint2_df__rosidl_typesupport_introspection_c.h
[7.849s] -- Up-to-date: /home/baris/mavivatan_ws/install/zed_msgs/include/zed_msgs/zed_msgs/msg/detail/keypoint3_d__rosidl_typesupport_introspection_c.h
[7.849s] -- Up-to-date: /home/baris/mavivatan_ws/install/zed_msgs/include/zed_msgs/zed_msgs/msg/detail/object__rosidl_typesupport_introspection_c.h
[7.849s] -- Up-to-date: /home/baris/mavivatan_ws/install/zed_msgs/include/zed_msgs/zed_msgs/msg/detail/bounding_box3_d__type_support.c
[7.850s] -- Up-to-date: /home/baris/mavivatan_ws/install/zed_msgs/include/zed_msgs/zed_msgs/msg/detail/health_status_stamped__rosidl_typesupport_introspection_c.h
[7.850s] -- Up-to-date: /home/baris/mavivatan_ws/install/zed_msgs/include/zed_msgs/zed_msgs/msg/detail/gnss_fusion_status__type_support.c
[7.850s] -- Up-to-date: /home/baris/mavivatan_ws/install/zed_msgs/include/zed_msgs/zed_msgs/msg/detail/objects_stamped__rosidl_typesupport_introspection_c.h
[7.851s] -- Up-to-date: /home/baris/mavivatan_ws/install/zed_msgs/include/zed_msgs/zed_msgs/msg/detail/pos_track_status__type_support.c
[7.851s] -- Up-to-date: /home/baris/mavivatan_ws/install/zed_msgs/include/zed_msgs/zed_msgs/msg/detail/objects_stamped__type_support.c
[7.851s] -- Up-to-date: /home/baris/mavivatan_ws/install/zed_msgs/include/zed_msgs/zed_msgs/msg/detail/bounding_box2_df__rosidl_typesupport_introspection_c.h
[7.851s] -- Up-to-date: /home/baris/mavivatan_ws/install/zed_msgs/include/zed_msgs/zed_msgs/msg/detail/plane_stamped__rosidl_typesupport_introspection_c.h
[7.851s] -- Up-to-date: /home/baris/mavivatan_ws/install/zed_msgs/include/zed_msgs/zed_msgs/msg/detail/heartbeat__type_support.c
[7.852s] -- Up-to-date: /home/baris/mavivatan_ws/install/zed_msgs/include/zed_msgs/zed_msgs/msg/detail/skeleton3_d__rosidl_typesupport_introspection_c.h
[7.852s] -- Up-to-date: /home/baris/mavivatan_ws/install/zed_msgs/include/zed_msgs/zed_msgs/msg/detail/health_status_stamped__type_support.c
[7.852s] -- Up-to-date: /home/baris/mavivatan_ws/install/zed_msgs/include/zed_msgs/zed_msgs/msg/detail/gnss_fusion_status__rosidl_typesupport_introspection_c.h
[7.852s] -- Up-to-date: /home/baris/mavivatan_ws/install/zed_msgs/include/zed_msgs/zed_msgs/msg/rosidl_typesupport_introspection_c__visibility_control.h
[7.852s] -- Up-to-date: /home/baris/mavivatan_ws/install/zed_msgs/lib/libzed_msgs__rosidl_typesupport_introspection_c.so
[7.852s] -- Up-to-date: /home/baris/mavivatan_ws/install/zed_msgs/lib/libzed_msgs__rosidl_typesupport_c.so
[7.852s] -- Up-to-date: /home/baris/mavivatan_ws/install/zed_msgs/include/zed_msgs/zed_msgs
[7.853s] -- Up-to-date: /home/baris/mavivatan_ws/install/zed_msgs/include/zed_msgs/zed_msgs/srv
[7.853s] -- Up-to-date: /home/baris/mavivatan_ws/install/zed_msgs/include/zed_msgs/zed_msgs/srv/detail
[7.853s] -- Up-to-date: /home/baris/mavivatan_ws/install/zed_msgs/include/zed_msgs/zed_msgs/srv/detail/start_svo_rec__type_support.cpp
[7.853s] -- Up-to-date: /home/baris/mavivatan_ws/install/zed_msgs/include/zed_msgs/zed_msgs/srv/detail/set_roi__type_support.cpp
[7.853s] -- Up-to-date: /home/baris/mavivatan_ws/install/zed_msgs/include/zed_msgs/zed_msgs/srv/detail/set_roi__rosidl_typesupport_introspection_cpp.hpp
[7.853s] -- Up-to-date: /home/baris/mavivatan_ws/install/zed_msgs/include/zed_msgs/zed_msgs/srv/detail/set_svo_frame__type_support.cpp
[7.853s] -- Up-to-date: /home/baris/mavivatan_ws/install/zed_msgs/include/zed_msgs/zed_msgs/srv/detail/save_area_memory__rosidl_typesupport_introspection_cpp.hpp
[7.854s] -- Up-to-date: /home/baris/mavivatan_ws/install/zed_msgs/include/zed_msgs/zed_msgs/srv/detail/start_svo_rec__rosidl_typesupport_introspection_cpp.hpp
[7.854s] -- Up-to-date: /home/baris/mavivatan_ws/install/zed_msgs/include/zed_msgs/zed_msgs/srv/detail/set_pose__rosidl_typesupport_introspection_cpp.hpp
[7.854s] -- Up-to-date: /home/baris/mavivatan_ws/install/zed_msgs/include/zed_msgs/zed_msgs/srv/detail/set_pose__type_support.cpp
[7.854s] -- Up-to-date: /home/baris/mavivatan_ws/install/zed_msgs/include/zed_msgs/zed_msgs/srv/detail/set_svo_frame__rosidl_typesupport_introspection_cpp.hpp
[7.855s] -- Up-to-date: /home/baris/mavivatan_ws/install/zed_msgs/include/zed_msgs/zed_msgs/srv/detail/save_area_memory__type_support.cpp
[7.855s] -- Up-to-date: /home/baris/mavivatan_ws/install/zed_msgs/include/zed_msgs/zed_msgs/msg
[7.855s] -- Up-to-date: /home/baris/mavivatan_ws/install/zed_msgs/include/zed_msgs/zed_msgs/msg/detail
[7.855s] -- Up-to-date: /home/baris/mavivatan_ws/install/zed_msgs/include/zed_msgs/zed_msgs/msg/detail/keypoint2_df__rosidl_typesupport_introspection_cpp.hpp
[7.855s] -- Up-to-date: /home/baris/mavivatan_ws/install/zed_msgs/include/zed_msgs/zed_msgs/msg/detail/plane_stamped__rosidl_typesupport_introspection_cpp.hpp
[7.855s] -- Up-to-date: /home/baris/mavivatan_ws/install/zed_msgs/include/zed_msgs/zed_msgs/msg/detail/gnss_fusion_status__type_support.cpp
[7.855s] -- Up-to-date: /home/baris/mavivatan_ws/install/zed_msgs/include/zed_msgs/zed_msgs/msg/detail/objects_stamped__type_support.cpp
[7.856s] -- Up-to-date: /home/baris/mavivatan_ws/install/zed_msgs/include/zed_msgs/zed_msgs/msg/detail/depth_info_stamped__type_support.cpp
[7.856s] -- Up-to-date: /home/baris/mavivatan_ws/install/zed_msgs/include/zed_msgs/zed_msgs/msg/detail/health_status_stamped__type_support.cpp
[7.856s] -- Up-to-date: /home/baris/mavivatan_ws/install/zed_msgs/include/zed_msgs/zed_msgs/msg/detail/object__rosidl_typesupport_introspection_cpp.hpp
[7.856s] -- Up-to-date: /home/baris/mavivatan_ws/install/zed_msgs/include/zed_msgs/zed_msgs/msg/detail/heartbeat__rosidl_typesupport_introspection_cpp.hpp
[7.856s] -- Up-to-date: /home/baris/mavivatan_ws/install/zed_msgs/include/zed_msgs/zed_msgs/msg/detail/bounding_box2_df__rosidl_typesupport_introspection_cpp.hpp
[7.856s] -- Up-to-date: /home/baris/mavivatan_ws/install/zed_msgs/include/zed_msgs/zed_msgs/msg/detail/keypoint2_di__type_support.cpp
[7.856s] -- Up-to-date: /home/baris/mavivatan_ws/install/zed_msgs/include/zed_msgs/zed_msgs/msg/detail/svo_status__rosidl_typesupport_introspection_cpp.hpp
[7.857s] -- Up-to-date: /home/baris/mavivatan_ws/install/zed_msgs/include/zed_msgs/zed_msgs/msg/detail/gnss_fusion_status__rosidl_typesupport_introspection_cpp.hpp
[7.857s] -- Up-to-date: /home/baris/mavivatan_ws/install/zed_msgs/include/zed_msgs/zed_msgs/msg/detail/objects_stamped__rosidl_typesupport_introspection_cpp.hpp
[7.857s] -- Up-to-date: /home/baris/mavivatan_ws/install/zed_msgs/include/zed_msgs/zed_msgs/msg/detail/heartbeat__type_support.cpp
[7.857s] -- Up-to-date: /home/baris/mavivatan_ws/install/zed_msgs/include/zed_msgs/zed_msgs/msg/detail/health_status_stamped__rosidl_typesupport_introspection_cpp.hpp
[7.857s] -- Up-to-date: /home/baris/mavivatan_ws/install/zed_msgs/include/zed_msgs/zed_msgs/msg/detail/bounding_box2_df__type_support.cpp
[7.857s] -- Up-to-date: /home/baris/mavivatan_ws/install/zed_msgs/include/zed_msgs/zed_msgs/msg/detail/bounding_box2_di__type_support.cpp
[7.857s] -- Up-to-date: /home/baris/mavivatan_ws/install/zed_msgs/include/zed_msgs/zed_msgs/msg/detail/mag_heading_status__rosidl_typesupport_introspection_cpp.hpp
[7.858s] -- Up-to-date: /home/baris/mavivatan_ws/install/zed_msgs/include/zed_msgs/zed_msgs/msg/detail/skeleton3_d__rosidl_typesupport_introspection_cpp.hpp
[7.858s] -- Up-to-date: /home/baris/mavivatan_ws/install/zed_msgs/include/zed_msgs/zed_msgs/msg/detail/bounding_box3_d__rosidl_typesupport_introspection_cpp.hpp
[7.858s] -- Up-to-date: /home/baris/mavivatan_ws/install/zed_msgs/include/zed_msgs/zed_msgs/msg/detail/plane_stamped__type_support.cpp
[7.858s] -- Up-to-date: /home/baris/mavivatan_ws/install/zed_msgs/include/zed_msgs/zed_msgs/msg/detail/depth_info_stamped__rosidl_typesupport_introspection_cpp.hpp
[7.858s] -- Up-to-date: /home/baris/mavivatan_ws/install/zed_msgs/include/zed_msgs/zed_msgs/msg/detail/bounding_box3_d__type_support.cpp
[7.858s] -- Up-to-date: /home/baris/mavivatan_ws/install/zed_msgs/include/zed_msgs/zed_msgs/msg/detail/skeleton2_d__type_support.cpp
[7.858s] -- Up-to-date: /home/baris/mavivatan_ws/install/zed_msgs/include/zed_msgs/zed_msgs/msg/detail/object__type_support.cpp
[7.859s] -- Up-to-date: /home/baris/mavivatan_ws/install/zed_msgs/include/zed_msgs/zed_msgs/msg/detail/mag_heading_status__type_support.cpp
[7.859s] -- Up-to-date: /home/baris/mavivatan_ws/install/zed_msgs/include/zed_msgs/zed_msgs/msg/detail/svo_status__type_support.cpp
[7.860s] -- Up-to-date: /home/baris/mavivatan_ws/install/zed_msgs/include/zed_msgs/zed_msgs/msg/detail/bounding_box2_di__rosidl_typesupport_introspection_cpp.hpp
[7.861s] -- Up-to-date: /home/baris/mavivatan_ws/install/zed_msgs/include/zed_msgs/zed_msgs/msg/detail/skeleton2_d__rosidl_typesupport_introspection_cpp.hpp
[7.861s] -- Up-to-date: /home/baris/mavivatan_ws/install/zed_msgs/include/zed_msgs/zed_msgs/msg/detail/keypoint3_d__type_support.cpp
[7.861s] -- Up-to-date: /home/baris/mavivatan_ws/install/zed_msgs/include/zed_msgs/zed_msgs/msg/detail/pos_track_status__rosidl_typesupport_introspection_cpp.hpp
[7.861s] -- Up-to-date: /home/baris/mavivatan_ws/install/zed_msgs/include/zed_msgs/zed_msgs/msg/detail/keypoint2_df__type_support.cpp
[7.861s] -- Up-to-date: /home/baris/mavivatan_ws/install/zed_msgs/include/zed_msgs/zed_msgs/msg/detail/keypoint3_d__rosidl_typesupport_introspection_cpp.hpp
[7.861s] -- Up-to-date: /home/baris/mavivatan_ws/install/zed_msgs/include/zed_msgs/zed_msgs/msg/detail/skeleton3_d__type_support.cpp
[7.862s] -- Up-to-date: /home/baris/mavivatan_ws/install/zed_msgs/include/zed_msgs/zed_msgs/msg/detail/keypoint2_di__rosidl_typesupport_introspection_cpp.hpp
[7.862s] -- Up-to-date: /home/baris/mavivatan_ws/install/zed_msgs/include/zed_msgs/zed_msgs/msg/detail/pos_track_status__type_support.cpp
[7.862s] -- Up-to-date: /home/baris/mavivatan_ws/install/zed_msgs/lib/libzed_msgs__rosidl_typesupport_introspection_cpp.so
[7.862s] -- Up-to-date: /home/baris/mavivatan_ws/install/zed_msgs/lib/libzed_msgs__rosidl_typesupport_cpp.so
[7.862s] -- Up-to-date: /home/baris/mavivatan_ws/install/zed_msgs/share/zed_msgs/environment/pythonpath.sh
[7.862s] -- Installing: /home/baris/mavivatan_ws/install/zed_msgs/share/zed_msgs/environment/pythonpath.dsv
[7.863s] -- Up-to-date: /home/baris/mavivatan_ws/install/zed_msgs/local/lib/python3.10/dist-packages/zed_msgs-5.2.1-py3.10.egg-info
[7.863s] -- Installing: /home/baris/mavivatan_ws/install/zed_msgs/local/lib/python3.10/dist-packages/zed_msgs-5.2.1-py3.10.egg-info/SOURCES.txt
[7.863s] -- Installing: /home/baris/mavivatan_ws/install/zed_msgs/local/lib/python3.10/dist-packages/zed_msgs-5.2.1-py3.10.egg-info/top_level.txt
[7.863s] -- Installing: /home/baris/mavivatan_ws/install/zed_msgs/local/lib/python3.10/dist-packages/zed_msgs-5.2.1-py3.10.egg-info/dependency_links.txt
[7.863s] -- Installing: /home/baris/mavivatan_ws/install/zed_msgs/local/lib/python3.10/dist-packages/zed_msgs-5.2.1-py3.10.egg-info/PKG-INFO
[7.863s] -- Up-to-date: /home/baris/mavivatan_ws/install/zed_msgs/local/lib/python3.10/dist-packages/zed_msgs
[7.863s] -- Up-to-date: /home/baris/mavivatan_ws/install/zed_msgs/local/lib/python3.10/dist-packages/zed_msgs/srv
[7.864s] -- Up-to-date: /home/baris/mavivatan_ws/install/zed_msgs/local/lib/python3.10/dist-packages/zed_msgs/srv/_set_svo_frame.py
[7.864s] -- Up-to-date: /home/baris/mavivatan_ws/install/zed_msgs/local/lib/python3.10/dist-packages/zed_msgs/srv/_start_svo_rec_s.c
[7.864s] -- Up-to-date: /home/baris/mavivatan_ws/install/zed_msgs/local/lib/python3.10/dist-packages/zed_msgs/srv/_set_pose.py
[7.864s] -- Up-to-date: /home/baris/mavivatan_ws/install/zed_msgs/local/lib/python3.10/dist-packages/zed_msgs/srv/_set_roi_s.c
[7.865s] -- Up-to-date: /home/baris/mavivatan_ws/install/zed_msgs/local/lib/python3.10/dist-packages/zed_msgs/srv/_set_roi.py
[7.865s] -- Up-to-date: /home/baris/mavivatan_ws/install/zed_msgs/local/lib/python3.10/dist-packages/zed_msgs/srv/_start_svo_rec.py
[7.865s] -- Up-to-date: /home/baris/mavivatan_ws/install/zed_msgs/local/lib/python3.10/dist-packages/zed_msgs/srv/_set_pose_s.c
[7.865s] -- Up-to-date: /home/baris/mavivatan_ws/install/zed_msgs/local/lib/python3.10/dist-packages/zed_msgs/srv/_set_svo_frame_s.c
[7.865s] -- Up-to-date: /home/baris/mavivatan_ws/install/zed_msgs/local/lib/python3.10/dist-packages/zed_msgs/srv/_save_area_memory_s.c
[7.865s] -- Up-to-date: /home/baris/mavivatan_ws/install/zed_msgs/local/lib/python3.10/dist-packages/zed_msgs/srv/_save_area_memory.py
[7.866s] -- Up-to-date: /home/baris/mavivatan_ws/install/zed_msgs/local/lib/python3.10/dist-packages/zed_msgs/srv/__init__.py
[7.866s] -- Up-to-date: /home/baris/mavivatan_ws/install/zed_msgs/local/lib/python3.10/dist-packages/zed_msgs/_zed_msgs_s.ep.rosidl_typesupport_fastrtps_c.c
[7.866s] -- Up-to-date: /home/baris/mavivatan_ws/install/zed_msgs/local/lib/python3.10/dist-packages/zed_msgs/_zed_msgs_s.ep.rosidl_typesupport_introspection_c.c
[7.866s] -- Up-to-date: /home/baris/mavivatan_ws/install/zed_msgs/local/lib/python3.10/dist-packages/zed_msgs/msg
[7.866s] -- Up-to-date: /home/baris/mavivatan_ws/install/zed_msgs/local/lib/python3.10/dist-packages/zed_msgs/msg/_svo_status_s.c
[7.866s] -- Up-to-date: /home/baris/mavivatan_ws/install/zed_msgs/local/lib/python3.10/dist-packages/zed_msgs/msg/_bounding_box3_d.py
[7.866s] -- Up-to-date: /home/baris/mavivatan_ws/install/zed_msgs/local/lib/python3.10/dist-packages/zed_msgs/msg/_depth_info_stamped_s.c
[7.867s] -- Up-to-date: /home/baris/mavivatan_ws/install/zed_msgs/local/lib/python3.10/dist-packages/zed_msgs/msg/_bounding_box2_df_s.c
[7.867s] -- Up-to-date: /home/baris/mavivatan_ws/install/zed_msgs/local/lib/python3.10/dist-packages/zed_msgs/msg/_skeleton3_d_s.c
[7.867s] -- Up-to-date: /home/baris/mavivatan_ws/install/zed_msgs/local/lib/python3.10/dist-packages/zed_msgs/msg/_skeleton2_d.py
[7.867s] -- Up-to-date: /home/baris/mavivatan_ws/install/zed_msgs/local/lib/python3.10/dist-packages/zed_msgs/msg/_object_s.c
[7.867s] -- Up-to-date: /home/baris/mavivatan_ws/install/zed_msgs/local/lib/python3.10/dist-packages/zed_msgs/msg/_keypoint2_df_s.c
[7.867s] -- Up-to-date: /home/baris/mavivatan_ws/install/zed_msgs/local/lib/python3.10/dist-packages/zed_msgs/msg/_plane_stamped.py
[7.867s] -- Up-to-date: /home/baris/mavivatan_ws/install/zed_msgs/local/lib/python3.10/dist-packages/zed_msgs/msg/_keypoint3_d_s.c
[7.868s] -- Up-to-date: /home/baris/mavivatan_ws/install/zed_msgs/local/lib/python3.10/dist-packages/zed_msgs/msg/_pos_track_status.py
[7.868s] -- Up-to-date: /home/baris/mavivatan_ws/install/zed_msgs/local/lib/python3.10/dist-packages/zed_msgs/msg/_pos_track_status_s.c
[7.868s] -- Up-to-date: /home/baris/mavivatan_ws/install/zed_msgs/local/lib/python3.10/dist-packages/zed_msgs/msg/_heartbeat_s.c
[7.868s] -- Up-to-date: /home/baris/mavivatan_ws/install/zed_msgs/local/lib/python3.10/dist-packages/zed_msgs/msg/_keypoint2_di_s.c
[7.868s] -- Up-to-date: /home/baris/mavivatan_ws/install/zed_msgs/local/lib/python3.10/dist-packages/zed_msgs/msg/_gnss_fusion_status.py
[7.868s] -- Up-to-date: /home/baris/mavivatan_ws/install/zed_msgs/local/lib/python3.10/dist-packages/zed_msgs/msg/_gnss_fusion_status_s.c
[7.868s] -- Up-to-date: /home/baris/mavivatan_ws/install/zed_msgs/local/lib/python3.10/dist-packages/zed_msgs/msg/_objects_stamped_s.c
[7.869s] -- Up-to-date: /home/baris/mavivatan_ws/install/zed_msgs/local/lib/python3.10/dist-packages/zed_msgs/msg/_svo_status.py
[7.869s] -- Up-to-date: /home/baris/mavivatan_ws/install/zed_msgs/local/lib/python3.10/dist-packages/zed_msgs/msg/_objects_stamped.py
[7.869s] -- Up-to-date: /home/baris/mavivatan_ws/install/zed_msgs/local/lib/python3.10/dist-packages/zed_msgs/msg/_depth_info_stamped.py
[7.869s] -- Up-to-date: /home/baris/mavivatan_ws/install/zed_msgs/local/lib/python3.10/dist-packages/zed_msgs/msg/_keypoint2_di.py
[7.869s] -- Up-to-date: /home/baris/mavivatan_ws/install/zed_msgs/local/lib/python3.10/dist-packages/zed_msgs/msg/_bounding_box2_df.py
[7.869s] -- Up-to-date: /home/baris/mavivatan_ws/install/zed_msgs/local/lib/python3.10/dist-packages/zed_msgs/msg/_mag_heading_status.py
[7.869s] -- Up-to-date: /home/baris/mavivatan_ws/install/zed_msgs/local/lib/python3.10/dist-packages/zed_msgs/msg/_bounding_box2_di.py
[7.870s] -- Up-to-date: /home/baris/mavivatan_ws/install/zed_msgs/local/lib/python3.10/dist-packages/zed_msgs/msg/_keypoint3_d.py
[7.870s] -- Up-to-date: /home/baris/mavivatan_ws/install/zed_msgs/local/lib/python3.10/dist-packages/zed_msgs/msg/_plane_stamped_s.c
[7.870s] -- Up-to-date: /home/baris/mavivatan_ws/install/zed_msgs/local/lib/python3.10/dist-packages/zed_msgs/msg/_skeleton2_d_s.c
[7.870s] -- Up-to-date: /home/baris/mavivatan_ws/install/zed_msgs/local/lib/python3.10/dist-packages/zed_msgs/msg/_keypoint2_df.py
[7.870s] -- Up-to-date: /home/baris/mavivatan_ws/install/zed_msgs/local/lib/python3.10/dist-packages/zed_msgs/msg/_health_status_stamped_s.c
[7.870s] -- Up-to-date: /home/baris/mavivatan_ws/install/zed_msgs/local/lib/python3.10/dist-packages/zed_msgs/msg/_skeleton3_d.py
[7.870s] -- Up-to-date: /home/baris/mavivatan_ws/install/zed_msgs/local/lib/python3.10/dist-packages/zed_msgs/msg/_mag_heading_status_s.c
[7.872s] -- Up-to-date: /home/baris/mavivatan_ws/install/zed_msgs/local/lib/python3.10/dist-packages/zed_msgs/msg/_object.py
[7.873s] -- Up-to-date: /home/baris/mavivatan_ws/install/zed_msgs/local/lib/python3.10/dist-packages/zed_msgs/msg/_bounding_box2_di_s.c
[7.873s] -- Up-to-date: /home/baris/mavivatan_ws/install/zed_msgs/local/lib/python3.10/dist-packages/zed_msgs/msg/__init__.py
[7.873s] -- Up-to-date: /home/baris/mavivatan_ws/install/zed_msgs/local/lib/python3.10/dist-packages/zed_msgs/msg/_heartbeat.py
[7.873s] -- Up-to-date: /home/baris/mavivatan_ws/install/zed_msgs/local/lib/python3.10/dist-packages/zed_msgs/msg/_health_status_stamped.py
[7.873s] -- Up-to-date: /home/baris/mavivatan_ws/install/zed_msgs/local/lib/python3.10/dist-packages/zed_msgs/msg/_bounding_box3_d_s.c
[7.874s] -- Up-to-date: /home/baris/mavivatan_ws/install/zed_msgs/local/lib/python3.10/dist-packages/zed_msgs/zed_msgs_s__rosidl_typesupport_introspection_c.cpython-310-aarch64-linux-gnu.so
[7.874s] -- Up-to-date: /home/baris/mavivatan_ws/install/zed_msgs/local/lib/python3.10/dist-packages/zed_msgs/libzed_msgs__rosidl_generator_py.so
[7.874s] -- Up-to-date: /home/baris/mavivatan_ws/install/zed_msgs/local/lib/python3.10/dist-packages/zed_msgs/zed_msgs_s__rosidl_typesupport_fastrtps_c.cpython-310-aarch64-linux-gnu.so
[7.874s] -- Installing: /home/baris/mavivatan_ws/install/zed_msgs/local/lib/python3.10/dist-packages/zed_msgs/__init__.py
[7.874s] -- Up-to-date: /home/baris/mavivatan_ws/install/zed_msgs/local/lib/python3.10/dist-packages/zed_msgs/zed_msgs_s__rosidl_typesupport_c.cpython-310-aarch64-linux-gnu.so
[7.875s] -- Up-to-date: /home/baris/mavivatan_ws/install/zed_msgs/local/lib/python3.10/dist-packages/zed_msgs/_zed_msgs_s.ep.rosidl_typesupport_c.c
[8.041s] Listing '/home/baris/mavivatan_ws/install/zed_msgs/local/lib/python3.10/dist-packages/zed_msgs'...
[8.041s] Compiling '/home/baris/mavivatan_ws/install/zed_msgs/local/lib/python3.10/dist-packages/zed_msgs/__init__.py'...
[8.041s] Listing '/home/baris/mavivatan_ws/install/zed_msgs/local/lib/python3.10/dist-packages/zed_msgs/msg'...
[8.041s] Listing '/home/baris/mavivatan_ws/install/zed_msgs/local/lib/python3.10/dist-packages/zed_msgs/srv'...
[8.063s] -- Up-to-date: /home/baris/mavivatan_ws/install/zed_msgs/local/lib/python3.10/dist-packages/zed_msgs/zed_msgs_s__rosidl_typesupport_fastrtps_c.cpython-310-aarch64-linux-gnu.so
[8.064s] -- Up-to-date: /home/baris/mavivatan_ws/install/zed_msgs/local/lib/python3.10/dist-packages/zed_msgs/zed_msgs_s__rosidl_typesupport_introspection_c.cpython-310-aarch64-linux-gnu.so
[8.065s] -- Up-to-date: /home/baris/mavivatan_ws/install/zed_msgs/local/lib/python3.10/dist-packages/zed_msgs/zed_msgs_s__rosidl_typesupport_c.cpython-310-aarch64-linux-gnu.so
[8.067s] -- Up-to-date: /home/baris/mavivatan_ws/install/zed_msgs/lib/libzed_msgs__rosidl_generator_py.so
[8.068s] -- Up-to-date: /home/baris/mavivatan_ws/install/zed_msgs/share/ament_index/resource_index/rust_packages/zed_msgs
[8.068s] -- Up-to-date: /home/baris/mavivatan_ws/install/zed_msgs/share/zed_msgs/rust
[8.070s] -- Up-to-date: /home/baris/mavivatan_ws/install/zed_msgs/share/zed_msgs/rust/Cargo.toml
[8.071s] -- Up-to-date: /home/baris/mavivatan_ws/install/zed_msgs/share/zed_msgs/rust/src
[8.072s] -- Up-to-date: /home/baris/mavivatan_ws/install/zed_msgs/share/zed_msgs/rust/src/srv
[8.073s] -- Up-to-date: /home/baris/mavivatan_ws/install/zed_msgs/share/zed_msgs/rust/src/srv/rmw.rs
[8.074s] -- Up-to-date: /home/baris/mavivatan_ws/install/zed_msgs/share/zed_msgs/rust/src/msg.rs
[8.074s] -- Up-to-date: /home/baris/mavivatan_ws/install/zed_msgs/share/zed_msgs/rust/src/lib.rs
[8.075s] -- Up-to-date: /home/baris/mavivatan_ws/install/zed_msgs/share/zed_msgs/rust/src/msg
[8.076s] -- Up-to-date: /home/baris/mavivatan_ws/install/zed_msgs/share/zed_msgs/rust/src/msg/rmw.rs
[8.076s] -- Up-to-date: /home/baris/mavivatan_ws/install/zed_msgs/share/zed_msgs/rust/src/srv.rs
[8.077s] -- Up-to-date: /home/baris/mavivatan_ws/install/zed_msgs/share/zed_msgs/rust/build.rs
[8.078s] -- Up-to-date: /home/baris/mavivatan_ws/install/zed_msgs/share/zed_msgs/msg/Object.idl
[8.079s] -- Up-to-date: /home/baris/mavivatan_ws/install/zed_msgs/share/zed_msgs/msg/ObjectsStamped.idl
[8.080s] -- Up-to-date: /home/baris/mavivatan_ws/install/zed_msgs/share/zed_msgs/msg/Keypoint2Di.idl
[8.081s] -- Up-to-date: /home/baris/mavivatan_ws/install/zed_msgs/share/zed_msgs/msg/Keypoint2Df.idl
[8.082s] -- Up-to-date: /home/baris/mavivatan_ws/install/zed_msgs/share/zed_msgs/msg/Keypoint3D.idl
[8.082s] -- Up-to-date: /home/baris/mavivatan_ws/install/zed_msgs/share/zed_msgs/msg/BoundingBox2Di.idl
[8.083s] -- Up-to-date: /home/baris/mavivatan_ws/install/zed_msgs/share/zed_msgs/msg/BoundingBox2Df.idl
[8.085s] -- Up-to-date: /home/baris/mavivatan_ws/install/zed_msgs/share/zed_msgs/msg/BoundingBox3D.idl
[8.085s] -- Up-to-date: /home/baris/mavivatan_ws/install/zed_msgs/share/zed_msgs/msg/Skeleton2D.idl
[8.086s] -- Up-to-date: /home/baris/mavivatan_ws/install/zed_msgs/share/zed_msgs/msg/Skeleton3D.idl
[8.087s] -- Up-to-date: /home/baris/mavivatan_ws/install/zed_msgs/share/zed_msgs/msg/DepthInfoStamped.idl
[8.088s] -- Up-to-date: /home/baris/mavivatan_ws/install/zed_msgs/share/zed_msgs/msg/PlaneStamped.idl
[8.089s] -- Up-to-date: /home/baris/mavivatan_ws/install/zed_msgs/share/zed_msgs/msg/PosTrackStatus.idl
[8.090s] -- Up-to-date: /home/baris/mavivatan_ws/install/zed_msgs/share/zed_msgs/msg/GnssFusionStatus.idl
[8.091s] -- Up-to-date: /home/baris/mavivatan_ws/install/zed_msgs/share/zed_msgs/msg/Heartbeat.idl
[8.091s] -- Up-to-date: /home/baris/mavivatan_ws/install/zed_msgs/share/zed_msgs/msg/MagHeadingStatus.idl
[8.092s] -- Up-to-date: /home/baris/mavivatan_ws/install/zed_msgs/share/zed_msgs/msg/SvoStatus.idl
[8.093s] -- Up-to-date: /home/baris/mavivatan_ws/install/zed_msgs/share/zed_msgs/msg/HealthStatusStamped.idl
[8.094s] -- Up-to-date: /home/baris/mavivatan_ws/install/zed_msgs/share/zed_msgs/srv/SetPose.idl
[8.095s] -- Up-to-date: /home/baris/mavivatan_ws/install/zed_msgs/share/zed_msgs/srv/StartSvoRec.idl
[8.096s] -- Up-to-date: /home/baris/mavivatan_ws/install/zed_msgs/share/zed_msgs/srv/SetROI.idl
[8.098s] -- Up-to-date: /home/baris/mavivatan_ws/install/zed_msgs/share/zed_msgs/srv/SetSvoFrame.idl
[8.099s] -- Up-to-date: /home/baris/mavivatan_ws/install/zed_msgs/share/zed_msgs/srv/SaveAreaMemory.idl
[8.100s] -- Up-to-date: /home/baris/mavivatan_ws/install/zed_msgs/share/zed_msgs/msg/Object.msg
[8.101s] -- Up-to-date: /home/baris/mavivatan_ws/install/zed_msgs/share/zed_msgs/msg/ObjectsStamped.msg
[8.102s] -- Up-to-date: /home/baris/mavivatan_ws/install/zed_msgs/share/zed_msgs/msg/Keypoint2Di.msg
[8.103s] -- Up-to-date: /home/baris/mavivatan_ws/install/zed_msgs/share/zed_msgs/msg/Keypoint2Df.msg
[8.111s] -- Up-to-date: /home/baris/mavivatan_ws/install/zed_msgs/share/zed_msgs/msg/Keypoint3D.msg
[8.114s] -- Up-to-date: /home/baris/mavivatan_ws/install/zed_msgs/share/zed_msgs/msg/BoundingBox2Di.msg
[8.115s] -- Up-to-date: /home/baris/mavivatan_ws/install/zed_msgs/share/zed_msgs/msg/BoundingBox2Df.msg
[8.118s] -- Up-to-date: /home/baris/mavivatan_ws/install/zed_msgs/share/zed_msgs/msg/BoundingBox3D.msg
[8.119s] -- Up-to-date: /home/baris/mavivatan_ws/install/zed_msgs/share/zed_msgs/msg/Skeleton2D.msg
[8.121s] -- Up-to-date: /home/baris/mavivatan_ws/install/zed_msgs/share/zed_msgs/msg/Skeleton3D.msg
[8.122s] -- Up-to-date: /home/baris/mavivatan_ws/install/zed_msgs/share/zed_msgs/msg/DepthInfoStamped.msg
[8.123s] -- Up-to-date: /home/baris/mavivatan_ws/install/zed_msgs/share/zed_msgs/msg/PlaneStamped.msg
[8.123s] -- Up-to-date: /home/baris/mavivatan_ws/install/zed_msgs/share/zed_msgs/msg/PosTrackStatus.msg
[8.124s] -- Up-to-date: /home/baris/mavivatan_ws/install/zed_msgs/share/zed_msgs/msg/GnssFusionStatus.msg
[8.125s] -- Up-to-date: /home/baris/mavivatan_ws/install/zed_msgs/share/zed_msgs/msg/Heartbeat.msg
[8.126s] -- Up-to-date: /home/baris/mavivatan_ws/install/zed_msgs/share/zed_msgs/msg/MagHeadingStatus.msg
[8.126s] -- Up-to-date: /home/baris/mavivatan_ws/install/zed_msgs/share/zed_msgs/msg/SvoStatus.msg
[8.127s] -- Up-to-date: /home/baris/mavivatan_ws/install/zed_msgs/share/zed_msgs/msg/HealthStatusStamped.msg
[8.128s] -- Up-to-date: /home/baris/mavivatan_ws/install/zed_msgs/share/zed_msgs/srv/SetPose.srv
[8.128s] -- Up-to-date: /home/baris/mavivatan_ws/install/zed_msgs/share/zed_msgs/srv/SetPose_Request.msg
[8.129s] -- Up-to-date: /home/baris/mavivatan_ws/install/zed_msgs/share/zed_msgs/srv/SetPose_Response.msg
[8.130s] -- Up-to-date: /home/baris/mavivatan_ws/install/zed_msgs/share/zed_msgs/srv/StartSvoRec.srv
[8.130s] -- Up-to-date: /home/baris/mavivatan_ws/install/zed_msgs/share/zed_msgs/srv/StartSvoRec_Request.msg
[8.131s] -- Up-to-date: /home/baris/mavivatan_ws/install/zed_msgs/share/zed_msgs/srv/StartSvoRec_Response.msg
[8.132s] -- Up-to-date: /home/baris/mavivatan_ws/install/zed_msgs/share/zed_msgs/srv/SetROI.srv
[8.133s] -- Up-to-date: /home/baris/mavivatan_ws/install/zed_msgs/share/zed_msgs/srv/SetROI_Request.msg
[8.134s] -- Up-to-date: /home/baris/mavivatan_ws/install/zed_msgs/share/zed_msgs/srv/SetROI_Response.msg
[8.135s] -- Up-to-date: /home/baris/mavivatan_ws/install/zed_msgs/share/zed_msgs/srv/SetSvoFrame.srv
[8.136s] -- Up-to-date: /home/baris/mavivatan_ws/install/zed_msgs/share/zed_msgs/srv/SetSvoFrame_Request.msg
[8.136s] -- Up-to-date: /home/baris/mavivatan_ws/install/zed_msgs/share/zed_msgs/srv/SetSvoFrame_Response.msg
[8.137s] -- Up-to-date: /home/baris/mavivatan_ws/install/zed_msgs/share/zed_msgs/srv/SaveAreaMemory.srv
[8.138s] -- Up-to-date: /home/baris/mavivatan_ws/install/zed_msgs/share/zed_msgs/srv/SaveAreaMemory_Request.msg
[8.139s] -- Up-to-date: /home/baris/mavivatan_ws/install/zed_msgs/share/zed_msgs/srv/SaveAreaMemory_Response.msg
[8.140s] -- Up-to-date: /home/baris/mavivatan_ws/install/zed_msgs/share/ament_index/resource_index/package_run_dependencies/zed_msgs
[8.141s] -- Installing: /home/baris/mavivatan_ws/install/zed_msgs/share/ament_index/resource_index/parent_prefix_path/zed_msgs
[8.142s] -- Up-to-date: /home/baris/mavivatan_ws/install/zed_msgs/share/zed_msgs/environment/ament_prefix_path.sh
[8.143s] -- Installing: /home/baris/mavivatan_ws/install/zed_msgs/share/zed_msgs/environment/ament_prefix_path.dsv
[8.145s] -- Up-to-date: /home/baris/mavivatan_ws/install/zed_msgs/share/zed_msgs/environment/path.sh
[8.146s] -- Installing: /home/baris/mavivatan_ws/install/zed_msgs/share/zed_msgs/environment/path.dsv
[8.147s] -- Up-to-date: /home/baris/mavivatan_ws/install/zed_msgs/share/zed_msgs/local_setup.bash
[8.147s] -- Up-to-date: /home/baris/mavivatan_ws/install/zed_msgs/share/zed_msgs/local_setup.sh
[8.148s] -- Up-to-date: /home/baris/mavivatan_ws/install/zed_msgs/share/zed_msgs/local_setup.zsh
[8.149s] -- Installing: /home/baris/mavivatan_ws/install/zed_msgs/share/zed_msgs/local_setup.dsv
[8.150s] -- Installing: /home/baris/mavivatan_ws/install/zed_msgs/share/zed_msgs/package.dsv
[8.152s] -- Up-to-date: /home/baris/mavivatan_ws/install/zed_msgs/share/ament_index/resource_index/packages/zed_msgs
[8.156s] -- Up-to-date: /home/baris/mavivatan_ws/install/zed_msgs/share/zed_msgs/cmake/export_zed_msgs__rosidl_generator_cExport.cmake
[8.157s] -- Up-to-date: /home/baris/mavivatan_ws/install/zed_msgs/share/zed_msgs/cmake/export_zed_msgs__rosidl_generator_cExport-release.cmake
[8.161s] -- Up-to-date: /home/baris/mavivatan_ws/install/zed_msgs/share/zed_msgs/cmake/export_zed_msgs__rosidl_typesupport_fastrtps_cExport.cmake
[8.162s] -- Up-to-date: /home/baris/mavivatan_ws/install/zed_msgs/share/zed_msgs/cmake/export_zed_msgs__rosidl_typesupport_fastrtps_cExport-release.cmake
[8.165s] -- Up-to-date: /home/baris/mavivatan_ws/install/zed_msgs/share/zed_msgs/cmake/export_zed_msgs__rosidl_generator_cppExport.cmake
[8.171s] -- Up-to-date: /home/baris/mavivatan_ws/install/zed_msgs/share/zed_msgs/cmake/export_zed_msgs__rosidl_typesupport_fastrtps_cppExport.cmake
[8.176s] -- Up-to-date: /home/baris/mavivatan_ws/install/zed_msgs/share/zed_msgs/cmake/export_zed_msgs__rosidl_typesupport_fastrtps_cppExport-release.cmake
[8.178s] -- Up-to-date: /home/baris/mavivatan_ws/install/zed_msgs/share/zed_msgs/cmake/zed_msgs__rosidl_typesupport_introspection_cExport.cmake
[8.179s] -- Up-to-date: /home/baris/mavivatan_ws/install/zed_msgs/share/zed_msgs/cmake/zed_msgs__rosidl_typesupport_introspection_cExport-release.cmake
[8.180s] -- Up-to-date: /home/baris/mavivatan_ws/install/zed_msgs/share/zed_msgs/cmake/zed_msgs__rosidl_typesupport_cExport.cmake
[8.181s] -- Up-to-date: /home/baris/mavivatan_ws/install/zed_msgs/share/zed_msgs/cmake/zed_msgs__rosidl_typesupport_cExport-release.cmake
[8.182s] -- Up-to-date: /home/baris/mavivatan_ws/install/zed_msgs/share/zed_msgs/cmake/zed_msgs__rosidl_typesupport_introspection_cppExport.cmake
[8.183s] -- Up-to-date: /home/baris/mavivatan_ws/install/zed_msgs/share/zed_msgs/cmake/zed_msgs__rosidl_typesupport_introspection_cppExport-release.cmake
[8.184s] -- Up-to-date: /home/baris/mavivatan_ws/install/zed_msgs/share/zed_msgs/cmake/zed_msgs__rosidl_typesupport_cppExport.cmake
[8.185s] -- Up-to-date: /home/baris/mavivatan_ws/install/zed_msgs/share/zed_msgs/cmake/zed_msgs__rosidl_typesupport_cppExport-release.cmake
[8.186s] -- Up-to-date: /home/baris/mavivatan_ws/install/zed_msgs/share/zed_msgs/cmake/export_zed_msgs__rosidl_generator_pyExport.cmake
[8.187s] -- Up-to-date: /home/baris/mavivatan_ws/install/zed_msgs/share/zed_msgs/cmake/export_zed_msgs__rosidl_generator_pyExport-release.cmake
[8.187s] -- Up-to-date: /home/baris/mavivatan_ws/install/zed_msgs/share/zed_msgs/cmake/rosidl_cmake-extras.cmake
[8.188s] -- Up-to-date: /home/baris/mavivatan_ws/install/zed_msgs/share/zed_msgs/cmake/ament_cmake_export_dependencies-extras.cmake
[8.190s] -- Up-to-date: /home/baris/mavivatan_ws/install/zed_msgs/share/zed_msgs/cmake/ament_cmake_export_include_directories-extras.cmake
[8.192s] -- Up-to-date: /home/baris/mavivatan_ws/install/zed_msgs/share/zed_msgs/cmake/ament_cmake_export_libraries-extras.cmake
[8.194s] -- Up-to-date: /home/baris/mavivatan_ws/install/zed_msgs/share/zed_msgs/cmake/ament_cmake_export_targets-extras.cmake
[8.197s] -- Up-to-date: /home/baris/mavivatan_ws/install/zed_msgs/share/zed_msgs/cmake/rosidl_cmake_export_typesupport_targets-extras.cmake
[8.199s] -- Up-to-date: /home/baris/mavivatan_ws/install/zed_msgs/share/zed_msgs/cmake/rosidl_cmake_export_typesupport_libraries-extras.cmake
[8.200s] -- Up-to-date: /home/baris/mavivatan_ws/install/zed_msgs/share/zed_msgs/cmake/zed_msgsConfig.cmake
[8.200s] -- Up-to-date: /home/baris/mavivatan_ws/install/zed_msgs/share/zed_msgs/cmake/zed_msgsConfig-version.cmake
[8.203s] -- Up-to-date: /home/baris/mavivatan_ws/install/zed_msgs/share/zed_msgs/package.xml
[8.229s] Invoked command in '/home/baris/mavivatan_ws/build/zed_msgs' returned '0': CMAKE_PREFIX_PATH=${CMAKE_PREFIX_PATH}:/home/baris/mavivatan_ws/install/mavivatan_paket:/opt/ros/humble /usr/bin/cmake --install /home/baris/mavivatan_ws/build/zed_msgs
