[0.027s] Invoking command in '/home/baris/mavivatan_ws/build/mavivatan_interfaces': CMAKE_PREFIX_PATH=${CMAKE_PREFIX_PATH}:/home/baris/mavivatan_ws/install/mavivatan_paket:/opt/ros/humble /usr/bin/cmake /home/baris/mavivatan_ws/src/mavivatan_otonomi/src/mavivatan_interfaces -DCMAKE_BUILD_TYPE=Release -DCMAKE_INSTALL_PREFIX=/home/baris/mavivatan_ws/install/mavivatan_interfaces
[0.150s] -- The C compiler identification is GNU 11.4.0
[0.268s] -- The CXX compiler identification is GNU 11.4.0
[0.284s] -- Detecting C compiler ABI info
[0.446s] -- Detecting C compiler ABI info - done
[0.469s] -- Check for working C compiler: /usr/bin/cc - skipped
[0.470s] -- Detecting C compile features
[0.471s] -- Detecting C compile features - done
[0.481s] -- Detecting CXX compiler ABI info
[0.657s] -- Detecting CXX compiler ABI info - done
[0.682s] -- Check for working CXX compiler: /usr/bin/c++ - skipped
[0.683s] -- Detecting CXX compile features
[0.685s] -- Detecting CXX compile features - done
[0.694s] -- Found ament_cmake: 1.3.14 (/opt/ros/humble/share/ament_cmake/cmake)
[1.066s] -- Found Python3: /usr/bin/python3 (found version "3.10.12") found components: Interpreter 
[1.304s] -- Found rosidl_default_generators: 1.2.1 (/opt/ros/humble/share/rosidl_default_generators/cmake)
[1.311s] -- Using all available rosidl_typesupport_c: rosidl_typesupport_fastrtps_c;rosidl_typesupport_introspection_c
[1.324s] -- Found rosidl_adapter: 3.1.8 (/opt/ros/humble/share/rosidl_adapter/cmake)
[1.414s] -- Using all available rosidl_typesupport_cpp: rosidl_typesupport_fastrtps_cpp;rosidl_typesupport_introspection_cpp
[2.104s] -- Found ament_cmake_ros: 0.10.0 (/opt/ros/humble/share/ament_cmake_ros/cmake)
[2.524s] -- Using all available rosidl_typesupport_c: rosidl_typesupport_fastrtps_c;rosidl_typesupport_introspection_c
[3.106s] -- Using all available rosidl_typesupport_cpp: rosidl_typesupport_fastrtps_cpp;rosidl_typesupport_introspection_cpp
[3.163s] -- Found PythonInterp: /usr/bin/python3 (found suitable version "3.10.12", minimum required is "3.6") 
[3.166s] -- Found python_cmake_module: 0.10.0 (/opt/ros/humble/share/python_cmake_module/cmake)
[3.228s] -- Found PythonLibs: /usr/lib/aarch64-linux-gnu/libpython3.10.so (found suitable version "3.10.12", minimum required is "3.5") 
[3.228s] -- Using PYTHON_EXECUTABLE: /usr/bin/python3
[3.228s] -- Using PYTHON_INCLUDE_DIRS: /usr/include/python3.10
[3.229s] -- Using PYTHON_LIBRARIES: /usr/lib/aarch64-linux-gnu/libpython3.10.so
[3.284s] -- Found PythonExtra: .so  
[3.546s] -- Configuring done
[3.618s] -- Generating done
[3.650s] -- Build files have been written to: /home/baris/mavivatan_ws/build/mavivatan_interfaces
[3.677s] Invoked command in '/home/baris/mavivatan_ws/build/mavivatan_interfaces' returned '0': CMAKE_PREFIX_PATH=${CMAKE_PREFIX_PATH}:/home/baris/mavivatan_ws/install/mavivatan_paket:/opt/ros/humble /usr/bin/cmake /home/baris/mavivatan_ws/src/mavivatan_otonomi/src/mavivatan_interfaces -DCMAKE_BUILD_TYPE=Release -DCMAKE_INSTALL_PREFIX=/home/baris/mavivatan_ws/install/mavivatan_interfaces
[3.683s] Invoking command in '/home/baris/mavivatan_ws/build/mavivatan_interfaces': CMAKE_PREFIX_PATH=${CMAKE_PREFIX_PATH}:/home/baris/mavivatan_ws/install/mavivatan_paket:/opt/ros/humble /usr/bin/cmake --build /home/baris/mavivatan_ws/build/mavivatan_interfaces -- -j6 -l6
[3.768s] [  3%] [34m[1mGenerating C code for ROS interfaces[0m
[3.792s] [  6%] [34m[1mGenerating C++ code for ROS interfaces[0m
[3.801s] [  9%] [34m[1mGenerating Rust code for ROS interfaces[0m
[3.812s] [  9%] Built target ament_cmake_python_copy_mavivatan_interfaces
[4.418s] [  9%] Built target mavivatan_interfaces__cpp
[4.423s] running egg_info
[4.425s] creating mavivatan_interfaces.egg-info
[4.426s] writing mavivatan_interfaces.egg-info/PKG-INFO
[4.426s] writing dependency_links to mavivatan_interfaces.egg-info/dependency_links.txt
[4.427s] writing top-level names to mavivatan_interfaces.egg-info/top_level.txt
[4.427s] writing manifest file 'mavivatan_interfaces.egg-info/SOURCES.txt'
[4.430s] [  9%] Built target mavivatan_interfaces__rs
[4.433s] reading manifest file 'mavivatan_interfaces.egg-info/SOURCES.txt'
[4.434s] writing manifest file 'mavivatan_interfaces.egg-info/SOURCES.txt'
[4.449s] [ 15%] [34m[1mGenerating C++ introspection for ROS interfaces[0m
[4.450s] [ 15%] [34m[1mGenerating C++ type support for eProsima Fast-RTPS[0m
[4.456s] [ 18%] [34m[1mGenerating C++ type support dispatch for ROS interfaces[0m
[4.473s] [ 21%] [32mBuilding C object CMakeFiles/mavivatan_interfaces__rosidl_generator_c.dir/rosidl_generator_c/mavivatan_interfaces/msg/detail/ida_durum__functions.c.o[0m
[4.519s] [ 21%] Built target ament_cmake_python_build_mavivatan_interfaces_egg
[4.729s] [ 25%] [32m[1mLinking C shared library libmavivatan_interfaces__rosidl_generator_c.so[0m
[4.814s] [ 25%] Built target mavivatan_interfaces__rosidl_generator_c
[4.850s] [ 28%] [34m[1mGenerating C introspection for ROS interfaces[0m
[4.850s] [ 31%] [34m[1mGenerating C type support for eProsima Fast-RTPS[0m
[4.899s] [ 34%] [34m[1mGenerating C type support dispatch for ROS interfaces[0m
[5.028s] [ 37%] [32mBuilding CXX object CMakeFiles/mavivatan_interfaces__rosidl_typesupport_fastrtps_cpp.dir/rosidl_typesupport_fastrtps_cpp/mavivatan_interfaces/msg/detail/dds_fastrtps/ida_durum__type_support.cpp.o[0m
[5.108s] [ 40%] [32mBuilding CXX object CMakeFiles/mavivatan_interfaces__rosidl_typesupport_cpp.dir/rosidl_typesupport_cpp/mavivatan_interfaces/msg/ida_durum__type_support.cpp.o[0m
[5.131s] [ 43%] [32mBuilding CXX object CMakeFiles/mavivatan_interfaces__rosidl_typesupport_introspection_cpp.dir/rosidl_typesupport_introspection_cpp/mavivatan_interfaces/msg/detail/ida_durum__type_support.cpp.o[0m
[5.646s] [ 46%] [32mBuilding CXX object CMakeFiles/mavivatan_interfaces__rosidl_typesupport_c.dir/rosidl_typesupport_c/mavivatan_interfaces/msg/ida_durum__type_support.cpp.o[0m
[5.805s] [ 50%] [32mBuilding C object CMakeFiles/mavivatan_interfaces__rosidl_typesupport_introspection_c.dir/rosidl_typesupport_introspection_c/mavivatan_interfaces/msg/detail/ida_durum__type_support.c.o[0m
[5.830s] [ 53%] [32m[1mLinking CXX shared library libmavivatan_interfaces__rosidl_typesupport_c.so[0m
[6.020s] [ 56%] [32m[1mLinking C shared library libmavivatan_interfaces__rosidl_typesupport_introspection_c.so[0m
[6.044s] [ 59%] [32mBuilding CXX object CMakeFiles/mavivatan_interfaces__rosidl_typesupport_fastrtps_c.dir/rosidl_typesupport_fastrtps_c/mavivatan_interfaces/msg/detail/ida_durum__type_support_c.cpp.o[0m
[6.085s] [ 59%] Built target mavivatan_interfaces__rosidl_typesupport_c
[6.230s] [ 59%] Built target mavivatan_interfaces__rosidl_typesupport_introspection_c
[6.579s] [ 62%] [32m[1mLinking CXX shared library libmavivatan_interfaces__rosidl_typesupport_cpp.so[0m
[6.599s] [ 65%] [32m[1mLinking CXX shared library libmavivatan_interfaces__rosidl_typesupport_fastrtps_cpp.so[0m
[6.803s] [ 65%] Built target mavivatan_interfaces__rosidl_typesupport_cpp
[7.011s] [ 68%] [32m[1mLinking CXX shared library libmavivatan_interfaces__rosidl_typesupport_introspection_cpp.so[0m
[7.015s] [ 68%] Built target mavivatan_interfaces__rosidl_typesupport_fastrtps_cpp
[7.249s] [ 68%] Built target mavivatan_interfaces__rosidl_typesupport_introspection_cpp
[7.439s] [ 71%] [32m[1mLinking CXX shared library libmavivatan_interfaces__rosidl_typesupport_fastrtps_c.so[0m
[7.599s] [ 71%] Built target mavivatan_interfaces__rosidl_typesupport_fastrtps_c
[7.646s] [ 71%] Built target mavivatan_interfaces
[7.692s] [ 75%] [34m[1mGenerating Python code for ROS interfaces[0m
[8.382s] [ 75%] Built target mavivatan_interfaces__py
[8.428s] [ 78%] [32mBuilding C object CMakeFiles/mavivatan_interfaces__rosidl_generator_py.dir/rosidl_generator_py/mavivatan_interfaces/msg/_ida_durum_s.c.o[0m
[8.756s] [ 81%] [32m[1mLinking C shared library rosidl_generator_py/mavivatan_interfaces/libmavivatan_interfaces__rosidl_generator_py.so[0m
[8.858s] [ 81%] Built target mavivatan_interfaces__rosidl_generator_py
[8.915s] [ 84%] [32mBuilding C object CMakeFiles/mavivatan_interfaces__rosidl_typesupport_introspection_c__pyext.dir/rosidl_generator_py/mavivatan_interfaces/_mavivatan_interfaces_s.ep.rosidl_typesupport_introspection_c.c.o[0m
[8.930s] [ 87%] [32mBuilding C object CMakeFiles/mavivatan_interfaces__rosidl_typesupport_c__pyext.dir/rosidl_generator_py/mavivatan_interfaces/_mavivatan_interfaces_s.ep.rosidl_typesupport_c.c.o[0m
[8.965s] [ 90%] [32mBuilding C object CMakeFiles/mavivatan_interfaces__rosidl_typesupport_fastrtps_c__pyext.dir/rosidl_generator_py/mavivatan_interfaces/_mavivatan_interfaces_s.ep.rosidl_typesupport_fastrtps_c.c.o[0m
[9.336s] [ 93%] [32m[1mLinking C shared library rosidl_generator_py/mavivatan_interfaces/mavivatan_interfaces_s__rosidl_typesupport_introspection_c.cpython-310-aarch64-linux-gnu.so[0m
[9.366s] [ 96%] [32m[1mLinking C shared library rosidl_generator_py/mavivatan_interfaces/mavivatan_interfaces_s__rosidl_typesupport_c.cpython-310-aarch64-linux-gnu.so[0m
[9.473s] [ 96%] Built target mavivatan_interfaces__rosidl_typesupport_introspection_c__pyext
[9.518s] [100%] [32m[1mLinking C shared library rosidl_generator_py/mavivatan_interfaces/mavivatan_interfaces_s__rosidl_typesupport_fastrtps_c.cpython-310-aarch64-linux-gnu.so[0m
[9.539s] [100%] Built target mavivatan_interfaces__rosidl_typesupport_c__pyext
[9.672s] [100%] Built target mavivatan_interfaces__rosidl_typesupport_fastrtps_c__pyext
[9.736s] Invoked command in '/home/baris/mavivatan_ws/build/mavivatan_interfaces' returned '0': CMAKE_PREFIX_PATH=${CMAKE_PREFIX_PATH}:/home/baris/mavivatan_ws/install/mavivatan_paket:/opt/ros/humble /usr/bin/cmake --build /home/baris/mavivatan_ws/build/mavivatan_interfaces -- -j6 -l6
[9.780s] Invoking command in '/home/baris/mavivatan_ws/build/mavivatan_interfaces': CMAKE_PREFIX_PATH=${CMAKE_PREFIX_PATH}:/home/baris/mavivatan_ws/install/mavivatan_paket:/opt/ros/humble /usr/bin/cmake --install /home/baris/mavivatan_ws/build/mavivatan_interfaces
[9.813s] -- Install configuration: "Release"
[9.813s] -- Installing: /home/baris/mavivatan_ws/install/mavivatan_interfaces/share/ament_index/resource_index/rosidl_interfaces/mavivatan_interfaces
[9.814s] -- Installing: /home/baris/mavivatan_ws/install/mavivatan_interfaces/include/mavivatan_interfaces/mavivatan_interfaces
[9.814s] -- Installing: /home/baris/mavivatan_ws/install/mavivatan_interfaces/include/mavivatan_interfaces/mavivatan_interfaces/msg
[9.815s] -- Installing: /home/baris/mavivatan_ws/install/mavivatan_interfaces/include/mavivatan_interfaces/mavivatan_interfaces/msg/detail
[9.815s] -- Installing: /home/baris/mavivatan_ws/install/mavivatan_interfaces/include/mavivatan_interfaces/mavivatan_interfaces/msg/detail/ida_durum__functions.h
[9.816s] -- Installing: /home/baris/mavivatan_ws/install/mavivatan_interfaces/include/mavivatan_interfaces/mavivatan_interfaces/msg/detail/ida_durum__functions.c
[9.816s] -- Installing: /home/baris/mavivatan_ws/install/mavivatan_interfaces/include/mavivatan_interfaces/mavivatan_interfaces/msg/detail/ida_durum__type_support.h
[9.816s] -- Installing: /home/baris/mavivatan_ws/install/mavivatan_interfaces/include/mavivatan_interfaces/mavivatan_interfaces/msg/detail/ida_durum__struct.h
[9.816s] -- Installing: /home/baris/mavivatan_ws/install/mavivatan_interfaces/include/mavivatan_interfaces/mavivatan_interfaces/msg/rosidl_generator_c__visibility_control.h
[9.816s] -- Installing: /home/baris/mavivatan_ws/install/mavivatan_interfaces/include/mavivatan_interfaces/mavivatan_interfaces/msg/ida_durum.h
[9.817s] -- Installing: /home/baris/mavivatan_ws/install/mavivatan_interfaces/share/mavivatan_interfaces/environment/library_path.sh
[9.817s] -- Installing: /home/baris/mavivatan_ws/install/mavivatan_interfaces/share/mavivatan_interfaces/environment/library_path.dsv
[9.817s] -- Installing: /home/baris/mavivatan_ws/install/mavivatan_interfaces/lib/libmavivatan_interfaces__rosidl_generator_c.so
[9.818s] -- Set runtime path of "/home/baris/mavivatan_ws/install/mavivatan_interfaces/lib/libmavivatan_interfaces__rosidl_generator_c.so" to ""
[9.818s] -- Up-to-date: /home/baris/mavivatan_ws/install/mavivatan_interfaces/include/mavivatan_interfaces/mavivatan_interfaces
[9.819s] -- Up-to-date: /home/baris/mavivatan_ws/install/mavivatan_interfaces/include/mavivatan_interfaces/mavivatan_interfaces/msg
[9.819s] -- Up-to-date: /home/baris/mavivatan_ws/install/mavivatan_interfaces/include/mavivatan_interfaces/mavivatan_interfaces/msg/detail
[9.819s] -- Installing: /home/baris/mavivatan_ws/install/mavivatan_interfaces/include/mavivatan_interfaces/mavivatan_interfaces/msg/detail/ida_durum__rosidl_typesupport_fastrtps_c.h
[9.819s] -- Installing: /home/baris/mavivatan_ws/install/mavivatan_interfaces/include/mavivatan_interfaces/mavivatan_interfaces/msg/rosidl_typesupport_fastrtps_c__visibility_control.h
[9.819s] -- Installing: /home/baris/mavivatan_ws/install/mavivatan_interfaces/lib/libmavivatan_interfaces__rosidl_typesupport_fastrtps_c.so
[9.820s] -- Set runtime path of "/home/baris/mavivatan_ws/install/mavivatan_interfaces/lib/libmavivatan_interfaces__rosidl_typesupport_fastrtps_c.so" to ""
[9.820s] -- Up-to-date: /home/baris/mavivatan_ws/install/mavivatan_interfaces/include/mavivatan_interfaces/mavivatan_interfaces
[9.820s] -- Up-to-date: /home/baris/mavivatan_ws/install/mavivatan_interfaces/include/mavivatan_interfaces/mavivatan_interfaces/msg
[9.821s] -- Up-to-date: /home/baris/mavivatan_ws/install/mavivatan_interfaces/include/mavivatan_interfaces/mavivatan_interfaces/msg/detail
[9.821s] -- Installing: /home/baris/mavivatan_ws/install/mavivatan_interfaces/include/mavivatan_interfaces/mavivatan_interfaces/msg/detail/ida_durum__rosidl_typesupport_introspection_c.h
[9.821s] -- Installing: /home/baris/mavivatan_ws/install/mavivatan_interfaces/include/mavivatan_interfaces/mavivatan_interfaces/msg/detail/ida_durum__type_support.c
[9.821s] -- Installing: /home/baris/mavivatan_ws/install/mavivatan_interfaces/include/mavivatan_interfaces/mavivatan_interfaces/msg/rosidl_typesupport_introspection_c__visibility_control.h
[9.821s] -- Installing: /home/baris/mavivatan_ws/install/mavivatan_interfaces/lib/libmavivatan_interfaces__rosidl_typesupport_introspection_c.so
[9.822s] -- Set runtime path of "/home/baris/mavivatan_ws/install/mavivatan_interfaces/lib/libmavivatan_interfaces__rosidl_typesupport_introspection_c.so" to ""
[9.822s] -- Installing: /home/baris/mavivatan_ws/install/mavivatan_interfaces/lib/libmavivatan_interfaces__rosidl_typesupport_c.so
[9.824s] -- Set runtime path of "/home/baris/mavivatan_ws/install/mavivatan_interfaces/lib/libmavivatan_interfaces__rosidl_typesupport_c.so" to ""
[9.824s] -- Up-to-date: /home/baris/mavivatan_ws/install/mavivatan_interfaces/include/mavivatan_interfaces/mavivatan_interfaces
[9.825s] -- Up-to-date: /home/baris/mavivatan_ws/install/mavivatan_interfaces/include/mavivatan_interfaces/mavivatan_interfaces/msg
[9.826s] -- Up-to-date: /home/baris/mavivatan_ws/install/mavivatan_interfaces/include/mavivatan_interfaces/mavivatan_interfaces/msg/detail
[9.826s] -- Installing: /home/baris/mavivatan_ws/install/mavivatan_interfaces/include/mavivatan_interfaces/mavivatan_interfaces/msg/detail/ida_durum__builder.hpp
[9.826s] -- Installing: /home/baris/mavivatan_ws/install/mavivatan_interfaces/include/mavivatan_interfaces/mavivatan_interfaces/msg/detail/ida_durum__struct.hpp
[9.826s] -- Installing: /home/baris/mavivatan_ws/install/mavivatan_interfaces/include/mavivatan_interfaces/mavivatan_interfaces/msg/detail/ida_durum__type_support.hpp
[9.827s] -- Installing: /home/baris/mavivatan_ws/install/mavivatan_interfaces/include/mavivatan_interfaces/mavivatan_interfaces/msg/detail/ida_durum__traits.hpp
[9.827s] -- Installing: /home/baris/mavivatan_ws/install/mavivatan_interfaces/include/mavivatan_interfaces/mavivatan_interfaces/msg/rosidl_generator_cpp__visibility_control.hpp
[9.827s] -- Installing: /home/baris/mavivatan_ws/install/mavivatan_interfaces/include/mavivatan_interfaces/mavivatan_interfaces/msg/ida_durum.hpp
[9.827s] -- Up-to-date: /home/baris/mavivatan_ws/install/mavivatan_interfaces/include/mavivatan_interfaces/mavivatan_interfaces
[9.828s] -- Up-to-date: /home/baris/mavivatan_ws/install/mavivatan_interfaces/include/mavivatan_interfaces/mavivatan_interfaces/msg
[9.828s] -- Up-to-date: /home/baris/mavivatan_ws/install/mavivatan_interfaces/include/mavivatan_interfaces/mavivatan_interfaces/msg/detail
[9.828s] -- Installing: /home/baris/mavivatan_ws/install/mavivatan_interfaces/include/mavivatan_interfaces/mavivatan_interfaces/msg/detail/ida_durum__rosidl_typesupport_fastrtps_cpp.hpp
[9.828s] -- Installing: /home/baris/mavivatan_ws/install/mavivatan_interfaces/include/mavivatan_interfaces/mavivatan_interfaces/msg/detail/dds_fastrtps
[9.828s] -- Installing: /home/baris/mavivatan_ws/install/mavivatan_interfaces/include/mavivatan_interfaces/mavivatan_interfaces/msg/rosidl_typesupport_fastrtps_cpp__visibility_control.h
[9.829s] -- Installing: /home/baris/mavivatan_ws/install/mavivatan_interfaces/lib/libmavivatan_interfaces__rosidl_typesupport_fastrtps_cpp.so
[9.829s] -- Set runtime path of "/home/baris/mavivatan_ws/install/mavivatan_interfaces/lib/libmavivatan_interfaces__rosidl_typesupport_fastrtps_cpp.so" to ""
[9.829s] -- Up-to-date: /home/baris/mavivatan_ws/install/mavivatan_interfaces/include/mavivatan_interfaces/mavivatan_interfaces
[9.829s] -- Up-to-date: /home/baris/mavivatan_ws/install/mavivatan_interfaces/include/mavivatan_interfaces/mavivatan_interfaces/msg
[9.829s] -- Up-to-date: /home/baris/mavivatan_ws/install/mavivatan_interfaces/include/mavivatan_interfaces/mavivatan_interfaces/msg/detail
[9.830s] -- Installing: /home/baris/mavivatan_ws/install/mavivatan_interfaces/include/mavivatan_interfaces/mavivatan_interfaces/msg/detail/ida_durum__rosidl_typesupport_introspection_cpp.hpp
[9.830s] -- Installing: /home/baris/mavivatan_ws/install/mavivatan_interfaces/include/mavivatan_interfaces/mavivatan_interfaces/msg/detail/ida_durum__type_support.cpp
[9.830s] -- Installing: /home/baris/mavivatan_ws/install/mavivatan_interfaces/lib/libmavivatan_interfaces__rosidl_typesupport_introspection_cpp.so
[9.830s] -- Set runtime path of "/home/baris/mavivatan_ws/install/mavivatan_interfaces/lib/libmavivatan_interfaces__rosidl_typesupport_introspection_cpp.so" to ""
[9.830s] -- Installing: /home/baris/mavivatan_ws/install/mavivatan_interfaces/lib/libmavivatan_interfaces__rosidl_typesupport_cpp.so
[9.831s] -- Set runtime path of "/home/baris/mavivatan_ws/install/mavivatan_interfaces/lib/libmavivatan_interfaces__rosidl_typesupport_cpp.so" to ""
[9.831s] -- Installing: /home/baris/mavivatan_ws/install/mavivatan_interfaces/share/mavivatan_interfaces/environment/pythonpath.sh
[9.831s] -- Installing: /home/baris/mavivatan_ws/install/mavivatan_interfaces/share/mavivatan_interfaces/environment/pythonpath.dsv
[9.831s] -- Installing: /home/baris/mavivatan_ws/install/mavivatan_interfaces/local/lib/python3.10/dist-packages/mavivatan_interfaces-0.0.0-py3.10.egg-info
[9.831s] -- Installing: /home/baris/mavivatan_ws/install/mavivatan_interfaces/local/lib/python3.10/dist-packages/mavivatan_interfaces-0.0.0-py3.10.egg-info/SOURCES.txt
[9.832s] -- Installing: /home/baris/mavivatan_ws/install/mavivatan_interfaces/local/lib/python3.10/dist-packages/mavivatan_interfaces-0.0.0-py3.10.egg-info/top_level.txt
[9.832s] -- Installing: /home/baris/mavivatan_ws/install/mavivatan_interfaces/local/lib/python3.10/dist-packages/mavivatan_interfaces-0.0.0-py3.10.egg-info/dependency_links.txt
[9.832s] -- Installing: /home/baris/mavivatan_ws/install/mavivatan_interfaces/local/lib/python3.10/dist-packages/mavivatan_interfaces-0.0.0-py3.10.egg-info/PKG-INFO
[9.833s] -- Installing: /home/baris/mavivatan_ws/install/mavivatan_interfaces/local/lib/python3.10/dist-packages/mavivatan_interfaces
[9.833s] -- Installing: /home/baris/mavivatan_ws/install/mavivatan_interfaces/local/lib/python3.10/dist-packages/mavivatan_interfaces/_mavivatan_interfaces_s.ep.rosidl_typesupport_c.c
[9.833s] -- Installing: /home/baris/mavivatan_ws/install/mavivatan_interfaces/local/lib/python3.10/dist-packages/mavivatan_interfaces/_mavivatan_interfaces_s.ep.rosidl_typesupport_fastrtps_c.c
[9.834s] -- Installing: /home/baris/mavivatan_ws/install/mavivatan_interfaces/local/lib/python3.10/dist-packages/mavivatan_interfaces/libmavivatan_interfaces__rosidl_generator_py.so
[9.834s] -- Installing: /home/baris/mavivatan_ws/install/mavivatan_interfaces/local/lib/python3.10/dist-packages/mavivatan_interfaces/mavivatan_interfaces_s__rosidl_typesupport_c.cpython-310-aarch64-linux-gnu.so
[9.834s] -- Installing: /home/baris/mavivatan_ws/install/mavivatan_interfaces/local/lib/python3.10/dist-packages/mavivatan_interfaces/_mavivatan_interfaces_s.ep.rosidl_typesupport_introspection_c.c
[9.835s] -- Installing: /home/baris/mavivatan_ws/install/mavivatan_interfaces/local/lib/python3.10/dist-packages/mavivatan_interfaces/msg
[9.835s] -- Installing: /home/baris/mavivatan_ws/install/mavivatan_interfaces/local/lib/python3.10/dist-packages/mavivatan_interfaces/msg/_ida_durum.py
[9.835s] -- Installing: /home/baris/mavivatan_ws/install/mavivatan_interfaces/local/lib/python3.10/dist-packages/mavivatan_interfaces/msg/_ida_durum_s.c
[9.835s] -- Installing: /home/baris/mavivatan_ws/install/mavivatan_interfaces/local/lib/python3.10/dist-packages/mavivatan_interfaces/msg/__init__.py
[9.836s] -- Installing: /home/baris/mavivatan_ws/install/mavivatan_interfaces/local/lib/python3.10/dist-packages/mavivatan_interfaces/mavivatan_interfaces_s__rosidl_typesupport_introspection_c.cpython-310-aarch64-linux-gnu.so
[9.836s] -- Installing: /home/baris/mavivatan_ws/install/mavivatan_interfaces/local/lib/python3.10/dist-packages/mavivatan_interfaces/mavivatan_interfaces_s__rosidl_typesupport_fastrtps_c.cpython-310-aarch64-linux-gnu.so
[9.836s] -- Installing: /home/baris/mavivatan_ws/install/mavivatan_interfaces/local/lib/python3.10/dist-packages/mavivatan_interfaces/__init__.py
[9.919s] Listing '/home/baris/mavivatan_ws/install/mavivatan_interfaces/local/lib/python3.10/dist-packages/mavivatan_interfaces'...
[9.919s] Compiling '/home/baris/mavivatan_ws/install/mavivatan_interfaces/local/lib/python3.10/dist-packages/mavivatan_interfaces/__init__.py'...
[9.919s] Listing '/home/baris/mavivatan_ws/install/mavivatan_interfaces/local/lib/python3.10/dist-packages/mavivatan_interfaces/msg'...
[9.919s] Compiling '/home/baris/mavivatan_ws/install/mavivatan_interfaces/local/lib/python3.10/dist-packages/mavivatan_interfaces/msg/__init__.py'...
[9.919s] Compiling '/home/baris/mavivatan_ws/install/mavivatan_interfaces/local/lib/python3.10/dist-packages/mavivatan_interfaces/msg/_ida_durum.py'...
[9.938s] -- Installing: /home/baris/mavivatan_ws/install/mavivatan_interfaces/local/lib/python3.10/dist-packages/mavivatan_interfaces/mavivatan_interfaces_s__rosidl_typesupport_fastrtps_c.cpython-310-aarch64-linux-gnu.so
[9.938s] -- Set runtime path of "/home/baris/mavivatan_ws/install/mavivatan_interfaces/local/lib/python3.10/dist-packages/mavivatan_interfaces/mavivatan_interfaces_s__rosidl_typesupport_fastrtps_c.cpython-310-aarch64-linux-gnu.so" to ""
[9.939s] -- Installing: /home/baris/mavivatan_ws/install/mavivatan_interfaces/local/lib/python3.10/dist-packages/mavivatan_interfaces/mavivatan_interfaces_s__rosidl_typesupport_introspection_c.cpython-310-aarch64-linux-gnu.so
[9.939s] -- Set runtime path of "/home/baris/mavivatan_ws/install/mavivatan_interfaces/local/lib/python3.10/dist-packages/mavivatan_interfaces/mavivatan_interfaces_s__rosidl_typesupport_introspection_c.cpython-310-aarch64-linux-gnu.so" to ""
[9.939s] -- Installing: /home/baris/mavivatan_ws/install/mavivatan_interfaces/local/lib/python3.10/dist-packages/mavivatan_interfaces/mavivatan_interfaces_s__rosidl_typesupport_c.cpython-310-aarch64-linux-gnu.so
[9.939s] -- Set runtime path of "/home/baris/mavivatan_ws/install/mavivatan_interfaces/local/lib/python3.10/dist-packages/mavivatan_interfaces/mavivatan_interfaces_s__rosidl_typesupport_c.cpython-310-aarch64-linux-gnu.so" to ""
[9.939s] -- Installing: /home/baris/mavivatan_ws/install/mavivatan_interfaces/lib/libmavivatan_interfaces__rosidl_generator_py.so
[9.939s] -- Set runtime path of "/home/baris/mavivatan_ws/install/mavivatan_interfaces/lib/libmavivatan_interfaces__rosidl_generator_py.so" to ""
[9.940s] -- Installing: /home/baris/mavivatan_ws/install/mavivatan_interfaces/share/ament_index/resource_index/rust_packages/mavivatan_interfaces
[9.940s] -- Installing: /home/baris/mavivatan_ws/install/mavivatan_interfaces/share/mavivatan_interfaces/rust
[9.940s] -- Installing: /home/baris/mavivatan_ws/install/mavivatan_interfaces/share/mavivatan_interfaces/rust/Cargo.toml
[9.940s] -- Installing: /home/baris/mavivatan_ws/install/mavivatan_interfaces/share/mavivatan_interfaces/rust/src
[9.942s] -- Installing: /home/baris/mavivatan_ws/install/mavivatan_interfaces/share/mavivatan_interfaces/rust/src/msg.rs
[9.942s] -- Installing: /home/baris/mavivatan_ws/install/mavivatan_interfaces/share/mavivatan_interfaces/rust/src/lib.rs
[9.943s] -- Installing: /home/baris/mavivatan_ws/install/mavivatan_interfaces/share/mavivatan_interfaces/rust/src/msg
[9.943s] -- Installing: /home/baris/mavivatan_ws/install/mavivatan_interfaces/share/mavivatan_interfaces/rust/src/msg/rmw.rs
[9.943s] -- Installing: /home/baris/mavivatan_ws/install/mavivatan_interfaces/share/mavivatan_interfaces/rust/build.rs
[9.943s] -- Installing: /home/baris/mavivatan_ws/install/mavivatan_interfaces/share/mavivatan_interfaces/msg/IdaDurum.idl
[9.944s] -- Installing: /home/baris/mavivatan_ws/install/mavivatan_interfaces/share/mavivatan_interfaces/msg/IdaDurum.msg
[9.944s] -- Installing: /home/baris/mavivatan_ws/install/mavivatan_interfaces/share/ament_index/resource_index/package_run_dependencies/mavivatan_interfaces
[9.944s] -- Installing: /home/baris/mavivatan_ws/install/mavivatan_interfaces/share/ament_index/resource_index/parent_prefix_path/mavivatan_interfaces
[9.944s] -- Installing: /home/baris/mavivatan_ws/install/mavivatan_interfaces/share/mavivatan_interfaces/environment/ament_prefix_path.sh
[9.945s] -- Installing: /home/baris/mavivatan_ws/install/mavivatan_interfaces/share/mavivatan_interfaces/environment/ament_prefix_path.dsv
[9.945s] -- Installing: /home/baris/mavivatan_ws/install/mavivatan_interfaces/share/mavivatan_interfaces/environment/path.sh
[9.945s] -- Installing: /home/baris/mavivatan_ws/install/mavivatan_interfaces/share/mavivatan_interfaces/environment/path.dsv
[9.946s] -- Installing: /home/baris/mavivatan_ws/install/mavivatan_interfaces/share/mavivatan_interfaces/local_setup.bash
[9.946s] -- Installing: /home/baris/mavivatan_ws/install/mavivatan_interfaces/share/mavivatan_interfaces/local_setup.sh
[9.946s] -- Installing: /home/baris/mavivatan_ws/install/mavivatan_interfaces/share/mavivatan_interfaces/local_setup.zsh
[9.947s] -- Installing: /home/baris/mavivatan_ws/install/mavivatan_interfaces/share/mavivatan_interfaces/local_setup.dsv
[9.947s] -- Installing: /home/baris/mavivatan_ws/install/mavivatan_interfaces/share/mavivatan_interfaces/package.dsv
[9.947s] -- Installing: /home/baris/mavivatan_ws/install/mavivatan_interfaces/share/ament_index/resource_index/packages/mavivatan_interfaces
[9.947s] -- Installing: /home/baris/mavivatan_ws/install/mavivatan_interfaces/share/mavivatan_interfaces/cmake/export_mavivatan_interfaces__rosidl_generator_cExport.cmake
[9.947s] -- Installing: /home/baris/mavivatan_ws/install/mavivatan_interfaces/share/mavivatan_interfaces/cmake/export_mavivatan_interfaces__rosidl_generator_cExport-release.cmake
[9.948s] -- Installing: /home/baris/mavivatan_ws/install/mavivatan_interfaces/share/mavivatan_interfaces/cmake/export_mavivatan_interfaces__rosidl_typesupport_fastrtps_cExport.cmake
[9.948s] -- Installing: /home/baris/mavivatan_ws/install/mavivatan_interfaces/share/mavivatan_interfaces/cmake/export_mavivatan_interfaces__rosidl_typesupport_fastrtps_cExport-release.cmake
[9.948s] -- Installing: /home/baris/mavivatan_ws/install/mavivatan_interfaces/share/mavivatan_interfaces/cmake/mavivatan_interfaces__rosidl_typesupport_introspection_cExport.cmake
[9.948s] -- Installing: /home/baris/mavivatan_ws/install/mavivatan_interfaces/share/mavivatan_interfaces/cmake/mavivatan_interfaces__rosidl_typesupport_introspection_cExport-release.cmake
[9.948s] -- Installing: /home/baris/mavivatan_ws/install/mavivatan_interfaces/share/mavivatan_interfaces/cmake/mavivatan_interfaces__rosidl_typesupport_cExport.cmake
[9.949s] -- Installing: /home/baris/mavivatan_ws/install/mavivatan_interfaces/share/mavivatan_interfaces/cmake/mavivatan_interfaces__rosidl_typesupport_cExport-release.cmake
[9.949s] -- Installing: /home/baris/mavivatan_ws/install/mavivatan_interfaces/share/mavivatan_interfaces/cmake/export_mavivatan_interfaces__rosidl_generator_cppExport.cmake
[9.949s] -- Installing: /home/baris/mavivatan_ws/install/mavivatan_interfaces/share/mavivatan_interfaces/cmake/export_mavivatan_interfaces__rosidl_typesupport_fastrtps_cppExport.cmake
[9.949s] -- Installing: /home/baris/mavivatan_ws/install/mavivatan_interfaces/share/mavivatan_interfaces/cmake/export_mavivatan_interfaces__rosidl_typesupport_fastrtps_cppExport-release.cmake
[9.949s] -- Installing: /home/baris/mavivatan_ws/install/mavivatan_interfaces/share/mavivatan_interfaces/cmake/mavivatan_interfaces__rosidl_typesupport_introspection_cppExport.cmake
[9.950s] -- Installing: /home/baris/mavivatan_ws/install/mavivatan_interfaces/share/mavivatan_interfaces/cmake/mavivatan_interfaces__rosidl_typesupport_introspection_cppExport-release.cmake
[9.950s] -- Installing: /home/baris/mavivatan_ws/install/mavivatan_interfaces/share/mavivatan_interfaces/cmake/mavivatan_interfaces__rosidl_typesupport_cppExport.cmake
[9.950s] -- Installing: /home/baris/mavivatan_ws/install/mavivatan_interfaces/share/mavivatan_interfaces/cmake/mavivatan_interfaces__rosidl_typesupport_cppExport-release.cmake
[9.951s] -- Installing: /home/baris/mavivatan_ws/install/mavivatan_interfaces/share/mavivatan_interfaces/cmake/export_mavivatan_interfaces__rosidl_generator_pyExport.cmake
[9.951s] -- Installing: /home/baris/mavivatan_ws/install/mavivatan_interfaces/share/mavivatan_interfaces/cmake/export_mavivatan_interfaces__rosidl_generator_pyExport-release.cmake
[9.951s] -- Installing: /home/baris/mavivatan_ws/install/mavivatan_interfaces/share/mavivatan_interfaces/cmake/rosidl_cmake-extras.cmake
[9.951s] -- Installing: /home/baris/mavivatan_ws/install/mavivatan_interfaces/share/mavivatan_interfaces/cmake/ament_cmake_export_include_directories-extras.cmake
[9.951s] -- Installing: /home/baris/mavivatan_ws/install/mavivatan_interfaces/share/mavivatan_interfaces/cmake/ament_cmake_export_libraries-extras.cmake
[9.952s] -- Installing: /home/baris/mavivatan_ws/install/mavivatan_interfaces/share/mavivatan_interfaces/cmake/ament_cmake_export_targets-extras.cmake
[9.952s] -- Installing: /home/baris/mavivatan_ws/install/mavivatan_interfaces/share/mavivatan_interfaces/cmake/rosidl_cmake_export_typesupport_targets-extras.cmake
[9.952s] -- Installing: /home/baris/mavivatan_ws/install/mavivatan_interfaces/share/mavivatan_interfaces/cmake/ament_cmake_export_dependencies-extras.cmake
[9.952s] -- Installing: /home/baris/mavivatan_ws/install/mavivatan_interfaces/share/mavivatan_interfaces/cmake/rosidl_cmake_export_typesupport_libraries-extras.cmake
[9.953s] -- Installing: /home/baris/mavivatan_ws/install/mavivatan_interfaces/share/mavivatan_interfaces/cmake/mavivatan_interfacesConfig.cmake
[9.953s] -- Installing: /home/baris/mavivatan_ws/install/mavivatan_interfaces/share/mavivatan_interfaces/cmake/mavivatan_interfacesConfig-version.cmake
[9.953s] -- Installing: /home/baris/mavivatan_ws/install/mavivatan_interfaces/share/mavivatan_interfaces/package.xml
[9.963s] Invoked command in '/home/baris/mavivatan_ws/build/mavivatan_interfaces' returned '0': CMAKE_PREFIX_PATH=${CMAKE_PREFIX_PATH}:/home/baris/mavivatan_ws/install/mavivatan_paket:/opt/ros/humble /usr/bin/cmake --install /home/baris/mavivatan_ws/build/mavivatan_interfaces
