running egg_info
writing ../../../../build/mavivatan_paket/mavivatan_paket.egg-info/PKG-INFO
writing dependency_links to ../../../../build/mavivatan_paket/mavivatan_paket.egg-info/dependency_links.txt
writing entry points to ../../../../build/mavivatan_paket/mavivatan_paket.egg-info/entry_points.txt
writing requirements to ../../../../build/mavivatan_paket/mavivatan_paket.egg-info/requires.txt
writing top-level names to ../../../../build/mavivatan_paket/mavivatan_paket.egg-info/top_level.txt
reading manifest file '../../../../build/mavivatan_paket/mavivatan_paket.egg-info/SOURCES.txt'
writing manifest file '../../../../build/mavivatan_paket/mavivatan_paket.egg-info/SOURCES.txt'
running build
running build_py
copying mavivatan_paket/mavlink_motor.py -> /home/baris/mavivatan_ws/build/mavivatan_paket/build/lib/mavivatan_paket
copying mavivatan_paket/mavivatan_yars_ui.py -> /home/baris/mavivatan_ws/build/mavivatan_paket/build/lib/mavivatan_paket
copying mavivatan_paket/yolo_hedef_tespiti.py -> /home/baris/mavivatan_ws/build/mavivatan_paket/build/lib/mavivatan_paket
copying mavivatan_paket/gps_navigasyon.py -> /home/baris/mavivatan_ws/build/mavivatan_paket/build/lib/mavivatan_paket
running install
running install_lib
copying /home/baris/mavivatan_ws/build/mavivatan_paket/build/lib/mavivatan_paket/mavlink_motor.py -> /home/baris/mavivatan_ws/install/mavivatan_paket/lib/python3.10/site-packages/mavivatan_paket
copying /home/baris/mavivatan_ws/build/mavivatan_paket/build/lib/mavivatan_paket/mavivatan_yars_ui.py -> /home/baris/mavivatan_ws/install/mavivatan_paket/lib/python3.10/site-packages/mavivatan_paket
copying /home/baris/mavivatan_ws/build/mavivatan_paket/build/lib/mavivatan_paket/yolo_hedef_tespiti.py -> /home/baris/mavivatan_ws/install/mavivatan_paket/lib/python3.10/site-packages/mavivatan_paket
copying /home/baris/mavivatan_ws/build/mavivatan_paket/build/lib/mavivatan_paket/gps_navigasyon.py -> /home/baris/mavivatan_ws/install/mavivatan_paket/lib/python3.10/site-packages/mavivatan_paket
byte-compiling /home/baris/mavivatan_ws/install/mavivatan_paket/lib/python3.10/site-packages/mavivatan_paket/mavlink_motor.py to mavlink_motor.cpython-310.pyc
byte-compiling /home/baris/mavivatan_ws/install/mavivatan_paket/lib/python3.10/site-packages/mavivatan_paket/mavivatan_yars_ui.py to mavivatan_yars_ui.cpython-310.pyc
byte-compiling /home/baris/mavivatan_ws/install/mavivatan_paket/lib/python3.10/site-packages/mavivatan_paket/yolo_hedef_tespiti.py to yolo_hedef_tespiti.cpython-310.pyc
byte-compiling /home/baris/mavivatan_ws/install/mavivatan_paket/lib/python3.10/site-packages/mavivatan_paket/gps_navigasyon.py to gps_navigasyon.cpython-310.pyc
running install_data
running install_egg_info
removing '/home/baris/mavivatan_ws/install/mavivatan_paket/lib/python3.10/site-packages/mavivatan_paket-0.0.0-py3.10.egg-info' (and everything under it)
Copying ../../../../build/mavivatan_paket/mavivatan_paket.egg-info to /home/baris/mavivatan_ws/install/mavivatan_paket/lib/python3.10/site-packages/mavivatan_paket-0.0.0-py3.10.egg-info
running install_scripts
Installing abone_dugumu script to /home/baris/mavivatan_ws/install/mavivatan_paket/lib/mavivatan_paket
Installing gorev_yoneticisi script to /home/baris/mavivatan_ws/install/mavivatan_paket/lib/mavivatan_paket
Installing gps_navigasyon script to /home/baris/mavivatan_ws/install/mavivatan_paket/lib/mavivatan_paket
Installing ilk_dugum script to /home/baris/mavivatan_ws/install/mavivatan_paket/lib/mavivatan_paket
Installing kanal_navigasyonu script to /home/baris/mavivatan_ws/install/mavivatan_paket/lib/mavivatan_paket
Installing mavivatan_yars_ui script to /home/baris/mavivatan_ws/install/mavivatan_paket/lib/mavivatan_paket
Installing mavlink_motor script to /home/baris/mavivatan_ws/install/mavivatan_paket/lib/mavivatan_paket
Installing navigasyon_ve_karar script to /home/baris/mavivatan_ws/install/mavivatan_paket/lib/mavivatan_paket
Installing sensor_fuzyonu script to /home/baris/mavivatan_ws/install/mavivatan_paket/lib/mavivatan_paket
Installing telemetri_merkezi script to /home/baris/mavivatan_ws/install/mavivatan_paket/lib/mavivatan_paket
Installing yolo_hedef_tespiti script to /home/baris/mavivatan_ws/install/mavivatan_paket/lib/mavivatan_paket
writing list of installed files to '/home/baris/mavivatan_ws/build/mavivatan_paket/install.log'
