[0.051s] Invoking command in '/home/baris/mavivatan_ws/build/zed_wrapper': CMAKE_PREFIX_PATH=/home/baris/mavivatan_ws/install/zed_components:/home/baris/mavivatan_ws/install/zed_msgs:/home/baris/mavivatan_ws/install/zed_ros2:/home/baris/mavivatan_ws/install/zed_wrapper:/home/baris/mavivatan_ws/install/zed_debug:/home/baris/mavivatan_ws/install/mavivatan_interfaces:/home/baris/mavivatan_ws/install/mavivatan_paket:/opt/ros/humble LD_LIBRARY_PATH=/home/baris/mavivatan_ws/install/zed_components/lib:/home/baris/mavivatan_ws/install/zed_msgs/lib:/usr/lib/aarch64-linux-gnu:/usr/local/cuda/lib64:/usr/local/cuda/lib64:/home/baris/mavivatan_ws/install/mavivatan_interfaces/lib:/opt/ros/humble/opt/rviz_ogre_vendor/lib:/opt/ros/humble/lib/aarch64-linux-gnu:/opt/ros/humble/lib:/usr/local/cuda-12.6/lib64 /usr/bin/cmake /home/baris/mavivatan_ws/src/zed-ros2-wrapper/zed_wrapper -DAMENT_CMAKE_SYMLINK_INSTALL=1 -DCMAKE_INSTALL_PREFIX=/home/baris/mavivatan_ws/install/zed_wrapper
[0.325s] -- The C compiler identification is GNU 11.4.0
[0.545s] -- The CXX compiler identification is GNU 11.4.0
[0.591s] -- Detecting C compiler ABI info
[0.973s] -- Detecting C compiler ABI info - done
[0.992s] -- Check for working C compiler: /usr/bin/cc - skipped
[1.000s] -- Detecting C compile features
[1.007s] -- Detecting C compile features - done
[1.024s] -- Detecting CXX compiler ABI info
[1.300s] -- Detecting CXX compiler ABI info - done
[1.323s] -- Check for working CXX compiler: /usr/bin/c++ - skipped
[1.324s] -- Detecting CXX compile features
[1.326s] -- Detecting CXX compile features - done
[1.335s] -- Found ament_cmake_auto: 1.3.14 (/opt/ros/humble/share/ament_cmake_auto/cmake)
[1.938s] -- Found Python3: /usr/bin/python3 (found version "3.10.12") found components: Interpreter 
[2.387s] -- Override CMake install command with custom implementation using symlinks instead of copying resources
[2.892s] -- Configuring done
[2.916s] -- Generating done
[2.921s] -- Build files have been written to: /home/baris/mavivatan_ws/build/zed_wrapper
[2.934s] Invoked command in '/home/baris/mavivatan_ws/build/zed_wrapper' returned '0': CMAKE_PREFIX_PATH=/home/baris/mavivatan_ws/install/zed_components:/home/baris/mavivatan_ws/install/zed_msgs:/home/baris/mavivatan_ws/install/zed_ros2:/home/baris/mavivatan_ws/install/zed_wrapper:/home/baris/mavivatan_ws/install/zed_debug:/home/baris/mavivatan_ws/install/mavivatan_interfaces:/home/baris/mavivatan_ws/install/mavivatan_paket:/opt/ros/humble LD_LIBRARY_PATH=/home/baris/mavivatan_ws/install/zed_components/lib:/home/baris/mavivatan_ws/install/zed_msgs/lib:/usr/lib/aarch64-linux-gnu:/usr/local/cuda/lib64:/usr/local/cuda/lib64:/home/baris/mavivatan_ws/install/mavivatan_interfaces/lib:/opt/ros/humble/opt/rviz_ogre_vendor/lib:/opt/ros/humble/lib/aarch64-linux-gnu:/opt/ros/humble/lib:/usr/local/cuda-12.6/lib64 /usr/bin/cmake /home/baris/mavivatan_ws/src/zed-ros2-wrapper/zed_wrapper -DAMENT_CMAKE_SYMLINK_INSTALL=1 -DCMAKE_INSTALL_PREFIX=/home/baris/mavivatan_ws/install/zed_wrapper
[2.949s] Invoking command in '/home/baris/mavivatan_ws/build/zed_wrapper': CMAKE_PREFIX_PATH=/home/baris/mavivatan_ws/install/zed_components:/home/baris/mavivatan_ws/install/zed_msgs:/home/baris/mavivatan_ws/install/zed_ros2:/home/baris/mavivatan_ws/install/zed_wrapper:/home/baris/mavivatan_ws/install/zed_debug:/home/baris/mavivatan_ws/install/mavivatan_interfaces:/home/baris/mavivatan_ws/install/mavivatan_paket:/opt/ros/humble LD_LIBRARY_PATH=/home/baris/mavivatan_ws/install/zed_components/lib:/home/baris/mavivatan_ws/install/zed_msgs/lib:/usr/lib/aarch64-linux-gnu:/usr/local/cuda/lib64:/usr/local/cuda/lib64:/home/baris/mavivatan_ws/install/mavivatan_interfaces/lib:/opt/ros/humble/opt/rviz_ogre_vendor/lib:/opt/ros/humble/lib/aarch64-linux-gnu:/opt/ros/humble/lib:/usr/local/cuda-12.6/lib64 /usr/bin/cmake --build /home/baris/mavivatan_ws/build/zed_wrapper -- -j6 -l6
[3.109s] Invoked command in '/home/baris/mavivatan_ws/build/zed_wrapper' returned '0': CMAKE_PREFIX_PATH=/home/baris/mavivatan_ws/install/zed_components:/home/baris/mavivatan_ws/install/zed_msgs:/home/baris/mavivatan_ws/install/zed_ros2:/home/baris/mavivatan_ws/install/zed_wrapper:/home/baris/mavivatan_ws/install/zed_debug:/home/baris/mavivatan_ws/install/mavivatan_interfaces:/home/baris/mavivatan_ws/install/mavivatan_paket:/opt/ros/humble LD_LIBRARY_PATH=/home/baris/mavivatan_ws/install/zed_components/lib:/home/baris/mavivatan_ws/install/zed_msgs/lib:/usr/lib/aarch64-linux-gnu:/usr/local/cuda/lib64:/usr/local/cuda/lib64:/home/baris/mavivatan_ws/install/mavivatan_interfaces/lib:/opt/ros/humble/opt/rviz_ogre_vendor/lib:/opt/ros/humble/lib/aarch64-linux-gnu:/opt/ros/humble/lib:/usr/local/cuda-12.6/lib64 /usr/bin/cmake --build /home/baris/mavivatan_ws/build/zed_wrapper -- -j6 -l6
[3.115s] Invoking command in '/home/baris/mavivatan_ws/build/zed_wrapper': CMAKE_PREFIX_PATH=/home/baris/mavivatan_ws/install/zed_components:/home/baris/mavivatan_ws/install/zed_msgs:/home/baris/mavivatan_ws/install/zed_ros2:/home/baris/mavivatan_ws/install/zed_wrapper:/home/baris/mavivatan_ws/install/zed_debug:/home/baris/mavivatan_ws/install/mavivatan_interfaces:/home/baris/mavivatan_ws/install/mavivatan_paket:/opt/ros/humble LD_LIBRARY_PATH=/home/baris/mavivatan_ws/install/zed_components/lib:/home/baris/mavivatan_ws/install/zed_msgs/lib:/usr/lib/aarch64-linux-gnu:/usr/local/cuda/lib64:/usr/local/cuda/lib64:/home/baris/mavivatan_ws/install/mavivatan_interfaces/lib:/opt/ros/humble/opt/rviz_ogre_vendor/lib:/opt/ros/humble/lib/aarch64-linux-gnu:/opt/ros/humble/lib:/usr/local/cuda-12.6/lib64 /usr/bin/cmake --install /home/baris/mavivatan_ws/build/zed_wrapper
[3.132s] -- Install configuration: ""
[3.134s] -- Execute custom install script
[3.141s] -- Symlinking: /home/baris/mavivatan_ws/install/zed_wrapper/share/zed_wrapper/config/common_mono.yaml
[3.183s] -- Symlinking: /home/baris/mavivatan_ws/install/zed_wrapper/share/zed_wrapper/config/common_stereo.yaml
[3.237s] -- Symlinking: /home/baris/mavivatan_ws/install/zed_wrapper/share/zed_wrapper/config/custom_object_detection.yaml
[3.278s] -- Symlinking: /home/baris/mavivatan_ws/install/zed_wrapper/share/zed_wrapper/config/object_detection.yaml
[3.336s] -- Symlinking: /home/baris/mavivatan_ws/install/zed_wrapper/share/zed_wrapper/config/virtual.yaml
[3.385s] -- Symlinking: /home/baris/mavivatan_ws/install/zed_wrapper/share/zed_wrapper/config/zed.yaml
[3.434s] -- Symlinking: /home/baris/mavivatan_ws/install/zed_wrapper/share/zed_wrapper/config/zed2.yaml
[3.486s] -- Symlinking: /home/baris/mavivatan_ws/install/zed_wrapper/share/zed_wrapper/config/zed2i.yaml
[3.542s] -- Symlinking: /home/baris/mavivatan_ws/install/zed_wrapper/share/zed_wrapper/config/zedm.yaml
[3.680s] -- Symlinking: /home/baris/mavivatan_ws/install/zed_wrapper/share/zed_wrapper/config/zedx.yaml
[3.728s] -- Symlinking: /home/baris/mavivatan_ws/install/zed_wrapper/share/zed_wrapper/config/zedxhdr.yaml
[3.776s] -- Symlinking: /home/baris/mavivatan_ws/install/zed_wrapper/share/zed_wrapper/config/zedxhdrmax.yaml
[3.809s] -- Symlinking: /home/baris/mavivatan_ws/install/zed_wrapper/share/zed_wrapper/config/zedxhdrmini.yaml
[3.878s] -- Symlinking: /home/baris/mavivatan_ws/install/zed_wrapper/share/zed_wrapper/config/zedxm.yaml
[3.896s] -- Symlinking: /home/baris/mavivatan_ws/install/zed_wrapper/share/zed_wrapper/config/zedxone4k.yaml
[3.953s] -- Symlinking: /home/baris/mavivatan_ws/install/zed_wrapper/share/zed_wrapper/config/zedxonegs.yaml
[3.986s] -- Symlinking: /home/baris/mavivatan_ws/install/zed_wrapper/share/zed_wrapper/config/zedxonehdr.yaml
[4.039s] -- Symlinking: /home/baris/mavivatan_ws/install/zed_wrapper/share/zed_wrapper/urdf/zed_descr.urdf.xacro
[4.099s] -- Symlinking: /home/baris/mavivatan_ws/install/zed_wrapper/share/zed_wrapper/urdf/zed_macro.urdf.xacro
[4.212s] -- Symlinking: /home/baris/mavivatan_ws/install/zed_wrapper/share/zed_wrapper/launch/zed_camera.launch.py
[4.287s] -- Symlinking: /home/baris/mavivatan_ws/install/zed_wrapper/share/ament_index/resource_index/package_run_dependencies/zed_wrapper
[4.367s] -- Symlinking: /home/baris/mavivatan_ws/install/zed_wrapper/share/ament_index/resource_index/parent_prefix_path/zed_wrapper
[4.429s] -- Symlinking: /home/baris/mavivatan_ws/install/zed_wrapper/share/zed_wrapper/environment/ament_prefix_path.sh
[4.486s] -- Symlinking: /home/baris/mavivatan_ws/install/zed_wrapper/share/zed_wrapper/environment/ament_prefix_path.dsv
[4.585s] -- Symlinking: /home/baris/mavivatan_ws/install/zed_wrapper/share/zed_wrapper/environment/path.sh
[4.650s] -- Symlinking: /home/baris/mavivatan_ws/install/zed_wrapper/share/zed_wrapper/environment/path.dsv
[4.706s] -- Symlinking: /home/baris/mavivatan_ws/install/zed_wrapper/share/zed_wrapper/local_setup.bash
[4.754s] -- Symlinking: /home/baris/mavivatan_ws/install/zed_wrapper/share/zed_wrapper/local_setup.sh
[4.799s] -- Symlinking: /home/baris/mavivatan_ws/install/zed_wrapper/share/zed_wrapper/local_setup.zsh
[4.839s] -- Symlinking: /home/baris/mavivatan_ws/install/zed_wrapper/share/zed_wrapper/local_setup.dsv
[4.857s] -- Symlinking: /home/baris/mavivatan_ws/install/zed_wrapper/share/zed_wrapper/package.dsv
[4.873s] -- Symlinking: /home/baris/mavivatan_ws/install/zed_wrapper/share/ament_index/resource_index/packages/zed_wrapper
[4.915s] -- Symlinking: /home/baris/mavivatan_ws/install/zed_wrapper/share/zed_wrapper/cmake/zed_wrapperConfig.cmake
[4.963s] -- Symlinking: /home/baris/mavivatan_ws/install/zed_wrapper/share/zed_wrapper/cmake/zed_wrapperConfig-version.cmake
[5.018s] -- Symlinking: /home/baris/mavivatan_ws/install/zed_wrapper/share/zed_wrapper/package.xml
[5.049s] Invoked command in '/home/baris/mavivatan_ws/build/zed_wrapper' returned '0': CMAKE_PREFIX_PATH=/home/baris/mavivatan_ws/install/zed_components:/home/baris/mavivatan_ws/install/zed_msgs:/home/baris/mavivatan_ws/install/zed_ros2:/home/baris/mavivatan_ws/install/zed_wrapper:/home/baris/mavivatan_ws/install/zed_debug:/home/baris/mavivatan_ws/install/mavivatan_interfaces:/home/baris/mavivatan_ws/install/mavivatan_paket:/opt/ros/humble LD_LIBRARY_PATH=/home/baris/mavivatan_ws/install/zed_components/lib:/home/baris/mavivatan_ws/install/zed_msgs/lib:/usr/lib/aarch64-linux-gnu:/usr/local/cuda/lib64:/usr/local/cuda/lib64:/home/baris/mavivatan_ws/install/mavivatan_interfaces/lib:/opt/ros/humble/opt/rviz_ogre_vendor/lib:/opt/ros/humble/lib/aarch64-linux-gnu:/opt/ros/humble/lib:/usr/local/cuda-12.6/lib64 /usr/bin/cmake --install /home/baris/mavivatan_ws/build/zed_wrapper
