[0.063s] Invoking command in '/home/baris/mavivatan_ws/build/mavivatan_interfaces': CMAKE_PREFIX_PATH=${CMAKE_PREFIX_PATH}:/home/baris/mavivatan_ws/install/mavivatan_paket:/opt/ros/humble /usr/bin/cmake /home/baris/mavivatan_ws/src/mavivatan_otonomi/src/mavivatan_interfaces -DAMENT_CMAKE_SYMLINK_INSTALL=1 -DCMAKE_INSTALL_PREFIX=/home/baris/mavivatan_ws/install/mavivatan_interfaces
[0.306s] -- The C compiler identification is GNU 11.4.0
[0.497s] -- The CXX compiler identification is GNU 11.4.0
[0.510s] -- Detecting C compiler ABI info
[0.681s] -- Detecting C compiler ABI info - done
[0.696s] -- Check for working C compiler: /usr/bin/cc - skipped
[0.697s] -- Detecting C compile features
[0.698s] -- Detecting C compile features - done
[0.705s] -- Detecting CXX compiler ABI info
[0.878s] -- Detecting CXX compiler ABI info - done
[0.894s] -- Check for working CXX compiler: /usr/bin/c++ - skipped
[0.894s] -- Detecting CXX compile features
[0.895s] -- Detecting CXX compile features - done
[0.903s] -- Found ament_cmake: 1.3.14 (/opt/ros/humble/share/ament_cmake/cmake)
[1.271s] -- Found Python3: /usr/bin/python3 (found version "3.10.12") found components: Interpreter 
[1.450s] -- Override CMake install command with custom implementation using symlinks instead of copying resources
[1.528s] -- Found rosidl_default_generators: 1.2.1 (/opt/ros/humble/share/rosidl_default_generators/cmake)
[1.538s] -- Using all available rosidl_typesupport_c: rosidl_typesupport_fastrtps_c;rosidl_typesupport_introspection_c
[1.554s] -- Found rosidl_adapter: 3.1.8 (/opt/ros/humble/share/rosidl_adapter/cmake)
[1.648s] -- Using all available rosidl_typesupport_cpp: rosidl_typesupport_fastrtps_cpp;rosidl_typesupport_introspection_cpp
[2.308s] -- Found ament_cmake_ros: 0.10.0 (/opt/ros/humble/share/ament_cmake_ros/cmake)
[2.791s] -- Using all available rosidl_typesupport_c: rosidl_typesupport_fastrtps_c;rosidl_typesupport_introspection_c
[3.387s] -- Using all available rosidl_typesupport_cpp: rosidl_typesupport_fastrtps_cpp;rosidl_typesupport_introspection_cpp
[3.450s] -- Found PythonInterp: /usr/bin/python3 (found suitable version "3.10.12", minimum required is "3.6") 
[3.453s] -- Found python_cmake_module: 0.10.0 (/opt/ros/humble/share/python_cmake_module/cmake)
[3.518s] -- Found PythonLibs: /usr/lib/aarch64-linux-gnu/libpython3.10.so (found suitable version "3.10.12", minimum required is "3.5") 
[3.519s] -- Using PYTHON_EXECUTABLE: /usr/bin/python3
[3.519s] -- Using PYTHON_INCLUDE_DIRS: /usr/include/python3.10
[3.519s] -- Using PYTHON_LIBRARIES: /usr/lib/aarch64-linux-gnu/libpython3.10.so
[3.576s] -- Found PythonExtra: .so  
[3.854s] -- Configuring done
[3.925s] -- Generating done
[3.947s] -- Build files have been written to: /home/baris/mavivatan_ws/build/mavivatan_interfaces
[3.985s] Invoked command in '/home/baris/mavivatan_ws/build/mavivatan_interfaces' returned '0': CMAKE_PREFIX_PATH=${CMAKE_PREFIX_PATH}:/home/baris/mavivatan_ws/install/mavivatan_paket:/opt/ros/humble /usr/bin/cmake /home/baris/mavivatan_ws/src/mavivatan_otonomi/src/mavivatan_interfaces -DAMENT_CMAKE_SYMLINK_INSTALL=1 -DCMAKE_INSTALL_PREFIX=/home/baris/mavivatan_ws/install/mavivatan_interfaces
[3.986s] Invoking command in '/home/baris/mavivatan_ws/build/mavivatan_interfaces': CMAKE_PREFIX_PATH=${CMAKE_PREFIX_PATH}:/home/baris/mavivatan_ws/install/mavivatan_paket:/opt/ros/humble /usr/bin/cmake --build /home/baris/mavivatan_ws/build/mavivatan_interfaces -- -j6 -l6
[4.100s] [  3%] [34m[1mGenerating C code for ROS interfaces[0m
[4.105s] [  6%] [34m[1mGenerating C++ code for ROS interfaces[0m
[4.174s] [  9%] [34m[1mGenerating Rust code for ROS interfaces[0m
[4.211s] [  9%] Built target ament_cmake_python_symlink_mavivatan_interfaces
[4.849s] running egg_info
[4.851s] creating mavivatan_interfaces.egg-info
[4.851s] writing mavivatan_interfaces.egg-info/PKG-INFO
[4.852s] writing dependency_links to mavivatan_interfaces.egg-info/dependency_links.txt
[4.852s] writing top-level names to mavivatan_interfaces.egg-info/top_level.txt
[4.853s] writing manifest file 'mavivatan_interfaces.egg-info/SOURCES.txt'
[4.868s] reading manifest file 'mavivatan_interfaces.egg-info/SOURCES.txt'
[4.869s] writing manifest file 'mavivatan_interfaces.egg-info/SOURCES.txt'
[4.879s] [  9%] Built target mavivatan_interfaces__rs
[4.880s] [  9%] Built target mavivatan_interfaces__cpp
[4.898s] [ 12%] [34m[1mGenerating C++ type support dispatch for ROS interfaces[0m
[4.902s] [ 15%] [34m[1mGenerating C++ type support for eProsima Fast-RTPS[0m
[4.940s] [ 18%] [34m[1mGenerating C++ introspection for ROS interfaces[0m
[4.944s] [ 18%] Built target ament_cmake_python_build_mavivatan_interfaces_egg
[4.991s] [ 21%] [32mBuilding C object CMakeFiles/mavivatan_interfaces__rosidl_generator_c.dir/rosidl_generator_c/mavivatan_interfaces/msg/detail/ida_durum__functions.c.o[0m
[5.265s] [ 25%] [32m[1mLinking C shared library libmavivatan_interfaces__rosidl_generator_c.so[0m
[5.494s] [ 25%] Built target mavivatan_interfaces__rosidl_generator_c
[5.571s] [ 28%] [34m[1mGenerating C type support dispatch for ROS interfaces[0m
[5.582s] [ 31%] [34m[1mGenerating C introspection for ROS interfaces[0m
[5.583s] [ 34%] [34m[1mGenerating C type support for eProsima Fast-RTPS[0m
[5.739s] [ 37%] [32mBuilding CXX object CMakeFiles/mavivatan_interfaces__rosidl_typesupport_introspection_cpp.dir/rosidl_typesupport_introspection_cpp/mavivatan_interfaces/msg/detail/ida_durum__type_support.cpp.o[0m
[5.801s] [ 40%] [32mBuilding CXX object CMakeFiles/mavivatan_interfaces__rosidl_typesupport_cpp.dir/rosidl_typesupport_cpp/mavivatan_interfaces/msg/ida_durum__type_support.cpp.o[0m
[6.409s] [ 43%] [32mBuilding CXX object CMakeFiles/mavivatan_interfaces__rosidl_typesupport_fastrtps_cpp.dir/rosidl_typesupport_fastrtps_cpp/mavivatan_interfaces/msg/detail/dds_fastrtps/ida_durum__type_support.cpp.o[0m
[6.823s] [ 46%] [32mBuilding CXX object CMakeFiles/mavivatan_interfaces__rosidl_typesupport_c.dir/rosidl_typesupport_c/mavivatan_interfaces/msg/ida_durum__type_support.cpp.o[0m
[7.162s] [ 50%] [32m[1mLinking CXX shared library libmavivatan_interfaces__rosidl_typesupport_c.so[0m
[7.508s] [ 50%] Built target mavivatan_interfaces__rosidl_typesupport_c
[7.570s] [ 53%] [32mBuilding CXX object CMakeFiles/mavivatan_interfaces__rosidl_typesupport_fastrtps_c.dir/rosidl_typesupport_fastrtps_c/mavivatan_interfaces/msg/detail/ida_durum__type_support_c.cpp.o[0m
[7.592s] [ 56%] [32mBuilding C object CMakeFiles/mavivatan_interfaces__rosidl_typesupport_introspection_c.dir/rosidl_typesupport_introspection_c/mavivatan_interfaces/msg/detail/ida_durum__type_support.c.o[0m
[7.890s] [ 59%] [32m[1mLinking C shared library libmavivatan_interfaces__rosidl_typesupport_introspection_c.so[0m
[8.372s] [ 59%] Built target mavivatan_interfaces__rosidl_typesupport_introspection_c
[9.063s] [ 62%] [32m[1mLinking CXX shared library libmavivatan_interfaces__rosidl_typesupport_cpp.so[0m
[9.231s] [ 65%] [32m[1mLinking CXX shared library libmavivatan_interfaces__rosidl_typesupport_introspection_cpp.so[0m
[9.401s] [ 65%] Built target mavivatan_interfaces__rosidl_typesupport_cpp
[9.805s] [ 65%] Built target mavivatan_interfaces__rosidl_typesupport_introspection_cpp
[10.400s] [ 68%] [32m[1mLinking CXX shared library libmavivatan_interfaces__rosidl_typesupport_fastrtps_c.so[0m
[10.788s] [ 71%] [32m[1mLinking CXX shared library libmavivatan_interfaces__rosidl_typesupport_fastrtps_cpp.so[0m
[10.904s] [ 71%] Built target mavivatan_interfaces__rosidl_typesupport_fastrtps_c
[11.152s] [ 71%] Built target mavivatan_interfaces__rosidl_typesupport_fastrtps_cpp
[11.191s] [ 71%] Built target mavivatan_interfaces
[11.234s] [ 75%] [34m[1mGenerating Python code for ROS interfaces[0m
[12.181s] [ 75%] Built target mavivatan_interfaces__py
[12.299s] [ 78%] [32mBuilding C object CMakeFiles/mavivatan_interfaces__rosidl_generator_py.dir/rosidl_generator_py/mavivatan_interfaces/msg/_ida_durum_s.c.o[0m
[12.973s] [ 81%] [32m[1mLinking C shared library rosidl_generator_py/mavivatan_interfaces/libmavivatan_interfaces__rosidl_generator_py.so[0m
[13.174s] [ 81%] Built target mavivatan_interfaces__rosidl_generator_py
[13.321s] [ 84%] [32mBuilding C object CMakeFiles/mavivatan_interfaces__rosidl_typesupport_fastrtps_c__pyext.dir/rosidl_generator_py/mavivatan_interfaces/_mavivatan_interfaces_s.ep.rosidl_typesupport_fastrtps_c.c.o[0m
[13.337s] [ 87%] [32mBuilding C object CMakeFiles/mavivatan_interfaces__rosidl_typesupport_c__pyext.dir/rosidl_generator_py/mavivatan_interfaces/_mavivatan_interfaces_s.ep.rosidl_typesupport_c.c.o[0m
[13.369s] [ 90%] [32mBuilding C object CMakeFiles/mavivatan_interfaces__rosidl_typesupport_introspection_c__pyext.dir/rosidl_generator_py/mavivatan_interfaces/_mavivatan_interfaces_s.ep.rosidl_typesupport_introspection_c.c.o[0m
[13.771s] [ 93%] [32m[1mLinking C shared library rosidl_generator_py/mavivatan_interfaces/mavivatan_interfaces_s__rosidl_typesupport_fastrtps_c.cpython-310-aarch64-linux-gnu.so[0m
[13.851s] [ 96%] [32m[1mLinking C shared library rosidl_generator_py/mavivatan_interfaces/mavivatan_interfaces_s__rosidl_typesupport_c.cpython-310-aarch64-linux-gnu.so[0m
[13.890s] [100%] [32m[1mLinking C shared library rosidl_generator_py/mavivatan_interfaces/mavivatan_interfaces_s__rosidl_typesupport_introspection_c.cpython-310-aarch64-linux-gnu.so[0m
[13.954s] [100%] Built target mavivatan_interfaces__rosidl_typesupport_fastrtps_c__pyext
[14.009s] [100%] Built target mavivatan_interfaces__rosidl_typesupport_c__pyext
[14.037s] [100%] Built target mavivatan_interfaces__rosidl_typesupport_introspection_c__pyext
[14.099s] Invoked command in '/home/baris/mavivatan_ws/build/mavivatan_interfaces' returned '0': CMAKE_PREFIX_PATH=${CMAKE_PREFIX_PATH}:/home/baris/mavivatan_ws/install/mavivatan_paket:/opt/ros/humble /usr/bin/cmake --build /home/baris/mavivatan_ws/build/mavivatan_interfaces -- -j6 -l6
[14.126s] Invoking command in '/home/baris/mavivatan_ws/build/mavivatan_interfaces': CMAKE_PREFIX_PATH=${CMAKE_PREFIX_PATH}:/home/baris/mavivatan_ws/install/mavivatan_paket:/opt/ros/humble /usr/bin/cmake --install /home/baris/mavivatan_ws/build/mavivatan_interfaces
[14.146s] -- Install configuration: ""
[14.148s] -- Execute custom install script
[14.149s] -- Symlinking: /home/baris/mavivatan_ws/install/mavivatan_interfaces/share/ament_index/resource_index/rosidl_interfaces/mavivatan_interfaces
[14.169s] -- Symlinking: /home/baris/mavivatan_ws/install/mavivatan_interfaces/include/mavivatan_interfaces/mavivatan_interfaces/msg/detail/ida_durum__functions.h
[14.188s] -- Symlinking: /home/baris/mavivatan_ws/install/mavivatan_interfaces/include/mavivatan_interfaces/mavivatan_interfaces/msg/detail/ida_durum__struct.h
[14.206s] -- Symlinking: /home/baris/mavivatan_ws/install/mavivatan_interfaces/include/mavivatan_interfaces/mavivatan_interfaces/msg/detail/ida_durum__type_support.h
[14.225s] -- Symlinking: /home/baris/mavivatan_ws/install/mavivatan_interfaces/include/mavivatan_interfaces/mavivatan_interfaces/msg/ida_durum.h
[14.244s] -- Symlinking: /home/baris/mavivatan_ws/install/mavivatan_interfaces/include/mavivatan_interfaces/mavivatan_interfaces/msg/rosidl_generator_c__visibility_control.h
[14.262s] -- Symlinking: /home/baris/mavivatan_ws/install/mavivatan_interfaces/share/mavivatan_interfaces/environment/library_path.sh
[14.282s] -- Symlinking: /home/baris/mavivatan_ws/install/mavivatan_interfaces/share/mavivatan_interfaces/environment/library_path.dsv
[14.301s] -- Symlinking: /home/baris/mavivatan_ws/install/mavivatan_interfaces/include/mavivatan_interfaces/mavivatan_interfaces/msg/detail/ida_durum__rosidl_typesupport_fastrtps_c.h
[14.319s] -- Symlinking: /home/baris/mavivatan_ws/install/mavivatan_interfaces/include/mavivatan_interfaces/mavivatan_interfaces/msg/rosidl_typesupport_fastrtps_c__visibility_control.h
[14.339s] -- Symlinking: /home/baris/mavivatan_ws/install/mavivatan_interfaces/include/mavivatan_interfaces/mavivatan_interfaces/msg/detail/ida_durum__rosidl_typesupport_introspection_c.h
[14.357s] -- Symlinking: /home/baris/mavivatan_ws/install/mavivatan_interfaces/include/mavivatan_interfaces/mavivatan_interfaces/msg/rosidl_typesupport_introspection_c__visibility_control.h
[14.393s] -- Symlinking: /home/baris/mavivatan_ws/install/mavivatan_interfaces/include/mavivatan_interfaces/mavivatan_interfaces/msg/detail/ida_durum__builder.hpp
[14.426s] -- Symlinking: /home/baris/mavivatan_ws/install/mavivatan_interfaces/include/mavivatan_interfaces/mavivatan_interfaces/msg/detail/ida_durum__struct.hpp
[14.454s] -- Symlinking: /home/baris/mavivatan_ws/install/mavivatan_interfaces/include/mavivatan_interfaces/mavivatan_interfaces/msg/detail/ida_durum__traits.hpp
[14.473s] -- Symlinking: /home/baris/mavivatan_ws/install/mavivatan_interfaces/include/mavivatan_interfaces/mavivatan_interfaces/msg/detail/ida_durum__type_support.hpp
[14.492s] -- Symlinking: /home/baris/mavivatan_ws/install/mavivatan_interfaces/include/mavivatan_interfaces/mavivatan_interfaces/msg/ida_durum.hpp
[14.510s] -- Symlinking: /home/baris/mavivatan_ws/install/mavivatan_interfaces/include/mavivatan_interfaces/mavivatan_interfaces/msg/rosidl_generator_cpp__visibility_control.hpp
[14.528s] -- Symlinking: /home/baris/mavivatan_ws/install/mavivatan_interfaces/include/mavivatan_interfaces/mavivatan_interfaces/msg/detail/ida_durum__rosidl_typesupport_fastrtps_cpp.hpp
[14.546s] -- Symlinking: /home/baris/mavivatan_ws/install/mavivatan_interfaces/include/mavivatan_interfaces/mavivatan_interfaces/msg/rosidl_typesupport_fastrtps_cpp__visibility_control.h
[14.566s] -- Symlinking: /home/baris/mavivatan_ws/install/mavivatan_interfaces/include/mavivatan_interfaces/mavivatan_interfaces/msg/detail/ida_durum__rosidl_typesupport_introspection_cpp.hpp
[14.585s] -- Symlinking: /home/baris/mavivatan_ws/install/mavivatan_interfaces/share/mavivatan_interfaces/environment/pythonpath.sh
[14.605s] -- Symlinking: /home/baris/mavivatan_ws/install/mavivatan_interfaces/share/mavivatan_interfaces/environment/pythonpath.dsv
[14.624s] -- Symlinking: /home/baris/mavivatan_ws/install/mavivatan_interfaces/local/lib/python3.10/dist-packages/mavivatan_interfaces-0.0.0-py3.10.egg-info/PKG-INFO
[14.670s] -- Symlinking: /home/baris/mavivatan_ws/install/mavivatan_interfaces/local/lib/python3.10/dist-packages/mavivatan_interfaces-0.0.0-py3.10.egg-info/SOURCES.txt
[14.702s] -- Symlinking: /home/baris/mavivatan_ws/install/mavivatan_interfaces/local/lib/python3.10/dist-packages/mavivatan_interfaces-0.0.0-py3.10.egg-info/dependency_links.txt
[14.750s] -- Symlinking: /home/baris/mavivatan_ws/install/mavivatan_interfaces/local/lib/python3.10/dist-packages/mavivatan_interfaces-0.0.0-py3.10.egg-info/top_level.txt
[14.780s] -- Symlinking: /home/baris/mavivatan_ws/install/mavivatan_interfaces/local/lib/python3.10/dist-packages/mavivatan_interfaces/__init__.py
[14.814s] -- Symlinking: /home/baris/mavivatan_ws/install/mavivatan_interfaces/local/lib/python3.10/dist-packages/mavivatan_interfaces/_mavivatan_interfaces_s.ep.rosidl_typesupport_c.c
[14.838s] -- Symlinking: /home/baris/mavivatan_ws/install/mavivatan_interfaces/local/lib/python3.10/dist-packages/mavivatan_interfaces/_mavivatan_interfaces_s.ep.rosidl_typesupport_fastrtps_c.c
[14.859s] -- Symlinking: /home/baris/mavivatan_ws/install/mavivatan_interfaces/local/lib/python3.10/dist-packages/mavivatan_interfaces/_mavivatan_interfaces_s.ep.rosidl_typesupport_introspection_c.c
[14.902s] -- Symlinking: /home/baris/mavivatan_ws/install/mavivatan_interfaces/local/lib/python3.10/dist-packages/mavivatan_interfaces/libmavivatan_interfaces__rosidl_generator_py.so
[14.923s] -- Symlinking: /home/baris/mavivatan_ws/install/mavivatan_interfaces/local/lib/python3.10/dist-packages/mavivatan_interfaces/mavivatan_interfaces_s__rosidl_typesupport_c.cpython-310-aarch64-linux-gnu.so
[14.942s] -- Symlinking: /home/baris/mavivatan_ws/install/mavivatan_interfaces/local/lib/python3.10/dist-packages/mavivatan_interfaces/mavivatan_interfaces_s__rosidl_typesupport_fastrtps_c.cpython-310-aarch64-linux-gnu.so
[14.961s] -- Symlinking: /home/baris/mavivatan_ws/install/mavivatan_interfaces/local/lib/python3.10/dist-packages/mavivatan_interfaces/mavivatan_interfaces_s__rosidl_typesupport_introspection_c.cpython-310-aarch64-linux-gnu.so
[14.990s] -- Symlinking: /home/baris/mavivatan_ws/install/mavivatan_interfaces/local/lib/python3.10/dist-packages/mavivatan_interfaces/msg/__init__.py
[15.028s] -- Symlinking: /home/baris/mavivatan_ws/install/mavivatan_interfaces/local/lib/python3.10/dist-packages/mavivatan_interfaces/msg/_ida_durum.py
[15.051s] -- Symlinking: /home/baris/mavivatan_ws/install/mavivatan_interfaces/local/lib/python3.10/dist-packages/mavivatan_interfaces/msg/_ida_durum_s.c
[15.076s] -- Up-to-date symlink: /home/baris/mavivatan_ws/install/mavivatan_interfaces/local/lib/python3.10/dist-packages/mavivatan_interfaces/mavivatan_interfaces_s__rosidl_typesupport_fastrtps_c.cpython-310-aarch64-linux-gnu.so
[15.077s] -- Up-to-date symlink: /home/baris/mavivatan_ws/install/mavivatan_interfaces/local/lib/python3.10/dist-packages/mavivatan_interfaces/mavivatan_interfaces_s__rosidl_typesupport_introspection_c.cpython-310-aarch64-linux-gnu.so
[15.078s] -- Up-to-date symlink: /home/baris/mavivatan_ws/install/mavivatan_interfaces/local/lib/python3.10/dist-packages/mavivatan_interfaces/mavivatan_interfaces_s__rosidl_typesupport_c.cpython-310-aarch64-linux-gnu.so
[15.079s] -- Symlinking: /home/baris/mavivatan_ws/install/mavivatan_interfaces/share/ament_index/resource_index/rust_packages/mavivatan_interfaces
[15.103s] -- Symlinking: /home/baris/mavivatan_ws/install/mavivatan_interfaces/share/mavivatan_interfaces/rust/Cargo.toml
[15.125s] -- Symlinking: /home/baris/mavivatan_ws/install/mavivatan_interfaces/share/mavivatan_interfaces/rust/build.rs
[15.152s] -- Symlinking: /home/baris/mavivatan_ws/install/mavivatan_interfaces/share/mavivatan_interfaces/rust/src/lib.rs
[15.175s] -- Symlinking: /home/baris/mavivatan_ws/install/mavivatan_interfaces/share/mavivatan_interfaces/rust/src/msg.rs
[15.194s] -- Symlinking: /home/baris/mavivatan_ws/install/mavivatan_interfaces/share/mavivatan_interfaces/rust/src/msg/rmw.rs
[15.230s] -- Symlinking: /home/baris/mavivatan_ws/install/mavivatan_interfaces/share/mavivatan_interfaces/msg/IdaDurum.idl
[15.263s] -- Symlinking: /home/baris/mavivatan_ws/install/mavivatan_interfaces/share/mavivatan_interfaces/msg/IdaDurum.msg
[15.294s] -- Symlinking: /home/baris/mavivatan_ws/install/mavivatan_interfaces/share/ament_index/resource_index/package_run_dependencies/mavivatan_interfaces
[15.315s] -- Symlinking: /home/baris/mavivatan_ws/install/mavivatan_interfaces/share/ament_index/resource_index/parent_prefix_path/mavivatan_interfaces
[15.342s] -- Symlinking: /home/baris/mavivatan_ws/install/mavivatan_interfaces/share/mavivatan_interfaces/environment/ament_prefix_path.sh
[15.378s] -- Symlinking: /home/baris/mavivatan_ws/install/mavivatan_interfaces/share/mavivatan_interfaces/environment/ament_prefix_path.dsv
[15.415s] -- Symlinking: /home/baris/mavivatan_ws/install/mavivatan_interfaces/share/mavivatan_interfaces/environment/path.sh
[15.434s] -- Symlinking: /home/baris/mavivatan_ws/install/mavivatan_interfaces/share/mavivatan_interfaces/environment/path.dsv
[15.459s] -- Symlinking: /home/baris/mavivatan_ws/install/mavivatan_interfaces/share/mavivatan_interfaces/local_setup.bash
[15.498s] -- Symlinking: /home/baris/mavivatan_ws/install/mavivatan_interfaces/share/mavivatan_interfaces/local_setup.sh
[15.521s] -- Symlinking: /home/baris/mavivatan_ws/install/mavivatan_interfaces/share/mavivatan_interfaces/local_setup.zsh
[15.549s] -- Symlinking: /home/baris/mavivatan_ws/install/mavivatan_interfaces/share/mavivatan_interfaces/local_setup.dsv
[15.568s] -- Symlinking: /home/baris/mavivatan_ws/install/mavivatan_interfaces/share/mavivatan_interfaces/package.dsv
[15.598s] -- Symlinking: /home/baris/mavivatan_ws/install/mavivatan_interfaces/share/ament_index/resource_index/packages/mavivatan_interfaces
[15.630s] -- Symlinking: /home/baris/mavivatan_ws/install/mavivatan_interfaces/share/mavivatan_interfaces/cmake/rosidl_cmake-extras.cmake
[15.651s] -- Symlinking: /home/baris/mavivatan_ws/install/mavivatan_interfaces/share/mavivatan_interfaces/cmake/ament_cmake_export_include_directories-extras.cmake
[15.673s] -- Symlinking: /home/baris/mavivatan_ws/install/mavivatan_interfaces/share/mavivatan_interfaces/cmake/ament_cmake_export_libraries-extras.cmake
[15.692s] -- Symlinking: /home/baris/mavivatan_ws/install/mavivatan_interfaces/share/mavivatan_interfaces/cmake/ament_cmake_export_targets-extras.cmake
[15.712s] -- Symlinking: /home/baris/mavivatan_ws/install/mavivatan_interfaces/share/mavivatan_interfaces/cmake/rosidl_cmake_export_typesupport_targets-extras.cmake
[15.774s] -- Symlinking: /home/baris/mavivatan_ws/install/mavivatan_interfaces/share/mavivatan_interfaces/cmake/ament_cmake_export_dependencies-extras.cmake
[15.845s] -- Symlinking: /home/baris/mavivatan_ws/install/mavivatan_interfaces/share/mavivatan_interfaces/cmake/rosidl_cmake_export_typesupport_libraries-extras.cmake
[15.943s] -- Symlinking: /home/baris/mavivatan_ws/install/mavivatan_interfaces/share/mavivatan_interfaces/cmake/mavivatan_interfacesConfig.cmake
[15.977s] -- Symlinking: /home/baris/mavivatan_ws/install/mavivatan_interfaces/share/mavivatan_interfaces/cmake/mavivatan_interfacesConfig-version.cmake
[16.043s] -- Symlinking: /home/baris/mavivatan_ws/install/mavivatan_interfaces/share/mavivatan_interfaces/package.xml
[16.073s] -- Installing: /home/baris/mavivatan_ws/install/mavivatan_interfaces/lib/libmavivatan_interfaces__rosidl_generator_c.so
[16.074s] -- Set runtime path of "/home/baris/mavivatan_ws/install/mavivatan_interfaces/lib/libmavivatan_interfaces__rosidl_generator_c.so" to ""
[16.074s] -- Installing: /home/baris/mavivatan_ws/install/mavivatan_interfaces/lib/libmavivatan_interfaces__rosidl_typesupport_fastrtps_c.so
[16.074s] -- Set runtime path of "/home/baris/mavivatan_ws/install/mavivatan_interfaces/lib/libmavivatan_interfaces__rosidl_typesupport_fastrtps_c.so" to ""
[16.075s] -- Installing: /home/baris/mavivatan_ws/install/mavivatan_interfaces/lib/libmavivatan_interfaces__rosidl_typesupport_introspection_c.so
[16.075s] -- Set runtime path of "/home/baris/mavivatan_ws/install/mavivatan_interfaces/lib/libmavivatan_interfaces__rosidl_typesupport_introspection_c.so" to ""
[16.075s] -- Installing: /home/baris/mavivatan_ws/install/mavivatan_interfaces/lib/libmavivatan_interfaces__rosidl_typesupport_c.so
[16.076s] -- Set runtime path of "/home/baris/mavivatan_ws/install/mavivatan_interfaces/lib/libmavivatan_interfaces__rosidl_typesupport_c.so" to ""
[16.076s] -- Installing: /home/baris/mavivatan_ws/install/mavivatan_interfaces/lib/libmavivatan_interfaces__rosidl_typesupport_fastrtps_cpp.so
[16.081s] -- Set runtime path of "/home/baris/mavivatan_ws/install/mavivatan_interfaces/lib/libmavivatan_interfaces__rosidl_typesupport_fastrtps_cpp.so" to ""
[16.081s] -- Installing: /home/baris/mavivatan_ws/install/mavivatan_interfaces/lib/libmavivatan_interfaces__rosidl_typesupport_introspection_cpp.so
[16.081s] -- Set runtime path of "/home/baris/mavivatan_ws/install/mavivatan_interfaces/lib/libmavivatan_interfaces__rosidl_typesupport_introspection_cpp.so" to ""
[16.081s] -- Installing: /home/baris/mavivatan_ws/install/mavivatan_interfaces/lib/libmavivatan_interfaces__rosidl_typesupport_cpp.so
[16.081s] -- Set runtime path of "/home/baris/mavivatan_ws/install/mavivatan_interfaces/lib/libmavivatan_interfaces__rosidl_typesupport_cpp.so" to ""
[16.219s] Listing '/home/baris/mavivatan_ws/install/mavivatan_interfaces/local/lib/python3.10/dist-packages/mavivatan_interfaces'...
[16.219s] Compiling '/home/baris/mavivatan_ws/install/mavivatan_interfaces/local/lib/python3.10/dist-packages/mavivatan_interfaces/__init__.py'...
[16.219s] Listing '/home/baris/mavivatan_ws/install/mavivatan_interfaces/local/lib/python3.10/dist-packages/mavivatan_interfaces/msg'...
[16.219s] Compiling '/home/baris/mavivatan_ws/install/mavivatan_interfaces/local/lib/python3.10/dist-packages/mavivatan_interfaces/msg/__init__.py'...
[16.220s] Compiling '/home/baris/mavivatan_ws/install/mavivatan_interfaces/local/lib/python3.10/dist-packages/mavivatan_interfaces/msg/_ida_durum.py'...
[16.285s] -- Installing: /home/baris/mavivatan_ws/install/mavivatan_interfaces/lib/libmavivatan_interfaces__rosidl_generator_py.so
[16.286s] -- Set runtime path of "/home/baris/mavivatan_ws/install/mavivatan_interfaces/lib/libmavivatan_interfaces__rosidl_generator_py.so" to ""
[16.287s] -- Installing: /home/baris/mavivatan_ws/install/mavivatan_interfaces/share/mavivatan_interfaces/cmake/export_mavivatan_interfaces__rosidl_generator_cExport.cmake
[16.287s] -- Installing: /home/baris/mavivatan_ws/install/mavivatan_interfaces/share/mavivatan_interfaces/cmake/export_mavivatan_interfaces__rosidl_generator_cExport-noconfig.cmake
[16.287s] -- Installing: /home/baris/mavivatan_ws/install/mavivatan_interfaces/share/mavivatan_interfaces/cmake/export_mavivatan_interfaces__rosidl_typesupport_fastrtps_cExport.cmake
[16.288s] -- Installing: /home/baris/mavivatan_ws/install/mavivatan_interfaces/share/mavivatan_interfaces/cmake/export_mavivatan_interfaces__rosidl_typesupport_fastrtps_cExport-noconfig.cmake
[16.288s] -- Installing: /home/baris/mavivatan_ws/install/mavivatan_interfaces/share/mavivatan_interfaces/cmake/mavivatan_interfaces__rosidl_typesupport_introspection_cExport.cmake
[16.288s] -- Installing: /home/baris/mavivatan_ws/install/mavivatan_interfaces/share/mavivatan_interfaces/cmake/mavivatan_interfaces__rosidl_typesupport_introspection_cExport-noconfig.cmake
[16.288s] -- Installing: /home/baris/mavivatan_ws/install/mavivatan_interfaces/share/mavivatan_interfaces/cmake/mavivatan_interfaces__rosidl_typesupport_cExport.cmake
[16.288s] -- Installing: /home/baris/mavivatan_ws/install/mavivatan_interfaces/share/mavivatan_interfaces/cmake/mavivatan_interfaces__rosidl_typesupport_cExport-noconfig.cmake
[16.289s] -- Installing: /home/baris/mavivatan_ws/install/mavivatan_interfaces/share/mavivatan_interfaces/cmake/export_mavivatan_interfaces__rosidl_generator_cppExport.cmake
[16.289s] -- Installing: /home/baris/mavivatan_ws/install/mavivatan_interfaces/share/mavivatan_interfaces/cmake/export_mavivatan_interfaces__rosidl_typesupport_fastrtps_cppExport.cmake
[16.289s] -- Installing: /home/baris/mavivatan_ws/install/mavivatan_interfaces/share/mavivatan_interfaces/cmake/export_mavivatan_interfaces__rosidl_typesupport_fastrtps_cppExport-noconfig.cmake
[16.289s] -- Installing: /home/baris/mavivatan_ws/install/mavivatan_interfaces/share/mavivatan_interfaces/cmake/mavivatan_interfaces__rosidl_typesupport_introspection_cppExport.cmake
[16.290s] -- Installing: /home/baris/mavivatan_ws/install/mavivatan_interfaces/share/mavivatan_interfaces/cmake/mavivatan_interfaces__rosidl_typesupport_introspection_cppExport-noconfig.cmake
[16.290s] -- Installing: /home/baris/mavivatan_ws/install/mavivatan_interfaces/share/mavivatan_interfaces/cmake/mavivatan_interfaces__rosidl_typesupport_cppExport.cmake
[16.291s] -- Installing: /home/baris/mavivatan_ws/install/mavivatan_interfaces/share/mavivatan_interfaces/cmake/mavivatan_interfaces__rosidl_typesupport_cppExport-noconfig.cmake
[16.291s] -- Installing: /home/baris/mavivatan_ws/install/mavivatan_interfaces/share/mavivatan_interfaces/cmake/export_mavivatan_interfaces__rosidl_generator_pyExport.cmake
[16.291s] -- Installing: /home/baris/mavivatan_ws/install/mavivatan_interfaces/share/mavivatan_interfaces/cmake/export_mavivatan_interfaces__rosidl_generator_pyExport-noconfig.cmake
[16.310s] Invoked command in '/home/baris/mavivatan_ws/build/mavivatan_interfaces' returned '0': CMAKE_PREFIX_PATH=${CMAKE_PREFIX_PATH}:/home/baris/mavivatan_ws/install/mavivatan_paket:/opt/ros/humble /usr/bin/cmake --install /home/baris/mavivatan_ws/build/mavivatan_interfaces
