[0.026s] Invoking command in '/home/baris/mavivatan_ws/build/zed_wrapper': AMENT_PREFIX_PATH=/home/baris/mavivatan_ws/install/zed_components:/home/baris/mavivatan_ws/install/zed_msgs:${AMENT_PREFIX_PATH} CMAKE_PREFIX_PATH=/home/baris/mavivatan_ws/install/zed_components:/home/baris/mavivatan_ws/install/zed_msgs:/opt/ros/humble LD_LIBRARY_PATH=/home/baris/mavivatan_ws/install/zed_components/lib:/home/baris/mavivatan_ws/install/zed_msgs/lib:/opt/ros/humble/opt/rviz_ogre_vendor/lib:/opt/ros/humble/lib/aarch64-linux-gnu:/opt/ros/humble/lib:/usr/local/cuda-12.6/lib64 PYTHONPATH=/home/baris/mavivatan_ws/install/zed_msgs/local/lib/python3.10/dist-packages:${PYTHONPATH} /usr/bin/cmake /home/baris/mavivatan_ws/src/zed-ros2-wrapper/zed_wrapper -DCMAKE_BUILD_TYPE=Release -DCMAKE_INSTALL_PREFIX=/home/baris/mavivatan_ws/install/zed_wrapper
[0.173s] -- The C compiler identification is GNU 11.4.0
[0.303s] -- The CXX compiler identification is GNU 11.4.0
[0.328s] -- Detecting C compiler ABI info
[0.489s] -- Detecting C compiler ABI info - done
[0.514s] -- Check for working C compiler: /usr/bin/cc - skipped
[0.518s] -- Detecting C compile features
[0.519s] -- Detecting C compile features - done
[0.531s] -- Detecting CXX compiler ABI info
[0.712s] -- Detecting CXX compiler ABI info - done
[0.727s] -- Check for working CXX compiler: /usr/bin/c++ - skipped
[0.728s] -- Detecting CXX compile features
[0.729s] -- Detecting CXX compile features - done
[0.737s] -- Found ament_cmake_auto: 1.3.14 (/opt/ros/humble/share/ament_cmake_auto/cmake)
[1.103s] -- Found Python3: /usr/bin/python3 (found version "3.10.12") found components: Interpreter 
[1.488s] -- Configuring done
[1.495s] -- Generating done
[1.499s] -- Build files have been written to: /home/baris/mavivatan_ws/build/zed_wrapper
[1.516s] Invoked command in '/home/baris/mavivatan_ws/build/zed_wrapper' returned '0': AMENT_PREFIX_PATH=/home/baris/mavivatan_ws/install/zed_components:/home/baris/mavivatan_ws/install/zed_msgs:${AMENT_PREFIX_PATH} CMAKE_PREFIX_PATH=/home/baris/mavivatan_ws/install/zed_components:/home/baris/mavivatan_ws/install/zed_msgs:/opt/ros/humble LD_LIBRARY_PATH=/home/baris/mavivatan_ws/install/zed_components/lib:/home/baris/mavivatan_ws/install/zed_msgs/lib:/opt/ros/humble/opt/rviz_ogre_vendor/lib:/opt/ros/humble/lib/aarch64-linux-gnu:/opt/ros/humble/lib:/usr/local/cuda-12.6/lib64 PYTHONPATH=/home/baris/mavivatan_ws/install/zed_msgs/local/lib/python3.10/dist-packages:${PYTHONPATH} /usr/bin/cmake /home/baris/mavivatan_ws/src/zed-ros2-wrapper/zed_wrapper -DCMAKE_BUILD_TYPE=Release -DCMAKE_INSTALL_PREFIX=/home/baris/mavivatan_ws/install/zed_wrapper
[1.518s] Invoking command in '/home/baris/mavivatan_ws/build/zed_wrapper': AMENT_PREFIX_PATH=/home/baris/mavivatan_ws/install/zed_components:/home/baris/mavivatan_ws/install/zed_msgs:${AMENT_PREFIX_PATH} CMAKE_PREFIX_PATH=/home/baris/mavivatan_ws/install/zed_components:/home/baris/mavivatan_ws/install/zed_msgs:/opt/ros/humble LD_LIBRARY_PATH=/home/baris/mavivatan_ws/install/zed_components/lib:/home/baris/mavivatan_ws/install/zed_msgs/lib:/opt/ros/humble/opt/rviz_ogre_vendor/lib:/opt/ros/humble/lib/aarch64-linux-gnu:/opt/ros/humble/lib:/usr/local/cuda-12.6/lib64 PYTHONPATH=/home/baris/mavivatan_ws/install/zed_msgs/local/lib/python3.10/dist-packages:${PYTHONPATH} /usr/bin/cmake --build /home/baris/mavivatan_ws/build/zed_wrapper -- -j6 -l6
[1.600s] Invoked command in '/home/baris/mavivatan_ws/build/zed_wrapper' returned '0': AMENT_PREFIX_PATH=/home/baris/mavivatan_ws/install/zed_components:/home/baris/mavivatan_ws/install/zed_msgs:${AMENT_PREFIX_PATH} CMAKE_PREFIX_PATH=/home/baris/mavivatan_ws/install/zed_components:/home/baris/mavivatan_ws/install/zed_msgs:/opt/ros/humble LD_LIBRARY_PATH=/home/baris/mavivatan_ws/install/zed_components/lib:/home/baris/mavivatan_ws/install/zed_msgs/lib:/opt/ros/humble/opt/rviz_ogre_vendor/lib:/opt/ros/humble/lib/aarch64-linux-gnu:/opt/ros/humble/lib:/usr/local/cuda-12.6/lib64 PYTHONPATH=/home/baris/mavivatan_ws/install/zed_msgs/local/lib/python3.10/dist-packages:${PYTHONPATH} /usr/bin/cmake --build /home/baris/mavivatan_ws/build/zed_wrapper -- -j6 -l6
[1.605s] Invoking command in '/home/baris/mavivatan_ws/build/zed_wrapper': AMENT_PREFIX_PATH=/home/baris/mavivatan_ws/install/zed_components:/home/baris/mavivatan_ws/install/zed_msgs:${AMENT_PREFIX_PATH} CMAKE_PREFIX_PATH=/home/baris/mavivatan_ws/install/zed_components:/home/baris/mavivatan_ws/install/zed_msgs:/opt/ros/humble LD_LIBRARY_PATH=/home/baris/mavivatan_ws/install/zed_components/lib:/home/baris/mavivatan_ws/install/zed_msgs/lib:/opt/ros/humble/opt/rviz_ogre_vendor/lib:/opt/ros/humble/lib/aarch64-linux-gnu:/opt/ros/humble/lib:/usr/local/cuda-12.6/lib64 PYTHONPATH=/home/baris/mavivatan_ws/install/zed_msgs/local/lib/python3.10/dist-packages:${PYTHONPATH} /usr/bin/cmake --install /home/baris/mavivatan_ws/build/zed_wrapper
[1.621s] -- Install configuration: "Release"
[1.622s] -- Installing: /home/baris/mavivatan_ws/install/zed_wrapper/share/zed_wrapper/config
[1.622s] -- Installing: /home/baris/mavivatan_ws/install/zed_wrapper/share/zed_wrapper/config/virtual.yaml
[1.622s] -- Installing: /home/baris/mavivatan_ws/install/zed_wrapper/share/zed_wrapper/config/object_detection.yaml
[1.622s] -- Installing: /home/baris/mavivatan_ws/install/zed_wrapper/share/zed_wrapper/config/zedxone4k.yaml
[1.622s] -- Installing: /home/baris/mavivatan_ws/install/zed_wrapper/share/zed_wrapper/config/common_mono.yaml
[1.623s] -- Installing: /home/baris/mavivatan_ws/install/zed_wrapper/share/zed_wrapper/config/zedxhdrmini.yaml
[1.623s] -- Installing: /home/baris/mavivatan_ws/install/zed_wrapper/share/zed_wrapper/config/zedm.yaml
[1.623s] -- Installing: /home/baris/mavivatan_ws/install/zed_wrapper/share/zed_wrapper/config/zedxonegs.yaml
[1.624s] -- Installing: /home/baris/mavivatan_ws/install/zed_wrapper/share/zed_wrapper/config/zed2.yaml
[1.624s] -- Installing: /home/baris/mavivatan_ws/install/zed_wrapper/share/zed_wrapper/config/zedxhdrmax.yaml
[1.624s] -- Installing: /home/baris/mavivatan_ws/install/zed_wrapper/share/zed_wrapper/config/zedxm.yaml
[1.625s] -- Installing: /home/baris/mavivatan_ws/install/zed_wrapper/share/zed_wrapper/config/zedx.yaml
[1.625s] -- Installing: /home/baris/mavivatan_ws/install/zed_wrapper/share/zed_wrapper/config/common_stereo.yaml
[1.625s] -- Installing: /home/baris/mavivatan_ws/install/zed_wrapper/share/zed_wrapper/config/zedxonehdr.yaml
[1.626s] -- Installing: /home/baris/mavivatan_ws/install/zed_wrapper/share/zed_wrapper/config/zed.yaml
[1.626s] -- Installing: /home/baris/mavivatan_ws/install/zed_wrapper/share/zed_wrapper/config/custom_object_detection.yaml
[1.627s] -- Installing: /home/baris/mavivatan_ws/install/zed_wrapper/share/zed_wrapper/config/zedxhdr.yaml
[1.627s] -- Installing: /home/baris/mavivatan_ws/install/zed_wrapper/share/zed_wrapper/config/zed2i.yaml
[1.628s] -- Installing: /home/baris/mavivatan_ws/install/zed_wrapper/share/zed_wrapper/urdf
[1.628s] -- Installing: /home/baris/mavivatan_ws/install/zed_wrapper/share/zed_wrapper/urdf/zed_descr.urdf.xacro
[1.628s] -- Installing: /home/baris/mavivatan_ws/install/zed_wrapper/share/zed_wrapper/urdf/zed_macro.urdf.xacro
[1.629s] -- Installing: /home/baris/mavivatan_ws/install/zed_wrapper/share/zed_wrapper/launch
[1.629s] -- Installing: /home/baris/mavivatan_ws/install/zed_wrapper/share/zed_wrapper/launch/zed_camera.launch.py
[1.630s] -- Installing: /home/baris/mavivatan_ws/install/zed_wrapper/share/ament_index/resource_index/package_run_dependencies/zed_wrapper
[1.630s] -- Installing: /home/baris/mavivatan_ws/install/zed_wrapper/share/ament_index/resource_index/parent_prefix_path/zed_wrapper
[1.630s] -- Installing: /home/baris/mavivatan_ws/install/zed_wrapper/share/zed_wrapper/environment/ament_prefix_path.sh
[1.631s] -- Installing: /home/baris/mavivatan_ws/install/zed_wrapper/share/zed_wrapper/environment/ament_prefix_path.dsv
[1.631s] -- Installing: /home/baris/mavivatan_ws/install/zed_wrapper/share/zed_wrapper/environment/path.sh
[1.631s] -- Installing: /home/baris/mavivatan_ws/install/zed_wrapper/share/zed_wrapper/environment/path.dsv
[1.632s] -- Installing: /home/baris/mavivatan_ws/install/zed_wrapper/share/zed_wrapper/local_setup.bash
[1.632s] -- Installing: /home/baris/mavivatan_ws/install/zed_wrapper/share/zed_wrapper/local_setup.sh
[1.632s] -- Installing: /home/baris/mavivatan_ws/install/zed_wrapper/share/zed_wrapper/local_setup.zsh
[1.633s] -- Installing: /home/baris/mavivatan_ws/install/zed_wrapper/share/zed_wrapper/local_setup.dsv
[1.633s] -- Installing: /home/baris/mavivatan_ws/install/zed_wrapper/share/zed_wrapper/package.dsv
[1.633s] -- Installing: /home/baris/mavivatan_ws/install/zed_wrapper/share/ament_index/resource_index/packages/zed_wrapper
[1.634s] -- Installing: /home/baris/mavivatan_ws/install/zed_wrapper/share/zed_wrapper/cmake/zed_wrapperConfig.cmake
[1.634s] -- Installing: /home/baris/mavivatan_ws/install/zed_wrapper/share/zed_wrapper/cmake/zed_wrapperConfig-version.cmake
[1.634s] -- Installing: /home/baris/mavivatan_ws/install/zed_wrapper/share/zed_wrapper/package.xml
[1.640s] Invoked command in '/home/baris/mavivatan_ws/build/zed_wrapper' returned '0': AMENT_PREFIX_PATH=/home/baris/mavivatan_ws/install/zed_components:/home/baris/mavivatan_ws/install/zed_msgs:${AMENT_PREFIX_PATH} CMAKE_PREFIX_PATH=/home/baris/mavivatan_ws/install/zed_components:/home/baris/mavivatan_ws/install/zed_msgs:/opt/ros/humble LD_LIBRARY_PATH=/home/baris/mavivatan_ws/install/zed_components/lib:/home/baris/mavivatan_ws/install/zed_msgs/lib:/opt/ros/humble/opt/rviz_ogre_vendor/lib:/opt/ros/humble/lib/aarch64-linux-gnu:/opt/ros/humble/lib:/usr/local/cuda-12.6/lib64 PYTHONPATH=/home/baris/mavivatan_ws/install/zed_msgs/local/lib/python3.10/dist-packages:${PYTHONPATH} /usr/bin/cmake --install /home/baris/mavivatan_ws/build/zed_wrapper
