-- Found ament_cmake_auto: 1.3.14 (/opt/ros/humble/share/ament_cmake_auto/cmake)
-- Found ament_lint_auto: 0.12.15 (/opt/ros/humble/share/ament_lint_auto/cmake)
-- Added test 'copyright' to check source files copyright and LICENSE
-- Added test 'lint_cmake' to check CMake code style
-- Added test 'xmllint' to check XML markup files
-- Configuring done
-- Generating done
-- Build files have been written to: /home/baris/mavivatan_ws/build/zed_ros2
-- Install configuration: "Release"
-- Up-to-date: /home/baris/mavivatan_ws/install/zed_ros2/share/ament_index/resource_index/package_run_dependencies/zed_ros2
-- Installing: /home/baris/mavivatan_ws/install/zed_ros2/share/ament_index/resource_index/parent_prefix_path/zed_ros2
-- Up-to-date: /home/baris/mavivatan_ws/install/zed_ros2/share/zed_ros2/environment/ament_prefix_path.sh
-- Installing: /home/baris/mavivatan_ws/install/zed_ros2/share/zed_ros2/environment/ament_prefix_path.dsv
-- Up-to-date: /home/baris/mavivatan_ws/install/zed_ros2/share/zed_ros2/environment/path.sh
-- Installing: /home/baris/mavivatan_ws/install/zed_ros2/share/zed_ros2/environment/path.dsv
-- Up-to-date: /home/baris/mavivatan_ws/install/zed_ros2/share/zed_ros2/local_setup.bash
-- Up-to-date: /home/baris/mavivatan_ws/install/zed_ros2/share/zed_ros2/local_setup.sh
-- Up-to-date: /home/baris/mavivatan_ws/install/zed_ros2/share/zed_ros2/local_setup.zsh
-- Installing: /home/baris/mavivatan_ws/install/zed_ros2/share/zed_ros2/local_setup.dsv
-- Installing: /home/baris/mavivatan_ws/install/zed_ros2/share/zed_ros2/package.dsv
-- Up-to-date: /home/baris/mavivatan_ws/install/zed_ros2/share/ament_index/resource_index/packages/zed_ros2
-- Up-to-date: /home/baris/mavivatan_ws/install/zed_ros2/share/zed_ros2/cmake/zed_ros2Config.cmake
-- Up-to-date: /home/baris/mavivatan_ws/install/zed_ros2/share/zed_ros2/cmake/zed_ros2Config-version.cmake
-- Up-to-date: /home/baris/mavivatan_ws/install/zed_ros2/share/zed_ros2/package.xml
