[0.068s] Invoking command in '/home/baris/mavivatan_ws/build/zed_ros2': CMAKE_PREFIX_PATH=/home/baris/mavivatan_ws/install/zed_wrapper:/home/baris/mavivatan_ws/install/zed_components:/home/baris/mavivatan_ws/install/zed_msgs:/home/baris/mavivatan_ws/install/zed_ros2:/home/baris/mavivatan_ws/install/zed_debug:/home/baris/mavivatan_ws/install/mavivatan_interfaces:/home/baris/mavivatan_ws/install/mavivatan_paket:/opt/ros/humble LD_LIBRARY_PATH=/home/baris/mavivatan_ws/install/zed_components/lib:/home/baris/mavivatan_ws/install/zed_msgs/lib:/home/baris/mavivatan_ws/install/mavivatan_interfaces/lib:/opt/ros/humble/opt/rviz_ogre_vendor/lib:/opt/ros/humble/lib/aarch64-linux-gnu:/opt/ros/humble/lib:/usr/local/cuda-12.6/lib64 /usr/bin/cmake /home/baris/mavivatan_ws/src/zed-ros2-wrapper/zed_ros2 -DCMAKE_INSTALL_PREFIX=/home/baris/mavivatan_ws/install/zed_ros2
[0.101s] -- Found ament_cmake_auto: 1.3.14 (/opt/ros/humble/share/ament_cmake_auto/cmake)
[0.996s] -- Found ament_lint_auto: 0.12.15 (/opt/ros/humble/share/ament_lint_auto/cmake)
[1.023s] -- Added test 'copyright' to check source files copyright and LICENSE
[1.024s] -- Added test 'lint_cmake' to check CMake code style
[1.036s] -- Added test 'xmllint' to check XML markup files
[1.040s] -- Configuring done
[1.081s] -- Generating done
[1.097s] -- Build files have been written to: /home/baris/mavivatan_ws/build/zed_ros2
[1.116s] Invoked command in '/home/baris/mavivatan_ws/build/zed_ros2' returned '0': CMAKE_PREFIX_PATH=/home/baris/mavivatan_ws/install/zed_wrapper:/home/baris/mavivatan_ws/install/zed_components:/home/baris/mavivatan_ws/install/zed_msgs:/home/baris/mavivatan_ws/install/zed_ros2:/home/baris/mavivatan_ws/install/zed_debug:/home/baris/mavivatan_ws/install/mavivatan_interfaces:/home/baris/mavivatan_ws/install/mavivatan_paket:/opt/ros/humble LD_LIBRARY_PATH=/home/baris/mavivatan_ws/install/zed_components/lib:/home/baris/mavivatan_ws/install/zed_msgs/lib:/home/baris/mavivatan_ws/install/mavivatan_interfaces/lib:/opt/ros/humble/opt/rviz_ogre_vendor/lib:/opt/ros/humble/lib/aarch64-linux-gnu:/opt/ros/humble/lib:/usr/local/cuda-12.6/lib64 /usr/bin/cmake /home/baris/mavivatan_ws/src/zed-ros2-wrapper/zed_ros2 -DCMAKE_INSTALL_PREFIX=/home/baris/mavivatan_ws/install/zed_ros2
[1.141s] Invoking command in '/home/baris/mavivatan_ws/build/zed_ros2': CMAKE_PREFIX_PATH=/home/baris/mavivatan_ws/install/zed_wrapper:/home/baris/mavivatan_ws/install/zed_components:/home/baris/mavivatan_ws/install/zed_msgs:/home/baris/mavivatan_ws/install/zed_ros2:/home/baris/mavivatan_ws/install/zed_debug:/home/baris/mavivatan_ws/install/mavivatan_interfaces:/home/baris/mavivatan_ws/install/mavivatan_paket:/opt/ros/humble LD_LIBRARY_PATH=/home/baris/mavivatan_ws/install/zed_components/lib:/home/baris/mavivatan_ws/install/zed_msgs/lib:/home/baris/mavivatan_ws/install/mavivatan_interfaces/lib:/opt/ros/humble/opt/rviz_ogre_vendor/lib:/opt/ros/humble/lib/aarch64-linux-gnu:/opt/ros/humble/lib:/usr/local/cuda-12.6/lib64 /usr/bin/cmake --build /home/baris/mavivatan_ws/build/zed_ros2 -- -j6 -l6
[1.321s] Invoked command in '/home/baris/mavivatan_ws/build/zed_ros2' returned '0': CMAKE_PREFIX_PATH=/home/baris/mavivatan_ws/install/zed_wrapper:/home/baris/mavivatan_ws/install/zed_components:/home/baris/mavivatan_ws/install/zed_msgs:/home/baris/mavivatan_ws/install/zed_ros2:/home/baris/mavivatan_ws/install/zed_debug:/home/baris/mavivatan_ws/install/mavivatan_interfaces:/home/baris/mavivatan_ws/install/mavivatan_paket:/opt/ros/humble LD_LIBRARY_PATH=/home/baris/mavivatan_ws/install/zed_components/lib:/home/baris/mavivatan_ws/install/zed_msgs/lib:/home/baris/mavivatan_ws/install/mavivatan_interfaces/lib:/opt/ros/humble/opt/rviz_ogre_vendor/lib:/opt/ros/humble/lib/aarch64-linux-gnu:/opt/ros/humble/lib:/usr/local/cuda-12.6/lib64 /usr/bin/cmake --build /home/baris/mavivatan_ws/build/zed_ros2 -- -j6 -l6
[1.329s] Invoking command in '/home/baris/mavivatan_ws/build/zed_ros2': CMAKE_PREFIX_PATH=/home/baris/mavivatan_ws/install/zed_wrapper:/home/baris/mavivatan_ws/install/zed_components:/home/baris/mavivatan_ws/install/zed_msgs:/home/baris/mavivatan_ws/install/zed_ros2:/home/baris/mavivatan_ws/install/zed_debug:/home/baris/mavivatan_ws/install/mavivatan_interfaces:/home/baris/mavivatan_ws/install/mavivatan_paket:/opt/ros/humble LD_LIBRARY_PATH=/home/baris/mavivatan_ws/install/zed_components/lib:/home/baris/mavivatan_ws/install/zed_msgs/lib:/home/baris/mavivatan_ws/install/mavivatan_interfaces/lib:/opt/ros/humble/opt/rviz_ogre_vendor/lib:/opt/ros/humble/lib/aarch64-linux-gnu:/opt/ros/humble/lib:/usr/local/cuda-12.6/lib64 /usr/bin/cmake --install /home/baris/mavivatan_ws/build/zed_ros2
[1.383s] -- Install configuration: "Release"
[1.383s] -- Up-to-date: /home/baris/mavivatan_ws/install/zed_ros2/share/ament_index/resource_index/package_run_dependencies/zed_ros2
[1.383s] -- Installing: /home/baris/mavivatan_ws/install/zed_ros2/share/ament_index/resource_index/parent_prefix_path/zed_ros2
[1.384s] -- Up-to-date: /home/baris/mavivatan_ws/install/zed_ros2/share/zed_ros2/environment/ament_prefix_path.sh
[1.384s] -- Installing: /home/baris/mavivatan_ws/install/zed_ros2/share/zed_ros2/environment/ament_prefix_path.dsv
[1.384s] -- Up-to-date: /home/baris/mavivatan_ws/install/zed_ros2/share/zed_ros2/environment/path.sh
[1.385s] -- Installing: /home/baris/mavivatan_ws/install/zed_ros2/share/zed_ros2/environment/path.dsv
[1.385s] -- Up-to-date: /home/baris/mavivatan_ws/install/zed_ros2/share/zed_ros2/local_setup.bash
[1.385s] -- Up-to-date: /home/baris/mavivatan_ws/install/zed_ros2/share/zed_ros2/local_setup.sh
[1.385s] -- Up-to-date: /home/baris/mavivatan_ws/install/zed_ros2/share/zed_ros2/local_setup.zsh
[1.386s] -- Installing: /home/baris/mavivatan_ws/install/zed_ros2/share/zed_ros2/local_setup.dsv
[1.386s] -- Installing: /home/baris/mavivatan_ws/install/zed_ros2/share/zed_ros2/package.dsv
[1.386s] -- Up-to-date: /home/baris/mavivatan_ws/install/zed_ros2/share/ament_index/resource_index/packages/zed_ros2
[1.395s] -- Up-to-date: /home/baris/mavivatan_ws/install/zed_ros2/share/zed_ros2/cmake/zed_ros2Config.cmake
[1.395s] -- Up-to-date: /home/baris/mavivatan_ws/install/zed_ros2/share/zed_ros2/cmake/zed_ros2Config-version.cmake
[1.396s] -- Up-to-date: /home/baris/mavivatan_ws/install/zed_ros2/share/zed_ros2/package.xml
[1.403s] Invoked command in '/home/baris/mavivatan_ws/build/zed_ros2' returned '0': CMAKE_PREFIX_PATH=/home/baris/mavivatan_ws/install/zed_wrapper:/home/baris/mavivatan_ws/install/zed_components:/home/baris/mavivatan_ws/install/zed_msgs:/home/baris/mavivatan_ws/install/zed_ros2:/home/baris/mavivatan_ws/install/zed_debug:/home/baris/mavivatan_ws/install/mavivatan_interfaces:/home/baris/mavivatan_ws/install/mavivatan_paket:/opt/ros/humble LD_LIBRARY_PATH=/home/baris/mavivatan_ws/install/zed_components/lib:/home/baris/mavivatan_ws/install/zed_msgs/lib:/home/baris/mavivatan_ws/install/mavivatan_interfaces/lib:/opt/ros/humble/opt/rviz_ogre_vendor/lib:/opt/ros/humble/lib/aarch64-linux-gnu:/opt/ros/humble/lib:/usr/local/cuda-12.6/lib64 /usr/bin/cmake --install /home/baris/mavivatan_ws/build/zed_ros2
