[0.056s] Invoking command in '/home/baris/mavivatan_ws/build/zed_wrapper': CMAKE_PREFIX_PATH=/home/baris/mavivatan_ws/install/zed_components:/home/baris/mavivatan_ws/install/zed_msgs:/home/baris/mavivatan_ws/install/zed_ros2:/home/baris/mavivatan_ws/install/zed_wrapper:/home/baris/mavivatan_ws/install/zed_debug:/home/baris/mavivatan_ws/install/mavivatan_interfaces:/home/baris/mavivatan_ws/install/mavivatan_paket:/opt/ros/humble LD_LIBRARY_PATH=/home/baris/mavivatan_ws/install/zed_components/lib:/home/baris/mavivatan_ws/install/zed_msgs/lib:/home/baris/mavivatan_ws/install/mavivatan_interfaces/lib:/opt/ros/humble/opt/rviz_ogre_vendor/lib:/opt/ros/humble/lib/aarch64-linux-gnu:/opt/ros/humble/lib:/usr/local/cuda-12.6/lib64 /usr/bin/cmake /home/baris/mavivatan_ws/src/zed-ros2-wrapper/zed_wrapper -DCMAKE_INSTALL_PREFIX=/home/baris/mavivatan_ws/install/zed_wrapper
[0.096s] -- Found ament_cmake_auto: 1.3.14 (/opt/ros/humble/share/ament_cmake_auto/cmake)
[1.026s] -- Configuring done
[1.046s] -- Generating done
[1.063s] -- Build files have been written to: /home/baris/mavivatan_ws/build/zed_wrapper
[1.076s] Invoked command in '/home/baris/mavivatan_ws/build/zed_wrapper' returned '0': CMAKE_PREFIX_PATH=/home/baris/mavivatan_ws/install/zed_components:/home/baris/mavivatan_ws/install/zed_msgs:/home/baris/mavivatan_ws/install/zed_ros2:/home/baris/mavivatan_ws/install/zed_wrapper:/home/baris/mavivatan_ws/install/zed_debug:/home/baris/mavivatan_ws/install/mavivatan_interfaces:/home/baris/mavivatan_ws/install/mavivatan_paket:/opt/ros/humble LD_LIBRARY_PATH=/home/baris/mavivatan_ws/install/zed_components/lib:/home/baris/mavivatan_ws/install/zed_msgs/lib:/home/baris/mavivatan_ws/install/mavivatan_interfaces/lib:/opt/ros/humble/opt/rviz_ogre_vendor/lib:/opt/ros/humble/lib/aarch64-linux-gnu:/opt/ros/humble/lib:/usr/local/cuda-12.6/lib64 /usr/bin/cmake /home/baris/mavivatan_ws/src/zed-ros2-wrapper/zed_wrapper -DCMAKE_INSTALL_PREFIX=/home/baris/mavivatan_ws/install/zed_wrapper
[1.077s] Invoking command in '/home/baris/mavivatan_ws/build/zed_wrapper': CMAKE_PREFIX_PATH=/home/baris/mavivatan_ws/install/zed_components:/home/baris/mavivatan_ws/install/zed_msgs:/home/baris/mavivatan_ws/install/zed_ros2:/home/baris/mavivatan_ws/install/zed_wrapper:/home/baris/mavivatan_ws/install/zed_debug:/home/baris/mavivatan_ws/install/mavivatan_interfaces:/home/baris/mavivatan_ws/install/mavivatan_paket:/opt/ros/humble LD_LIBRARY_PATH=/home/baris/mavivatan_ws/install/zed_components/lib:/home/baris/mavivatan_ws/install/zed_msgs/lib:/home/baris/mavivatan_ws/install/mavivatan_interfaces/lib:/opt/ros/humble/opt/rviz_ogre_vendor/lib:/opt/ros/humble/lib/aarch64-linux-gnu:/opt/ros/humble/lib:/usr/local/cuda-12.6/lib64 /usr/bin/cmake --build /home/baris/mavivatan_ws/build/zed_wrapper -- -j6 -l6
[1.239s] Invoked command in '/home/baris/mavivatan_ws/build/zed_wrapper' returned '0': CMAKE_PREFIX_PATH=/home/baris/mavivatan_ws/install/zed_components:/home/baris/mavivatan_ws/install/zed_msgs:/home/baris/mavivatan_ws/install/zed_ros2:/home/baris/mavivatan_ws/install/zed_wrapper:/home/baris/mavivatan_ws/install/zed_debug:/home/baris/mavivatan_ws/install/mavivatan_interfaces:/home/baris/mavivatan_ws/install/mavivatan_paket:/opt/ros/humble LD_LIBRARY_PATH=/home/baris/mavivatan_ws/install/zed_components/lib:/home/baris/mavivatan_ws/install/zed_msgs/lib:/home/baris/mavivatan_ws/install/mavivatan_interfaces/lib:/opt/ros/humble/opt/rviz_ogre_vendor/lib:/opt/ros/humble/lib/aarch64-linux-gnu:/opt/ros/humble/lib:/usr/local/cuda-12.6/lib64 /usr/bin/cmake --build /home/baris/mavivatan_ws/build/zed_wrapper -- -j6 -l6
[1.249s] Invoking command in '/home/baris/mavivatan_ws/build/zed_wrapper': CMAKE_PREFIX_PATH=/home/baris/mavivatan_ws/install/zed_components:/home/baris/mavivatan_ws/install/zed_msgs:/home/baris/mavivatan_ws/install/zed_ros2:/home/baris/mavivatan_ws/install/zed_wrapper:/home/baris/mavivatan_ws/install/zed_debug:/home/baris/mavivatan_ws/install/mavivatan_interfaces:/home/baris/mavivatan_ws/install/mavivatan_paket:/opt/ros/humble LD_LIBRARY_PATH=/home/baris/mavivatan_ws/install/zed_components/lib:/home/baris/mavivatan_ws/install/zed_msgs/lib:/home/baris/mavivatan_ws/install/mavivatan_interfaces/lib:/opt/ros/humble/opt/rviz_ogre_vendor/lib:/opt/ros/humble/lib/aarch64-linux-gnu:/opt/ros/humble/lib:/usr/local/cuda-12.6/lib64 /usr/bin/cmake --install /home/baris/mavivatan_ws/build/zed_wrapper
[1.290s] -- Install configuration: "Release"
[1.291s] -- Up-to-date: /home/baris/mavivatan_ws/install/zed_wrapper/share/zed_wrapper/config
[1.291s] -- Up-to-date: /home/baris/mavivatan_ws/install/zed_wrapper/share/zed_wrapper/config/virtual.yaml
[1.292s] -- Up-to-date: /home/baris/mavivatan_ws/install/zed_wrapper/share/zed_wrapper/config/object_detection.yaml
[1.292s] -- Up-to-date: /home/baris/mavivatan_ws/install/zed_wrapper/share/zed_wrapper/config/zedxone4k.yaml
[1.292s] -- Up-to-date: /home/baris/mavivatan_ws/install/zed_wrapper/share/zed_wrapper/config/common_mono.yaml
[1.292s] -- Up-to-date: /home/baris/mavivatan_ws/install/zed_wrapper/share/zed_wrapper/config/zedxhdrmini.yaml
[1.292s] -- Up-to-date: /home/baris/mavivatan_ws/install/zed_wrapper/share/zed_wrapper/config/zedm.yaml
[1.293s] -- Up-to-date: /home/baris/mavivatan_ws/install/zed_wrapper/share/zed_wrapper/config/zedxonegs.yaml
[1.293s] -- Up-to-date: /home/baris/mavivatan_ws/install/zed_wrapper/share/zed_wrapper/config/zed2.yaml
[1.293s] -- Up-to-date: /home/baris/mavivatan_ws/install/zed_wrapper/share/zed_wrapper/config/zedxhdrmax.yaml
[1.294s] -- Up-to-date: /home/baris/mavivatan_ws/install/zed_wrapper/share/zed_wrapper/config/zedxm.yaml
[1.294s] -- Up-to-date: /home/baris/mavivatan_ws/install/zed_wrapper/share/zed_wrapper/config/zedx.yaml
[1.294s] -- Up-to-date: /home/baris/mavivatan_ws/install/zed_wrapper/share/zed_wrapper/config/common_stereo.yaml
[1.294s] -- Up-to-date: /home/baris/mavivatan_ws/install/zed_wrapper/share/zed_wrapper/config/zedxonehdr.yaml
[1.294s] -- Up-to-date: /home/baris/mavivatan_ws/install/zed_wrapper/share/zed_wrapper/config/zed.yaml
[1.295s] -- Up-to-date: /home/baris/mavivatan_ws/install/zed_wrapper/share/zed_wrapper/config/custom_object_detection.yaml
[1.295s] -- Up-to-date: /home/baris/mavivatan_ws/install/zed_wrapper/share/zed_wrapper/config/zedxhdr.yaml
[1.295s] -- Up-to-date: /home/baris/mavivatan_ws/install/zed_wrapper/share/zed_wrapper/config/zed2i.yaml
[1.295s] -- Up-to-date: /home/baris/mavivatan_ws/install/zed_wrapper/share/zed_wrapper/urdf
[1.295s] -- Up-to-date: /home/baris/mavivatan_ws/install/zed_wrapper/share/zed_wrapper/urdf/zed_descr.urdf.xacro
[1.296s] -- Up-to-date: /home/baris/mavivatan_ws/install/zed_wrapper/share/zed_wrapper/urdf/zed_macro.urdf.xacro
[1.296s] -- Up-to-date: /home/baris/mavivatan_ws/install/zed_wrapper/share/zed_wrapper/launch
[1.302s] -- Up-to-date: /home/baris/mavivatan_ws/install/zed_wrapper/share/zed_wrapper/launch/zed_camera.launch.py
[1.303s] -- Up-to-date: /home/baris/mavivatan_ws/install/zed_wrapper/share/ament_index/resource_index/package_run_dependencies/zed_wrapper
[1.304s] -- Installing: /home/baris/mavivatan_ws/install/zed_wrapper/share/ament_index/resource_index/parent_prefix_path/zed_wrapper
[1.305s] -- Up-to-date: /home/baris/mavivatan_ws/install/zed_wrapper/share/zed_wrapper/environment/ament_prefix_path.sh
[1.305s] -- Installing: /home/baris/mavivatan_ws/install/zed_wrapper/share/zed_wrapper/environment/ament_prefix_path.dsv
[1.306s] -- Up-to-date: /home/baris/mavivatan_ws/install/zed_wrapper/share/zed_wrapper/environment/path.sh
[1.306s] -- Installing: /home/baris/mavivatan_ws/install/zed_wrapper/share/zed_wrapper/environment/path.dsv
[1.306s] -- Up-to-date: /home/baris/mavivatan_ws/install/zed_wrapper/share/zed_wrapper/local_setup.bash
[1.307s] -- Up-to-date: /home/baris/mavivatan_ws/install/zed_wrapper/share/zed_wrapper/local_setup.sh
[1.307s] -- Up-to-date: /home/baris/mavivatan_ws/install/zed_wrapper/share/zed_wrapper/local_setup.zsh
[1.307s] -- Installing: /home/baris/mavivatan_ws/install/zed_wrapper/share/zed_wrapper/local_setup.dsv
[1.307s] -- Installing: /home/baris/mavivatan_ws/install/zed_wrapper/share/zed_wrapper/package.dsv
[1.308s] -- Up-to-date: /home/baris/mavivatan_ws/install/zed_wrapper/share/ament_index/resource_index/packages/zed_wrapper
[1.309s] -- Up-to-date: /home/baris/mavivatan_ws/install/zed_wrapper/share/zed_wrapper/cmake/zed_wrapperConfig.cmake
[1.310s] -- Up-to-date: /home/baris/mavivatan_ws/install/zed_wrapper/share/zed_wrapper/cmake/zed_wrapperConfig-version.cmake
[1.311s] -- Up-to-date: /home/baris/mavivatan_ws/install/zed_wrapper/share/zed_wrapper/package.xml
[1.323s] Invoked command in '/home/baris/mavivatan_ws/build/zed_wrapper' returned '0': CMAKE_PREFIX_PATH=/home/baris/mavivatan_ws/install/zed_components:/home/baris/mavivatan_ws/install/zed_msgs:/home/baris/mavivatan_ws/install/zed_ros2:/home/baris/mavivatan_ws/install/zed_wrapper:/home/baris/mavivatan_ws/install/zed_debug:/home/baris/mavivatan_ws/install/mavivatan_interfaces:/home/baris/mavivatan_ws/install/mavivatan_paket:/opt/ros/humble LD_LIBRARY_PATH=/home/baris/mavivatan_ws/install/zed_components/lib:/home/baris/mavivatan_ws/install/zed_msgs/lib:/home/baris/mavivatan_ws/install/mavivatan_interfaces/lib:/opt/ros/humble/opt/rviz_ogre_vendor/lib:/opt/ros/humble/lib/aarch64-linux-gnu:/opt/ros/humble/lib:/usr/local/cuda-12.6/lib64 /usr/bin/cmake --install /home/baris/mavivatan_ws/build/zed_wrapper
