[3.007s] Invoking command in '/home/baris/mavivatan_ws/src/mavivatan_otonomi/src/mavivatan_paket': CMAKE_PREFIX_PATH=/home/baris/mavivatan_ws/install/mavivatan_interfaces:/home/baris/mavivatan_ws/install/zed_msgs LD_LIBRARY_PATH=/home/baris/mavivatan_ws/install/mavivatan_interfaces/lib:/home/baris/mavivatan_ws/install/zed_msgs/lib:/opt/ros/humble/opt/rviz_ogre_vendor/lib:/opt/ros/humble/lib/aarch64-linux-gnu:/opt/ros/humble/lib:/usr/local/cuda-12.6/lib64 PYTHONPATH=/home/baris/mavivatan_ws/build/mavivatan_paket/prefix_override:/usr/lib/python3/dist-packages/colcon_core/task/python/colcon_distutils_commands:/home/baris/mavivatan_ws/install/mavivatan_paket/lib/python3.10/site-packages:${PYTHONPATH} /usr/bin/python3 -W ignore:setup.py install is deprecated -W ignore:easy_install command is deprecated setup.py egg_info --egg-base ../../../../build/mavivatan_paket build --build-base /home/baris/mavivatan_ws/build/mavivatan_paket/build install --record /home/baris/mavivatan_ws/build/mavivatan_paket/install.log --single-version-externally-managed install_data
[3.737s] running egg_info
[3.739s] creating ../../../../build/mavivatan_paket/mavivatan_paket.egg-info
[3.740s] writing ../../../../build/mavivatan_paket/mavivatan_paket.egg-info/PKG-INFO
[3.740s] writing dependency_links to ../../../../build/mavivatan_paket/mavivatan_paket.egg-info/dependency_links.txt
[3.740s] writing entry points to ../../../../build/mavivatan_paket/mavivatan_paket.egg-info/entry_points.txt
[3.741s] writing requirements to ../../../../build/mavivatan_paket/mavivatan_paket.egg-info/requires.txt
[3.741s] writing top-level names to ../../../../build/mavivatan_paket/mavivatan_paket.egg-info/top_level.txt
[3.741s] writing manifest file '../../../../build/mavivatan_paket/mavivatan_paket.egg-info/SOURCES.txt'
[3.746s] reading manifest file '../../../../build/mavivatan_paket/mavivatan_paket.egg-info/SOURCES.txt'
[3.748s] writing manifest file '../../../../build/mavivatan_paket/mavivatan_paket.egg-info/SOURCES.txt'
[3.748s] running build
[3.748s] running build_py
[3.748s] creating /home/baris/mavivatan_ws/build/mavivatan_paket/build
[3.749s] creating /home/baris/mavivatan_ws/build/mavivatan_paket/build/lib
[3.749s] creating /home/baris/mavivatan_ws/build/mavivatan_paket/build/lib/mavivatan_paket
[3.749s] copying mavivatan_paket/engel_kacinma.py -> /home/baris/mavivatan_ws/build/mavivatan_paket/build/lib/mavivatan_paket
[3.760s] copying mavivatan_paket/mavlink_motor.py -> /home/baris/mavivatan_ws/build/mavivatan_paket/build/lib/mavivatan_paket
[3.760s] copying mavivatan_paket/abone_dugumu.py -> /home/baris/mavivatan_ws/build/mavivatan_paket/build/lib/mavivatan_paket
[3.760s] copying mavivatan_paket/kanal_navigasyonu.py -> /home/baris/mavivatan_ws/build/mavivatan_paket/build/lib/mavivatan_paket
[3.761s] copying mavivatan_paket/navigasyon_ve_karar.py -> /home/baris/mavivatan_ws/build/mavivatan_paket/build/lib/mavivatan_paket
[3.761s] copying mavivatan_paket/sensor_fuzyonu.py -> /home/baris/mavivatan_ws/build/mavivatan_paket/build/lib/mavivatan_paket
[3.762s] copying mavivatan_paket/telemetri_merkezi.py -> /home/baris/mavivatan_ws/build/mavivatan_paket/build/lib/mavivatan_paket
[3.762s] copying mavivatan_paket/mavivatan_yars_ui.py -> /home/baris/mavivatan_ws/build/mavivatan_paket/build/lib/mavivatan_paket
[3.763s] copying mavivatan_paket/yolo_hedef_tespiti.py -> /home/baris/mavivatan_ws/build/mavivatan_paket/build/lib/mavivatan_paket
[3.763s] copying mavivatan_paket/gorev_yoneticisi.py -> /home/baris/mavivatan_ws/build/mavivatan_paket/build/lib/mavivatan_paket
[3.763s] copying mavivatan_paket/gps_navigasyon.py -> /home/baris/mavivatan_ws/build/mavivatan_paket/build/lib/mavivatan_paket
[3.764s] copying mavivatan_paket/ilk_dugum.py -> /home/baris/mavivatan_ws/build/mavivatan_paket/build/lib/mavivatan_paket
[3.764s] copying mavivatan_paket/yki_merkez.py -> /home/baris/mavivatan_ws/build/mavivatan_paket/build/lib/mavivatan_paket
[3.765s] copying mavivatan_paket/__init__.py -> /home/baris/mavivatan_ws/build/mavivatan_paket/build/lib/mavivatan_paket
[3.766s] running install
[3.767s] running install_lib
[3.772s] creating /home/baris/mavivatan_ws/install/mavivatan_paket/lib/python3.10/site-packages/mavivatan_paket
[3.772s] copying /home/baris/mavivatan_ws/build/mavivatan_paket/build/lib/mavivatan_paket/engel_kacinma.py -> /home/baris/mavivatan_ws/install/mavivatan_paket/lib/python3.10/site-packages/mavivatan_paket
[3.772s] copying /home/baris/mavivatan_ws/build/mavivatan_paket/build/lib/mavivatan_paket/mavlink_motor.py -> /home/baris/mavivatan_ws/install/mavivatan_paket/lib/python3.10/site-packages/mavivatan_paket
[3.773s] copying /home/baris/mavivatan_ws/build/mavivatan_paket/build/lib/mavivatan_paket/abone_dugumu.py -> /home/baris/mavivatan_ws/install/mavivatan_paket/lib/python3.10/site-packages/mavivatan_paket
[3.773s] copying /home/baris/mavivatan_ws/build/mavivatan_paket/build/lib/mavivatan_paket/kanal_navigasyonu.py -> /home/baris/mavivatan_ws/install/mavivatan_paket/lib/python3.10/site-packages/mavivatan_paket
[3.773s] copying /home/baris/mavivatan_ws/build/mavivatan_paket/build/lib/mavivatan_paket/navigasyon_ve_karar.py -> /home/baris/mavivatan_ws/install/mavivatan_paket/lib/python3.10/site-packages/mavivatan_paket
[3.773s] copying /home/baris/mavivatan_ws/build/mavivatan_paket/build/lib/mavivatan_paket/sensor_fuzyonu.py -> /home/baris/mavivatan_ws/install/mavivatan_paket/lib/python3.10/site-packages/mavivatan_paket
[3.774s] copying /home/baris/mavivatan_ws/build/mavivatan_paket/build/lib/mavivatan_paket/telemetri_merkezi.py -> /home/baris/mavivatan_ws/install/mavivatan_paket/lib/python3.10/site-packages/mavivatan_paket
[3.774s] copying /home/baris/mavivatan_ws/build/mavivatan_paket/build/lib/mavivatan_paket/mavivatan_yars_ui.py -> /home/baris/mavivatan_ws/install/mavivatan_paket/lib/python3.10/site-packages/mavivatan_paket
[3.774s] copying /home/baris/mavivatan_ws/build/mavivatan_paket/build/lib/mavivatan_paket/yolo_hedef_tespiti.py -> /home/baris/mavivatan_ws/install/mavivatan_paket/lib/python3.10/site-packages/mavivatan_paket
[3.774s] copying /home/baris/mavivatan_ws/build/mavivatan_paket/build/lib/mavivatan_paket/gorev_yoneticisi.py -> /home/baris/mavivatan_ws/install/mavivatan_paket/lib/python3.10/site-packages/mavivatan_paket
[3.775s] copying /home/baris/mavivatan_ws/build/mavivatan_paket/build/lib/mavivatan_paket/gps_navigasyon.py -> /home/baris/mavivatan_ws/install/mavivatan_paket/lib/python3.10/site-packages/mavivatan_paket
[3.783s] copying /home/baris/mavivatan_ws/build/mavivatan_paket/build/lib/mavivatan_paket/ilk_dugum.py -> /home/baris/mavivatan_ws/install/mavivatan_paket/lib/python3.10/site-packages/mavivatan_paket
[3.783s] copying /home/baris/mavivatan_ws/build/mavivatan_paket/build/lib/mavivatan_paket/yki_merkez.py -> /home/baris/mavivatan_ws/install/mavivatan_paket/lib/python3.10/site-packages/mavivatan_paket
[3.784s] copying /home/baris/mavivatan_ws/build/mavivatan_paket/build/lib/mavivatan_paket/__init__.py -> /home/baris/mavivatan_ws/install/mavivatan_paket/lib/python3.10/site-packages/mavivatan_paket
[3.785s] byte-compiling /home/baris/mavivatan_ws/install/mavivatan_paket/lib/python3.10/site-packages/mavivatan_paket/engel_kacinma.py to engel_kacinma.cpython-310.pyc
[3.787s] byte-compiling /home/baris/mavivatan_ws/install/mavivatan_paket/lib/python3.10/site-packages/mavivatan_paket/mavlink_motor.py to mavlink_motor.cpython-310.pyc
[3.788s] byte-compiling /home/baris/mavivatan_ws/install/mavivatan_paket/lib/python3.10/site-packages/mavivatan_paket/abone_dugumu.py to abone_dugumu.cpython-310.pyc
[3.789s] byte-compiling /home/baris/mavivatan_ws/install/mavivatan_paket/lib/python3.10/site-packages/mavivatan_paket/kanal_navigasyonu.py to kanal_navigasyonu.cpython-310.pyc
[3.791s] byte-compiling /home/baris/mavivatan_ws/install/mavivatan_paket/lib/python3.10/site-packages/mavivatan_paket/navigasyon_ve_karar.py to navigasyon_ve_karar.cpython-310.pyc
[3.794s] byte-compiling /home/baris/mavivatan_ws/install/mavivatan_paket/lib/python3.10/site-packages/mavivatan_paket/sensor_fuzyonu.py to sensor_fuzyonu.cpython-310.pyc
[3.795s] byte-compiling /home/baris/mavivatan_ws/install/mavivatan_paket/lib/python3.10/site-packages/mavivatan_paket/telemetri_merkezi.py to telemetri_merkezi.cpython-310.pyc
[3.797s] byte-compiling /home/baris/mavivatan_ws/install/mavivatan_paket/lib/python3.10/site-packages/mavivatan_paket/mavivatan_yars_ui.py to mavivatan_yars_ui.cpython-310.pyc
[3.804s] byte-compiling /home/baris/mavivatan_ws/install/mavivatan_paket/lib/python3.10/site-packages/mavivatan_paket/yolo_hedef_tespiti.py to yolo_hedef_tespiti.cpython-310.pyc
[3.806s] byte-compiling /home/baris/mavivatan_ws/install/mavivatan_paket/lib/python3.10/site-packages/mavivatan_paket/gorev_yoneticisi.py to gorev_yoneticisi.cpython-310.pyc
[3.809s] byte-compiling /home/baris/mavivatan_ws/install/mavivatan_paket/lib/python3.10/site-packages/mavivatan_paket/gps_navigasyon.py to gps_navigasyon.cpython-310.pyc
[3.810s] byte-compiling /home/baris/mavivatan_ws/install/mavivatan_paket/lib/python3.10/site-packages/mavivatan_paket/ilk_dugum.py to ilk_dugum.cpython-310.pyc
[3.811s] byte-compiling /home/baris/mavivatan_ws/install/mavivatan_paket/lib/python3.10/site-packages/mavivatan_paket/yki_merkez.py to yki_merkez.cpython-310.pyc
[3.814s] byte-compiling /home/baris/mavivatan_ws/install/mavivatan_paket/lib/python3.10/site-packages/mavivatan_paket/__init__.py to __init__.cpython-310.pyc
[3.814s] running install_data
[3.815s] creating /home/baris/mavivatan_ws/install/mavivatan_paket/share/ament_index
[3.815s] creating /home/baris/mavivatan_ws/install/mavivatan_paket/share/ament_index/resource_index
[3.817s] creating /home/baris/mavivatan_ws/install/mavivatan_paket/share/ament_index/resource_index/packages
[3.817s] copying resource/mavivatan_paket -> /home/baris/mavivatan_ws/install/mavivatan_paket/share/ament_index/resource_index/packages
[3.817s] copying package.xml -> /home/baris/mavivatan_ws/install/mavivatan_paket/share/mavivatan_paket
[3.817s] creating /home/baris/mavivatan_ws/install/mavivatan_paket/share/mavivatan_paket/launch
[3.817s] copying launch/sensorleri_baslat.launch.py -> /home/baris/mavivatan_ws/install/mavivatan_paket/share/mavivatan_paket/launch
[3.828s] running install_egg_info
[3.833s] Copying ../../../../build/mavivatan_paket/mavivatan_paket.egg-info to /home/baris/mavivatan_ws/install/mavivatan_paket/lib/python3.10/site-packages/mavivatan_paket-0.0.0-py3.10.egg-info
[3.835s] running install_scripts
[3.900s] Installing abone_dugumu script to /home/baris/mavivatan_ws/install/mavivatan_paket/lib/mavivatan_paket
[3.901s] Installing gorev_yoneticisi script to /home/baris/mavivatan_ws/install/mavivatan_paket/lib/mavivatan_paket
[3.901s] Installing gps_navigasyon script to /home/baris/mavivatan_ws/install/mavivatan_paket/lib/mavivatan_paket
[3.901s] Installing ilk_dugum script to /home/baris/mavivatan_ws/install/mavivatan_paket/lib/mavivatan_paket
[3.901s] Installing kanal_navigasyonu script to /home/baris/mavivatan_ws/install/mavivatan_paket/lib/mavivatan_paket
[3.902s] Installing mavlink_motor script to /home/baris/mavivatan_ws/install/mavivatan_paket/lib/mavivatan_paket
[3.902s] Installing navigasyon_ve_karar script to /home/baris/mavivatan_ws/install/mavivatan_paket/lib/mavivatan_paket
[3.902s] Installing sensor_fuzyonu script to /home/baris/mavivatan_ws/install/mavivatan_paket/lib/mavivatan_paket
[3.902s] Installing telemetri_merkezi script to /home/baris/mavivatan_ws/install/mavivatan_paket/lib/mavivatan_paket
[3.902s] Installing yolo_hedef_tespiti script to /home/baris/mavivatan_ws/install/mavivatan_paket/lib/mavivatan_paket
[3.903s] writing list of installed files to '/home/baris/mavivatan_ws/build/mavivatan_paket/install.log'
[3.994s] Invoked command in '/home/baris/mavivatan_ws/src/mavivatan_otonomi/src/mavivatan_paket' returned '0': CMAKE_PREFIX_PATH=/home/baris/mavivatan_ws/install/mavivatan_interfaces:/home/baris/mavivatan_ws/install/zed_msgs LD_LIBRARY_PATH=/home/baris/mavivatan_ws/install/mavivatan_interfaces/lib:/home/baris/mavivatan_ws/install/zed_msgs/lib:/opt/ros/humble/opt/rviz_ogre_vendor/lib:/opt/ros/humble/lib/aarch64-linux-gnu:/opt/ros/humble/lib:/usr/local/cuda-12.6/lib64 PYTHONPATH=/home/baris/mavivatan_ws/build/mavivatan_paket/prefix_override:/usr/lib/python3/dist-packages/colcon_core/task/python/colcon_distutils_commands:/home/baris/mavivatan_ws/install/mavivatan_paket/lib/python3.10/site-packages:${PYTHONPATH} /usr/bin/python3 -W ignore:setup.py install is deprecated -W ignore:easy_install command is deprecated setup.py egg_info --egg-base ../../../../build/mavivatan_paket build --build-base /home/baris/mavivatan_ws/build/mavivatan_paket/build install --record /home/baris/mavivatan_ws/build/mavivatan_paket/install.log --single-version-externally-managed install_data
