[0.090s] Invoking command in '/home/baris/mavivatan_ws/build/zed_components': CMAKE_PREFIX_PATH=/home/baris/mavivatan_ws/install/zed_msgs:/home/baris/mavivatan_ws/install/zed_ros2:/home/baris/mavivatan_ws/install/zed_wrapper:/home/baris/mavivatan_ws/install/zed_debug:/home/baris/mavivatan_ws/install/zed_components:/home/baris/mavivatan_ws/install/mavivatan_interfaces:/home/baris/mavivatan_ws/install/mavivatan_paket:/opt/ros/humble LD_LIBRARY_PATH=/home/baris/mavivatan_ws/install/zed_msgs/lib:/home/baris/mavivatan_ws/install/zed_components/lib:/home/baris/mavivatan_ws/install/mavivatan_interfaces/lib:/opt/ros/humble/opt/rviz_ogre_vendor/lib:/opt/ros/humble/lib/aarch64-linux-gnu:/opt/ros/humble/lib:/usr/local/cuda-12.6/lib64 /usr/bin/cmake /home/baris/mavivatan_ws/src/zed-ros2-wrapper/zed_components -DCMAKE_INSTALL_PREFIX=/home/baris/mavivatan_ws/install/zed_components
[0.449s] -- Found CUDA: /usr/local/cuda-12.6 (found suitable version "12.6", minimum required is "12.6") 
[0.635s] -- Found CUDA: /usr/local/cuda-12.6 (found version "12.6") 
[0.638s] -- Found ament_cmake_auto: 1.3.14 (/opt/ros/humble/share/ament_cmake_auto/cmake)
[1.664s] -- Found rosidl_generator_c: 3.1.8 (/opt/ros/humble/share/rosidl_generator_c/cmake)
[1.679s] -- Found rosidl_adapter: 3.1.8 (/opt/ros/humble/share/rosidl_adapter/cmake)
[1.699s] -- Found rosidl_generator_cpp: 3.1.8 (/opt/ros/humble/share/rosidl_generator_cpp/cmake)
[1.729s] -- Using all available rosidl_typesupport_c: rosidl_typesupport_fastrtps_c;rosidl_typesupport_introspection_c
[1.809s] -- Using all available rosidl_typesupport_cpp: rosidl_typesupport_fastrtps_cpp;rosidl_typesupport_introspection_cpp
[2.263s] -- Found rmw_implementation_cmake: 6.1.2 (/opt/ros/humble/share/rmw_implementation_cmake/cmake)
[2.283s] -- Found rmw_fastrtps_cpp: 6.2.10 (/opt/ros/humble/share/rmw_fastrtps_cpp/cmake)
[2.756s] -- Using RMW implementation 'rmw_fastrtps_cpp' as default
[3.642s] -- Found eigen3_cmake_module: 0.1.1 (/opt/ros/humble/share/eigen3_cmake_module/cmake)
[3.660s] -- Ensuring Eigen3 include directory is part of orocos-kdl CMake target
[4.223s] --  * Type Adaptation for sl::Mat is enabled
[4.223s] -- Found ament_lint_auto: 0.12.15 (/opt/ros/humble/share/ament_lint_auto/cmake)
[4.309s] -- Added test 'copyright' to check source files copyright and LICENSE
[4.314s] -- Added test 'cppcheck' to perform static code analysis on C / C++ code
[4.315s] -- Configured cppcheck include dirs: /home/baris/mavivatan_ws/src/zed-ros2-wrapper/zed_components/src/include;/home/baris/mavivatan_ws/src/zed-ros2-wrapper/zed_components/src/zed_camera/include;/home/baris/mavivatan_ws/src/zed-ros2-wrapper/zed_components/src/tools/include;/home/baris/mavivatan_ws/src/zed-ros2-wrapper/zed_components/src/zed_camera_one/include
[4.315s] -- Configured cppcheck exclude dirs and/or files: 
[4.318s] -- Added test 'lint_cmake' to check CMake code style
[4.323s] -- Added test 'uncrustify' to check C / C++ code style
[4.323s] -- Configured uncrustify additional arguments: 
[4.324s] -- Added test 'xmllint' to check XML markup files
[4.332s] -- Configuring done
[4.566s] -- Generating done
[4.659s] -- Build files have been written to: /home/baris/mavivatan_ws/build/zed_components
[4.720s] Invoked command in '/home/baris/mavivatan_ws/build/zed_components' returned '0': CMAKE_PREFIX_PATH=/home/baris/mavivatan_ws/install/zed_msgs:/home/baris/mavivatan_ws/install/zed_ros2:/home/baris/mavivatan_ws/install/zed_wrapper:/home/baris/mavivatan_ws/install/zed_debug:/home/baris/mavivatan_ws/install/zed_components:/home/baris/mavivatan_ws/install/mavivatan_interfaces:/home/baris/mavivatan_ws/install/mavivatan_paket:/opt/ros/humble LD_LIBRARY_PATH=/home/baris/mavivatan_ws/install/zed_msgs/lib:/home/baris/mavivatan_ws/install/zed_components/lib:/home/baris/mavivatan_ws/install/mavivatan_interfaces/lib:/opt/ros/humble/opt/rviz_ogre_vendor/lib:/opt/ros/humble/lib/aarch64-linux-gnu:/opt/ros/humble/lib:/usr/local/cuda-12.6/lib64 /usr/bin/cmake /home/baris/mavivatan_ws/src/zed-ros2-wrapper/zed_components -DCMAKE_INSTALL_PREFIX=/home/baris/mavivatan_ws/install/zed_components
[4.725s] Invoking command in '/home/baris/mavivatan_ws/build/zed_components': CMAKE_PREFIX_PATH=/home/baris/mavivatan_ws/install/zed_msgs:/home/baris/mavivatan_ws/install/zed_ros2:/home/baris/mavivatan_ws/install/zed_wrapper:/home/baris/mavivatan_ws/install/zed_debug:/home/baris/mavivatan_ws/install/zed_components:/home/baris/mavivatan_ws/install/mavivatan_interfaces:/home/baris/mavivatan_ws/install/mavivatan_paket:/opt/ros/humble LD_LIBRARY_PATH=/home/baris/mavivatan_ws/install/zed_msgs/lib:/home/baris/mavivatan_ws/install/zed_components/lib:/home/baris/mavivatan_ws/install/mavivatan_interfaces/lib:/opt/ros/humble/opt/rviz_ogre_vendor/lib:/opt/ros/humble/lib/aarch64-linux-gnu:/opt/ros/humble/lib:/usr/local/cuda-12.6/lib64 /usr/bin/cmake --build /home/baris/mavivatan_ws/build/zed_components -- -j6 -l6
[4.975s] [35m[1mConsolidate compiler generated dependencies of target zed_camera_component[0m
[4.981s] [35m[1mConsolidate compiler generated dependencies of target zed_camera_one_component[0m
[5.190s] [ 47%] Built target zed_camera_one_component
[5.195s] [100%] Built target zed_camera_component
[5.226s] Invoked command in '/home/baris/mavivatan_ws/build/zed_components' returned '0': CMAKE_PREFIX_PATH=/home/baris/mavivatan_ws/install/zed_msgs:/home/baris/mavivatan_ws/install/zed_ros2:/home/baris/mavivatan_ws/install/zed_wrapper:/home/baris/mavivatan_ws/install/zed_debug:/home/baris/mavivatan_ws/install/zed_components:/home/baris/mavivatan_ws/install/mavivatan_interfaces:/home/baris/mavivatan_ws/install/mavivatan_paket:/opt/ros/humble LD_LIBRARY_PATH=/home/baris/mavivatan_ws/install/zed_msgs/lib:/home/baris/mavivatan_ws/install/zed_components/lib:/home/baris/mavivatan_ws/install/mavivatan_interfaces/lib:/opt/ros/humble/opt/rviz_ogre_vendor/lib:/opt/ros/humble/lib/aarch64-linux-gnu:/opt/ros/humble/lib:/usr/local/cuda-12.6/lib64 /usr/bin/cmake --build /home/baris/mavivatan_ws/build/zed_components -- -j6 -l6
[5.235s] Invoking command in '/home/baris/mavivatan_ws/build/zed_components': CMAKE_PREFIX_PATH=/home/baris/mavivatan_ws/install/zed_msgs:/home/baris/mavivatan_ws/install/zed_ros2:/home/baris/mavivatan_ws/install/zed_wrapper:/home/baris/mavivatan_ws/install/zed_debug:/home/baris/mavivatan_ws/install/zed_components:/home/baris/mavivatan_ws/install/mavivatan_interfaces:/home/baris/mavivatan_ws/install/mavivatan_paket:/opt/ros/humble LD_LIBRARY_PATH=/home/baris/mavivatan_ws/install/zed_msgs/lib:/home/baris/mavivatan_ws/install/zed_components/lib:/home/baris/mavivatan_ws/install/mavivatan_interfaces/lib:/opt/ros/humble/opt/rviz_ogre_vendor/lib:/opt/ros/humble/lib/aarch64-linux-gnu:/opt/ros/humble/lib:/usr/local/cuda-12.6/lib64 /usr/bin/cmake --install /home/baris/mavivatan_ws/build/zed_components
[5.282s] -- Install configuration: "Release"
[5.292s] -- Up-to-date: /home/baris/mavivatan_ws/install/zed_components/lib/libzed_camera_component.so
[5.295s] -- Up-to-date: /home/baris/mavivatan_ws/install/zed_components/lib/libzed_camera_one_component.so
[5.296s] -- Up-to-date: /home/baris/mavivatan_ws/install/zed_components/include/zed_components/
[5.302s] -- Up-to-date: /home/baris/mavivatan_ws/install/zed_components/include/zed_components//cost_traversability.hpp
[5.303s] -- Up-to-date: /home/baris/mavivatan_ws/install/zed_components/include/zed_components//zed_camera_component.hpp
[5.303s] -- Up-to-date: /home/baris/mavivatan_ws/install/zed_components/include/zed_components/
[5.303s] -- Up-to-date: /home/baris/mavivatan_ws/install/zed_components/include/zed_components//zed_camera_one_component.hpp
[5.303s] -- Up-to-date: /home/baris/mavivatan_ws/install/zed_components/include/zed_components/
[5.303s] -- Up-to-date: /home/baris/mavivatan_ws/install/zed_components/include/zed_components//sl_type_adapter.hpp
[5.303s] -- Up-to-date: /home/baris/mavivatan_ws/install/zed_components/include/zed_components//sl_types.hpp
[5.304s] -- Up-to-date: /home/baris/mavivatan_ws/install/zed_components/include/zed_components//sl_logging.hpp
[5.304s] -- Up-to-date: /home/baris/mavivatan_ws/install/zed_components/include/zed_components//gnss_replay.hpp
[5.304s] -- Up-to-date: /home/baris/mavivatan_ws/install/zed_components/include/zed_components//sl_tools.hpp
[5.304s] -- Up-to-date: /home/baris/mavivatan_ws/install/zed_components/include/zed_components//sl_win_avg.hpp
[5.304s] -- Up-to-date: /home/baris/mavivatan_ws/install/zed_components/include/zed_components/
[5.304s] -- Up-to-date: /home/baris/mavivatan_ws/install/zed_components/include/zed_components//sl_version.hpp
[5.304s] -- Up-to-date: /home/baris/mavivatan_ws/install/zed_components/include/zed_components//visibility_control.hpp
[5.305s] -- Up-to-date: /home/baris/mavivatan_ws/install/zed_components/share/zed_components/environment/library_path.sh
[5.305s] -- Installing: /home/baris/mavivatan_ws/install/zed_components/share/zed_components/environment/library_path.dsv
[5.307s] -- Up-to-date: /home/baris/mavivatan_ws/install/zed_components/share/ament_index/resource_index/package_run_dependencies/zed_components
[5.313s] -- Installing: /home/baris/mavivatan_ws/install/zed_components/share/ament_index/resource_index/parent_prefix_path/zed_components
[5.314s] -- Up-to-date: /home/baris/mavivatan_ws/install/zed_components/share/zed_components/environment/ament_prefix_path.sh
[5.314s] -- Installing: /home/baris/mavivatan_ws/install/zed_components/share/zed_components/environment/ament_prefix_path.dsv
[5.316s] -- Up-to-date: /home/baris/mavivatan_ws/install/zed_components/share/zed_components/environment/path.sh
[5.316s] -- Installing: /home/baris/mavivatan_ws/install/zed_components/share/zed_components/environment/path.dsv
[5.317s] -- Up-to-date: /home/baris/mavivatan_ws/install/zed_components/share/zed_components/local_setup.bash
[5.317s] -- Up-to-date: /home/baris/mavivatan_ws/install/zed_components/share/zed_components/local_setup.sh
[5.318s] -- Up-to-date: /home/baris/mavivatan_ws/install/zed_components/share/zed_components/local_setup.zsh
[5.318s] -- Installing: /home/baris/mavivatan_ws/install/zed_components/share/zed_components/local_setup.dsv
[5.319s] -- Installing: /home/baris/mavivatan_ws/install/zed_components/share/zed_components/package.dsv
[5.330s] -- Up-to-date: /home/baris/mavivatan_ws/install/zed_components/share/ament_index/resource_index/packages/zed_components
[5.330s] -- Up-to-date: /home/baris/mavivatan_ws/install/zed_components/share/ament_index/resource_index/rclcpp_components/zed_components
[5.335s] -- Up-to-date: /home/baris/mavivatan_ws/install/zed_components/share/zed_components/cmake/ament_cmake_export_include_directories-extras.cmake
[5.336s] -- Up-to-date: /home/baris/mavivatan_ws/install/zed_components/share/zed_components/cmake/ament_cmake_export_libraries-extras.cmake
[5.337s] -- Up-to-date: /home/baris/mavivatan_ws/install/zed_components/share/zed_components/cmake/ament_cmake_export_dependencies-extras.cmake
[5.338s] -- Up-to-date: /home/baris/mavivatan_ws/install/zed_components/share/zed_components/cmake/zed_componentsConfig.cmake
[5.339s] -- Up-to-date: /home/baris/mavivatan_ws/install/zed_components/share/zed_components/cmake/zed_componentsConfig-version.cmake
[5.340s] -- Up-to-date: /home/baris/mavivatan_ws/install/zed_components/share/zed_components/package.xml
[5.340s] Invoked command in '/home/baris/mavivatan_ws/build/zed_components' returned '0': CMAKE_PREFIX_PATH=/home/baris/mavivatan_ws/install/zed_msgs:/home/baris/mavivatan_ws/install/zed_ros2:/home/baris/mavivatan_ws/install/zed_wrapper:/home/baris/mavivatan_ws/install/zed_debug:/home/baris/mavivatan_ws/install/zed_components:/home/baris/mavivatan_ws/install/mavivatan_interfaces:/home/baris/mavivatan_ws/install/mavivatan_paket:/opt/ros/humble LD_LIBRARY_PATH=/home/baris/mavivatan_ws/install/zed_msgs/lib:/home/baris/mavivatan_ws/install/zed_components/lib:/home/baris/mavivatan_ws/install/mavivatan_interfaces/lib:/opt/ros/humble/opt/rviz_ogre_vendor/lib:/opt/ros/humble/lib/aarch64-linux-gnu:/opt/ros/humble/lib:/usr/local/cuda-12.6/lib64 /usr/bin/cmake --install /home/baris/mavivatan_ws/build/zed_components
