[0.268s] [34mcolcon[0m [1;30mDEBUG[0m [32mCommand line arguments: ['/usr/bin/colcon', 'build', '--cmake-args=-DCMAKE_BUILD_TYPE=Release'][0m
[0.269s] [34mcolcon[0m [1;30mDEBUG[0m [32mParsed command line arguments: Namespace(log_base=None, log_level=None, verb_name='build', build_base='build', install_base='install', merge_install=False, symlink_install=False, test_result_base=None, continue_on_error=False, executor='parallel', parallel_workers=6, event_handlers=None, ignore_user_meta=False, metas=['./colcon.meta'], base_paths=['.'], packages_ignore=None, packages_ignore_regex=None, paths=None, packages_up_to=None, packages_up_to_regex=None, packages_above=None, packages_above_and_dependencies=None, packages_above_depth=None, packages_select_by_dep=None, packages_skip_by_dep=None, packages_skip_up_to=None, packages_select_build_failed=False, packages_skip_build_finished=False, packages_select_test_failures=False, packages_skip_test_passed=False, packages_select=None, packages_skip=None, packages_select_regex=None, packages_skip_regex=None, packages_start=None, packages_end=None, allow_overriding=[], cmake_args=['-DCMAKE_BUILD_TYPE=Release'], cmake_target=None, cmake_target_skip_unavailable=False, cmake_clean_cache=False, cmake_clean_first=False, cmake_force_configure=False, ament_cmake_args=None, catkin_cmake_args=None, catkin_skip_building_tests=False, verb_parser=<colcon_defaults.argument_parser.defaults.DefaultArgumentsDecorator object at 0xffffaa38ecb0>, verb_extension=<colcon_core.verb.build.BuildVerb object at 0xffffaa2d01f0>, main=<bound method BuildVerb.main of <colcon_core.verb.build.BuildVerb object at 0xffffaa2d01f0>>)[0m
[0.653s] [34mcolcon.colcon_core.package_discovery[0m [1;30mLevel 1[0m discover_packages(colcon_meta) check parameters
[0.653s] [34mcolcon.colcon_core.package_discovery[0m [1;30mLevel 1[0m discover_packages(recursive) check parameters
[0.653s] [34mcolcon.colcon_core.package_discovery[0m [1;30mLevel 1[0m discover_packages(ignore) check parameters
[0.653s] [34mcolcon.colcon_core.package_discovery[0m [1;30mLevel 1[0m discover_packages(path) check parameters
[0.653s] [34mcolcon.colcon_core.package_discovery[0m [1;30mLevel 1[0m discover_packages(colcon_meta) discover
[0.654s] [34mcolcon.colcon_core.package_discovery[0m [1;30mLevel 1[0m discover_packages(recursive) discover
[0.654s] [34mcolcon.colcon_core.package_discovery[0m [1;30mINFO[0m Crawling recursively for packages in '/home/baris/mavivatan_ws'
[0.654s] [34mcolcon.colcon_core.package_identification[0m [1;30mLevel 1[0m _identify(.) by extensions ['ignore', 'ignore_ament_install']
[0.654s] [34mcolcon.colcon_core.package_identification[0m [1;30mLevel 1[0m _identify(.) by extension 'ignore'
[0.654s] [34mcolcon.colcon_core.package_identification[0m [1;30mLevel 1[0m _identify(.) by extension 'ignore_ament_install'
[0.655s] [34mcolcon.colcon_core.package_identification[0m [1;30mLevel 1[0m _identify(.) by extensions ['colcon_pkg']
[0.655s] [34mcolcon.colcon_core.package_identification[0m [1;30mLevel 1[0m _identify(.) by extension 'colcon_pkg'
[0.655s] [34mcolcon.colcon_core.package_identification[0m [1;30mLevel 1[0m _identify(.) by extensions ['colcon_meta']
[0.655s] [34mcolcon.colcon_core.package_identification[0m [1;30mLevel 1[0m _identify(.) by extension 'colcon_meta'
[0.655s] [34mcolcon.colcon_core.package_identification[0m [1;30mLevel 1[0m _identify(.) by extensions ['ros']
[0.655s] [34mcolcon.colcon_core.package_identification[0m [1;30mLevel 1[0m _identify(.) by extension 'ros'
[0.679s] [34mcolcon.colcon_core.package_identification[0m [1;30mLevel 1[0m _identify(.) by extensions ['cmake', 'python']
[0.679s] [34mcolcon.colcon_core.package_identification[0m [1;30mLevel 1[0m _identify(.) by extension 'cmake'
[0.680s] [34mcolcon.colcon_core.package_identification[0m [1;30mLevel 1[0m _identify(.) by extension 'python'
[0.680s] [34mcolcon.colcon_core.package_identification[0m [1;30mLevel 1[0m _identify(.) by extensions ['python_setup_py']
[0.680s] [34mcolcon.colcon_core.package_identification[0m [1;30mLevel 1[0m _identify(.) by extension 'python_setup_py'
[0.680s] [34mcolcon.colcon_core.package_identification[0m [1;30mLevel 1[0m _identify(build) by extensions ['ignore', 'ignore_ament_install']
[0.680s] [34mcolcon.colcon_core.package_identification[0m [1;30mLevel 1[0m _identify(build) by extension 'ignore'
[0.681s] [34mcolcon.colcon_core.package_identification[0m [1;30mLevel 1[0m _identify(build) ignored
[0.681s] [34mcolcon.colcon_core.package_identification[0m [1;30mLevel 1[0m _identify(install) by extensions ['ignore', 'ignore_ament_install']
[0.681s] [34mcolcon.colcon_core.package_identification[0m [1;30mLevel 1[0m _identify(install) by extension 'ignore'
[0.681s] [34mcolcon.colcon_core.package_identification[0m [1;30mLevel 1[0m _identify(install) ignored
[0.681s] [34mcolcon.colcon_core.package_identification[0m [1;30mLevel 1[0m _identify(log) by extensions ['ignore', 'ignore_ament_install']
[0.682s] [34mcolcon.colcon_core.package_identification[0m [1;30mLevel 1[0m _identify(log) by extension 'ignore'
[0.682s] [34mcolcon.colcon_core.package_identification[0m [1;30mLevel 1[0m _identify(log) ignored
[0.682s] [34mcolcon.colcon_core.package_identification[0m [1;30mLevel 1[0m _identify(src) by extensions ['ignore', 'ignore_ament_install']
[0.682s] [34mcolcon.colcon_core.package_identification[0m [1;30mLevel 1[0m _identify(src) by extension 'ignore'
[0.682s] [34mcolcon.colcon_core.package_identification[0m [1;30mLevel 1[0m _identify(src) by extension 'ignore_ament_install'
[0.682s] [34mcolcon.colcon_core.package_identification[0m [1;30mLevel 1[0m _identify(src) by extensions ['colcon_pkg']
[0.683s] [34mcolcon.colcon_core.package_identification[0m [1;30mLevel 1[0m _identify(src) by extension 'colcon_pkg'
[0.683s] [34mcolcon.colcon_core.package_identification[0m [1;30mLevel 1[0m _identify(src) by extensions ['colcon_meta']
[0.683s] [34mcolcon.colcon_core.package_identification[0m [1;30mLevel 1[0m _identify(src) by extension 'colcon_meta'
[0.683s] [34mcolcon.colcon_core.package_identification[0m [1;30mLevel 1[0m _identify(src) by extensions ['ros']
[0.683s] [34mcolcon.colcon_core.package_identification[0m [1;30mLevel 1[0m _identify(src) by extension 'ros'
[0.683s] [34mcolcon.colcon_core.package_identification[0m [1;30mLevel 1[0m _identify(src) by extensions ['cmake', 'python']
[0.683s] [34mcolcon.colcon_core.package_identification[0m [1;30mLevel 1[0m _identify(src) by extension 'cmake'
[0.683s] [34mcolcon.colcon_core.package_identification[0m [1;30mLevel 1[0m _identify(src) by extension 'python'
[0.683s] [34mcolcon.colcon_core.package_identification[0m [1;30mLevel 1[0m _identify(src) by extensions ['python_setup_py']
[0.684s] [34mcolcon.colcon_core.package_identification[0m [1;30mLevel 1[0m _identify(src) by extension 'python_setup_py'
[0.684s] [34mcolcon.colcon_core.package_identification[0m [1;30mLevel 1[0m _identify(src/mavivatan_otonomi) by extensions ['ignore', 'ignore_ament_install']
[0.684s] [34mcolcon.colcon_core.package_identification[0m [1;30mLevel 1[0m _identify(src/mavivatan_otonomi) by extension 'ignore'
[0.684s] [34mcolcon.colcon_core.package_identification[0m [1;30mLevel 1[0m _identify(src/mavivatan_otonomi) by extension 'ignore_ament_install'
[0.684s] [34mcolcon.colcon_core.package_identification[0m [1;30mLevel 1[0m _identify(src/mavivatan_otonomi) by extensions ['colcon_pkg']
[0.684s] [34mcolcon.colcon_core.package_identification[0m [1;30mLevel 1[0m _identify(src/mavivatan_otonomi) by extension 'colcon_pkg'
[0.684s] [34mcolcon.colcon_core.package_identification[0m [1;30mLevel 1[0m _identify(src/mavivatan_otonomi) by extensions ['colcon_meta']
[0.684s] [34mcolcon.colcon_core.package_identification[0m [1;30mLevel 1[0m _identify(src/mavivatan_otonomi) by extension 'colcon_meta'
[0.685s] [34mcolcon.colcon_core.package_identification[0m [1;30mLevel 1[0m _identify(src/mavivatan_otonomi) by extensions ['ros']
[0.685s] [34mcolcon.colcon_core.package_identification[0m [1;30mLevel 1[0m _identify(src/mavivatan_otonomi) by extension 'ros'
[0.685s] [34mcolcon.colcon_core.package_identification[0m [1;30mLevel 1[0m _identify(src/mavivatan_otonomi) by extensions ['cmake', 'python']
[0.685s] [34mcolcon.colcon_core.package_identification[0m [1;30mLevel 1[0m _identify(src/mavivatan_otonomi) by extension 'cmake'
[0.685s] [34mcolcon.colcon_core.package_identification[0m [1;30mLevel 1[0m _identify(src/mavivatan_otonomi) by extension 'python'
[0.685s] [34mcolcon.colcon_core.package_identification[0m [1;30mLevel 1[0m _identify(src/mavivatan_otonomi) by extensions ['python_setup_py']
[0.685s] [34mcolcon.colcon_core.package_identification[0m [1;30mLevel 1[0m _identify(src/mavivatan_otonomi) by extension 'python_setup_py'
[0.686s] [34mcolcon.colcon_core.package_identification[0m [1;30mLevel 1[0m _identify(src/mavivatan_otonomi/src) by extensions ['ignore', 'ignore_ament_install']
[0.686s] [34mcolcon.colcon_core.package_identification[0m [1;30mLevel 1[0m _identify(src/mavivatan_otonomi/src) by extension 'ignore'
[0.686s] [34mcolcon.colcon_core.package_identification[0m [1;30mLevel 1[0m _identify(src/mavivatan_otonomi/src) by extension 'ignore_ament_install'
[0.686s] [34mcolcon.colcon_core.package_identification[0m [1;30mLevel 1[0m _identify(src/mavivatan_otonomi/src) by extensions ['colcon_pkg']
[0.686s] [34mcolcon.colcon_core.package_identification[0m [1;30mLevel 1[0m _identify(src/mavivatan_otonomi/src) by extension 'colcon_pkg'
[0.686s] [34mcolcon.colcon_core.package_identification[0m [1;30mLevel 1[0m _identify(src/mavivatan_otonomi/src) by extensions ['colcon_meta']
[0.686s] [34mcolcon.colcon_core.package_identification[0m [1;30mLevel 1[0m _identify(src/mavivatan_otonomi/src) by extension 'colcon_meta'
[0.686s] [34mcolcon.colcon_core.package_identification[0m [1;30mLevel 1[0m _identify(src/mavivatan_otonomi/src) by extensions ['ros']
[0.686s] [34mcolcon.colcon_core.package_identification[0m [1;30mLevel 1[0m _identify(src/mavivatan_otonomi/src) by extension 'ros'
[0.687s] [34mcolcon.colcon_core.package_identification[0m [1;30mLevel 1[0m _identify(src/mavivatan_otonomi/src) by extensions ['cmake', 'python']
[0.687s] [34mcolcon.colcon_core.package_identification[0m [1;30mLevel 1[0m _identify(src/mavivatan_otonomi/src) by extension 'cmake'
[0.687s] [34mcolcon.colcon_core.package_identification[0m [1;30mLevel 1[0m _identify(src/mavivatan_otonomi/src) by extension 'python'
[0.687s] [34mcolcon.colcon_core.package_identification[0m [1;30mLevel 1[0m _identify(src/mavivatan_otonomi/src) by extensions ['python_setup_py']
[0.687s] [34mcolcon.colcon_core.package_identification[0m [1;30mLevel 1[0m _identify(src/mavivatan_otonomi/src) by extension 'python_setup_py'
[0.687s] [34mcolcon.colcon_core.package_identification[0m [1;30mLevel 1[0m _identify(src/mavivatan_otonomi/src/mavivatan_interfaces) by extensions ['ignore', 'ignore_ament_install']
[0.687s] [34mcolcon.colcon_core.package_identification[0m [1;30mLevel 1[0m _identify(src/mavivatan_otonomi/src/mavivatan_interfaces) by extension 'ignore'
[0.688s] [34mcolcon.colcon_core.package_identification[0m [1;30mLevel 1[0m _identify(src/mavivatan_otonomi/src/mavivatan_interfaces) by extension 'ignore_ament_install'
[0.688s] [34mcolcon.colcon_core.package_identification[0m [1;30mLevel 1[0m _identify(src/mavivatan_otonomi/src/mavivatan_interfaces) by extensions ['colcon_pkg']
[0.688s] [34mcolcon.colcon_core.package_identification[0m [1;30mLevel 1[0m _identify(src/mavivatan_otonomi/src/mavivatan_interfaces) by extension 'colcon_pkg'
[0.688s] [34mcolcon.colcon_core.package_identification[0m [1;30mLevel 1[0m _identify(src/mavivatan_otonomi/src/mavivatan_interfaces) by extensions ['colcon_meta']
[0.688s] [34mcolcon.colcon_core.package_identification[0m [1;30mLevel 1[0m _identify(src/mavivatan_otonomi/src/mavivatan_interfaces) by extension 'colcon_meta'
[0.688s] [34mcolcon.colcon_core.package_identification[0m [1;30mLevel 1[0m _identify(src/mavivatan_otonomi/src/mavivatan_interfaces) by extensions ['ros']
[0.688s] [34mcolcon.colcon_core.package_identification[0m [1;30mLevel 1[0m _identify(src/mavivatan_otonomi/src/mavivatan_interfaces) by extension 'ros'
[0.694s] [34mcolcon.colcon_core.package_identification[0m [1;30mDEBUG[0m [32mPackage 'src/mavivatan_otonomi/src/mavivatan_interfaces' with type 'ros.ament_cmake' and name 'mavivatan_interfaces'[0m
[0.694s] [34mcolcon.colcon_core.package_identification[0m [1;30mLevel 1[0m _identify(src/mavivatan_otonomi/src/mavivatan_paket) by extensions ['ignore', 'ignore_ament_install']
[0.694s] [34mcolcon.colcon_core.package_identification[0m [1;30mLevel 1[0m _identify(src/mavivatan_otonomi/src/mavivatan_paket) by extension 'ignore'
[0.695s] [34mcolcon.colcon_core.package_identification[0m [1;30mLevel 1[0m _identify(src/mavivatan_otonomi/src/mavivatan_paket) by extension 'ignore_ament_install'
[0.695s] [34mcolcon.colcon_core.package_identification[0m [1;30mLevel 1[0m _identify(src/mavivatan_otonomi/src/mavivatan_paket) by extensions ['colcon_pkg']
[0.695s] [34mcolcon.colcon_core.package_identification[0m [1;30mLevel 1[0m _identify(src/mavivatan_otonomi/src/mavivatan_paket) by extension 'colcon_pkg'
[0.695s] [34mcolcon.colcon_core.package_identification[0m [1;30mLevel 1[0m _identify(src/mavivatan_otonomi/src/mavivatan_paket) by extensions ['colcon_meta']
[0.695s] [34mcolcon.colcon_core.package_identification[0m [1;30mLevel 1[0m _identify(src/mavivatan_otonomi/src/mavivatan_paket) by extension 'colcon_meta'
[0.695s] [34mcolcon.colcon_core.package_identification[0m [1;30mLevel 1[0m _identify(src/mavivatan_otonomi/src/mavivatan_paket) by extensions ['ros']
[0.695s] [34mcolcon.colcon_core.package_identification[0m [1;30mLevel 1[0m _identify(src/mavivatan_otonomi/src/mavivatan_paket) by extension 'ros'
[0.697s] [34mcolcon.colcon_core.package_identification[0m [1;30mDEBUG[0m [32mPackage 'src/mavivatan_otonomi/src/mavivatan_paket' with type 'ros.ament_python' and name 'mavivatan_paket'[0m
[0.697s] [34mcolcon.colcon_core.package_identification[0m [1;30mLevel 1[0m _identify(src/zed-ros2-interfaces) by extensions ['ignore', 'ignore_ament_install']
[0.697s] [34mcolcon.colcon_core.package_identification[0m [1;30mLevel 1[0m _identify(src/zed-ros2-interfaces) by extension 'ignore'
[0.697s] [34mcolcon.colcon_core.package_identification[0m [1;30mLevel 1[0m _identify(src/zed-ros2-interfaces) by extension 'ignore_ament_install'
[0.697s] [34mcolcon.colcon_core.package_identification[0m [1;30mLevel 1[0m _identify(src/zed-ros2-interfaces) by extensions ['colcon_pkg']
[0.698s] [34mcolcon.colcon_core.package_identification[0m [1;30mLevel 1[0m _identify(src/zed-ros2-interfaces) by extension 'colcon_pkg'
[0.698s] [34mcolcon.colcon_core.package_identification[0m [1;30mLevel 1[0m _identify(src/zed-ros2-interfaces) by extensions ['colcon_meta']
[0.698s] [34mcolcon.colcon_core.package_identification[0m [1;30mLevel 1[0m _identify(src/zed-ros2-interfaces) by extension 'colcon_meta'
[0.698s] [34mcolcon.colcon_core.package_identification[0m [1;30mLevel 1[0m _identify(src/zed-ros2-interfaces) by extensions ['ros']
[0.698s] [34mcolcon.colcon_core.package_identification[0m [1;30mLevel 1[0m _identify(src/zed-ros2-interfaces) by extension 'ros'
[0.700s] [34mcolcon.colcon_core.package_identification[0m [1;30mDEBUG[0m [32mPackage 'src/zed-ros2-interfaces' with type 'ros.ament_cmake' and name 'zed_msgs'[0m
[0.700s] [34mcolcon.colcon_core.package_identification[0m [1;30mLevel 1[0m _identify(src/zed-ros2-wrapper) by extensions ['ignore', 'ignore_ament_install']
[0.700s] [34mcolcon.colcon_core.package_identification[0m [1;30mLevel 1[0m _identify(src/zed-ros2-wrapper) by extension 'ignore'
[0.700s] [34mcolcon.colcon_core.package_identification[0m [1;30mLevel 1[0m _identify(src/zed-ros2-wrapper) by extension 'ignore_ament_install'
[0.700s] [34mcolcon.colcon_core.package_identification[0m [1;30mLevel 1[0m _identify(src/zed-ros2-wrapper) by extensions ['colcon_pkg']
[0.701s] [34mcolcon.colcon_core.package_identification[0m [1;30mLevel 1[0m _identify(src/zed-ros2-wrapper) by extension 'colcon_pkg'
[0.701s] [34mcolcon.colcon_core.package_identification[0m [1;30mLevel 1[0m _identify(src/zed-ros2-wrapper) by extensions ['colcon_meta']
[0.701s] [34mcolcon.colcon_core.package_identification[0m [1;30mLevel 1[0m _identify(src/zed-ros2-wrapper) by extension 'colcon_meta'
[0.701s] [34mcolcon.colcon_core.package_identification[0m [1;30mLevel 1[0m _identify(src/zed-ros2-wrapper) by extensions ['ros']
[0.701s] [34mcolcon.colcon_core.package_identification[0m [1;30mLevel 1[0m _identify(src/zed-ros2-wrapper) by extension 'ros'
[0.701s] [34mcolcon.colcon_core.package_identification[0m [1;30mLevel 1[0m _identify(src/zed-ros2-wrapper) by extensions ['cmake', 'python']
[0.701s] [34mcolcon.colcon_core.package_identification[0m [1;30mLevel 1[0m _identify(src/zed-ros2-wrapper) by extension 'cmake'
[0.701s] [34mcolcon.colcon_core.package_identification[0m [1;30mLevel 1[0m _identify(src/zed-ros2-wrapper) by extension 'python'
[0.702s] [34mcolcon.colcon_core.package_identification[0m [1;30mLevel 1[0m _identify(src/zed-ros2-wrapper) by extensions ['python_setup_py']
[0.702s] [34mcolcon.colcon_core.package_identification[0m [1;30mLevel 1[0m _identify(src/zed-ros2-wrapper) by extension 'python_setup_py'
[0.702s] [34mcolcon.colcon_core.package_identification[0m [1;30mLevel 1[0m _identify(src/zed-ros2-wrapper/docker) by extensions ['ignore', 'ignore_ament_install']
[0.702s] [34mcolcon.colcon_core.package_identification[0m [1;30mLevel 1[0m _identify(src/zed-ros2-wrapper/docker) by extension 'ignore'
[0.702s] [34mcolcon.colcon_core.package_identification[0m [1;30mLevel 1[0m _identify(src/zed-ros2-wrapper/docker) by extension 'ignore_ament_install'
[0.702s] [34mcolcon.colcon_core.package_identification[0m [1;30mLevel 1[0m _identify(src/zed-ros2-wrapper/docker) by extensions ['colcon_pkg']
[0.702s] [34mcolcon.colcon_core.package_identification[0m [1;30mLevel 1[0m _identify(src/zed-ros2-wrapper/docker) by extension 'colcon_pkg'
[0.703s] [34mcolcon.colcon_core.package_identification[0m [1;30mLevel 1[0m _identify(src/zed-ros2-wrapper/docker) by extensions ['colcon_meta']
[0.703s] [34mcolcon.colcon_core.package_identification[0m [1;30mLevel 1[0m _identify(src/zed-ros2-wrapper/docker) by extension 'colcon_meta'
[0.703s] [34mcolcon.colcon_core.package_identification[0m [1;30mLevel 1[0m _identify(src/zed-ros2-wrapper/docker) by extensions ['ros']
[0.703s] [34mcolcon.colcon_core.package_identification[0m [1;30mLevel 1[0m _identify(src/zed-ros2-wrapper/docker) by extension 'ros'
[0.703s] [34mcolcon.colcon_core.package_identification[0m [1;30mLevel 1[0m _identify(src/zed-ros2-wrapper/docker) by extensions ['cmake', 'python']
[0.703s] [34mcolcon.colcon_core.package_identification[0m [1;30mLevel 1[0m _identify(src/zed-ros2-wrapper/docker) by extension 'cmake'
[0.703s] [34mcolcon.colcon_core.package_identification[0m [1;30mLevel 1[0m _identify(src/zed-ros2-wrapper/docker) by extension 'python'
[0.703s] [34mcolcon.colcon_core.package_identification[0m [1;30mLevel 1[0m _identify(src/zed-ros2-wrapper/docker) by extensions ['python_setup_py']
[0.703s] [34mcolcon.colcon_core.package_identification[0m [1;30mLevel 1[0m _identify(src/zed-ros2-wrapper/docker) by extension 'python_setup_py'
[0.704s] [34mcolcon.colcon_core.package_identification[0m [1;30mLevel 1[0m _identify(src/zed-ros2-wrapper/images) by extensions ['ignore', 'ignore_ament_install']
[0.704s] [34mcolcon.colcon_core.package_identification[0m [1;30mLevel 1[0m _identify(src/zed-ros2-wrapper/images) by extension 'ignore'
[0.704s] [34mcolcon.colcon_core.package_identification[0m [1;30mLevel 1[0m _identify(src/zed-ros2-wrapper/images) by extension 'ignore_ament_install'
[0.704s] [34mcolcon.colcon_core.package_identification[0m [1;30mLevel 1[0m _identify(src/zed-ros2-wrapper/images) by extensions ['colcon_pkg']
[0.704s] [34mcolcon.colcon_core.package_identification[0m [1;30mLevel 1[0m _identify(src/zed-ros2-wrapper/images) by extension 'colcon_pkg'
[0.704s] [34mcolcon.colcon_core.package_identification[0m [1;30mLevel 1[0m _identify(src/zed-ros2-wrapper/images) by extensions ['colcon_meta']
[0.704s] [34mcolcon.colcon_core.package_identification[0m [1;30mLevel 1[0m _identify(src/zed-ros2-wrapper/images) by extension 'colcon_meta'
[0.704s] [34mcolcon.colcon_core.package_identification[0m [1;30mLevel 1[0m _identify(src/zed-ros2-wrapper/images) by extensions ['ros']
[0.705s] [34mcolcon.colcon_core.package_identification[0m [1;30mLevel 1[0m _identify(src/zed-ros2-wrapper/images) by extension 'ros'
[0.705s] [34mcolcon.colcon_core.package_identification[0m [1;30mLevel 1[0m _identify(src/zed-ros2-wrapper/images) by extensions ['cmake', 'python']
[0.705s] [34mcolcon.colcon_core.package_identification[0m [1;30mLevel 1[0m _identify(src/zed-ros2-wrapper/images) by extension 'cmake'
[0.705s] [34mcolcon.colcon_core.package_identification[0m [1;30mLevel 1[0m _identify(src/zed-ros2-wrapper/images) by extension 'python'
[0.705s] [34mcolcon.colcon_core.package_identification[0m [1;30mLevel 1[0m _identify(src/zed-ros2-wrapper/images) by extensions ['python_setup_py']
[0.705s] [34mcolcon.colcon_core.package_identification[0m [1;30mLevel 1[0m _identify(src/zed-ros2-wrapper/images) by extension 'python_setup_py'
[0.705s] [34mcolcon.colcon_core.package_identification[0m [1;30mLevel 1[0m _identify(src/zed-ros2-wrapper/zed_components) by extensions ['ignore', 'ignore_ament_install']
[0.706s] [34mcolcon.colcon_core.package_identification[0m [1;30mLevel 1[0m _identify(src/zed-ros2-wrapper/zed_components) by extension 'ignore'
[0.706s] [34mcolcon.colcon_core.package_identification[0m [1;30mLevel 1[0m _identify(src/zed-ros2-wrapper/zed_components) by extension 'ignore_ament_install'
[0.706s] [34mcolcon.colcon_core.package_identification[0m [1;30mLevel 1[0m _identify(src/zed-ros2-wrapper/zed_components) by extensions ['colcon_pkg']
[0.706s] [34mcolcon.colcon_core.package_identification[0m [1;30mLevel 1[0m _identify(src/zed-ros2-wrapper/zed_components) by extension 'colcon_pkg'
[0.706s] [34mcolcon.colcon_core.package_identification[0m [1;30mLevel 1[0m _identify(src/zed-ros2-wrapper/zed_components) by extensions ['colcon_meta']
[0.706s] [34mcolcon.colcon_core.package_identification[0m [1;30mLevel 1[0m _identify(src/zed-ros2-wrapper/zed_components) by extension 'colcon_meta'
[0.706s] [34mcolcon.colcon_core.package_identification[0m [1;30mLevel 1[0m _identify(src/zed-ros2-wrapper/zed_components) by extensions ['ros']
[0.706s] [34mcolcon.colcon_core.package_identification[0m [1;30mLevel 1[0m _identify(src/zed-ros2-wrapper/zed_components) by extension 'ros'
[0.715s] [34mcolcon.colcon_core.package_identification[0m [1;30mDEBUG[0m [32mPackage 'src/zed-ros2-wrapper/zed_components' with type 'ros.ament_cmake' and name 'zed_components'[0m
[0.716s] [34mcolcon.colcon_core.package_identification[0m [1;30mLevel 1[0m _identify(src/zed-ros2-wrapper/zed_debug) by extensions ['ignore', 'ignore_ament_install']
[0.716s] [34mcolcon.colcon_core.package_identification[0m [1;30mLevel 1[0m _identify(src/zed-ros2-wrapper/zed_debug) by extension 'ignore'
[0.716s] [34mcolcon.colcon_core.package_identification[0m [1;30mLevel 1[0m _identify(src/zed-ros2-wrapper/zed_debug) by extension 'ignore_ament_install'
[0.716s] [34mcolcon.colcon_core.package_identification[0m [1;30mLevel 1[0m _identify(src/zed-ros2-wrapper/zed_debug) by extensions ['colcon_pkg']
[0.716s] [34mcolcon.colcon_core.package_identification[0m [1;30mLevel 1[0m _identify(src/zed-ros2-wrapper/zed_debug) by extension 'colcon_pkg'
[0.717s] [34mcolcon.colcon_core.package_identification[0m [1;30mLevel 1[0m _identify(src/zed-ros2-wrapper/zed_debug) by extensions ['colcon_meta']
[0.717s] [34mcolcon.colcon_core.package_identification[0m [1;30mLevel 1[0m _identify(src/zed-ros2-wrapper/zed_debug) by extension 'colcon_meta'
[0.717s] [34mcolcon.colcon_core.package_identification[0m [1;30mLevel 1[0m _identify(src/zed-ros2-wrapper/zed_debug) by extensions ['ros']
[0.717s] [34mcolcon.colcon_core.package_identification[0m [1;30mLevel 1[0m _identify(src/zed-ros2-wrapper/zed_debug) by extension 'ros'
[0.719s] [34mcolcon.colcon_core.package_identification[0m [1;30mDEBUG[0m [32mPackage 'src/zed-ros2-wrapper/zed_debug' with type 'ros.ament_cmake' and name 'zed_debug'[0m
[0.719s] [34mcolcon.colcon_core.package_identification[0m [1;30mLevel 1[0m _identify(src/zed-ros2-wrapper/zed_ros2) by extensions ['ignore', 'ignore_ament_install']
[0.720s] [34mcolcon.colcon_core.package_identification[0m [1;30mLevel 1[0m _identify(src/zed-ros2-wrapper/zed_ros2) by extension 'ignore'
[0.720s] [34mcolcon.colcon_core.package_identification[0m [1;30mLevel 1[0m _identify(src/zed-ros2-wrapper/zed_ros2) by extension 'ignore_ament_install'
[0.720s] [34mcolcon.colcon_core.package_identification[0m [1;30mLevel 1[0m _identify(src/zed-ros2-wrapper/zed_ros2) by extensions ['colcon_pkg']
[0.720s] [34mcolcon.colcon_core.package_identification[0m [1;30mLevel 1[0m _identify(src/zed-ros2-wrapper/zed_ros2) by extension 'colcon_pkg'
[0.720s] [34mcolcon.colcon_core.package_identification[0m [1;30mLevel 1[0m _identify(src/zed-ros2-wrapper/zed_ros2) by extensions ['colcon_meta']
[0.720s] [34mcolcon.colcon_core.package_identification[0m [1;30mLevel 1[0m _identify(src/zed-ros2-wrapper/zed_ros2) by extension 'colcon_meta'
[0.720s] [34mcolcon.colcon_core.package_identification[0m [1;30mLevel 1[0m _identify(src/zed-ros2-wrapper/zed_ros2) by extensions ['ros']
[0.720s] [34mcolcon.colcon_core.package_identification[0m [1;30mLevel 1[0m _identify(src/zed-ros2-wrapper/zed_ros2) by extension 'ros'
[0.722s] [34mcolcon.colcon_core.package_identification[0m [1;30mDEBUG[0m [32mPackage 'src/zed-ros2-wrapper/zed_ros2' with type 'ros.ament_cmake' and name 'zed_ros2'[0m
[0.722s] [34mcolcon.colcon_core.package_identification[0m [1;30mLevel 1[0m _identify(src/zed-ros2-wrapper/zed_wrapper) by extensions ['ignore', 'ignore_ament_install']
[0.722s] [34mcolcon.colcon_core.package_identification[0m [1;30mLevel 1[0m _identify(src/zed-ros2-wrapper/zed_wrapper) by extension 'ignore'
[0.723s] [34mcolcon.colcon_core.package_identification[0m [1;30mLevel 1[0m _identify(src/zed-ros2-wrapper/zed_wrapper) by extension 'ignore_ament_install'
[0.723s] [34mcolcon.colcon_core.package_identification[0m [1;30mLevel 1[0m _identify(src/zed-ros2-wrapper/zed_wrapper) by extensions ['colcon_pkg']
[0.723s] [34mcolcon.colcon_core.package_identification[0m [1;30mLevel 1[0m _identify(src/zed-ros2-wrapper/zed_wrapper) by extension 'colcon_pkg'
[0.723s] [34mcolcon.colcon_core.package_identification[0m [1;30mLevel 1[0m _identify(src/zed-ros2-wrapper/zed_wrapper) by extensions ['colcon_meta']
[0.723s] [34mcolcon.colcon_core.package_identification[0m [1;30mLevel 1[0m _identify(src/zed-ros2-wrapper/zed_wrapper) by extension 'colcon_meta'
[0.723s] [34mcolcon.colcon_core.package_identification[0m [1;30mLevel 1[0m _identify(src/zed-ros2-wrapper/zed_wrapper) by extensions ['ros']
[0.723s] [34mcolcon.colcon_core.package_identification[0m [1;30mLevel 1[0m _identify(src/zed-ros2-wrapper/zed_wrapper) by extension 'ros'
[0.728s] [34mcolcon.colcon_core.package_identification[0m [1;30mDEBUG[0m [32mPackage 'src/zed-ros2-wrapper/zed_wrapper' with type 'ros.ament_cmake' and name 'zed_wrapper'[0m
[0.728s] [34mcolcon.colcon_core.package_discovery[0m [1;30mLevel 1[0m discover_packages(recursive) using defaults
[0.728s] [34mcolcon.colcon_core.package_discovery[0m [1;30mLevel 1[0m discover_packages(ignore) discover
[0.729s] [34mcolcon.colcon_core.package_discovery[0m [1;30mLevel 1[0m discover_packages(ignore) using defaults
[0.729s] [34mcolcon.colcon_core.package_discovery[0m [1;30mLevel 1[0m discover_packages(path) discover
[0.729s] [34mcolcon.colcon_core.package_discovery[0m [1;30mLevel 1[0m discover_packages(path) using defaults
[0.797s] [34mcolcon.colcon_core.package_discovery[0m [1;30mLevel 1[0m discover_packages(prefix_path) check parameters
[0.798s] [34mcolcon.colcon_core.package_discovery[0m [1;30mLevel 1[0m discover_packages(prefix_path) discover
[0.800s] [34mcolcon.colcon_ros.prefix_path.ament[0m [1;30mWARNING[0m [33mThe path '/home/baris/mavivatan_ws/install/zed_msgs' in the environment variable AMENT_PREFIX_PATH doesn't exist[0m
[0.800s] [34mcolcon.colcon_ros.prefix_path.ament[0m [1;30mWARNING[0m [33mThe path '/home/baris/mavivatan_ws/install/mavivatan_paket' in the environment variable AMENT_PREFIX_PATH doesn't exist[0m
[0.800s] [34mcolcon.colcon_ros.prefix_path.ament[0m [1;30mWARNING[0m [33mThe path '/home/baris/mavivatan_ws/install/mavivatan_interfaces' in the environment variable AMENT_PREFIX_PATH doesn't exist[0m
[0.801s] [34mcolcon.colcon_ros.prefix_path.catkin[0m [1;30mWARNING[0m [33mThe path '/home/baris/mavivatan_ws/install/zed_msgs' in the environment variable CMAKE_PREFIX_PATH doesn't exist[0m
[0.801s] [34mcolcon.colcon_ros.prefix_path.catkin[0m [1;30mWARNING[0m [33mThe path '/home/baris/mavivatan_ws/install/mavivatan_interfaces' in the environment variable CMAKE_PREFIX_PATH doesn't exist[0m
[0.802s] [34mcolcon.colcon_installed_package_information.package_discovery[0m [1;30mDEBUG[0m [32mFound 0 installed packages in /home/baris/mavivatan_ws/install[0m
[0.805s] [34mcolcon.colcon_installed_package_information.package_discovery[0m [1;30mDEBUG[0m [32mFound 283 installed packages in /opt/ros/humble[0m
[0.808s] [34mcolcon.colcon_core.package_discovery[0m [1;30mLevel 1[0m discover_packages(prefix_path) using defaults
[0.894s] [34mcolcon.colcon_core.verb[0m [1;30mLevel 5[0m set package 'mavivatan_interfaces' build argument 'cmake_args' from command line to '['-DCMAKE_BUILD_TYPE=Release']'
[0.894s] [34mcolcon.colcon_core.verb[0m [1;30mLevel 5[0m set package 'mavivatan_interfaces' build argument 'cmake_target' from command line to 'None'
[0.894s] [34mcolcon.colcon_core.verb[0m [1;30mLevel 5[0m set package 'mavivatan_interfaces' build argument 'cmake_target_skip_unavailable' from command line to 'False'
[0.894s] [34mcolcon.colcon_core.verb[0m [1;30mLevel 5[0m set package 'mavivatan_interfaces' build argument 'cmake_clean_cache' from command line to 'False'
[0.894s] [34mcolcon.colcon_core.verb[0m [1;30mLevel 5[0m set package 'mavivatan_interfaces' build argument 'cmake_clean_first' from command line to 'False'
[0.894s] [34mcolcon.colcon_core.verb[0m [1;30mLevel 5[0m set package 'mavivatan_interfaces' build argument 'cmake_force_configure' from command line to 'False'
[0.894s] [34mcolcon.colcon_core.verb[0m [1;30mLevel 5[0m set package 'mavivatan_interfaces' build argument 'ament_cmake_args' from command line to 'None'
[0.894s] [34mcolcon.colcon_core.verb[0m [1;30mLevel 5[0m set package 'mavivatan_interfaces' build argument 'catkin_cmake_args' from command line to 'None'
[0.894s] [34mcolcon.colcon_core.verb[0m [1;30mLevel 5[0m set package 'mavivatan_interfaces' build argument 'catkin_skip_building_tests' from command line to 'False'
[0.895s] [34mcolcon.colcon_core.verb[0m [1;30mDEBUG[0m [32mBuilding package 'mavivatan_interfaces' with the following arguments: {'ament_cmake_args': None, 'build_base': '/home/baris/mavivatan_ws/build/mavivatan_interfaces', 'catkin_cmake_args': None, 'catkin_skip_building_tests': False, 'cmake_args': ['-DCMAKE_BUILD_TYPE=Release'], 'cmake_clean_cache': False, 'cmake_clean_first': False, 'cmake_force_configure': False, 'cmake_target': None, 'cmake_target_skip_unavailable': False, 'install_base': '/home/baris/mavivatan_ws/install/mavivatan_interfaces', 'merge_install': False, 'path': '/home/baris/mavivatan_ws/src/mavivatan_otonomi/src/mavivatan_interfaces', 'symlink_install': False, 'test_result_base': None}[0m
[0.895s] [34mcolcon.colcon_core.verb[0m [1;30mLevel 5[0m set package 'zed_msgs' build argument 'cmake_args' from command line to '['-DCMAKE_BUILD_TYPE=Release']'
[0.895s] [34mcolcon.colcon_core.verb[0m [1;30mLevel 5[0m set package 'zed_msgs' build argument 'cmake_target' from command line to 'None'
[0.896s] [34mcolcon.colcon_core.verb[0m [1;30mLevel 5[0m set package 'zed_msgs' build argument 'cmake_target_skip_unavailable' from command line to 'False'
[0.896s] [34mcolcon.colcon_core.verb[0m [1;30mLevel 5[0m set package 'zed_msgs' build argument 'cmake_clean_cache' from command line to 'False'
[0.896s] [34mcolcon.colcon_core.verb[0m [1;30mLevel 5[0m set package 'zed_msgs' build argument 'cmake_clean_first' from command line to 'False'
[0.896s] [34mcolcon.colcon_core.verb[0m [1;30mLevel 5[0m set package 'zed_msgs' build argument 'cmake_force_configure' from command line to 'False'
[0.896s] [34mcolcon.colcon_core.verb[0m [1;30mLevel 5[0m set package 'zed_msgs' build argument 'ament_cmake_args' from command line to 'None'
[0.896s] [34mcolcon.colcon_core.verb[0m [1;30mLevel 5[0m set package 'zed_msgs' build argument 'catkin_cmake_args' from command line to 'None'
[0.896s] [34mcolcon.colcon_core.verb[0m [1;30mLevel 5[0m set package 'zed_msgs' build argument 'catkin_skip_building_tests' from command line to 'False'
[0.896s] [34mcolcon.colcon_core.verb[0m [1;30mDEBUG[0m [32mBuilding package 'zed_msgs' with the following arguments: {'ament_cmake_args': None, 'build_base': '/home/baris/mavivatan_ws/build/zed_msgs', 'catkin_cmake_args': None, 'catkin_skip_building_tests': False, 'cmake_args': ['-DCMAKE_BUILD_TYPE=Release'], 'cmake_clean_cache': False, 'cmake_clean_first': False, 'cmake_force_configure': False, 'cmake_target': None, 'cmake_target_skip_unavailable': False, 'install_base': '/home/baris/mavivatan_ws/install/zed_msgs', 'merge_install': False, 'path': '/home/baris/mavivatan_ws/src/zed-ros2-interfaces', 'symlink_install': False, 'test_result_base': None}[0m
[0.897s] [34mcolcon.colcon_core.verb[0m [1;30mLevel 5[0m set package 'mavivatan_paket' build argument 'cmake_args' from command line to '['-DCMAKE_BUILD_TYPE=Release']'
[0.897s] [34mcolcon.colcon_core.verb[0m [1;30mLevel 5[0m set package 'mavivatan_paket' build argument 'cmake_target' from command line to 'None'
[0.897s] [34mcolcon.colcon_core.verb[0m [1;30mLevel 5[0m set package 'mavivatan_paket' build argument 'cmake_target_skip_unavailable' from command line to 'False'
[0.897s] [34mcolcon.colcon_core.verb[0m [1;30mLevel 5[0m set package 'mavivatan_paket' build argument 'cmake_clean_cache' from command line to 'False'
[0.897s] [34mcolcon.colcon_core.verb[0m [1;30mLevel 5[0m set package 'mavivatan_paket' build argument 'cmake_clean_first' from command line to 'False'
[0.897s] [34mcolcon.colcon_core.verb[0m [1;30mLevel 5[0m set package 'mavivatan_paket' build argument 'cmake_force_configure' from command line to 'False'
[0.897s] [34mcolcon.colcon_core.verb[0m [1;30mLevel 5[0m set package 'mavivatan_paket' build argument 'ament_cmake_args' from command line to 'None'
[0.897s] [34mcolcon.colcon_core.verb[0m [1;30mLevel 5[0m set package 'mavivatan_paket' build argument 'catkin_cmake_args' from command line to 'None'
[0.897s] [34mcolcon.colcon_core.verb[0m [1;30mLevel 5[0m set package 'mavivatan_paket' build argument 'catkin_skip_building_tests' from command line to 'False'
[0.897s] [34mcolcon.colcon_core.verb[0m [1;30mDEBUG[0m [32mBuilding package 'mavivatan_paket' with the following arguments: {'ament_cmake_args': None, 'build_base': '/home/baris/mavivatan_ws/build/mavivatan_paket', 'catkin_cmake_args': None, 'catkin_skip_building_tests': False, 'cmake_args': ['-DCMAKE_BUILD_TYPE=Release'], 'cmake_clean_cache': False, 'cmake_clean_first': False, 'cmake_force_configure': False, 'cmake_target': None, 'cmake_target_skip_unavailable': False, 'install_base': '/home/baris/mavivatan_ws/install/mavivatan_paket', 'merge_install': False, 'path': '/home/baris/mavivatan_ws/src/mavivatan_otonomi/src/mavivatan_paket', 'symlink_install': False, 'test_result_base': None}[0m
[0.898s] [34mcolcon.colcon_core.verb[0m [1;30mLevel 5[0m set package 'zed_components' build argument 'cmake_args' from command line to '['-DCMAKE_BUILD_TYPE=Release']'
[0.898s] [34mcolcon.colcon_core.verb[0m [1;30mLevel 5[0m set package 'zed_components' build argument 'cmake_target' from command line to 'None'
[0.898s] [34mcolcon.colcon_core.verb[0m [1;30mLevel 5[0m set package 'zed_components' build argument 'cmake_target_skip_unavailable' from command line to 'False'
[0.898s] [34mcolcon.colcon_core.verb[0m [1;30mLevel 5[0m set package 'zed_components' build argument 'cmake_clean_cache' from command line to 'False'
[0.898s] [34mcolcon.colcon_core.verb[0m [1;30mLevel 5[0m set package 'zed_components' build argument 'cmake_clean_first' from command line to 'False'
[0.898s] [34mcolcon.colcon_core.verb[0m [1;30mLevel 5[0m set package 'zed_components' build argument 'cmake_force_configure' from command line to 'False'
[0.899s] [34mcolcon.colcon_core.verb[0m [1;30mLevel 5[0m set package 'zed_components' build argument 'ament_cmake_args' from command line to 'None'
[0.899s] [34mcolcon.colcon_core.verb[0m [1;30mLevel 5[0m set package 'zed_components' build argument 'catkin_cmake_args' from command line to 'None'
[0.899s] [34mcolcon.colcon_core.verb[0m [1;30mLevel 5[0m set package 'zed_components' build argument 'catkin_skip_building_tests' from command line to 'False'
[0.899s] [34mcolcon.colcon_core.verb[0m [1;30mDEBUG[0m [32mBuilding package 'zed_components' with the following arguments: {'ament_cmake_args': None, 'build_base': '/home/baris/mavivatan_ws/build/zed_components', 'catkin_cmake_args': None, 'catkin_skip_building_tests': False, 'cmake_args': ['-DCMAKE_BUILD_TYPE=Release'], 'cmake_clean_cache': False, 'cmake_clean_first': False, 'cmake_force_configure': False, 'cmake_target': None, 'cmake_target_skip_unavailable': False, 'install_base': '/home/baris/mavivatan_ws/install/zed_components', 'merge_install': False, 'path': '/home/baris/mavivatan_ws/src/zed-ros2-wrapper/zed_components', 'symlink_install': False, 'test_result_base': None}[0m
[0.899s] [34mcolcon.colcon_core.verb[0m [1;30mLevel 5[0m set package 'zed_debug' build argument 'cmake_args' from command line to '['-DCMAKE_BUILD_TYPE=Release']'
[0.900s] [34mcolcon.colcon_core.verb[0m [1;30mLevel 5[0m set package 'zed_debug' build argument 'cmake_target' from command line to 'None'
[0.900s] [34mcolcon.colcon_core.verb[0m [1;30mLevel 5[0m set package 'zed_debug' build argument 'cmake_target_skip_unavailable' from command line to 'False'
[0.900s] [34mcolcon.colcon_core.verb[0m [1;30mLevel 5[0m set package 'zed_debug' build argument 'cmake_clean_cache' from command line to 'False'
[0.900s] [34mcolcon.colcon_core.verb[0m [1;30mLevel 5[0m set package 'zed_debug' build argument 'cmake_clean_first' from command line to 'False'
[0.900s] [34mcolcon.colcon_core.verb[0m [1;30mLevel 5[0m set package 'zed_debug' build argument 'cmake_force_configure' from command line to 'False'
[0.900s] [34mcolcon.colcon_core.verb[0m [1;30mLevel 5[0m set package 'zed_debug' build argument 'ament_cmake_args' from command line to 'None'
[0.900s] [34mcolcon.colcon_core.verb[0m [1;30mLevel 5[0m set package 'zed_debug' build argument 'catkin_cmake_args' from command line to 'None'
[0.900s] [34mcolcon.colcon_core.verb[0m [1;30mLevel 5[0m set package 'zed_debug' build argument 'catkin_skip_building_tests' from command line to 'False'
[0.900s] [34mcolcon.colcon_core.verb[0m [1;30mDEBUG[0m [32mBuilding package 'zed_debug' with the following arguments: {'ament_cmake_args': None, 'build_base': '/home/baris/mavivatan_ws/build/zed_debug', 'catkin_cmake_args': None, 'catkin_skip_building_tests': False, 'cmake_args': ['-DCMAKE_BUILD_TYPE=Release'], 'cmake_clean_cache': False, 'cmake_clean_first': False, 'cmake_force_configure': False, 'cmake_target': None, 'cmake_target_skip_unavailable': False, 'install_base': '/home/baris/mavivatan_ws/install/zed_debug', 'merge_install': False, 'path': '/home/baris/mavivatan_ws/src/zed-ros2-wrapper/zed_debug', 'symlink_install': False, 'test_result_base': None}[0m
[0.901s] [34mcolcon.colcon_core.verb[0m [1;30mLevel 5[0m set package 'zed_wrapper' build argument 'cmake_args' from command line to '['-DCMAKE_BUILD_TYPE=Release']'
[0.901s] [34mcolcon.colcon_core.verb[0m [1;30mLevel 5[0m set package 'zed_wrapper' build argument 'cmake_target' from command line to 'None'
[0.901s] [34mcolcon.colcon_core.verb[0m [1;30mLevel 5[0m set package 'zed_wrapper' build argument 'cmake_target_skip_unavailable' from command line to 'False'
[0.901s] [34mcolcon.colcon_core.verb[0m [1;30mLevel 5[0m set package 'zed_wrapper' build argument 'cmake_clean_cache' from command line to 'False'
[0.901s] [34mcolcon.colcon_core.verb[0m [1;30mLevel 5[0m set package 'zed_wrapper' build argument 'cmake_clean_first' from command line to 'False'
[0.901s] [34mcolcon.colcon_core.verb[0m [1;30mLevel 5[0m set package 'zed_wrapper' build argument 'cmake_force_configure' from command line to 'False'
[0.901s] [34mcolcon.colcon_core.verb[0m [1;30mLevel 5[0m set package 'zed_wrapper' build argument 'ament_cmake_args' from command line to 'None'
[0.901s] [34mcolcon.colcon_core.verb[0m [1;30mLevel 5[0m set package 'zed_wrapper' build argument 'catkin_cmake_args' from command line to 'None'
[0.901s] [34mcolcon.colcon_core.verb[0m [1;30mLevel 5[0m set package 'zed_wrapper' build argument 'catkin_skip_building_tests' from command line to 'False'
[0.901s] [34mcolcon.colcon_core.verb[0m [1;30mDEBUG[0m [32mBuilding package 'zed_wrapper' with the following arguments: {'ament_cmake_args': None, 'build_base': '/home/baris/mavivatan_ws/build/zed_wrapper', 'catkin_cmake_args': None, 'catkin_skip_building_tests': False, 'cmake_args': ['-DCMAKE_BUILD_TYPE=Release'], 'cmake_clean_cache': False, 'cmake_clean_first': False, 'cmake_force_configure': False, 'cmake_target': None, 'cmake_target_skip_unavailable': False, 'install_base': '/home/baris/mavivatan_ws/install/zed_wrapper', 'merge_install': False, 'path': '/home/baris/mavivatan_ws/src/zed-ros2-wrapper/zed_wrapper', 'symlink_install': False, 'test_result_base': None}[0m
[0.902s] [34mcolcon.colcon_core.verb[0m [1;30mLevel 5[0m set package 'zed_ros2' build argument 'cmake_args' from command line to '['-DCMAKE_BUILD_TYPE=Release']'
[0.902s] [34mcolcon.colcon_core.verb[0m [1;30mLevel 5[0m set package 'zed_ros2' build argument 'cmake_target' from command line to 'None'
[0.902s] [34mcolcon.colcon_core.verb[0m [1;30mLevel 5[0m set package 'zed_ros2' build argument 'cmake_target_skip_unavailable' from command line to 'False'
[0.902s] [34mcolcon.colcon_core.verb[0m [1;30mLevel 5[0m set package 'zed_ros2' build argument 'cmake_clean_cache' from command line to 'False'
[0.902s] [34mcolcon.colcon_core.verb[0m [1;30mLevel 5[0m set package 'zed_ros2' build argument 'cmake_clean_first' from command line to 'False'
[0.902s] [34mcolcon.colcon_core.verb[0m [1;30mLevel 5[0m set package 'zed_ros2' build argument 'cmake_force_configure' from command line to 'False'
[0.902s] [34mcolcon.colcon_core.verb[0m [1;30mLevel 5[0m set package 'zed_ros2' build argument 'ament_cmake_args' from command line to 'None'
[0.902s] [34mcolcon.colcon_core.verb[0m [1;30mLevel 5[0m set package 'zed_ros2' build argument 'catkin_cmake_args' from command line to 'None'
[0.903s] [34mcolcon.colcon_core.verb[0m [1;30mLevel 5[0m set package 'zed_ros2' build argument 'catkin_skip_building_tests' from command line to 'False'
[0.903s] [34mcolcon.colcon_core.verb[0m [1;30mDEBUG[0m [32mBuilding package 'zed_ros2' with the following arguments: {'ament_cmake_args': None, 'build_base': '/home/baris/mavivatan_ws/build/zed_ros2', 'catkin_cmake_args': None, 'catkin_skip_building_tests': False, 'cmake_args': ['-DCMAKE_BUILD_TYPE=Release'], 'cmake_clean_cache': False, 'cmake_clean_first': False, 'cmake_force_configure': False, 'cmake_target': None, 'cmake_target_skip_unavailable': False, 'install_base': '/home/baris/mavivatan_ws/install/zed_ros2', 'merge_install': False, 'path': '/home/baris/mavivatan_ws/src/zed-ros2-wrapper/zed_ros2', 'symlink_install': False, 'test_result_base': None}[0m
[0.903s] [34mcolcon.colcon_core.executor[0m [1;30mINFO[0m Executing jobs using 'parallel' executor
[0.905s] [34mcolcon.colcon_parallel_executor.executor.parallel[0m [1;30mDEBUG[0m [32mrun_until_complete[0m
[0.906s] [34mcolcon.colcon_ros.task.ament_cmake.build[0m [1;30mINFO[0m Building ROS package in '/home/baris/mavivatan_ws/src/zed-ros2-interfaces' with build type 'ament_cmake'
[0.906s] [34mcolcon.colcon_cmake.task.cmake.build[0m [1;30mINFO[0m Building CMake package in '/home/baris/mavivatan_ws/src/zed-ros2-interfaces'
[0.911s] [34mcolcon.colcon_core.plugin_system[0m [1;30mINFO[0m Skipping extension 'colcon_core.shell.bat': Not used on non-Windows systems
[0.912s] [34mcolcon.colcon_core.shell[0m [1;30mINFO[0m Skip shell extension 'powershell' for command environment: Not usable outside of PowerShell
[0.912s] [34mcolcon.colcon_core.shell[0m [1;30mDEBUG[0m [32mSkip shell extension 'dsv' for command environment[0m
[0.919s] [34mcolcon.colcon_ros.task.ament_cmake.build[0m [1;30mINFO[0m Building ROS package in '/home/baris/mavivatan_ws/src/mavivatan_otonomi/src/mavivatan_interfaces' with build type 'ament_cmake'
[0.920s] [34mcolcon.colcon_cmake.task.cmake.build[0m [1;30mINFO[0m Building CMake package in '/home/baris/mavivatan_ws/src/mavivatan_otonomi/src/mavivatan_interfaces'
[0.921s] [34mcolcon.colcon_core.shell[0m [1;30mINFO[0m Skip shell extension 'powershell' for command environment: Not usable outside of PowerShell
[0.921s] [34mcolcon.colcon_core.shell[0m [1;30mDEBUG[0m [32mSkip shell extension 'dsv' for command environment[0m
[0.938s] [34mcolcon.colcon_core.event_handler.log_command[0m [1;30mDEBUG[0m [32mInvoking command in '/home/baris/mavivatan_ws/build/zed_msgs': CMAKE_PREFIX_PATH=${CMAKE_PREFIX_PATH}:/home/baris/mavivatan_ws/install/mavivatan_paket:/opt/ros/humble /usr/bin/cmake /home/baris/mavivatan_ws/src/zed-ros2-interfaces -DCMAKE_BUILD_TYPE=Release -DCMAKE_INSTALL_PREFIX=/home/baris/mavivatan_ws/install/zed_msgs[0m
[0.947s] [34mcolcon.colcon_core.event_handler.log_command[0m [1;30mDEBUG[0m [32mInvoking command in '/home/baris/mavivatan_ws/build/mavivatan_interfaces': CMAKE_PREFIX_PATH=${CMAKE_PREFIX_PATH}:/home/baris/mavivatan_ws/install/mavivatan_paket:/opt/ros/humble /usr/bin/cmake /home/baris/mavivatan_ws/src/mavivatan_otonomi/src/mavivatan_interfaces -DCMAKE_BUILD_TYPE=Release -DCMAKE_INSTALL_PREFIX=/home/baris/mavivatan_ws/install/mavivatan_interfaces[0m
[4.597s] [34mcolcon.colcon_core.event_handler.log_command[0m [1;30mDEBUG[0m [32mInvoked command in '/home/baris/mavivatan_ws/build/mavivatan_interfaces' returned '0': CMAKE_PREFIX_PATH=${CMAKE_PREFIX_PATH}:/home/baris/mavivatan_ws/install/mavivatan_paket:/opt/ros/humble /usr/bin/cmake /home/baris/mavivatan_ws/src/mavivatan_otonomi/src/mavivatan_interfaces -DCMAKE_BUILD_TYPE=Release -DCMAKE_INSTALL_PREFIX=/home/baris/mavivatan_ws/install/mavivatan_interfaces[0m
[4.603s] [34mcolcon.colcon_core.event_handler.log_command[0m [1;30mDEBUG[0m [32mInvoking command in '/home/baris/mavivatan_ws/build/mavivatan_interfaces': CMAKE_PREFIX_PATH=${CMAKE_PREFIX_PATH}:/home/baris/mavivatan_ws/install/mavivatan_paket:/opt/ros/humble /usr/bin/cmake --build /home/baris/mavivatan_ws/build/mavivatan_interfaces -- -j6 -l6[0m
[6.033s] [34mcolcon.colcon_core.event_handler.log_command[0m [1;30mDEBUG[0m [32mInvoked command in '/home/baris/mavivatan_ws/build/zed_msgs' returned '0': CMAKE_PREFIX_PATH=${CMAKE_PREFIX_PATH}:/home/baris/mavivatan_ws/install/mavivatan_paket:/opt/ros/humble /usr/bin/cmake /home/baris/mavivatan_ws/src/zed-ros2-interfaces -DCMAKE_BUILD_TYPE=Release -DCMAKE_INSTALL_PREFIX=/home/baris/mavivatan_ws/install/zed_msgs[0m
[6.034s] [34mcolcon.colcon_core.event_handler.log_command[0m [1;30mDEBUG[0m [32mInvoking command in '/home/baris/mavivatan_ws/build/zed_msgs': CMAKE_PREFIX_PATH=${CMAKE_PREFIX_PATH}:/home/baris/mavivatan_ws/install/mavivatan_paket:/opt/ros/humble /usr/bin/cmake --build /home/baris/mavivatan_ws/build/zed_msgs -- -j6 -l6[0m
[10.656s] [34mcolcon.colcon_core.event_handler.log_command[0m [1;30mDEBUG[0m [32mInvoked command in '/home/baris/mavivatan_ws/build/mavivatan_interfaces' returned '0': CMAKE_PREFIX_PATH=${CMAKE_PREFIX_PATH}:/home/baris/mavivatan_ws/install/mavivatan_paket:/opt/ros/humble /usr/bin/cmake --build /home/baris/mavivatan_ws/build/mavivatan_interfaces -- -j6 -l6[0m
[10.701s] [34mcolcon.colcon_core.event_handler.log_command[0m [1;30mDEBUG[0m [32mInvoking command in '/home/baris/mavivatan_ws/build/mavivatan_interfaces': CMAKE_PREFIX_PATH=${CMAKE_PREFIX_PATH}:/home/baris/mavivatan_ws/install/mavivatan_paket:/opt/ros/humble /usr/bin/cmake --install /home/baris/mavivatan_ws/build/mavivatan_interfaces[0m
[10.879s] [34mcolcon.colcon_core.environment[0m [1;30mLevel 1[0m create_environment_scripts_only(mavivatan_interfaces)
[10.884s] [34mcolcon.colcon_core.event_handler.log_command[0m [1;30mDEBUG[0m [32mInvoked command in '/home/baris/mavivatan_ws/build/mavivatan_interfaces' returned '0': CMAKE_PREFIX_PATH=${CMAKE_PREFIX_PATH}:/home/baris/mavivatan_ws/install/mavivatan_paket:/opt/ros/humble /usr/bin/cmake --install /home/baris/mavivatan_ws/build/mavivatan_interfaces[0m
[10.886s] [34mcolcon.colcon_core.environment[0m [1;30mLevel 1[0m checking '/home/baris/mavivatan_ws/install/mavivatan_interfaces' for CMake module files
[10.888s] [34mcolcon.colcon_core.environment[0m [1;30mLevel 1[0m checking '/home/baris/mavivatan_ws/install/mavivatan_interfaces' for CMake config files
[10.889s] [34mcolcon.colcon_core.shell[0m [1;30mLevel 1[0m create_environment_hook('mavivatan_interfaces', 'cmake_prefix_path')
[10.890s] [34mcolcon.colcon_core.shell[0m [1;30mINFO[0m Creating environment hook '/home/baris/mavivatan_ws/install/mavivatan_interfaces/share/mavivatan_interfaces/hook/cmake_prefix_path.ps1'
[10.892s] [34mcolcon.colcon_core.shell[0m [1;30mINFO[0m Creating environment descriptor '/home/baris/mavivatan_ws/install/mavivatan_interfaces/share/mavivatan_interfaces/hook/cmake_prefix_path.dsv'
[10.893s] [34mcolcon.colcon_core.shell[0m [1;30mINFO[0m Creating environment hook '/home/baris/mavivatan_ws/install/mavivatan_interfaces/share/mavivatan_interfaces/hook/cmake_prefix_path.sh'
[10.895s] [34mcolcon.colcon_core.environment[0m [1;30mLevel 1[0m checking '/home/baris/mavivatan_ws/install/mavivatan_interfaces/lib'
[10.896s] [34mcolcon.colcon_core.shell[0m [1;30mLevel 1[0m create_environment_hook('mavivatan_interfaces', 'ld_library_path_lib')
[10.896s] [34mcolcon.colcon_core.shell[0m [1;30mINFO[0m Creating environment hook '/home/baris/mavivatan_ws/install/mavivatan_interfaces/share/mavivatan_interfaces/hook/ld_library_path_lib.ps1'
[10.897s] [34mcolcon.colcon_core.shell[0m [1;30mINFO[0m Creating environment descriptor '/home/baris/mavivatan_ws/install/mavivatan_interfaces/share/mavivatan_interfaces/hook/ld_library_path_lib.dsv'
[10.898s] [34mcolcon.colcon_core.shell[0m [1;30mINFO[0m Creating environment hook '/home/baris/mavivatan_ws/install/mavivatan_interfaces/share/mavivatan_interfaces/hook/ld_library_path_lib.sh'
[10.899s] [34mcolcon.colcon_core.environment[0m [1;30mLevel 1[0m checking '/home/baris/mavivatan_ws/install/mavivatan_interfaces/bin'
[10.899s] [34mcolcon.colcon_core.environment[0m [1;30mLevel 1[0m checking '/home/baris/mavivatan_ws/install/mavivatan_interfaces/lib/pkgconfig/mavivatan_interfaces.pc'
[10.899s] [34mcolcon.colcon_core.environment[0m [1;30mLevel 1[0m checking '/home/baris/mavivatan_ws/install/mavivatan_interfaces/lib/python3.10/site-packages'
[10.900s] [34mcolcon.colcon_core.environment[0m [1;30mLevel 1[0m checking '/home/baris/mavivatan_ws/install/mavivatan_interfaces/bin'
[10.902s] [34mcolcon.colcon_core.shell[0m [1;30mINFO[0m Creating package script '/home/baris/mavivatan_ws/install/mavivatan_interfaces/share/mavivatan_interfaces/package.ps1'
[10.905s] [34mcolcon.colcon_core.shell[0m [1;30mINFO[0m Creating package descriptor '/home/baris/mavivatan_ws/install/mavivatan_interfaces/share/mavivatan_interfaces/package.dsv'
[10.907s] [34mcolcon.colcon_core.shell[0m [1;30mINFO[0m Creating package script '/home/baris/mavivatan_ws/install/mavivatan_interfaces/share/mavivatan_interfaces/package.sh'
[10.908s] [34mcolcon.colcon_core.shell[0m [1;30mINFO[0m Creating package script '/home/baris/mavivatan_ws/install/mavivatan_interfaces/share/mavivatan_interfaces/package.bash'
[10.910s] [34mcolcon.colcon_core.shell[0m [1;30mINFO[0m Creating package script '/home/baris/mavivatan_ws/install/mavivatan_interfaces/share/mavivatan_interfaces/package.zsh'
[10.911s] [34mcolcon.colcon_core.environment[0m [1;30mLevel 1[0m create_file_with_runtime_dependencies(/home/baris/mavivatan_ws/install/mavivatan_interfaces/share/colcon-core/packages/mavivatan_interfaces)
[10.913s] [34mcolcon.colcon_core.environment[0m [1;30mLevel 1[0m create_environment_scripts_only(mavivatan_interfaces)
[10.913s] [34mcolcon.colcon_core.environment[0m [1;30mLevel 1[0m checking '/home/baris/mavivatan_ws/install/mavivatan_interfaces' for CMake module files
[10.915s] [34mcolcon.colcon_core.environment[0m [1;30mLevel 1[0m checking '/home/baris/mavivatan_ws/install/mavivatan_interfaces' for CMake config files
[10.916s] [34mcolcon.colcon_core.shell[0m [1;30mLevel 1[0m create_environment_hook('mavivatan_interfaces', 'cmake_prefix_path')
[10.916s] [34mcolcon.colcon_core.shell[0m [1;30mINFO[0m Creating environment hook '/home/baris/mavivatan_ws/install/mavivatan_interfaces/share/mavivatan_interfaces/hook/cmake_prefix_path.ps1'
[10.918s] [34mcolcon.colcon_core.shell[0m [1;30mINFO[0m Creating environment descriptor '/home/baris/mavivatan_ws/install/mavivatan_interfaces/share/mavivatan_interfaces/hook/cmake_prefix_path.dsv'
[10.918s] [34mcolcon.colcon_core.shell[0m [1;30mINFO[0m Creating environment hook '/home/baris/mavivatan_ws/install/mavivatan_interfaces/share/mavivatan_interfaces/hook/cmake_prefix_path.sh'
[10.920s] [34mcolcon.colcon_core.environment[0m [1;30mLevel 1[0m checking '/home/baris/mavivatan_ws/install/mavivatan_interfaces/lib'
[10.920s] [34mcolcon.colcon_core.shell[0m [1;30mLevel 1[0m create_environment_hook('mavivatan_interfaces', 'ld_library_path_lib')
[10.921s] [34mcolcon.colcon_core.shell[0m [1;30mINFO[0m Creating environment hook '/home/baris/mavivatan_ws/install/mavivatan_interfaces/share/mavivatan_interfaces/hook/ld_library_path_lib.ps1'
[10.922s] [34mcolcon.colcon_core.shell[0m [1;30mINFO[0m Creating environment descriptor '/home/baris/mavivatan_ws/install/mavivatan_interfaces/share/mavivatan_interfaces/hook/ld_library_path_lib.dsv'
[10.923s] [34mcolcon.colcon_core.shell[0m [1;30mINFO[0m Creating environment hook '/home/baris/mavivatan_ws/install/mavivatan_interfaces/share/mavivatan_interfaces/hook/ld_library_path_lib.sh'
[10.924s] [34mcolcon.colcon_core.environment[0m [1;30mLevel 1[0m checking '/home/baris/mavivatan_ws/install/mavivatan_interfaces/bin'
[10.924s] [34mcolcon.colcon_core.environment[0m [1;30mLevel 1[0m checking '/home/baris/mavivatan_ws/install/mavivatan_interfaces/lib/pkgconfig/mavivatan_interfaces.pc'
[10.924s] [34mcolcon.colcon_core.environment[0m [1;30mLevel 1[0m checking '/home/baris/mavivatan_ws/install/mavivatan_interfaces/lib/python3.10/site-packages'
[10.925s] [34mcolcon.colcon_core.environment[0m [1;30mLevel 1[0m checking '/home/baris/mavivatan_ws/install/mavivatan_interfaces/bin'
[10.926s] [34mcolcon.colcon_core.shell[0m [1;30mINFO[0m Creating package script '/home/baris/mavivatan_ws/install/mavivatan_interfaces/share/mavivatan_interfaces/package.ps1'
[10.928s] [34mcolcon.colcon_core.shell[0m [1;30mINFO[0m Creating package descriptor '/home/baris/mavivatan_ws/install/mavivatan_interfaces/share/mavivatan_interfaces/package.dsv'
[10.929s] [34mcolcon.colcon_core.shell[0m [1;30mINFO[0m Creating package script '/home/baris/mavivatan_ws/install/mavivatan_interfaces/share/mavivatan_interfaces/package.sh'
[10.930s] [34mcolcon.colcon_core.shell[0m [1;30mINFO[0m Creating package script '/home/baris/mavivatan_ws/install/mavivatan_interfaces/share/mavivatan_interfaces/package.bash'
[10.931s] [34mcolcon.colcon_core.shell[0m [1;30mINFO[0m Creating package script '/home/baris/mavivatan_ws/install/mavivatan_interfaces/share/mavivatan_interfaces/package.zsh'
[10.932s] [34mcolcon.colcon_core.environment[0m [1;30mLevel 1[0m create_file_with_runtime_dependencies(/home/baris/mavivatan_ws/install/mavivatan_interfaces/share/colcon-core/packages/mavivatan_interfaces)
[10.933s] [34mcolcon.colcon_ros.task.ament_python.build[0m [1;30mINFO[0m Building ROS package in '/home/baris/mavivatan_ws/src/mavivatan_otonomi/src/mavivatan_paket' with build type 'ament_python'
[10.936s] [34mcolcon.colcon_core.shell[0m [1;30mLevel 1[0m create_environment_hook('mavivatan_paket', 'ament_prefix_path')
[10.937s] [34mcolcon.colcon_core.shell[0m [1;30mINFO[0m Creating environment hook '/home/baris/mavivatan_ws/install/mavivatan_paket/share/mavivatan_paket/hook/ament_prefix_path.ps1'
[10.942s] [34mcolcon.colcon_core.shell[0m [1;30mINFO[0m Creating environment descriptor '/home/baris/mavivatan_ws/install/mavivatan_paket/share/mavivatan_paket/hook/ament_prefix_path.dsv'
[10.947s] [34mcolcon.colcon_core.shell[0m [1;30mINFO[0m Creating environment hook '/home/baris/mavivatan_ws/install/mavivatan_paket/share/mavivatan_paket/hook/ament_prefix_path.sh'
[10.949s] [34mcolcon.colcon_core.shell[0m [1;30mINFO[0m Skip shell extension 'powershell' for command environment: Not usable outside of PowerShell
[10.949s] [34mcolcon.colcon_core.shell[0m [1;30mDEBUG[0m [32mSkip shell extension 'dsv' for command environment[0m
[11.949s] [34mcolcon.colcon_core.task.python.build[0m [1;30mINFO[0m Building Python package in '/home/baris/mavivatan_ws/src/mavivatan_otonomi/src/mavivatan_paket'
[11.950s] [34mcolcon.colcon_core.shell[0m [1;30mINFO[0m Skip shell extension 'powershell' for command environment: Not usable outside of PowerShell
[11.951s] [34mcolcon.colcon_core.shell[0m [1;30mDEBUG[0m [32mSkip shell extension 'dsv' for command environment[0m
[13.941s] [34mcolcon.colcon_core.event_handler.log_command[0m [1;30mDEBUG[0m [32mInvoking command in '/home/baris/mavivatan_ws/src/mavivatan_otonomi/src/mavivatan_paket': CMAKE_PREFIX_PATH=/home/baris/mavivatan_ws/install/mavivatan_interfaces:/home/baris/mavivatan_ws/install/zed_msgs LD_LIBRARY_PATH=/home/baris/mavivatan_ws/install/mavivatan_interfaces/lib:/home/baris/mavivatan_ws/install/zed_msgs/lib:/opt/ros/humble/opt/rviz_ogre_vendor/lib:/opt/ros/humble/lib/aarch64-linux-gnu:/opt/ros/humble/lib:/usr/local/cuda-12.6/lib64 PYTHONPATH=/home/baris/mavivatan_ws/build/mavivatan_paket/prefix_override:/usr/lib/python3/dist-packages/colcon_core/task/python/colcon_distutils_commands:/home/baris/mavivatan_ws/install/mavivatan_paket/lib/python3.10/site-packages:${PYTHONPATH} /usr/bin/python3 -W ignore:setup.py install is deprecated -W ignore:easy_install command is deprecated setup.py egg_info --egg-base ../../../../build/mavivatan_paket build --build-base /home/baris/mavivatan_ws/build/mavivatan_paket/build install --record /home/baris/mavivatan_ws/build/mavivatan_paket/install.log --single-version-externally-managed install_data[0m
[14.925s] [34mcolcon.colcon_core.environment[0m [1;30mLevel 1[0m checking '/home/baris/mavivatan_ws/install/mavivatan_paket' for CMake module files
[14.926s] [34mcolcon.colcon_core.environment[0m [1;30mLevel 1[0m checking '/home/baris/mavivatan_ws/install/mavivatan_paket' for CMake config files
[14.929s] [34mcolcon.colcon_core.event_handler.log_command[0m [1;30mDEBUG[0m [32mInvoked command in '/home/baris/mavivatan_ws/src/mavivatan_otonomi/src/mavivatan_paket' returned '0': CMAKE_PREFIX_PATH=/home/baris/mavivatan_ws/install/mavivatan_interfaces:/home/baris/mavivatan_ws/install/zed_msgs LD_LIBRARY_PATH=/home/baris/mavivatan_ws/install/mavivatan_interfaces/lib:/home/baris/mavivatan_ws/install/zed_msgs/lib:/opt/ros/humble/opt/rviz_ogre_vendor/lib:/opt/ros/humble/lib/aarch64-linux-gnu:/opt/ros/humble/lib:/usr/local/cuda-12.6/lib64 PYTHONPATH=/home/baris/mavivatan_ws/build/mavivatan_paket/prefix_override:/usr/lib/python3/dist-packages/colcon_core/task/python/colcon_distutils_commands:/home/baris/mavivatan_ws/install/mavivatan_paket/lib/python3.10/site-packages:${PYTHONPATH} /usr/bin/python3 -W ignore:setup.py install is deprecated -W ignore:easy_install command is deprecated setup.py egg_info --egg-base ../../../../build/mavivatan_paket build --build-base /home/baris/mavivatan_ws/build/mavivatan_paket/build install --record /home/baris/mavivatan_ws/build/mavivatan_paket/install.log --single-version-externally-managed install_data[0m
[14.930s] [34mcolcon.colcon_core.environment[0m [1;30mLevel 1[0m checking '/home/baris/mavivatan_ws/install/mavivatan_paket/lib'
[14.930s] [34mcolcon.colcon_core.environment[0m [1;30mLevel 1[0m checking '/home/baris/mavivatan_ws/install/mavivatan_paket/bin'
[14.930s] [34mcolcon.colcon_core.environment[0m [1;30mLevel 1[0m checking '/home/baris/mavivatan_ws/install/mavivatan_paket/lib/pkgconfig/mavivatan_paket.pc'
[14.931s] [34mcolcon.colcon_core.environment[0m [1;30mLevel 1[0m checking '/home/baris/mavivatan_ws/install/mavivatan_paket/lib/python3.10/site-packages'
[14.931s] [34mcolcon.colcon_core.shell[0m [1;30mLevel 1[0m create_environment_hook('mavivatan_paket', 'pythonpath')
[14.932s] [34mcolcon.colcon_core.shell[0m [1;30mINFO[0m Creating environment hook '/home/baris/mavivatan_ws/install/mavivatan_paket/share/mavivatan_paket/hook/pythonpath.ps1'
[14.933s] [34mcolcon.colcon_core.shell[0m [1;30mINFO[0m Creating environment descriptor '/home/baris/mavivatan_ws/install/mavivatan_paket/share/mavivatan_paket/hook/pythonpath.dsv'
[14.934s] [34mcolcon.colcon_core.shell[0m [1;30mINFO[0m Creating environment hook '/home/baris/mavivatan_ws/install/mavivatan_paket/share/mavivatan_paket/hook/pythonpath.sh'
[14.935s] [34mcolcon.colcon_core.environment[0m [1;30mLevel 1[0m checking '/home/baris/mavivatan_ws/install/mavivatan_paket/bin'
[14.936s] [34mcolcon.colcon_core.environment[0m [1;30mLevel 1[0m create_environment_scripts_only(mavivatan_paket)
[14.945s] [34mcolcon.colcon_core.shell[0m [1;30mINFO[0m Creating package script '/home/baris/mavivatan_ws/install/mavivatan_paket/share/mavivatan_paket/package.ps1'
[14.947s] [34mcolcon.colcon_core.shell[0m [1;30mINFO[0m Creating package descriptor '/home/baris/mavivatan_ws/install/mavivatan_paket/share/mavivatan_paket/package.dsv'
[14.948s] [34mcolcon.colcon_core.shell[0m [1;30mINFO[0m Creating package script '/home/baris/mavivatan_ws/install/mavivatan_paket/share/mavivatan_paket/package.sh'
[14.949s] [34mcolcon.colcon_core.shell[0m [1;30mINFO[0m Creating package script '/home/baris/mavivatan_ws/install/mavivatan_paket/share/mavivatan_paket/package.bash'
[14.950s] [34mcolcon.colcon_core.shell[0m [1;30mINFO[0m Creating package script '/home/baris/mavivatan_ws/install/mavivatan_paket/share/mavivatan_paket/package.zsh'
[14.951s] [34mcolcon.colcon_core.environment[0m [1;30mLevel 1[0m create_file_with_runtime_dependencies(/home/baris/mavivatan_ws/install/mavivatan_paket/share/colcon-core/packages/mavivatan_paket)
[60.678s] [34mcolcon.colcon_core.event_handler.log_command[0m [1;30mDEBUG[0m [32mInvoked command in '/home/baris/mavivatan_ws/build/zed_msgs' returned '0': CMAKE_PREFIX_PATH=${CMAKE_PREFIX_PATH}:/home/baris/mavivatan_ws/install/mavivatan_paket:/opt/ros/humble /usr/bin/cmake --build /home/baris/mavivatan_ws/build/zed_msgs -- -j6 -l6[0m
[60.684s] [34mcolcon.colcon_core.event_handler.log_command[0m [1;30mDEBUG[0m [32mInvoking command in '/home/baris/mavivatan_ws/build/zed_msgs': CMAKE_PREFIX_PATH=${CMAKE_PREFIX_PATH}:/home/baris/mavivatan_ws/install/mavivatan_paket:/opt/ros/humble /usr/bin/cmake --install /home/baris/mavivatan_ws/build/zed_msgs[0m
[61.487s] [34mcolcon.colcon_core.environment[0m [1;30mLevel 1[0m create_environment_scripts_only(zed_msgs)
[61.489s] [34mcolcon.colcon_core.environment[0m [1;30mLevel 1[0m checking '/home/baris/mavivatan_ws/install/zed_msgs' for CMake module files
[61.490s] [34mcolcon.colcon_core.event_handler.log_command[0m [1;30mDEBUG[0m [32mInvoked command in '/home/baris/mavivatan_ws/build/zed_msgs' returned '0': CMAKE_PREFIX_PATH=${CMAKE_PREFIX_PATH}:/home/baris/mavivatan_ws/install/mavivatan_paket:/opt/ros/humble /usr/bin/cmake --install /home/baris/mavivatan_ws/build/zed_msgs[0m
[61.493s] [34mcolcon.colcon_core.environment[0m [1;30mLevel 1[0m checking '/home/baris/mavivatan_ws/install/zed_msgs' for CMake config files
[61.496s] [34mcolcon.colcon_core.shell[0m [1;30mLevel 1[0m create_environment_hook('zed_msgs', 'cmake_prefix_path')
[61.498s] [34mcolcon.colcon_core.shell[0m [1;30mINFO[0m Creating environment hook '/home/baris/mavivatan_ws/install/zed_msgs/share/zed_msgs/hook/cmake_prefix_path.ps1'
[61.501s] [34mcolcon.colcon_core.shell[0m [1;30mINFO[0m Creating environment descriptor '/home/baris/mavivatan_ws/install/zed_msgs/share/zed_msgs/hook/cmake_prefix_path.dsv'
[61.503s] [34mcolcon.colcon_core.shell[0m [1;30mINFO[0m Creating environment hook '/home/baris/mavivatan_ws/install/zed_msgs/share/zed_msgs/hook/cmake_prefix_path.sh'
[61.504s] [34mcolcon.colcon_core.environment[0m [1;30mLevel 1[0m checking '/home/baris/mavivatan_ws/install/zed_msgs/lib'
[61.505s] [34mcolcon.colcon_core.shell[0m [1;30mLevel 1[0m create_environment_hook('zed_msgs', 'ld_library_path_lib')
[61.505s] [34mcolcon.colcon_core.shell[0m [1;30mINFO[0m Creating environment hook '/home/baris/mavivatan_ws/install/zed_msgs/share/zed_msgs/hook/ld_library_path_lib.ps1'
[61.506s] [34mcolcon.colcon_core.shell[0m [1;30mINFO[0m Creating environment descriptor '/home/baris/mavivatan_ws/install/zed_msgs/share/zed_msgs/hook/ld_library_path_lib.dsv'
[61.507s] [34mcolcon.colcon_core.shell[0m [1;30mINFO[0m Creating environment hook '/home/baris/mavivatan_ws/install/zed_msgs/share/zed_msgs/hook/ld_library_path_lib.sh'
[61.508s] [34mcolcon.colcon_core.environment[0m [1;30mLevel 1[0m checking '/home/baris/mavivatan_ws/install/zed_msgs/bin'
[61.508s] [34mcolcon.colcon_core.environment[0m [1;30mLevel 1[0m checking '/home/baris/mavivatan_ws/install/zed_msgs/lib/pkgconfig/zed_msgs.pc'
[61.510s] [34mcolcon.colcon_core.environment[0m [1;30mLevel 1[0m checking '/home/baris/mavivatan_ws/install/zed_msgs/lib/python3.10/site-packages'
[61.517s] [34mcolcon.colcon_core.environment[0m [1;30mLevel 1[0m checking '/home/baris/mavivatan_ws/install/zed_msgs/bin'
[61.518s] [34mcolcon.colcon_core.shell[0m [1;30mINFO[0m Creating package script '/home/baris/mavivatan_ws/install/zed_msgs/share/zed_msgs/package.ps1'
[61.520s] [34mcolcon.colcon_core.shell[0m [1;30mINFO[0m Creating package descriptor '/home/baris/mavivatan_ws/install/zed_msgs/share/zed_msgs/package.dsv'
[61.522s] [34mcolcon.colcon_core.shell[0m [1;30mINFO[0m Creating package script '/home/baris/mavivatan_ws/install/zed_msgs/share/zed_msgs/package.sh'
[61.524s] [34mcolcon.colcon_core.shell[0m [1;30mINFO[0m Creating package script '/home/baris/mavivatan_ws/install/zed_msgs/share/zed_msgs/package.bash'
[61.525s] [34mcolcon.colcon_core.shell[0m [1;30mINFO[0m Creating package script '/home/baris/mavivatan_ws/install/zed_msgs/share/zed_msgs/package.zsh'
[61.526s] [34mcolcon.colcon_core.environment[0m [1;30mLevel 1[0m create_file_with_runtime_dependencies(/home/baris/mavivatan_ws/install/zed_msgs/share/colcon-core/packages/zed_msgs)
[61.527s] [34mcolcon.colcon_core.environment[0m [1;30mLevel 1[0m create_environment_scripts_only(zed_msgs)
[61.528s] [34mcolcon.colcon_core.environment[0m [1;30mLevel 1[0m checking '/home/baris/mavivatan_ws/install/zed_msgs' for CMake module files
[61.529s] [34mcolcon.colcon_core.environment[0m [1;30mLevel 1[0m checking '/home/baris/mavivatan_ws/install/zed_msgs' for CMake config files
[61.532s] [34mcolcon.colcon_core.shell[0m [1;30mLevel 1[0m create_environment_hook('zed_msgs', 'cmake_prefix_path')
[61.533s] [34mcolcon.colcon_core.shell[0m [1;30mINFO[0m Creating environment hook '/home/baris/mavivatan_ws/install/zed_msgs/share/zed_msgs/hook/cmake_prefix_path.ps1'
[61.534s] [34mcolcon.colcon_core.shell[0m [1;30mINFO[0m Creating environment descriptor '/home/baris/mavivatan_ws/install/zed_msgs/share/zed_msgs/hook/cmake_prefix_path.dsv'
[61.535s] [34mcolcon.colcon_core.shell[0m [1;30mINFO[0m Creating environment hook '/home/baris/mavivatan_ws/install/zed_msgs/share/zed_msgs/hook/cmake_prefix_path.sh'
[61.536s] [34mcolcon.colcon_core.environment[0m [1;30mLevel 1[0m checking '/home/baris/mavivatan_ws/install/zed_msgs/lib'
[61.537s] [34mcolcon.colcon_core.shell[0m [1;30mLevel 1[0m create_environment_hook('zed_msgs', 'ld_library_path_lib')
[61.537s] [34mcolcon.colcon_core.shell[0m [1;30mINFO[0m Creating environment hook '/home/baris/mavivatan_ws/install/zed_msgs/share/zed_msgs/hook/ld_library_path_lib.ps1'
[61.538s] [34mcolcon.colcon_core.shell[0m [1;30mINFO[0m Creating environment descriptor '/home/baris/mavivatan_ws/install/zed_msgs/share/zed_msgs/hook/ld_library_path_lib.dsv'
[61.539s] [34mcolcon.colcon_core.shell[0m [1;30mINFO[0m Creating environment hook '/home/baris/mavivatan_ws/install/zed_msgs/share/zed_msgs/hook/ld_library_path_lib.sh'
[61.540s] [34mcolcon.colcon_core.environment[0m [1;30mLevel 1[0m checking '/home/baris/mavivatan_ws/install/zed_msgs/bin'
[61.540s] [34mcolcon.colcon_core.environment[0m [1;30mLevel 1[0m checking '/home/baris/mavivatan_ws/install/zed_msgs/lib/pkgconfig/zed_msgs.pc'
[61.541s] [34mcolcon.colcon_core.environment[0m [1;30mLevel 1[0m checking '/home/baris/mavivatan_ws/install/zed_msgs/lib/python3.10/site-packages'
[61.542s] [34mcolcon.colcon_core.environment[0m [1;30mLevel 1[0m checking '/home/baris/mavivatan_ws/install/zed_msgs/bin'
[61.543s] [34mcolcon.colcon_core.shell[0m [1;30mINFO[0m Creating package script '/home/baris/mavivatan_ws/install/zed_msgs/share/zed_msgs/package.ps1'
[61.544s] [34mcolcon.colcon_core.shell[0m [1;30mINFO[0m Creating package descriptor '/home/baris/mavivatan_ws/install/zed_msgs/share/zed_msgs/package.dsv'
[61.546s] [34mcolcon.colcon_core.shell[0m [1;30mINFO[0m Creating package script '/home/baris/mavivatan_ws/install/zed_msgs/share/zed_msgs/package.sh'
[61.547s] [34mcolcon.colcon_core.shell[0m [1;30mINFO[0m Creating package script '/home/baris/mavivatan_ws/install/zed_msgs/share/zed_msgs/package.bash'
[61.548s] [34mcolcon.colcon_core.shell[0m [1;30mINFO[0m Creating package script '/home/baris/mavivatan_ws/install/zed_msgs/share/zed_msgs/package.zsh'
[61.549s] [34mcolcon.colcon_core.environment[0m [1;30mLevel 1[0m create_file_with_runtime_dependencies(/home/baris/mavivatan_ws/install/zed_msgs/share/colcon-core/packages/zed_msgs)
[61.550s] [34mcolcon.colcon_ros.task.ament_cmake.build[0m [1;30mINFO[0m Building ROS package in '/home/baris/mavivatan_ws/src/zed-ros2-wrapper/zed_components' with build type 'ament_cmake'
[61.550s] [34mcolcon.colcon_cmake.task.cmake.build[0m [1;30mINFO[0m Building CMake package in '/home/baris/mavivatan_ws/src/zed-ros2-wrapper/zed_components'
[61.551s] [34mcolcon.colcon_core.shell[0m [1;30mINFO[0m Skip shell extension 'powershell' for command environment: Not usable outside of PowerShell
[61.551s] [34mcolcon.colcon_core.shell[0m [1;30mDEBUG[0m [32mSkip shell extension 'dsv' for command environment[0m
[61.580s] [34mcolcon.colcon_core.event_handler.log_command[0m [1;30mDEBUG[0m [32mInvoking command in '/home/baris/mavivatan_ws/build/zed_components': CMAKE_PREFIX_PATH=${CMAKE_PREFIX_PATH}:/home/baris/mavivatan_ws/install/mavivatan_paket:/opt/ros/humble LD_LIBRARY_PATH=/home/baris/mavivatan_ws/install/zed_msgs/lib:/home/baris/mavivatan_ws/install/mavivatan_interfaces/lib:/opt/ros/humble/opt/rviz_ogre_vendor/lib:/opt/ros/humble/lib/aarch64-linux-gnu:/opt/ros/humble/lib:/usr/local/cuda-12.6/lib64 /usr/bin/cmake /home/baris/mavivatan_ws/src/zed-ros2-wrapper/zed_components -DCMAKE_BUILD_TYPE=Release -DCMAKE_INSTALL_PREFIX=/home/baris/mavivatan_ws/install/zed_components[0m
[65.847s] [34mcolcon.colcon_core.event_handler.log_command[0m [1;30mDEBUG[0m [32mInvoked command in '/home/baris/mavivatan_ws/build/zed_components' returned '0': CMAKE_PREFIX_PATH=${CMAKE_PREFIX_PATH}:/home/baris/mavivatan_ws/install/mavivatan_paket:/opt/ros/humble LD_LIBRARY_PATH=/home/baris/mavivatan_ws/install/zed_msgs/lib:/home/baris/mavivatan_ws/install/mavivatan_interfaces/lib:/opt/ros/humble/opt/rviz_ogre_vendor/lib:/opt/ros/humble/lib/aarch64-linux-gnu:/opt/ros/humble/lib:/usr/local/cuda-12.6/lib64 /usr/bin/cmake /home/baris/mavivatan_ws/src/zed-ros2-wrapper/zed_components -DCMAKE_BUILD_TYPE=Release -DCMAKE_INSTALL_PREFIX=/home/baris/mavivatan_ws/install/zed_components[0m
[65.850s] [34mcolcon.colcon_core.event_handler.log_command[0m [1;30mDEBUG[0m [32mInvoking command in '/home/baris/mavivatan_ws/build/zed_components': CMAKE_PREFIX_PATH=${CMAKE_PREFIX_PATH}:/home/baris/mavivatan_ws/install/mavivatan_paket:/opt/ros/humble LD_LIBRARY_PATH=/home/baris/mavivatan_ws/install/zed_msgs/lib:/home/baris/mavivatan_ws/install/mavivatan_interfaces/lib:/opt/ros/humble/opt/rviz_ogre_vendor/lib:/opt/ros/humble/lib/aarch64-linux-gnu:/opt/ros/humble/lib:/usr/local/cuda-12.6/lib64 /usr/bin/cmake --build /home/baris/mavivatan_ws/build/zed_components -- -j6 -l6[0m
[253.098s] [34mcolcon.colcon_core.event_handler.log_command[0m [1;30mDEBUG[0m [32mInvoked command in '/home/baris/mavivatan_ws/build/zed_components' returned '2': CMAKE_PREFIX_PATH=${CMAKE_PREFIX_PATH}:/home/baris/mavivatan_ws/install/mavivatan_paket:/opt/ros/humble LD_LIBRARY_PATH=/home/baris/mavivatan_ws/install/zed_msgs/lib:/home/baris/mavivatan_ws/install/mavivatan_interfaces/lib:/opt/ros/humble/opt/rviz_ogre_vendor/lib:/opt/ros/humble/lib/aarch64-linux-gnu:/opt/ros/humble/lib:/usr/local/cuda-12.6/lib64 /usr/bin/cmake --build /home/baris/mavivatan_ws/build/zed_components -- -j6 -l6[0m
[253.101s] [34mcolcon.colcon_core.environment[0m [1;30mLevel 1[0m create_environment_scripts_only(zed_components)
[253.102s] [34mcolcon.colcon_core.environment[0m [1;30mLevel 1[0m checking '/home/baris/mavivatan_ws/install/zed_components' for CMake module files
[253.103s] [34mcolcon.colcon_core.environment[0m [1;30mLevel 1[0m checking '/home/baris/mavivatan_ws/install/zed_components' for CMake config files
[253.104s] [34mcolcon.colcon_core.environment[0m [1;30mLevel 1[0m checking '/home/baris/mavivatan_ws/install/zed_components/bin'
[253.104s] [34mcolcon.colcon_core.environment[0m [1;30mLevel 1[0m checking '/home/baris/mavivatan_ws/install/zed_components/lib/pkgconfig/zed_components.pc'
[253.104s] [34mcolcon.colcon_core.environment[0m [1;30mLevel 1[0m checking '/home/baris/mavivatan_ws/install/zed_components/lib/python3.10/site-packages'
[253.105s] [34mcolcon.colcon_core.environment[0m [1;30mLevel 1[0m checking '/home/baris/mavivatan_ws/install/zed_components/bin'
[253.106s] [34mcolcon.colcon_core.shell[0m [1;30mINFO[0m Creating package script '/home/baris/mavivatan_ws/install/zed_components/share/zed_components/package.ps1'
[253.109s] [34mcolcon.colcon_core.shell[0m [1;30mINFO[0m Creating package descriptor '/home/baris/mavivatan_ws/install/zed_components/share/zed_components/package.dsv'
[253.112s] [34mcolcon.colcon_core.shell[0m [1;30mINFO[0m Creating package script '/home/baris/mavivatan_ws/install/zed_components/share/zed_components/package.sh'
[253.113s] [34mcolcon.colcon_core.shell[0m [1;30mINFO[0m Creating package script '/home/baris/mavivatan_ws/install/zed_components/share/zed_components/package.bash'
[253.115s] [34mcolcon.colcon_core.shell[0m [1;30mINFO[0m Creating package script '/home/baris/mavivatan_ws/install/zed_components/share/zed_components/package.zsh'
[253.116s] [34mcolcon.colcon_core.environment[0m [1;30mLevel 1[0m create_file_with_runtime_dependencies(/home/baris/mavivatan_ws/install/zed_components/share/colcon-core/packages/zed_components)
[253.127s] [34mcolcon.colcon_parallel_executor.executor.parallel[0m [1;30mDEBUG[0m [32mclosing loop[0m
[253.128s] [34mcolcon.colcon_parallel_executor.executor.parallel[0m [1;30mDEBUG[0m [32mloop closed[0m
[253.129s] [34mcolcon.colcon_parallel_executor.executor.parallel[0m [1;30mDEBUG[0m [32mrun_until_complete finished with '2'[0m
[253.129s] [34mcolcon.colcon_core.event_reactor[0m [1;30mDEBUG[0m [32mjoining thread[0m
[253.163s] [34mcolcon.colcon_core.plugin_system[0m [1;30mINFO[0m Skipping extension 'colcon_notification.desktop_notification.terminal_notifier': Not used on non-Darwin systems
[253.163s] [34mcolcon.colcon_core.plugin_system[0m [1;30mINFO[0m Skipping extension 'colcon_notification.desktop_notification.win32': Not used on non-Windows systems
[253.164s] [34mcolcon.colcon_notification.desktop_notification[0m [1;30mINFO[0m Sending desktop notification using 'notify2'
[253.219s] [34mcolcon.colcon_core.event_reactor[0m [1;30mDEBUG[0m [32mjoined thread[0m
[253.221s] [34mcolcon.colcon_core.shell[0m [1;30mINFO[0m Creating prefix script '/home/baris/mavivatan_ws/install/local_setup.ps1'
[253.225s] [34mcolcon.colcon_core.shell[0m [1;30mINFO[0m Creating prefix util module '/home/baris/mavivatan_ws/install/_local_setup_util_ps1.py'
[253.229s] [34mcolcon.colcon_core.shell[0m [1;30mINFO[0m Creating prefix chain script '/home/baris/mavivatan_ws/install/setup.ps1'
[253.234s] [34mcolcon.colcon_core.shell[0m [1;30mINFO[0m Creating prefix script '/home/baris/mavivatan_ws/install/local_setup.sh'
[253.236s] [34mcolcon.colcon_core.shell[0m [1;30mINFO[0m Creating prefix util module '/home/baris/mavivatan_ws/install/_local_setup_util_sh.py'
[253.239s] [34mcolcon.colcon_core.shell[0m [1;30mINFO[0m Creating prefix chain script '/home/baris/mavivatan_ws/install/setup.sh'
[253.242s] [34mcolcon.colcon_core.shell[0m [1;30mINFO[0m Creating prefix script '/home/baris/mavivatan_ws/install/local_setup.bash'
[253.244s] [34mcolcon.colcon_core.shell[0m [1;30mINFO[0m Creating prefix chain script '/home/baris/mavivatan_ws/install/setup.bash'
[253.247s] [34mcolcon.colcon_core.shell[0m [1;30mINFO[0m Creating prefix script '/home/baris/mavivatan_ws/install/local_setup.zsh'
[253.249s] [34mcolcon.colcon_core.shell[0m [1;30mINFO[0m Creating prefix chain script '/home/baris/mavivatan_ws/install/setup.zsh'
