[1.714s] Invoking command in '/home/baris/mavivatan_ws/src/mavivatan_otonomi/src/mavivatan_paket': CMAKE_PREFIX_PATH=/home/baris/mavivatan_ws/install/mavivatan_interfaces:/home/baris/mavivatan_ws/install/zed_ros2:/home/baris/mavivatan_ws/install/zed_wrapper:/home/baris/mavivatan_ws/install/zed_debug:/home/baris/mavivatan_ws/install/zed_components:/home/baris/mavivatan_ws/install/zed_msgs LD_LIBRARY_PATH=/home/baris/mavivatan_ws/install/mavivatan_interfaces/lib:/home/baris/mavivatan_ws/install/zed_components/lib:/home/baris/mavivatan_ws/install/zed_msgs/lib:/opt/ros/humble/opt/rviz_ogre_vendor/lib:/opt/ros/humble/lib/aarch64-linux-gnu:/opt/ros/humble/lib:/usr/local/cuda-12.6/lib64 PYTHONPATH=/home/baris/mavivatan_ws/build/mavivatan_paket/prefix_override:/usr/lib/python3/dist-packages/colcon_core/task/python/colcon_distutils_commands:/home/baris/mavivatan_ws/install/mavivatan_paket/lib/python3.10/site-packages:${PYTHONPATH} /usr/bin/python3 -W ignore:setup.py install is deprecated -W ignore:easy_install command is deprecated setup.py egg_info --egg-base ../../../../build/mavivatan_paket build --build-base /home/baris/mavivatan_ws/build/mavivatan_paket/build install --record /home/baris/mavivatan_ws/build/mavivatan_paket/install.log --single-version-externally-managed install_data
[2.405s] running egg_info
[2.406s] writing ../../../../build/mavivatan_paket/mavivatan_paket.egg-info/PKG-INFO
[2.407s] writing dependency_links to ../../../../build/mavivatan_paket/mavivatan_paket.egg-info/dependency_links.txt
[2.407s] writing entry points to ../../../../build/mavivatan_paket/mavivatan_paket.egg-info/entry_points.txt
[2.409s] writing requirements to ../../../../build/mavivatan_paket/mavivatan_paket.egg-info/requires.txt
[2.410s] writing top-level names to ../../../../build/mavivatan_paket/mavivatan_paket.egg-info/top_level.txt
[2.413s] reading manifest file '../../../../build/mavivatan_paket/mavivatan_paket.egg-info/SOURCES.txt'
[2.415s] writing manifest file '../../../../build/mavivatan_paket/mavivatan_paket.egg-info/SOURCES.txt'
[2.415s] running build
[2.415s] running build_py
[2.416s] copying mavivatan_paket/yolo_hedef_tespiti.py -> /home/baris/mavivatan_ws/build/mavivatan_paket/build/lib/mavivatan_paket
[2.418s] running install
[2.419s] running install_lib
[2.424s] copying /home/baris/mavivatan_ws/build/mavivatan_paket/build/lib/mavivatan_paket/yolo_hedef_tespiti.py -> /home/baris/mavivatan_ws/install/mavivatan_paket/lib/python3.10/site-packages/mavivatan_paket
[2.426s] byte-compiling /home/baris/mavivatan_ws/install/mavivatan_paket/lib/python3.10/site-packages/mavivatan_paket/yolo_hedef_tespiti.py to yolo_hedef_tespiti.cpython-310.pyc
[2.430s] running install_data
[2.430s] running install_egg_info
[2.435s] removing '/home/baris/mavivatan_ws/install/mavivatan_paket/lib/python3.10/site-packages/mavivatan_paket-0.0.0-py3.10.egg-info' (and everything under it)
[2.436s] Copying ../../../../build/mavivatan_paket/mavivatan_paket.egg-info to /home/baris/mavivatan_ws/install/mavivatan_paket/lib/python3.10/site-packages/mavivatan_paket-0.0.0-py3.10.egg-info
[2.438s] running install_scripts
[2.489s] Installing abone_dugumu script to /home/baris/mavivatan_ws/install/mavivatan_paket/lib/mavivatan_paket
[2.489s] Installing gorev_yoneticisi script to /home/baris/mavivatan_ws/install/mavivatan_paket/lib/mavivatan_paket
[2.490s] Installing gps_navigasyon script to /home/baris/mavivatan_ws/install/mavivatan_paket/lib/mavivatan_paket
[2.490s] Installing ilk_dugum script to /home/baris/mavivatan_ws/install/mavivatan_paket/lib/mavivatan_paket
[2.490s] Installing kanal_navigasyonu script to /home/baris/mavivatan_ws/install/mavivatan_paket/lib/mavivatan_paket
[2.491s] Installing mavlink_motor script to /home/baris/mavivatan_ws/install/mavivatan_paket/lib/mavivatan_paket
[2.491s] Installing navigasyon_ve_karar script to /home/baris/mavivatan_ws/install/mavivatan_paket/lib/mavivatan_paket
[2.491s] Installing sensor_fuzyonu script to /home/baris/mavivatan_ws/install/mavivatan_paket/lib/mavivatan_paket
[2.491s] Installing telemetri_merkezi script to /home/baris/mavivatan_ws/install/mavivatan_paket/lib/mavivatan_paket
[2.492s] Installing yolo_hedef_tespiti script to /home/baris/mavivatan_ws/install/mavivatan_paket/lib/mavivatan_paket
[2.493s] writing list of installed files to '/home/baris/mavivatan_ws/build/mavivatan_paket/install.log'
[2.578s] Invoked command in '/home/baris/mavivatan_ws/src/mavivatan_otonomi/src/mavivatan_paket' returned '0': CMAKE_PREFIX_PATH=/home/baris/mavivatan_ws/install/mavivatan_interfaces:/home/baris/mavivatan_ws/install/zed_ros2:/home/baris/mavivatan_ws/install/zed_wrapper:/home/baris/mavivatan_ws/install/zed_debug:/home/baris/mavivatan_ws/install/zed_components:/home/baris/mavivatan_ws/install/zed_msgs LD_LIBRARY_PATH=/home/baris/mavivatan_ws/install/mavivatan_interfaces/lib:/home/baris/mavivatan_ws/install/zed_components/lib:/home/baris/mavivatan_ws/install/zed_msgs/lib:/opt/ros/humble/opt/rviz_ogre_vendor/lib:/opt/ros/humble/lib/aarch64-linux-gnu:/opt/ros/humble/lib:/usr/local/cuda-12.6/lib64 PYTHONPATH=/home/baris/mavivatan_ws/build/mavivatan_paket/prefix_override:/usr/lib/python3/dist-packages/colcon_core/task/python/colcon_distutils_commands:/home/baris/mavivatan_ws/install/mavivatan_paket/lib/python3.10/site-packages:${PYTHONPATH} /usr/bin/python3 -W ignore:setup.py install is deprecated -W ignore:easy_install command is deprecated setup.py egg_info --egg-base ../../../../build/mavivatan_paket build --build-base /home/baris/mavivatan_ws/build/mavivatan_paket/build install --record /home/baris/mavivatan_ws/build/mavivatan_paket/install.log --single-version-externally-managed install_data
