[0.387s] [34mcolcon[0m [1;30mDEBUG[0m [32mCommand line arguments: ['/usr/bin/colcon', 'build', '--cmake-args=-DCMAKE_BUILD_TYPE=Release'][0m
[0.387s] [34mcolcon[0m [1;30mDEBUG[0m [32mParsed command line arguments: Namespace(log_base=None, log_level=None, verb_name='build', build_base='build', install_base='install', merge_install=False, symlink_install=False, test_result_base=None, continue_on_error=False, executor='parallel', parallel_workers=6, event_handlers=None, ignore_user_meta=False, metas=['./colcon.meta'], base_paths=['.'], packages_ignore=None, packages_ignore_regex=None, paths=None, packages_up_to=None, packages_up_to_regex=None, packages_above=None, packages_above_and_dependencies=None, packages_above_depth=None, packages_select_by_dep=None, packages_skip_by_dep=None, packages_skip_up_to=None, packages_select_build_failed=False, packages_skip_build_finished=False, packages_select_test_failures=False, packages_skip_test_passed=False, packages_select=None, packages_skip=None, packages_select_regex=None, packages_skip_regex=None, packages_start=None, packages_end=None, allow_overriding=[], cmake_args=['-DCMAKE_BUILD_TYPE=Release'], cmake_target=None, cmake_target_skip_unavailable=False, cmake_clean_cache=False, cmake_clean_first=False, cmake_force_configure=False, ament_cmake_args=None, catkin_cmake_args=None, catkin_skip_building_tests=False, verb_parser=<colcon_defaults.argument_parser.defaults.DefaultArgumentsDecorator object at 0xffff93beb220>, verb_extension=<colcon_core.verb.build.BuildVerb object at 0xffff93b34400>, main=<bound method BuildVerb.main of <colcon_core.verb.build.BuildVerb object at 0xffff93b34400>>)[0m
[0.854s] [34mcolcon.colcon_core.package_discovery[0m [1;30mLevel 1[0m discover_packages(colcon_meta) check parameters
[0.855s] [34mcolcon.colcon_core.package_discovery[0m [1;30mLevel 1[0m discover_packages(recursive) check parameters
[0.855s] [34mcolcon.colcon_core.package_discovery[0m [1;30mLevel 1[0m discover_packages(ignore) check parameters
[0.855s] [34mcolcon.colcon_core.package_discovery[0m [1;30mLevel 1[0m discover_packages(path) check parameters
[0.855s] [34mcolcon.colcon_core.package_discovery[0m [1;30mLevel 1[0m discover_packages(colcon_meta) discover
[0.855s] [34mcolcon.colcon_core.package_discovery[0m [1;30mLevel 1[0m discover_packages(recursive) discover
[0.855s] [34mcolcon.colcon_core.package_discovery[0m [1;30mINFO[0m Crawling recursively for packages in '/home/baris/mavivatan_ws'
[0.855s] [34mcolcon.colcon_core.package_identification[0m [1;30mLevel 1[0m _identify(.) by extensions ['ignore', 'ignore_ament_install']
[0.856s] [34mcolcon.colcon_core.package_identification[0m [1;30mLevel 1[0m _identify(.) by extension 'ignore'
[0.856s] [34mcolcon.colcon_core.package_identification[0m [1;30mLevel 1[0m _identify(.) by extension 'ignore_ament_install'
[0.856s] [34mcolcon.colcon_core.package_identification[0m [1;30mLevel 1[0m _identify(.) by extensions ['colcon_pkg']
[0.856s] [34mcolcon.colcon_core.package_identification[0m [1;30mLevel 1[0m _identify(.) by extension 'colcon_pkg'
[0.856s] [34mcolcon.colcon_core.package_identification[0m [1;30mLevel 1[0m _identify(.) by extensions ['colcon_meta']
[0.856s] [34mcolcon.colcon_core.package_identification[0m [1;30mLevel 1[0m _identify(.) by extension 'colcon_meta'
[0.856s] [34mcolcon.colcon_core.package_identification[0m [1;30mLevel 1[0m _identify(.) by extensions ['ros']
[0.857s] [34mcolcon.colcon_core.package_identification[0m [1;30mLevel 1[0m _identify(.) by extension 'ros'
[0.884s] [34mcolcon.colcon_core.package_identification[0m [1;30mLevel 1[0m _identify(.) by extensions ['cmake', 'python']
[0.885s] [34mcolcon.colcon_core.package_identification[0m [1;30mLevel 1[0m _identify(.) by extension 'cmake'
[0.885s] [34mcolcon.colcon_core.package_identification[0m [1;30mLevel 1[0m _identify(.) by extension 'python'
[0.885s] [34mcolcon.colcon_core.package_identification[0m [1;30mLevel 1[0m _identify(.) by extensions ['python_setup_py']
[0.885s] [34mcolcon.colcon_core.package_identification[0m [1;30mLevel 1[0m _identify(.) by extension 'python_setup_py'
[0.885s] [34mcolcon.colcon_core.package_identification[0m [1;30mLevel 1[0m _identify(build) by extensions ['ignore', 'ignore_ament_install']
[0.886s] [34mcolcon.colcon_core.package_identification[0m [1;30mLevel 1[0m _identify(build) by extension 'ignore'
[0.886s] [34mcolcon.colcon_core.package_identification[0m [1;30mLevel 1[0m _identify(build) ignored
[0.886s] [34mcolcon.colcon_core.package_identification[0m [1;30mLevel 1[0m _identify(install) by extensions ['ignore', 'ignore_ament_install']
[0.886s] [34mcolcon.colcon_core.package_identification[0m [1;30mLevel 1[0m _identify(install) by extension 'ignore'
[0.886s] [34mcolcon.colcon_core.package_identification[0m [1;30mLevel 1[0m _identify(install) ignored
[0.887s] [34mcolcon.colcon_core.package_identification[0m [1;30mLevel 1[0m _identify(log) by extensions ['ignore', 'ignore_ament_install']
[0.887s] [34mcolcon.colcon_core.package_identification[0m [1;30mLevel 1[0m _identify(log) by extension 'ignore'
[0.887s] [34mcolcon.colcon_core.package_identification[0m [1;30mLevel 1[0m _identify(log) ignored
[0.887s] [34mcolcon.colcon_core.package_identification[0m [1;30mLevel 1[0m _identify(src) by extensions ['ignore', 'ignore_ament_install']
[0.887s] [34mcolcon.colcon_core.package_identification[0m [1;30mLevel 1[0m _identify(src) by extension 'ignore'
[0.887s] [34mcolcon.colcon_core.package_identification[0m [1;30mLevel 1[0m _identify(src) by extension 'ignore_ament_install'
[0.888s] [34mcolcon.colcon_core.package_identification[0m [1;30mLevel 1[0m _identify(src) by extensions ['colcon_pkg']
[0.888s] [34mcolcon.colcon_core.package_identification[0m [1;30mLevel 1[0m _identify(src) by extension 'colcon_pkg'
[0.888s] [34mcolcon.colcon_core.package_identification[0m [1;30mLevel 1[0m _identify(src) by extensions ['colcon_meta']
[0.888s] [34mcolcon.colcon_core.package_identification[0m [1;30mLevel 1[0m _identify(src) by extension 'colcon_meta'
[0.888s] [34mcolcon.colcon_core.package_identification[0m [1;30mLevel 1[0m _identify(src) by extensions ['ros']
[0.888s] [34mcolcon.colcon_core.package_identification[0m [1;30mLevel 1[0m _identify(src) by extension 'ros'
[0.888s] [34mcolcon.colcon_core.package_identification[0m [1;30mLevel 1[0m _identify(src) by extensions ['cmake', 'python']
[0.889s] [34mcolcon.colcon_core.package_identification[0m [1;30mLevel 1[0m _identify(src) by extension 'cmake'
[0.889s] [34mcolcon.colcon_core.package_identification[0m [1;30mLevel 1[0m _identify(src) by extension 'python'
[0.889s] [34mcolcon.colcon_core.package_identification[0m [1;30mLevel 1[0m _identify(src) by extensions ['python_setup_py']
[0.889s] [34mcolcon.colcon_core.package_identification[0m [1;30mLevel 1[0m _identify(src) by extension 'python_setup_py'
[0.889s] [34mcolcon.colcon_core.package_identification[0m [1;30mLevel 1[0m _identify(src/mavivatan_otonomi) by extensions ['ignore', 'ignore_ament_install']
[0.889s] [34mcolcon.colcon_core.package_identification[0m [1;30mLevel 1[0m _identify(src/mavivatan_otonomi) by extension 'ignore'
[0.890s] [34mcolcon.colcon_core.package_identification[0m [1;30mLevel 1[0m _identify(src/mavivatan_otonomi) by extension 'ignore_ament_install'
[0.890s] [34mcolcon.colcon_core.package_identification[0m [1;30mLevel 1[0m _identify(src/mavivatan_otonomi) by extensions ['colcon_pkg']
[0.890s] [34mcolcon.colcon_core.package_identification[0m [1;30mLevel 1[0m _identify(src/mavivatan_otonomi) by extension 'colcon_pkg'
[0.890s] [34mcolcon.colcon_core.package_identification[0m [1;30mLevel 1[0m _identify(src/mavivatan_otonomi) by extensions ['colcon_meta']
[0.890s] [34mcolcon.colcon_core.package_identification[0m [1;30mLevel 1[0m _identify(src/mavivatan_otonomi) by extension 'colcon_meta'
[0.890s] [34mcolcon.colcon_core.package_identification[0m [1;30mLevel 1[0m _identify(src/mavivatan_otonomi) by extensions ['ros']
[0.890s] [34mcolcon.colcon_core.package_identification[0m [1;30mLevel 1[0m _identify(src/mavivatan_otonomi) by extension 'ros'
[0.890s] [34mcolcon.colcon_core.package_identification[0m [1;30mLevel 1[0m _identify(src/mavivatan_otonomi) by extensions ['cmake', 'python']
[0.891s] [34mcolcon.colcon_core.package_identification[0m [1;30mLevel 1[0m _identify(src/mavivatan_otonomi) by extension 'cmake'
[0.891s] [34mcolcon.colcon_core.package_identification[0m [1;30mLevel 1[0m _identify(src/mavivatan_otonomi) by extension 'python'
[0.891s] [34mcolcon.colcon_core.package_identification[0m [1;30mLevel 1[0m _identify(src/mavivatan_otonomi) by extensions ['python_setup_py']
[0.891s] [34mcolcon.colcon_core.package_identification[0m [1;30mLevel 1[0m _identify(src/mavivatan_otonomi) by extension 'python_setup_py'
[0.891s] [34mcolcon.colcon_core.package_identification[0m [1;30mLevel 1[0m _identify(src/mavivatan_otonomi/src) by extensions ['ignore', 'ignore_ament_install']
[0.891s] [34mcolcon.colcon_core.package_identification[0m [1;30mLevel 1[0m _identify(src/mavivatan_otonomi/src) by extension 'ignore'
[0.892s] [34mcolcon.colcon_core.package_identification[0m [1;30mLevel 1[0m _identify(src/mavivatan_otonomi/src) by extension 'ignore_ament_install'
[0.892s] [34mcolcon.colcon_core.package_identification[0m [1;30mLevel 1[0m _identify(src/mavivatan_otonomi/src) by extensions ['colcon_pkg']
[0.892s] [34mcolcon.colcon_core.package_identification[0m [1;30mLevel 1[0m _identify(src/mavivatan_otonomi/src) by extension 'colcon_pkg'
[0.892s] [34mcolcon.colcon_core.package_identification[0m [1;30mLevel 1[0m _identify(src/mavivatan_otonomi/src) by extensions ['colcon_meta']
[0.892s] [34mcolcon.colcon_core.package_identification[0m [1;30mLevel 1[0m _identify(src/mavivatan_otonomi/src) by extension 'colcon_meta'
[0.892s] [34mcolcon.colcon_core.package_identification[0m [1;30mLevel 1[0m _identify(src/mavivatan_otonomi/src) by extensions ['ros']
[0.892s] [34mcolcon.colcon_core.package_identification[0m [1;30mLevel 1[0m _identify(src/mavivatan_otonomi/src) by extension 'ros'
[0.892s] [34mcolcon.colcon_core.package_identification[0m [1;30mLevel 1[0m _identify(src/mavivatan_otonomi/src) by extensions ['cmake', 'python']
[0.893s] [34mcolcon.colcon_core.package_identification[0m [1;30mLevel 1[0m _identify(src/mavivatan_otonomi/src) by extension 'cmake'
[0.893s] [34mcolcon.colcon_core.package_identification[0m [1;30mLevel 1[0m _identify(src/mavivatan_otonomi/src) by extension 'python'
[0.893s] [34mcolcon.colcon_core.package_identification[0m [1;30mLevel 1[0m _identify(src/mavivatan_otonomi/src) by extensions ['python_setup_py']
[0.893s] [34mcolcon.colcon_core.package_identification[0m [1;30mLevel 1[0m _identify(src/mavivatan_otonomi/src) by extension 'python_setup_py'
[0.893s] [34mcolcon.colcon_core.package_identification[0m [1;30mLevel 1[0m _identify(src/mavivatan_otonomi/src/mavivatan_interfaces) by extensions ['ignore', 'ignore_ament_install']
[0.893s] [34mcolcon.colcon_core.package_identification[0m [1;30mLevel 1[0m _identify(src/mavivatan_otonomi/src/mavivatan_interfaces) by extension 'ignore'
[0.894s] [34mcolcon.colcon_core.package_identification[0m [1;30mLevel 1[0m _identify(src/mavivatan_otonomi/src/mavivatan_interfaces) by extension 'ignore_ament_install'
[0.894s] [34mcolcon.colcon_core.package_identification[0m [1;30mLevel 1[0m _identify(src/mavivatan_otonomi/src/mavivatan_interfaces) by extensions ['colcon_pkg']
[0.894s] [34mcolcon.colcon_core.package_identification[0m [1;30mLevel 1[0m _identify(src/mavivatan_otonomi/src/mavivatan_interfaces) by extension 'colcon_pkg'
[0.894s] [34mcolcon.colcon_core.package_identification[0m [1;30mLevel 1[0m _identify(src/mavivatan_otonomi/src/mavivatan_interfaces) by extensions ['colcon_meta']
[0.894s] [34mcolcon.colcon_core.package_identification[0m [1;30mLevel 1[0m _identify(src/mavivatan_otonomi/src/mavivatan_interfaces) by extension 'colcon_meta'
[0.894s] [34mcolcon.colcon_core.package_identification[0m [1;30mLevel 1[0m _identify(src/mavivatan_otonomi/src/mavivatan_interfaces) by extensions ['ros']
[0.894s] [34mcolcon.colcon_core.package_identification[0m [1;30mLevel 1[0m _identify(src/mavivatan_otonomi/src/mavivatan_interfaces) by extension 'ros'
[0.901s] [34mcolcon.colcon_core.package_identification[0m [1;30mDEBUG[0m [32mPackage 'src/mavivatan_otonomi/src/mavivatan_interfaces' with type 'ros.ament_cmake' and name 'mavivatan_interfaces'[0m
[0.902s] [34mcolcon.colcon_core.package_identification[0m [1;30mLevel 1[0m _identify(src/mavivatan_otonomi/src/mavivatan_paket) by extensions ['ignore', 'ignore_ament_install']
[0.902s] [34mcolcon.colcon_core.package_identification[0m [1;30mLevel 1[0m _identify(src/mavivatan_otonomi/src/mavivatan_paket) by extension 'ignore'
[0.902s] [34mcolcon.colcon_core.package_identification[0m [1;30mLevel 1[0m _identify(src/mavivatan_otonomi/src/mavivatan_paket) by extension 'ignore_ament_install'
[0.902s] [34mcolcon.colcon_core.package_identification[0m [1;30mLevel 1[0m _identify(src/mavivatan_otonomi/src/mavivatan_paket) by extensions ['colcon_pkg']
[0.902s] [34mcolcon.colcon_core.package_identification[0m [1;30mLevel 1[0m _identify(src/mavivatan_otonomi/src/mavivatan_paket) by extension 'colcon_pkg'
[0.902s] [34mcolcon.colcon_core.package_identification[0m [1;30mLevel 1[0m _identify(src/mavivatan_otonomi/src/mavivatan_paket) by extensions ['colcon_meta']
[0.903s] [34mcolcon.colcon_core.package_identification[0m [1;30mLevel 1[0m _identify(src/mavivatan_otonomi/src/mavivatan_paket) by extension 'colcon_meta'
[0.903s] [34mcolcon.colcon_core.package_identification[0m [1;30mLevel 1[0m _identify(src/mavivatan_otonomi/src/mavivatan_paket) by extensions ['ros']
[0.903s] [34mcolcon.colcon_core.package_identification[0m [1;30mLevel 1[0m _identify(src/mavivatan_otonomi/src/mavivatan_paket) by extension 'ros'
[0.904s] [34mcolcon.colcon_core.package_identification[0m [1;30mDEBUG[0m [32mPackage 'src/mavivatan_otonomi/src/mavivatan_paket' with type 'ros.ament_python' and name 'mavivatan_paket'[0m
[0.905s] [34mcolcon.colcon_core.package_identification[0m [1;30mLevel 1[0m _identify(src/zed-ros2-interfaces) by extensions ['ignore', 'ignore_ament_install']
[0.905s] [34mcolcon.colcon_core.package_identification[0m [1;30mLevel 1[0m _identify(src/zed-ros2-interfaces) by extension 'ignore'
[0.905s] [34mcolcon.colcon_core.package_identification[0m [1;30mLevel 1[0m _identify(src/zed-ros2-interfaces) by extension 'ignore_ament_install'
[0.905s] [34mcolcon.colcon_core.package_identification[0m [1;30mLevel 1[0m _identify(src/zed-ros2-interfaces) by extensions ['colcon_pkg']
[0.905s] [34mcolcon.colcon_core.package_identification[0m [1;30mLevel 1[0m _identify(src/zed-ros2-interfaces) by extension 'colcon_pkg'
[0.906s] [34mcolcon.colcon_core.package_identification[0m [1;30mLevel 1[0m _identify(src/zed-ros2-interfaces) by extensions ['colcon_meta']
[0.906s] [34mcolcon.colcon_core.package_identification[0m [1;30mLevel 1[0m _identify(src/zed-ros2-interfaces) by extension 'colcon_meta'
[0.906s] [34mcolcon.colcon_core.package_identification[0m [1;30mLevel 1[0m _identify(src/zed-ros2-interfaces) by extensions ['ros']
[0.906s] [34mcolcon.colcon_core.package_identification[0m [1;30mLevel 1[0m _identify(src/zed-ros2-interfaces) by extension 'ros'
[0.908s] [34mcolcon.colcon_core.package_identification[0m [1;30mDEBUG[0m [32mPackage 'src/zed-ros2-interfaces' with type 'ros.ament_cmake' and name 'zed_msgs'[0m
[0.908s] [34mcolcon.colcon_core.package_identification[0m [1;30mLevel 1[0m _identify(src/zed-ros2-wrapper) by extensions ['ignore', 'ignore_ament_install']
[0.909s] [34mcolcon.colcon_core.package_identification[0m [1;30mLevel 1[0m _identify(src/zed-ros2-wrapper) by extension 'ignore'
[0.909s] [34mcolcon.colcon_core.package_identification[0m [1;30mLevel 1[0m _identify(src/zed-ros2-wrapper) by extension 'ignore_ament_install'
[0.909s] [34mcolcon.colcon_core.package_identification[0m [1;30mLevel 1[0m _identify(src/zed-ros2-wrapper) by extensions ['colcon_pkg']
[0.909s] [34mcolcon.colcon_core.package_identification[0m [1;30mLevel 1[0m _identify(src/zed-ros2-wrapper) by extension 'colcon_pkg'
[0.909s] [34mcolcon.colcon_core.package_identification[0m [1;30mLevel 1[0m _identify(src/zed-ros2-wrapper) by extensions ['colcon_meta']
[0.909s] [34mcolcon.colcon_core.package_identification[0m [1;30mLevel 1[0m _identify(src/zed-ros2-wrapper) by extension 'colcon_meta'
[0.909s] [34mcolcon.colcon_core.package_identification[0m [1;30mLevel 1[0m _identify(src/zed-ros2-wrapper) by extensions ['ros']
[0.910s] [34mcolcon.colcon_core.package_identification[0m [1;30mLevel 1[0m _identify(src/zed-ros2-wrapper) by extension 'ros'
[0.910s] [34mcolcon.colcon_core.package_identification[0m [1;30mLevel 1[0m _identify(src/zed-ros2-wrapper) by extensions ['cmake', 'python']
[0.910s] [34mcolcon.colcon_core.package_identification[0m [1;30mLevel 1[0m _identify(src/zed-ros2-wrapper) by extension 'cmake'
[0.910s] [34mcolcon.colcon_core.package_identification[0m [1;30mLevel 1[0m _identify(src/zed-ros2-wrapper) by extension 'python'
[0.910s] [34mcolcon.colcon_core.package_identification[0m [1;30mLevel 1[0m _identify(src/zed-ros2-wrapper) by extensions ['python_setup_py']
[0.910s] [34mcolcon.colcon_core.package_identification[0m [1;30mLevel 1[0m _identify(src/zed-ros2-wrapper) by extension 'python_setup_py'
[0.910s] [34mcolcon.colcon_core.package_identification[0m [1;30mLevel 1[0m _identify(src/zed-ros2-wrapper/docker) by extensions ['ignore', 'ignore_ament_install']
[0.911s] [34mcolcon.colcon_core.package_identification[0m [1;30mLevel 1[0m _identify(src/zed-ros2-wrapper/docker) by extension 'ignore'
[0.911s] [34mcolcon.colcon_core.package_identification[0m [1;30mLevel 1[0m _identify(src/zed-ros2-wrapper/docker) by extension 'ignore_ament_install'
[0.911s] [34mcolcon.colcon_core.package_identification[0m [1;30mLevel 1[0m _identify(src/zed-ros2-wrapper/docker) by extensions ['colcon_pkg']
[0.911s] [34mcolcon.colcon_core.package_identification[0m [1;30mLevel 1[0m _identify(src/zed-ros2-wrapper/docker) by extension 'colcon_pkg'
[0.911s] [34mcolcon.colcon_core.package_identification[0m [1;30mLevel 1[0m _identify(src/zed-ros2-wrapper/docker) by extensions ['colcon_meta']
[0.911s] [34mcolcon.colcon_core.package_identification[0m [1;30mLevel 1[0m _identify(src/zed-ros2-wrapper/docker) by extension 'colcon_meta'
[0.911s] [34mcolcon.colcon_core.package_identification[0m [1;30mLevel 1[0m _identify(src/zed-ros2-wrapper/docker) by extensions ['ros']
[0.911s] [34mcolcon.colcon_core.package_identification[0m [1;30mLevel 1[0m _identify(src/zed-ros2-wrapper/docker) by extension 'ros'
[0.912s] [34mcolcon.colcon_core.package_identification[0m [1;30mLevel 1[0m _identify(src/zed-ros2-wrapper/docker) by extensions ['cmake', 'python']
[0.912s] [34mcolcon.colcon_core.package_identification[0m [1;30mLevel 1[0m _identify(src/zed-ros2-wrapper/docker) by extension 'cmake'
[0.912s] [34mcolcon.colcon_core.package_identification[0m [1;30mLevel 1[0m _identify(src/zed-ros2-wrapper/docker) by extension 'python'
[0.912s] [34mcolcon.colcon_core.package_identification[0m [1;30mLevel 1[0m _identify(src/zed-ros2-wrapper/docker) by extensions ['python_setup_py']
[0.912s] [34mcolcon.colcon_core.package_identification[0m [1;30mLevel 1[0m _identify(src/zed-ros2-wrapper/docker) by extension 'python_setup_py'
[0.912s] [34mcolcon.colcon_core.package_identification[0m [1;30mLevel 1[0m _identify(src/zed-ros2-wrapper/images) by extensions ['ignore', 'ignore_ament_install']
[0.912s] [34mcolcon.colcon_core.package_identification[0m [1;30mLevel 1[0m _identify(src/zed-ros2-wrapper/images) by extension 'ignore'
[0.913s] [34mcolcon.colcon_core.package_identification[0m [1;30mLevel 1[0m _identify(src/zed-ros2-wrapper/images) by extension 'ignore_ament_install'
[0.913s] [34mcolcon.colcon_core.package_identification[0m [1;30mLevel 1[0m _identify(src/zed-ros2-wrapper/images) by extensions ['colcon_pkg']
[0.913s] [34mcolcon.colcon_core.package_identification[0m [1;30mLevel 1[0m _identify(src/zed-ros2-wrapper/images) by extension 'colcon_pkg'
[0.913s] [34mcolcon.colcon_core.package_identification[0m [1;30mLevel 1[0m _identify(src/zed-ros2-wrapper/images) by extensions ['colcon_meta']
[0.913s] [34mcolcon.colcon_core.package_identification[0m [1;30mLevel 1[0m _identify(src/zed-ros2-wrapper/images) by extension 'colcon_meta'
[0.913s] [34mcolcon.colcon_core.package_identification[0m [1;30mLevel 1[0m _identify(src/zed-ros2-wrapper/images) by extensions ['ros']
[0.913s] [34mcolcon.colcon_core.package_identification[0m [1;30mLevel 1[0m _identify(src/zed-ros2-wrapper/images) by extension 'ros'
[0.913s] [34mcolcon.colcon_core.package_identification[0m [1;30mLevel 1[0m _identify(src/zed-ros2-wrapper/images) by extensions ['cmake', 'python']
[0.914s] [34mcolcon.colcon_core.package_identification[0m [1;30mLevel 1[0m _identify(src/zed-ros2-wrapper/images) by extension 'cmake'
[0.914s] [34mcolcon.colcon_core.package_identification[0m [1;30mLevel 1[0m _identify(src/zed-ros2-wrapper/images) by extension 'python'
[0.914s] [34mcolcon.colcon_core.package_identification[0m [1;30mLevel 1[0m _identify(src/zed-ros2-wrapper/images) by extensions ['python_setup_py']
[0.914s] [34mcolcon.colcon_core.package_identification[0m [1;30mLevel 1[0m _identify(src/zed-ros2-wrapper/images) by extension 'python_setup_py'
[0.914s] [34mcolcon.colcon_core.package_identification[0m [1;30mLevel 1[0m _identify(src/zed-ros2-wrapper/zed_components) by extensions ['ignore', 'ignore_ament_install']
[0.914s] [34mcolcon.colcon_core.package_identification[0m [1;30mLevel 1[0m _identify(src/zed-ros2-wrapper/zed_components) by extension 'ignore'
[0.914s] [34mcolcon.colcon_core.package_identification[0m [1;30mLevel 1[0m _identify(src/zed-ros2-wrapper/zed_components) by extension 'ignore_ament_install'
[0.915s] [34mcolcon.colcon_core.package_identification[0m [1;30mLevel 1[0m _identify(src/zed-ros2-wrapper/zed_components) by extensions ['colcon_pkg']
[0.915s] [34mcolcon.colcon_core.package_identification[0m [1;30mLevel 1[0m _identify(src/zed-ros2-wrapper/zed_components) by extension 'colcon_pkg'
[0.915s] [34mcolcon.colcon_core.package_identification[0m [1;30mLevel 1[0m _identify(src/zed-ros2-wrapper/zed_components) by extensions ['colcon_meta']
[0.915s] [34mcolcon.colcon_core.package_identification[0m [1;30mLevel 1[0m _identify(src/zed-ros2-wrapper/zed_components) by extension 'colcon_meta'
[0.915s] [34mcolcon.colcon_core.package_identification[0m [1;30mLevel 1[0m _identify(src/zed-ros2-wrapper/zed_components) by extensions ['ros']
[0.915s] [34mcolcon.colcon_core.package_identification[0m [1;30mLevel 1[0m _identify(src/zed-ros2-wrapper/zed_components) by extension 'ros'
[0.929s] [34mcolcon.colcon_core.package_identification[0m [1;30mDEBUG[0m [32mPackage 'src/zed-ros2-wrapper/zed_components' with type 'ros.ament_cmake' and name 'zed_components'[0m
[0.929s] [34mcolcon.colcon_core.package_identification[0m [1;30mLevel 1[0m _identify(src/zed-ros2-wrapper/zed_debug) by extensions ['ignore', 'ignore_ament_install']
[0.930s] [34mcolcon.colcon_core.package_identification[0m [1;30mLevel 1[0m _identify(src/zed-ros2-wrapper/zed_debug) by extension 'ignore'
[0.930s] [34mcolcon.colcon_core.package_identification[0m [1;30mLevel 1[0m _identify(src/zed-ros2-wrapper/zed_debug) by extension 'ignore_ament_install'
[0.930s] [34mcolcon.colcon_core.package_identification[0m [1;30mLevel 1[0m _identify(src/zed-ros2-wrapper/zed_debug) by extensions ['colcon_pkg']
[0.930s] [34mcolcon.colcon_core.package_identification[0m [1;30mLevel 1[0m _identify(src/zed-ros2-wrapper/zed_debug) by extension 'colcon_pkg'
[0.930s] [34mcolcon.colcon_core.package_identification[0m [1;30mLevel 1[0m _identify(src/zed-ros2-wrapper/zed_debug) by extensions ['colcon_meta']
[0.930s] [34mcolcon.colcon_core.package_identification[0m [1;30mLevel 1[0m _identify(src/zed-ros2-wrapper/zed_debug) by extension 'colcon_meta'
[0.930s] [34mcolcon.colcon_core.package_identification[0m [1;30mLevel 1[0m _identify(src/zed-ros2-wrapper/zed_debug) by extensions ['ros']
[0.931s] [34mcolcon.colcon_core.package_identification[0m [1;30mLevel 1[0m _identify(src/zed-ros2-wrapper/zed_debug) by extension 'ros'
[0.933s] [34mcolcon.colcon_core.package_identification[0m [1;30mDEBUG[0m [32mPackage 'src/zed-ros2-wrapper/zed_debug' with type 'ros.ament_cmake' and name 'zed_debug'[0m
[0.934s] [34mcolcon.colcon_core.package_identification[0m [1;30mLevel 1[0m _identify(src/zed-ros2-wrapper/zed_ros2) by extensions ['ignore', 'ignore_ament_install']
[0.934s] [34mcolcon.colcon_core.package_identification[0m [1;30mLevel 1[0m _identify(src/zed-ros2-wrapper/zed_ros2) by extension 'ignore'
[0.934s] [34mcolcon.colcon_core.package_identification[0m [1;30mLevel 1[0m _identify(src/zed-ros2-wrapper/zed_ros2) by extension 'ignore_ament_install'
[0.934s] [34mcolcon.colcon_core.package_identification[0m [1;30mLevel 1[0m _identify(src/zed-ros2-wrapper/zed_ros2) by extensions ['colcon_pkg']
[0.935s] [34mcolcon.colcon_core.package_identification[0m [1;30mLevel 1[0m _identify(src/zed-ros2-wrapper/zed_ros2) by extension 'colcon_pkg'
[0.935s] [34mcolcon.colcon_core.package_identification[0m [1;30mLevel 1[0m _identify(src/zed-ros2-wrapper/zed_ros2) by extensions ['colcon_meta']
[0.935s] [34mcolcon.colcon_core.package_identification[0m [1;30mLevel 1[0m _identify(src/zed-ros2-wrapper/zed_ros2) by extension 'colcon_meta'
[0.935s] [34mcolcon.colcon_core.package_identification[0m [1;30mLevel 1[0m _identify(src/zed-ros2-wrapper/zed_ros2) by extensions ['ros']
[0.935s] [34mcolcon.colcon_core.package_identification[0m [1;30mLevel 1[0m _identify(src/zed-ros2-wrapper/zed_ros2) by extension 'ros'
[0.937s] [34mcolcon.colcon_core.package_identification[0m [1;30mDEBUG[0m [32mPackage 'src/zed-ros2-wrapper/zed_ros2' with type 'ros.ament_cmake' and name 'zed_ros2'[0m
[0.937s] [34mcolcon.colcon_core.package_identification[0m [1;30mLevel 1[0m _identify(src/zed-ros2-wrapper/zed_wrapper) by extensions ['ignore', 'ignore_ament_install']
[0.938s] [34mcolcon.colcon_core.package_identification[0m [1;30mLevel 1[0m _identify(src/zed-ros2-wrapper/zed_wrapper) by extension 'ignore'
[0.938s] [34mcolcon.colcon_core.package_identification[0m [1;30mLevel 1[0m _identify(src/zed-ros2-wrapper/zed_wrapper) by extension 'ignore_ament_install'
[0.938s] [34mcolcon.colcon_core.package_identification[0m [1;30mLevel 1[0m _identify(src/zed-ros2-wrapper/zed_wrapper) by extensions ['colcon_pkg']
[0.938s] [34mcolcon.colcon_core.package_identification[0m [1;30mLevel 1[0m _identify(src/zed-ros2-wrapper/zed_wrapper) by extension 'colcon_pkg'
[0.938s] [34mcolcon.colcon_core.package_identification[0m [1;30mLevel 1[0m _identify(src/zed-ros2-wrapper/zed_wrapper) by extensions ['colcon_meta']
[0.938s] [34mcolcon.colcon_core.package_identification[0m [1;30mLevel 1[0m _identify(src/zed-ros2-wrapper/zed_wrapper) by extension 'colcon_meta'
[0.939s] [34mcolcon.colcon_core.package_identification[0m [1;30mLevel 1[0m _identify(src/zed-ros2-wrapper/zed_wrapper) by extensions ['ros']
[0.939s] [34mcolcon.colcon_core.package_identification[0m [1;30mLevel 1[0m _identify(src/zed-ros2-wrapper/zed_wrapper) by extension 'ros'
[0.971s] [34mcolcon.colcon_core.package_identification[0m [1;30mDEBUG[0m [32mPackage 'src/zed-ros2-wrapper/zed_wrapper' with type 'ros.ament_cmake' and name 'zed_wrapper'[0m
[0.971s] [34mcolcon.colcon_core.package_discovery[0m [1;30mLevel 1[0m discover_packages(recursive) using defaults
[0.971s] [34mcolcon.colcon_core.package_discovery[0m [1;30mLevel 1[0m discover_packages(ignore) discover
[0.971s] [34mcolcon.colcon_core.package_discovery[0m [1;30mLevel 1[0m discover_packages(ignore) using defaults
[0.971s] [34mcolcon.colcon_core.package_discovery[0m [1;30mLevel 1[0m discover_packages(path) discover
[0.972s] [34mcolcon.colcon_core.package_discovery[0m [1;30mLevel 1[0m discover_packages(path) using defaults
[1.019s] [34mcolcon.colcon_core.package_discovery[0m [1;30mLevel 1[0m discover_packages(prefix_path) check parameters
[1.019s] [34mcolcon.colcon_core.package_discovery[0m [1;30mLevel 1[0m discover_packages(prefix_path) discover
[1.025s] [34mcolcon.colcon_installed_package_information.package_discovery[0m [1;30mDEBUG[0m [32mFound 4 installed packages in /home/baris/mavivatan_ws/install[0m
[1.028s] [34mcolcon.colcon_installed_package_information.package_discovery[0m [1;30mDEBUG[0m [32mFound 283 installed packages in /opt/ros/humble[0m
[1.030s] [34mcolcon.colcon_core.package_discovery[0m [1;30mLevel 1[0m discover_packages(prefix_path) using defaults
[1.145s] [34mcolcon.colcon_core.verb[0m [1;30mLevel 5[0m set package 'mavivatan_interfaces' build argument 'cmake_args' from command line to '['-DCMAKE_BUILD_TYPE=Release']'
[1.146s] [34mcolcon.colcon_core.verb[0m [1;30mLevel 5[0m set package 'mavivatan_interfaces' build argument 'cmake_target' from command line to 'None'
[1.146s] [34mcolcon.colcon_core.verb[0m [1;30mLevel 5[0m set package 'mavivatan_interfaces' build argument 'cmake_target_skip_unavailable' from command line to 'False'
[1.146s] [34mcolcon.colcon_core.verb[0m [1;30mLevel 5[0m set package 'mavivatan_interfaces' build argument 'cmake_clean_cache' from command line to 'False'
[1.146s] [34mcolcon.colcon_core.verb[0m [1;30mLevel 5[0m set package 'mavivatan_interfaces' build argument 'cmake_clean_first' from command line to 'False'
[1.146s] [34mcolcon.colcon_core.verb[0m [1;30mLevel 5[0m set package 'mavivatan_interfaces' build argument 'cmake_force_configure' from command line to 'False'
[1.146s] [34mcolcon.colcon_core.verb[0m [1;30mLevel 5[0m set package 'mavivatan_interfaces' build argument 'ament_cmake_args' from command line to 'None'
[1.146s] [34mcolcon.colcon_core.verb[0m [1;30mLevel 5[0m set package 'mavivatan_interfaces' build argument 'catkin_cmake_args' from command line to 'None'
[1.146s] [34mcolcon.colcon_core.verb[0m [1;30mLevel 5[0m set package 'mavivatan_interfaces' build argument 'catkin_skip_building_tests' from command line to 'False'
[1.146s] [34mcolcon.colcon_core.verb[0m [1;30mDEBUG[0m [32mBuilding package 'mavivatan_interfaces' with the following arguments: {'ament_cmake_args': None, 'build_base': '/home/baris/mavivatan_ws/build/mavivatan_interfaces', 'catkin_cmake_args': None, 'catkin_skip_building_tests': False, 'cmake_args': ['-DCMAKE_BUILD_TYPE=Release'], 'cmake_clean_cache': False, 'cmake_clean_first': False, 'cmake_force_configure': False, 'cmake_target': None, 'cmake_target_skip_unavailable': False, 'install_base': '/home/baris/mavivatan_ws/install/mavivatan_interfaces', 'merge_install': False, 'path': '/home/baris/mavivatan_ws/src/mavivatan_otonomi/src/mavivatan_interfaces', 'symlink_install': False, 'test_result_base': None}[0m
[1.147s] [34mcolcon.colcon_core.verb[0m [1;30mLevel 5[0m set package 'zed_msgs' build argument 'cmake_args' from command line to '['-DCMAKE_BUILD_TYPE=Release']'
[1.147s] [34mcolcon.colcon_core.verb[0m [1;30mLevel 5[0m set package 'zed_msgs' build argument 'cmake_target' from command line to 'None'
[1.147s] [34mcolcon.colcon_core.verb[0m [1;30mLevel 5[0m set package 'zed_msgs' build argument 'cmake_target_skip_unavailable' from command line to 'False'
[1.147s] [34mcolcon.colcon_core.verb[0m [1;30mLevel 5[0m set package 'zed_msgs' build argument 'cmake_clean_cache' from command line to 'False'
[1.148s] [34mcolcon.colcon_core.verb[0m [1;30mLevel 5[0m set package 'zed_msgs' build argument 'cmake_clean_first' from command line to 'False'
[1.148s] [34mcolcon.colcon_core.verb[0m [1;30mLevel 5[0m set package 'zed_msgs' build argument 'cmake_force_configure' from command line to 'False'
[1.148s] [34mcolcon.colcon_core.verb[0m [1;30mLevel 5[0m set package 'zed_msgs' build argument 'ament_cmake_args' from command line to 'None'
[1.148s] [34mcolcon.colcon_core.verb[0m [1;30mLevel 5[0m set package 'zed_msgs' build argument 'catkin_cmake_args' from command line to 'None'
[1.148s] [34mcolcon.colcon_core.verb[0m [1;30mLevel 5[0m set package 'zed_msgs' build argument 'catkin_skip_building_tests' from command line to 'False'
[1.148s] [34mcolcon.colcon_core.verb[0m [1;30mDEBUG[0m [32mBuilding package 'zed_msgs' with the following arguments: {'ament_cmake_args': None, 'build_base': '/home/baris/mavivatan_ws/build/zed_msgs', 'catkin_cmake_args': None, 'catkin_skip_building_tests': False, 'cmake_args': ['-DCMAKE_BUILD_TYPE=Release'], 'cmake_clean_cache': False, 'cmake_clean_first': False, 'cmake_force_configure': False, 'cmake_target': None, 'cmake_target_skip_unavailable': False, 'install_base': '/home/baris/mavivatan_ws/install/zed_msgs', 'merge_install': False, 'path': '/home/baris/mavivatan_ws/src/zed-ros2-interfaces', 'symlink_install': False, 'test_result_base': None}[0m
[1.149s] [34mcolcon.colcon_core.verb[0m [1;30mLevel 5[0m set package 'mavivatan_paket' build argument 'cmake_args' from command line to '['-DCMAKE_BUILD_TYPE=Release']'
[1.149s] [34mcolcon.colcon_core.verb[0m [1;30mLevel 5[0m set package 'mavivatan_paket' build argument 'cmake_target' from command line to 'None'
[1.149s] [34mcolcon.colcon_core.verb[0m [1;30mLevel 5[0m set package 'mavivatan_paket' build argument 'cmake_target_skip_unavailable' from command line to 'False'
[1.149s] [34mcolcon.colcon_core.verb[0m [1;30mLevel 5[0m set package 'mavivatan_paket' build argument 'cmake_clean_cache' from command line to 'False'
[1.149s] [34mcolcon.colcon_core.verb[0m [1;30mLevel 5[0m set package 'mavivatan_paket' build argument 'cmake_clean_first' from command line to 'False'
[1.149s] [34mcolcon.colcon_core.verb[0m [1;30mLevel 5[0m set package 'mavivatan_paket' build argument 'cmake_force_configure' from command line to 'False'
[1.149s] [34mcolcon.colcon_core.verb[0m [1;30mLevel 5[0m set package 'mavivatan_paket' build argument 'ament_cmake_args' from command line to 'None'
[1.149s] [34mcolcon.colcon_core.verb[0m [1;30mLevel 5[0m set package 'mavivatan_paket' build argument 'catkin_cmake_args' from command line to 'None'
[1.149s] [34mcolcon.colcon_core.verb[0m [1;30mLevel 5[0m set package 'mavivatan_paket' build argument 'catkin_skip_building_tests' from command line to 'False'
[1.149s] [34mcolcon.colcon_core.verb[0m [1;30mDEBUG[0m [32mBuilding package 'mavivatan_paket' with the following arguments: {'ament_cmake_args': None, 'build_base': '/home/baris/mavivatan_ws/build/mavivatan_paket', 'catkin_cmake_args': None, 'catkin_skip_building_tests': False, 'cmake_args': ['-DCMAKE_BUILD_TYPE=Release'], 'cmake_clean_cache': False, 'cmake_clean_first': False, 'cmake_force_configure': False, 'cmake_target': None, 'cmake_target_skip_unavailable': False, 'install_base': '/home/baris/mavivatan_ws/install/mavivatan_paket', 'merge_install': False, 'path': '/home/baris/mavivatan_ws/src/mavivatan_otonomi/src/mavivatan_paket', 'symlink_install': False, 'test_result_base': None}[0m
[1.150s] [34mcolcon.colcon_core.verb[0m [1;30mLevel 5[0m set package 'zed_components' build argument 'cmake_args' from command line to '['-DCMAKE_BUILD_TYPE=Release']'
[1.150s] [34mcolcon.colcon_core.verb[0m [1;30mLevel 5[0m set package 'zed_components' build argument 'cmake_target' from command line to 'None'
[1.150s] [34mcolcon.colcon_core.verb[0m [1;30mLevel 5[0m set package 'zed_components' build argument 'cmake_target_skip_unavailable' from command line to 'False'
[1.150s] [34mcolcon.colcon_core.verb[0m [1;30mLevel 5[0m set package 'zed_components' build argument 'cmake_clean_cache' from command line to 'False'
[1.150s] [34mcolcon.colcon_core.verb[0m [1;30mLevel 5[0m set package 'zed_components' build argument 'cmake_clean_first' from command line to 'False'
[1.150s] [34mcolcon.colcon_core.verb[0m [1;30mLevel 5[0m set package 'zed_components' build argument 'cmake_force_configure' from command line to 'False'
[1.150s] [34mcolcon.colcon_core.verb[0m [1;30mLevel 5[0m set package 'zed_components' build argument 'ament_cmake_args' from command line to 'None'
[1.150s] [34mcolcon.colcon_core.verb[0m [1;30mLevel 5[0m set package 'zed_components' build argument 'catkin_cmake_args' from command line to 'None'
[1.151s] [34mcolcon.colcon_core.verb[0m [1;30mLevel 5[0m set package 'zed_components' build argument 'catkin_skip_building_tests' from command line to 'False'
[1.151s] [34mcolcon.colcon_core.verb[0m [1;30mDEBUG[0m [32mBuilding package 'zed_components' with the following arguments: {'ament_cmake_args': None, 'build_base': '/home/baris/mavivatan_ws/build/zed_components', 'catkin_cmake_args': None, 'catkin_skip_building_tests': False, 'cmake_args': ['-DCMAKE_BUILD_TYPE=Release'], 'cmake_clean_cache': False, 'cmake_clean_first': False, 'cmake_force_configure': False, 'cmake_target': None, 'cmake_target_skip_unavailable': False, 'install_base': '/home/baris/mavivatan_ws/install/zed_components', 'merge_install': False, 'path': '/home/baris/mavivatan_ws/src/zed-ros2-wrapper/zed_components', 'symlink_install': False, 'test_result_base': None}[0m
[1.151s] [34mcolcon.colcon_core.verb[0m [1;30mLevel 5[0m set package 'zed_debug' build argument 'cmake_args' from command line to '['-DCMAKE_BUILD_TYPE=Release']'
[1.151s] [34mcolcon.colcon_core.verb[0m [1;30mLevel 5[0m set package 'zed_debug' build argument 'cmake_target' from command line to 'None'
[1.152s] [34mcolcon.colcon_core.verb[0m [1;30mLevel 5[0m set package 'zed_debug' build argument 'cmake_target_skip_unavailable' from command line to 'False'
[1.152s] [34mcolcon.colcon_core.verb[0m [1;30mLevel 5[0m set package 'zed_debug' build argument 'cmake_clean_cache' from command line to 'False'
[1.152s] [34mcolcon.colcon_core.verb[0m [1;30mLevel 5[0m set package 'zed_debug' build argument 'cmake_clean_first' from command line to 'False'
[1.152s] [34mcolcon.colcon_core.verb[0m [1;30mLevel 5[0m set package 'zed_debug' build argument 'cmake_force_configure' from command line to 'False'
[1.152s] [34mcolcon.colcon_core.verb[0m [1;30mLevel 5[0m set package 'zed_debug' build argument 'ament_cmake_args' from command line to 'None'
[1.152s] [34mcolcon.colcon_core.verb[0m [1;30mLevel 5[0m set package 'zed_debug' build argument 'catkin_cmake_args' from command line to 'None'
[1.152s] [34mcolcon.colcon_core.verb[0m [1;30mLevel 5[0m set package 'zed_debug' build argument 'catkin_skip_building_tests' from command line to 'False'
[1.152s] [34mcolcon.colcon_core.verb[0m [1;30mDEBUG[0m [32mBuilding package 'zed_debug' with the following arguments: {'ament_cmake_args': None, 'build_base': '/home/baris/mavivatan_ws/build/zed_debug', 'catkin_cmake_args': None, 'catkin_skip_building_tests': False, 'cmake_args': ['-DCMAKE_BUILD_TYPE=Release'], 'cmake_clean_cache': False, 'cmake_clean_first': False, 'cmake_force_configure': False, 'cmake_target': None, 'cmake_target_skip_unavailable': False, 'install_base': '/home/baris/mavivatan_ws/install/zed_debug', 'merge_install': False, 'path': '/home/baris/mavivatan_ws/src/zed-ros2-wrapper/zed_debug', 'symlink_install': False, 'test_result_base': None}[0m
[1.153s] [34mcolcon.colcon_core.verb[0m [1;30mLevel 5[0m set package 'zed_wrapper' build argument 'cmake_args' from command line to '['-DCMAKE_BUILD_TYPE=Release']'
[1.153s] [34mcolcon.colcon_core.verb[0m [1;30mLevel 5[0m set package 'zed_wrapper' build argument 'cmake_target' from command line to 'None'
[1.153s] [34mcolcon.colcon_core.verb[0m [1;30mLevel 5[0m set package 'zed_wrapper' build argument 'cmake_target_skip_unavailable' from command line to 'False'
[1.153s] [34mcolcon.colcon_core.verb[0m [1;30mLevel 5[0m set package 'zed_wrapper' build argument 'cmake_clean_cache' from command line to 'False'
[1.153s] [34mcolcon.colcon_core.verb[0m [1;30mLevel 5[0m set package 'zed_wrapper' build argument 'cmake_clean_first' from command line to 'False'
[1.153s] [34mcolcon.colcon_core.verb[0m [1;30mLevel 5[0m set package 'zed_wrapper' build argument 'cmake_force_configure' from command line to 'False'
[1.153s] [34mcolcon.colcon_core.verb[0m [1;30mLevel 5[0m set package 'zed_wrapper' build argument 'ament_cmake_args' from command line to 'None'
[1.153s] [34mcolcon.colcon_core.verb[0m [1;30mLevel 5[0m set package 'zed_wrapper' build argument 'catkin_cmake_args' from command line to 'None'
[1.153s] [34mcolcon.colcon_core.verb[0m [1;30mLevel 5[0m set package 'zed_wrapper' build argument 'catkin_skip_building_tests' from command line to 'False'
[1.153s] [34mcolcon.colcon_core.verb[0m [1;30mDEBUG[0m [32mBuilding package 'zed_wrapper' with the following arguments: {'ament_cmake_args': None, 'build_base': '/home/baris/mavivatan_ws/build/zed_wrapper', 'catkin_cmake_args': None, 'catkin_skip_building_tests': False, 'cmake_args': ['-DCMAKE_BUILD_TYPE=Release'], 'cmake_clean_cache': False, 'cmake_clean_first': False, 'cmake_force_configure': False, 'cmake_target': None, 'cmake_target_skip_unavailable': False, 'install_base': '/home/baris/mavivatan_ws/install/zed_wrapper', 'merge_install': False, 'path': '/home/baris/mavivatan_ws/src/zed-ros2-wrapper/zed_wrapper', 'symlink_install': False, 'test_result_base': None}[0m
[1.154s] [34mcolcon.colcon_core.verb[0m [1;30mLevel 5[0m set package 'zed_ros2' build argument 'cmake_args' from command line to '['-DCMAKE_BUILD_TYPE=Release']'
[1.154s] [34mcolcon.colcon_core.verb[0m [1;30mLevel 5[0m set package 'zed_ros2' build argument 'cmake_target' from command line to 'None'
[1.154s] [34mcolcon.colcon_core.verb[0m [1;30mLevel 5[0m set package 'zed_ros2' build argument 'cmake_target_skip_unavailable' from command line to 'False'
[1.154s] [34mcolcon.colcon_core.verb[0m [1;30mLevel 5[0m set package 'zed_ros2' build argument 'cmake_clean_cache' from command line to 'False'
[1.154s] [34mcolcon.colcon_core.verb[0m [1;30mLevel 5[0m set package 'zed_ros2' build argument 'cmake_clean_first' from command line to 'False'
[1.154s] [34mcolcon.colcon_core.verb[0m [1;30mLevel 5[0m set package 'zed_ros2' build argument 'cmake_force_configure' from command line to 'False'
[1.154s] [34mcolcon.colcon_core.verb[0m [1;30mLevel 5[0m set package 'zed_ros2' build argument 'ament_cmake_args' from command line to 'None'
[1.154s] [34mcolcon.colcon_core.verb[0m [1;30mLevel 5[0m set package 'zed_ros2' build argument 'catkin_cmake_args' from command line to 'None'
[1.155s] [34mcolcon.colcon_core.verb[0m [1;30mLevel 5[0m set package 'zed_ros2' build argument 'catkin_skip_building_tests' from command line to 'False'
[1.155s] [34mcolcon.colcon_core.verb[0m [1;30mDEBUG[0m [32mBuilding package 'zed_ros2' with the following arguments: {'ament_cmake_args': None, 'build_base': '/home/baris/mavivatan_ws/build/zed_ros2', 'catkin_cmake_args': None, 'catkin_skip_building_tests': False, 'cmake_args': ['-DCMAKE_BUILD_TYPE=Release'], 'cmake_clean_cache': False, 'cmake_clean_first': False, 'cmake_force_configure': False, 'cmake_target': None, 'cmake_target_skip_unavailable': False, 'install_base': '/home/baris/mavivatan_ws/install/zed_ros2', 'merge_install': False, 'path': '/home/baris/mavivatan_ws/src/zed-ros2-wrapper/zed_ros2', 'symlink_install': False, 'test_result_base': None}[0m
[1.155s] [34mcolcon.colcon_core.executor[0m [1;30mINFO[0m Executing jobs using 'parallel' executor
[1.157s] [34mcolcon.colcon_parallel_executor.executor.parallel[0m [1;30mDEBUG[0m [32mrun_until_complete[0m
[1.158s] [34mcolcon.colcon_ros.task.ament_cmake.build[0m [1;30mINFO[0m Building ROS package in '/home/baris/mavivatan_ws/src/zed-ros2-interfaces' with build type 'ament_cmake'
[1.158s] [34mcolcon.colcon_cmake.task.cmake.build[0m [1;30mINFO[0m Building CMake package in '/home/baris/mavivatan_ws/src/zed-ros2-interfaces'
[1.165s] [34mcolcon.colcon_core.plugin_system[0m [1;30mINFO[0m Skipping extension 'colcon_core.shell.bat': Not used on non-Windows systems
[1.166s] [34mcolcon.colcon_core.shell[0m [1;30mINFO[0m Skip shell extension 'powershell' for command environment: Not usable outside of PowerShell
[1.166s] [34mcolcon.colcon_core.shell[0m [1;30mDEBUG[0m [32mSkip shell extension 'dsv' for command environment[0m
[1.174s] [34mcolcon.colcon_ros.task.ament_cmake.build[0m [1;30mINFO[0m Building ROS package in '/home/baris/mavivatan_ws/src/mavivatan_otonomi/src/mavivatan_interfaces' with build type 'ament_cmake'
[1.175s] [34mcolcon.colcon_cmake.task.cmake.build[0m [1;30mINFO[0m Building CMake package in '/home/baris/mavivatan_ws/src/mavivatan_otonomi/src/mavivatan_interfaces'
[1.175s] [34mcolcon.colcon_core.shell[0m [1;30mINFO[0m Skip shell extension 'powershell' for command environment: Not usable outside of PowerShell
[1.176s] [34mcolcon.colcon_core.shell[0m [1;30mDEBUG[0m [32mSkip shell extension 'dsv' for command environment[0m
[1.191s] [34mcolcon.colcon_core.event_handler.log_command[0m [1;30mDEBUG[0m [32mInvoking command in '/home/baris/mavivatan_ws/build/zed_msgs': CMAKE_PREFIX_PATH=${CMAKE_PREFIX_PATH}:/home/baris/mavivatan_ws/install/mavivatan_paket:/opt/ros/humble /usr/bin/cmake --build /home/baris/mavivatan_ws/build/zed_msgs -- -j6 -l6[0m
[1.205s] [34mcolcon.colcon_core.event_handler.log_command[0m [1;30mDEBUG[0m [32mInvoking command in '/home/baris/mavivatan_ws/build/mavivatan_interfaces': CMAKE_PREFIX_PATH=${CMAKE_PREFIX_PATH}:/home/baris/mavivatan_ws/install/mavivatan_paket:/opt/ros/humble /usr/bin/cmake --build /home/baris/mavivatan_ws/build/mavivatan_interfaces -- -j6 -l6[0m
[2.106s] [34mcolcon.colcon_core.event_handler.log_command[0m [1;30mDEBUG[0m [32mInvoked command in '/home/baris/mavivatan_ws/build/mavivatan_interfaces' returned '0': CMAKE_PREFIX_PATH=${CMAKE_PREFIX_PATH}:/home/baris/mavivatan_ws/install/mavivatan_paket:/opt/ros/humble /usr/bin/cmake --build /home/baris/mavivatan_ws/build/mavivatan_interfaces -- -j6 -l6[0m
[2.134s] [34mcolcon.colcon_core.event_handler.log_command[0m [1;30mDEBUG[0m [32mInvoking command in '/home/baris/mavivatan_ws/build/mavivatan_interfaces': CMAKE_PREFIX_PATH=${CMAKE_PREFIX_PATH}:/home/baris/mavivatan_ws/install/mavivatan_paket:/opt/ros/humble /usr/bin/cmake --install /home/baris/mavivatan_ws/build/mavivatan_interfaces[0m
[2.227s] [34mcolcon.colcon_core.event_handler.log_command[0m [1;30mDEBUG[0m [32mInvoked command in '/home/baris/mavivatan_ws/build/zed_msgs' returned '0': CMAKE_PREFIX_PATH=${CMAKE_PREFIX_PATH}:/home/baris/mavivatan_ws/install/mavivatan_paket:/opt/ros/humble /usr/bin/cmake --build /home/baris/mavivatan_ws/build/zed_msgs -- -j6 -l6[0m
[2.231s] [34mcolcon.colcon_core.event_handler.log_command[0m [1;30mDEBUG[0m [32mInvoking command in '/home/baris/mavivatan_ws/build/zed_msgs': CMAKE_PREFIX_PATH=${CMAKE_PREFIX_PATH}:/home/baris/mavivatan_ws/install/mavivatan_paket:/opt/ros/humble /usr/bin/cmake --install /home/baris/mavivatan_ws/build/zed_msgs[0m
[2.290s] [34mcolcon.colcon_core.environment[0m [1;30mLevel 1[0m create_environment_scripts_only(mavivatan_interfaces)
[2.309s] [34mcolcon.colcon_core.environment[0m [1;30mLevel 1[0m checking '/home/baris/mavivatan_ws/install/mavivatan_interfaces' for CMake module files
[2.317s] [34mcolcon.colcon_core.environment[0m [1;30mLevel 1[0m checking '/home/baris/mavivatan_ws/install/mavivatan_interfaces' for CMake config files
[2.324s] [34mcolcon.colcon_core.shell[0m [1;30mLevel 1[0m create_environment_hook('mavivatan_interfaces', 'cmake_prefix_path')
[2.325s] [34mcolcon.colcon_core.shell[0m [1;30mINFO[0m Creating environment hook '/home/baris/mavivatan_ws/install/mavivatan_interfaces/share/mavivatan_interfaces/hook/cmake_prefix_path.ps1'
[2.327s] [34mcolcon.colcon_core.shell[0m [1;30mINFO[0m Creating environment descriptor '/home/baris/mavivatan_ws/install/mavivatan_interfaces/share/mavivatan_interfaces/hook/cmake_prefix_path.dsv'
[2.329s] [34mcolcon.colcon_core.shell[0m [1;30mINFO[0m Creating environment hook '/home/baris/mavivatan_ws/install/mavivatan_interfaces/share/mavivatan_interfaces/hook/cmake_prefix_path.sh'
[2.333s] [34mcolcon.colcon_core.environment[0m [1;30mLevel 1[0m checking '/home/baris/mavivatan_ws/install/mavivatan_interfaces/lib'
[2.334s] [34mcolcon.colcon_core.shell[0m [1;30mLevel 1[0m create_environment_hook('mavivatan_interfaces', 'ld_library_path_lib')
[2.335s] [34mcolcon.colcon_core.shell[0m [1;30mINFO[0m Creating environment hook '/home/baris/mavivatan_ws/install/mavivatan_interfaces/share/mavivatan_interfaces/hook/ld_library_path_lib.ps1'
[2.337s] [34mcolcon.colcon_core.shell[0m [1;30mINFO[0m Creating environment descriptor '/home/baris/mavivatan_ws/install/mavivatan_interfaces/share/mavivatan_interfaces/hook/ld_library_path_lib.dsv'
[2.339s] [34mcolcon.colcon_core.shell[0m [1;30mINFO[0m Creating environment hook '/home/baris/mavivatan_ws/install/mavivatan_interfaces/share/mavivatan_interfaces/hook/ld_library_path_lib.sh'
[2.340s] [34mcolcon.colcon_core.environment[0m [1;30mLevel 1[0m checking '/home/baris/mavivatan_ws/install/mavivatan_interfaces/bin'
[2.341s] [34mcolcon.colcon_core.environment[0m [1;30mLevel 1[0m checking '/home/baris/mavivatan_ws/install/mavivatan_interfaces/lib/pkgconfig/mavivatan_interfaces.pc'
[2.342s] [34mcolcon.colcon_core.environment[0m [1;30mLevel 1[0m checking '/home/baris/mavivatan_ws/install/mavivatan_interfaces/lib/python3.10/site-packages'
[2.343s] [34mcolcon.colcon_core.environment[0m [1;30mLevel 1[0m checking '/home/baris/mavivatan_ws/install/mavivatan_interfaces/bin'
[2.344s] [34mcolcon.colcon_core.shell[0m [1;30mINFO[0m Creating package script '/home/baris/mavivatan_ws/install/mavivatan_interfaces/share/mavivatan_interfaces/package.ps1'
[2.348s] [34mcolcon.colcon_core.shell[0m [1;30mINFO[0m Creating package descriptor '/home/baris/mavivatan_ws/install/mavivatan_interfaces/share/mavivatan_interfaces/package.dsv'
[2.350s] [34mcolcon.colcon_core.shell[0m [1;30mINFO[0m Creating package script '/home/baris/mavivatan_ws/install/mavivatan_interfaces/share/mavivatan_interfaces/package.sh'
[2.354s] [34mcolcon.colcon_core.shell[0m [1;30mINFO[0m Creating package script '/home/baris/mavivatan_ws/install/mavivatan_interfaces/share/mavivatan_interfaces/package.bash'
[2.356s] [34mcolcon.colcon_core.shell[0m [1;30mINFO[0m Creating package script '/home/baris/mavivatan_ws/install/mavivatan_interfaces/share/mavivatan_interfaces/package.zsh'
[2.360s] [34mcolcon.colcon_core.environment[0m [1;30mLevel 1[0m create_file_with_runtime_dependencies(/home/baris/mavivatan_ws/install/mavivatan_interfaces/share/colcon-core/packages/mavivatan_interfaces)
[2.364s] [34mcolcon.colcon_core.environment[0m [1;30mLevel 1[0m create_environment_scripts_only(mavivatan_interfaces)
[2.365s] [34mcolcon.colcon_core.environment[0m [1;30mLevel 1[0m checking '/home/baris/mavivatan_ws/install/mavivatan_interfaces' for CMake module files
[2.369s] [34mcolcon.colcon_core.environment[0m [1;30mLevel 1[0m checking '/home/baris/mavivatan_ws/install/mavivatan_interfaces' for CMake config files
[2.374s] [34mcolcon.colcon_core.shell[0m [1;30mLevel 1[0m create_environment_hook('mavivatan_interfaces', 'cmake_prefix_path')
[2.375s] [34mcolcon.colcon_core.shell[0m [1;30mINFO[0m Creating environment hook '/home/baris/mavivatan_ws/install/mavivatan_interfaces/share/mavivatan_interfaces/hook/cmake_prefix_path.ps1'
[2.377s] [34mcolcon.colcon_core.shell[0m [1;30mINFO[0m Creating environment descriptor '/home/baris/mavivatan_ws/install/mavivatan_interfaces/share/mavivatan_interfaces/hook/cmake_prefix_path.dsv'
[2.380s] [34mcolcon.colcon_core.shell[0m [1;30mINFO[0m Creating environment hook '/home/baris/mavivatan_ws/install/mavivatan_interfaces/share/mavivatan_interfaces/hook/cmake_prefix_path.sh'
[2.382s] [34mcolcon.colcon_core.environment[0m [1;30mLevel 1[0m checking '/home/baris/mavivatan_ws/install/mavivatan_interfaces/lib'
[2.383s] [34mcolcon.colcon_core.shell[0m [1;30mLevel 1[0m create_environment_hook('mavivatan_interfaces', 'ld_library_path_lib')
[2.383s] [34mcolcon.colcon_core.shell[0m [1;30mINFO[0m Creating environment hook '/home/baris/mavivatan_ws/install/mavivatan_interfaces/share/mavivatan_interfaces/hook/ld_library_path_lib.ps1'
[2.385s] [34mcolcon.colcon_core.shell[0m [1;30mINFO[0m Creating environment descriptor '/home/baris/mavivatan_ws/install/mavivatan_interfaces/share/mavivatan_interfaces/hook/ld_library_path_lib.dsv'
[2.387s] [34mcolcon.colcon_core.shell[0m [1;30mINFO[0m Creating environment hook '/home/baris/mavivatan_ws/install/mavivatan_interfaces/share/mavivatan_interfaces/hook/ld_library_path_lib.sh'
[2.388s] [34mcolcon.colcon_core.environment[0m [1;30mLevel 1[0m checking '/home/baris/mavivatan_ws/install/mavivatan_interfaces/bin'
[2.389s] [34mcolcon.colcon_core.environment[0m [1;30mLevel 1[0m checking '/home/baris/mavivatan_ws/install/mavivatan_interfaces/lib/pkgconfig/mavivatan_interfaces.pc'
[2.389s] [34mcolcon.colcon_core.environment[0m [1;30mLevel 1[0m checking '/home/baris/mavivatan_ws/install/mavivatan_interfaces/lib/python3.10/site-packages'
[2.390s] [34mcolcon.colcon_core.environment[0m [1;30mLevel 1[0m checking '/home/baris/mavivatan_ws/install/mavivatan_interfaces/bin'
[2.391s] [34mcolcon.colcon_core.shell[0m [1;30mINFO[0m Creating package script '/home/baris/mavivatan_ws/install/mavivatan_interfaces/share/mavivatan_interfaces/package.ps1'
[2.394s] [34mcolcon.colcon_core.shell[0m [1;30mINFO[0m Creating package descriptor '/home/baris/mavivatan_ws/install/mavivatan_interfaces/share/mavivatan_interfaces/package.dsv'
[2.397s] [34mcolcon.colcon_core.shell[0m [1;30mINFO[0m Creating package script '/home/baris/mavivatan_ws/install/mavivatan_interfaces/share/mavivatan_interfaces/package.sh'
[2.400s] [34mcolcon.colcon_core.shell[0m [1;30mINFO[0m Creating package script '/home/baris/mavivatan_ws/install/mavivatan_interfaces/share/mavivatan_interfaces/package.bash'
[2.405s] [34mcolcon.colcon_core.shell[0m [1;30mINFO[0m Creating package script '/home/baris/mavivatan_ws/install/mavivatan_interfaces/share/mavivatan_interfaces/package.zsh'
[2.409s] [34mcolcon.colcon_core.environment[0m [1;30mLevel 1[0m create_file_with_runtime_dependencies(/home/baris/mavivatan_ws/install/mavivatan_interfaces/share/colcon-core/packages/mavivatan_interfaces)
[2.410s] [34mcolcon.colcon_ros.task.ament_python.build[0m [1;30mINFO[0m Building ROS package in '/home/baris/mavivatan_ws/src/mavivatan_otonomi/src/mavivatan_paket' with build type 'ament_python'
[2.411s] [34mcolcon.colcon_core.shell[0m [1;30mLevel 1[0m create_environment_hook('mavivatan_paket', 'ament_prefix_path')
[2.412s] [34mcolcon.colcon_core.shell[0m [1;30mINFO[0m Creating environment hook '/home/baris/mavivatan_ws/install/mavivatan_paket/share/mavivatan_paket/hook/ament_prefix_path.ps1'
[2.414s] [34mcolcon.colcon_core.shell[0m [1;30mINFO[0m Creating environment descriptor '/home/baris/mavivatan_ws/install/mavivatan_paket/share/mavivatan_paket/hook/ament_prefix_path.dsv'
[2.417s] [34mcolcon.colcon_core.shell[0m [1;30mINFO[0m Creating environment hook '/home/baris/mavivatan_ws/install/mavivatan_paket/share/mavivatan_paket/hook/ament_prefix_path.sh'
[2.420s] [34mcolcon.colcon_core.shell[0m [1;30mINFO[0m Skip shell extension 'powershell' for command environment: Not usable outside of PowerShell
[2.420s] [34mcolcon.colcon_core.shell[0m [1;30mDEBUG[0m [32mSkip shell extension 'dsv' for command environment[0m
[2.443s] [34mcolcon.colcon_core.environment[0m [1;30mLevel 1[0m create_environment_scripts_only(zed_msgs)
[2.444s] [34mcolcon.colcon_core.environment[0m [1;30mLevel 1[0m checking '/home/baris/mavivatan_ws/install/zed_msgs' for CMake module files
[2.449s] [34mcolcon.colcon_core.environment[0m [1;30mLevel 1[0m checking '/home/baris/mavivatan_ws/install/zed_msgs' for CMake config files
[2.458s] [34mcolcon.colcon_core.shell[0m [1;30mLevel 1[0m create_environment_hook('zed_msgs', 'cmake_prefix_path')
[2.459s] [34mcolcon.colcon_core.shell[0m [1;30mINFO[0m Creating environment hook '/home/baris/mavivatan_ws/install/zed_msgs/share/zed_msgs/hook/cmake_prefix_path.ps1'
[2.461s] [34mcolcon.colcon_core.shell[0m [1;30mINFO[0m Creating environment descriptor '/home/baris/mavivatan_ws/install/zed_msgs/share/zed_msgs/hook/cmake_prefix_path.dsv'
[2.462s] [34mcolcon.colcon_core.shell[0m [1;30mINFO[0m Creating environment hook '/home/baris/mavivatan_ws/install/zed_msgs/share/zed_msgs/hook/cmake_prefix_path.sh'
[2.464s] [34mcolcon.colcon_core.environment[0m [1;30mLevel 1[0m checking '/home/baris/mavivatan_ws/install/zed_msgs/lib'
[2.465s] [34mcolcon.colcon_core.event_handler.log_command[0m [1;30mDEBUG[0m [32mInvoked command in '/home/baris/mavivatan_ws/build/mavivatan_interfaces' returned '0': CMAKE_PREFIX_PATH=${CMAKE_PREFIX_PATH}:/home/baris/mavivatan_ws/install/mavivatan_paket:/opt/ros/humble /usr/bin/cmake --install /home/baris/mavivatan_ws/build/mavivatan_interfaces[0m
[2.465s] [34mcolcon.colcon_core.shell[0m [1;30mLevel 1[0m create_environment_hook('zed_msgs', 'ld_library_path_lib')
[2.466s] [34mcolcon.colcon_core.shell[0m [1;30mINFO[0m Creating environment hook '/home/baris/mavivatan_ws/install/zed_msgs/share/zed_msgs/hook/ld_library_path_lib.ps1'
[2.467s] [34mcolcon.colcon_core.shell[0m [1;30mINFO[0m Creating environment descriptor '/home/baris/mavivatan_ws/install/zed_msgs/share/zed_msgs/hook/ld_library_path_lib.dsv'
[2.469s] [34mcolcon.colcon_core.shell[0m [1;30mINFO[0m Creating environment hook '/home/baris/mavivatan_ws/install/zed_msgs/share/zed_msgs/hook/ld_library_path_lib.sh'
[2.470s] [34mcolcon.colcon_core.environment[0m [1;30mLevel 1[0m checking '/home/baris/mavivatan_ws/install/zed_msgs/bin'
[2.470s] [34mcolcon.colcon_core.environment[0m [1;30mLevel 1[0m checking '/home/baris/mavivatan_ws/install/zed_msgs/lib/pkgconfig/zed_msgs.pc'
[2.471s] [34mcolcon.colcon_core.environment[0m [1;30mLevel 1[0m checking '/home/baris/mavivatan_ws/install/zed_msgs/lib/python3.10/site-packages'
[2.472s] [34mcolcon.colcon_core.environment[0m [1;30mLevel 1[0m checking '/home/baris/mavivatan_ws/install/zed_msgs/bin'
[2.473s] [34mcolcon.colcon_core.shell[0m [1;30mINFO[0m Creating package script '/home/baris/mavivatan_ws/install/zed_msgs/share/zed_msgs/package.ps1'
[2.475s] [34mcolcon.colcon_core.shell[0m [1;30mINFO[0m Creating package descriptor '/home/baris/mavivatan_ws/install/zed_msgs/share/zed_msgs/package.dsv'
[2.476s] [34mcolcon.colcon_core.shell[0m [1;30mINFO[0m Creating package script '/home/baris/mavivatan_ws/install/zed_msgs/share/zed_msgs/package.sh'
[2.478s] [34mcolcon.colcon_core.shell[0m [1;30mINFO[0m Creating package script '/home/baris/mavivatan_ws/install/zed_msgs/share/zed_msgs/package.bash'
[2.479s] [34mcolcon.colcon_core.shell[0m [1;30mINFO[0m Creating package script '/home/baris/mavivatan_ws/install/zed_msgs/share/zed_msgs/package.zsh'
[2.481s] [34mcolcon.colcon_core.environment[0m [1;30mLevel 1[0m create_file_with_runtime_dependencies(/home/baris/mavivatan_ws/install/zed_msgs/share/colcon-core/packages/zed_msgs)
[2.483s] [34mcolcon.colcon_core.environment[0m [1;30mLevel 1[0m create_environment_scripts_only(zed_msgs)
[2.484s] [34mcolcon.colcon_core.environment[0m [1;30mLevel 1[0m checking '/home/baris/mavivatan_ws/install/zed_msgs' for CMake module files
[2.489s] [34mcolcon.colcon_core.environment[0m [1;30mLevel 1[0m checking '/home/baris/mavivatan_ws/install/zed_msgs' for CMake config files
[2.499s] [34mcolcon.colcon_core.shell[0m [1;30mLevel 1[0m create_environment_hook('zed_msgs', 'cmake_prefix_path')
[2.499s] [34mcolcon.colcon_core.shell[0m [1;30mINFO[0m Creating environment hook '/home/baris/mavivatan_ws/install/zed_msgs/share/zed_msgs/hook/cmake_prefix_path.ps1'
[2.501s] [34mcolcon.colcon_core.shell[0m [1;30mINFO[0m Creating environment descriptor '/home/baris/mavivatan_ws/install/zed_msgs/share/zed_msgs/hook/cmake_prefix_path.dsv'
[2.503s] [34mcolcon.colcon_core.shell[0m [1;30mINFO[0m Creating environment hook '/home/baris/mavivatan_ws/install/zed_msgs/share/zed_msgs/hook/cmake_prefix_path.sh'
[2.505s] [34mcolcon.colcon_core.environment[0m [1;30mLevel 1[0m checking '/home/baris/mavivatan_ws/install/zed_msgs/lib'
[2.506s] [34mcolcon.colcon_core.shell[0m [1;30mLevel 1[0m create_environment_hook('zed_msgs', 'ld_library_path_lib')
[2.507s] [34mcolcon.colcon_core.shell[0m [1;30mINFO[0m Creating environment hook '/home/baris/mavivatan_ws/install/zed_msgs/share/zed_msgs/hook/ld_library_path_lib.ps1'
[2.508s] [34mcolcon.colcon_core.shell[0m [1;30mINFO[0m Creating environment descriptor '/home/baris/mavivatan_ws/install/zed_msgs/share/zed_msgs/hook/ld_library_path_lib.dsv'
[2.510s] [34mcolcon.colcon_core.shell[0m [1;30mINFO[0m Creating environment hook '/home/baris/mavivatan_ws/install/zed_msgs/share/zed_msgs/hook/ld_library_path_lib.sh'
[2.512s] [34mcolcon.colcon_core.environment[0m [1;30mLevel 1[0m checking '/home/baris/mavivatan_ws/install/zed_msgs/bin'
[2.513s] [34mcolcon.colcon_core.environment[0m [1;30mLevel 1[0m checking '/home/baris/mavivatan_ws/install/zed_msgs/lib/pkgconfig/zed_msgs.pc'
[2.513s] [34mcolcon.colcon_core.environment[0m [1;30mLevel 1[0m checking '/home/baris/mavivatan_ws/install/zed_msgs/lib/python3.10/site-packages'
[2.514s] [34mcolcon.colcon_core.environment[0m [1;30mLevel 1[0m checking '/home/baris/mavivatan_ws/install/zed_msgs/bin'
[2.515s] [34mcolcon.colcon_core.shell[0m [1;30mINFO[0m Creating package script '/home/baris/mavivatan_ws/install/zed_msgs/share/zed_msgs/package.ps1'
[2.518s] [34mcolcon.colcon_core.shell[0m [1;30mINFO[0m Creating package descriptor '/home/baris/mavivatan_ws/install/zed_msgs/share/zed_msgs/package.dsv'
[2.521s] [34mcolcon.colcon_core.shell[0m [1;30mINFO[0m Creating package script '/home/baris/mavivatan_ws/install/zed_msgs/share/zed_msgs/package.sh'
[2.522s] [34mcolcon.colcon_core.event_handler.log_command[0m [1;30mDEBUG[0m [32mInvoked command in '/home/baris/mavivatan_ws/build/zed_msgs' returned '0': CMAKE_PREFIX_PATH=${CMAKE_PREFIX_PATH}:/home/baris/mavivatan_ws/install/mavivatan_paket:/opt/ros/humble /usr/bin/cmake --install /home/baris/mavivatan_ws/build/zed_msgs[0m
[2.523s] [34mcolcon.colcon_core.shell[0m [1;30mINFO[0m Creating package script '/home/baris/mavivatan_ws/install/zed_msgs/share/zed_msgs/package.bash'
[2.524s] [34mcolcon.colcon_core.shell[0m [1;30mINFO[0m Creating package script '/home/baris/mavivatan_ws/install/zed_msgs/share/zed_msgs/package.zsh'
[2.525s] [34mcolcon.colcon_core.environment[0m [1;30mLevel 1[0m create_file_with_runtime_dependencies(/home/baris/mavivatan_ws/install/zed_msgs/share/colcon-core/packages/zed_msgs)
[2.527s] [34mcolcon.colcon_ros.task.ament_cmake.build[0m [1;30mINFO[0m Building ROS package in '/home/baris/mavivatan_ws/src/zed-ros2-wrapper/zed_components' with build type 'ament_cmake'
[2.528s] [34mcolcon.colcon_cmake.task.cmake.build[0m [1;30mINFO[0m Building CMake package in '/home/baris/mavivatan_ws/src/zed-ros2-wrapper/zed_components'
[2.528s] [34mcolcon.colcon_core.shell[0m [1;30mINFO[0m Skip shell extension 'powershell' for command environment: Not usable outside of PowerShell
[2.529s] [34mcolcon.colcon_core.shell[0m [1;30mDEBUG[0m [32mSkip shell extension 'dsv' for command environment[0m
[3.146s] [34mcolcon.colcon_core.task.python.build[0m [1;30mINFO[0m Building Python package in '/home/baris/mavivatan_ws/src/mavivatan_otonomi/src/mavivatan_paket'
[3.147s] [34mcolcon.colcon_core.shell[0m [1;30mINFO[0m Skip shell extension 'powershell' for command environment: Not usable outside of PowerShell
[3.147s] [34mcolcon.colcon_core.shell[0m [1;30mDEBUG[0m [32mSkip shell extension 'dsv' for command environment[0m
[3.167s] [34mcolcon.colcon_core.event_handler.log_command[0m [1;30mDEBUG[0m [32mInvoking command in '/home/baris/mavivatan_ws/build/zed_components': CMAKE_PREFIX_PATH=${CMAKE_PREFIX_PATH}:/home/baris/mavivatan_ws/install/mavivatan_paket:/opt/ros/humble LD_LIBRARY_PATH=/home/baris/mavivatan_ws/install/zed_msgs/lib:/home/baris/mavivatan_ws/install/mavivatan_interfaces/lib:/opt/ros/humble/opt/rviz_ogre_vendor/lib:/opt/ros/humble/lib/aarch64-linux-gnu:/opt/ros/humble/lib:/usr/local/cuda-12.6/lib64 /usr/bin/cmake --build /home/baris/mavivatan_ws/build/zed_components -- -j6 -l6[0m
[4.135s] [34mcolcon.colcon_core.event_handler.log_command[0m [1;30mDEBUG[0m [32mInvoking command in '/home/baris/mavivatan_ws/src/mavivatan_otonomi/src/mavivatan_paket': CMAKE_PREFIX_PATH=/home/baris/mavivatan_ws/install/mavivatan_interfaces:/home/baris/mavivatan_ws/install/zed_msgs LD_LIBRARY_PATH=/home/baris/mavivatan_ws/install/mavivatan_interfaces/lib:/home/baris/mavivatan_ws/install/zed_msgs/lib:/opt/ros/humble/opt/rviz_ogre_vendor/lib:/opt/ros/humble/lib/aarch64-linux-gnu:/opt/ros/humble/lib:/usr/local/cuda-12.6/lib64 PYTHONPATH=/home/baris/mavivatan_ws/build/mavivatan_paket/prefix_override:/usr/lib/python3/dist-packages/colcon_core/task/python/colcon_distutils_commands:/home/baris/mavivatan_ws/install/mavivatan_paket/lib/python3.10/site-packages:${PYTHONPATH} /usr/bin/python3 -W ignore:setup.py install is deprecated -W ignore:easy_install command is deprecated setup.py egg_info --egg-base ../../../../build/mavivatan_paket build --build-base /home/baris/mavivatan_ws/build/mavivatan_paket/build install --record /home/baris/mavivatan_ws/build/mavivatan_paket/install.log --single-version-externally-managed install_data[0m
[4.871s] [34mcolcon.colcon_core.environment[0m [1;30mLevel 1[0m checking '/home/baris/mavivatan_ws/install/mavivatan_paket' for CMake module files
[4.873s] [34mcolcon.colcon_core.event_handler.log_command[0m [1;30mDEBUG[0m [32mInvoked command in '/home/baris/mavivatan_ws/src/mavivatan_otonomi/src/mavivatan_paket' returned '0': CMAKE_PREFIX_PATH=/home/baris/mavivatan_ws/install/mavivatan_interfaces:/home/baris/mavivatan_ws/install/zed_msgs LD_LIBRARY_PATH=/home/baris/mavivatan_ws/install/mavivatan_interfaces/lib:/home/baris/mavivatan_ws/install/zed_msgs/lib:/opt/ros/humble/opt/rviz_ogre_vendor/lib:/opt/ros/humble/lib/aarch64-linux-gnu:/opt/ros/humble/lib:/usr/local/cuda-12.6/lib64 PYTHONPATH=/home/baris/mavivatan_ws/build/mavivatan_paket/prefix_override:/usr/lib/python3/dist-packages/colcon_core/task/python/colcon_distutils_commands:/home/baris/mavivatan_ws/install/mavivatan_paket/lib/python3.10/site-packages:${PYTHONPATH} /usr/bin/python3 -W ignore:setup.py install is deprecated -W ignore:easy_install command is deprecated setup.py egg_info --egg-base ../../../../build/mavivatan_paket build --build-base /home/baris/mavivatan_ws/build/mavivatan_paket/build install --record /home/baris/mavivatan_ws/build/mavivatan_paket/install.log --single-version-externally-managed install_data[0m
[4.874s] [34mcolcon.colcon_core.environment[0m [1;30mLevel 1[0m checking '/home/baris/mavivatan_ws/install/mavivatan_paket' for CMake config files
[4.876s] [34mcolcon.colcon_core.environment[0m [1;30mLevel 1[0m checking '/home/baris/mavivatan_ws/install/mavivatan_paket/lib'
[4.876s] [34mcolcon.colcon_core.environment[0m [1;30mLevel 1[0m checking '/home/baris/mavivatan_ws/install/mavivatan_paket/bin'
[4.876s] [34mcolcon.colcon_core.environment[0m [1;30mLevel 1[0m checking '/home/baris/mavivatan_ws/install/mavivatan_paket/lib/pkgconfig/mavivatan_paket.pc'
[4.877s] [34mcolcon.colcon_core.environment[0m [1;30mLevel 1[0m checking '/home/baris/mavivatan_ws/install/mavivatan_paket/lib/python3.10/site-packages'
[4.877s] [34mcolcon.colcon_core.shell[0m [1;30mLevel 1[0m create_environment_hook('mavivatan_paket', 'pythonpath')
[4.877s] [34mcolcon.colcon_core.shell[0m [1;30mINFO[0m Creating environment hook '/home/baris/mavivatan_ws/install/mavivatan_paket/share/mavivatan_paket/hook/pythonpath.ps1'
[4.879s] [34mcolcon.colcon_core.shell[0m [1;30mINFO[0m Creating environment descriptor '/home/baris/mavivatan_ws/install/mavivatan_paket/share/mavivatan_paket/hook/pythonpath.dsv'
[4.880s] [34mcolcon.colcon_core.shell[0m [1;30mINFO[0m Creating environment hook '/home/baris/mavivatan_ws/install/mavivatan_paket/share/mavivatan_paket/hook/pythonpath.sh'
[4.882s] [34mcolcon.colcon_core.environment[0m [1;30mLevel 1[0m checking '/home/baris/mavivatan_ws/install/mavivatan_paket/bin'
[4.882s] [34mcolcon.colcon_core.environment[0m [1;30mLevel 1[0m create_environment_scripts_only(mavivatan_paket)
[4.883s] [34mcolcon.colcon_core.shell[0m [1;30mINFO[0m Creating package script '/home/baris/mavivatan_ws/install/mavivatan_paket/share/mavivatan_paket/package.ps1'
[4.885s] [34mcolcon.colcon_core.shell[0m [1;30mINFO[0m Creating package descriptor '/home/baris/mavivatan_ws/install/mavivatan_paket/share/mavivatan_paket/package.dsv'
[4.886s] [34mcolcon.colcon_core.shell[0m [1;30mINFO[0m Creating package script '/home/baris/mavivatan_ws/install/mavivatan_paket/share/mavivatan_paket/package.sh'
[4.887s] [34mcolcon.colcon_core.shell[0m [1;30mINFO[0m Creating package script '/home/baris/mavivatan_ws/install/mavivatan_paket/share/mavivatan_paket/package.bash'
[4.888s] [34mcolcon.colcon_core.shell[0m [1;30mINFO[0m Creating package script '/home/baris/mavivatan_ws/install/mavivatan_paket/share/mavivatan_paket/package.zsh'
[4.889s] [34mcolcon.colcon_core.environment[0m [1;30mLevel 1[0m create_file_with_runtime_dependencies(/home/baris/mavivatan_ws/install/mavivatan_paket/share/colcon-core/packages/mavivatan_paket)
[21.074s] [34mcolcon.colcon_core.event_handler.log_command[0m [1;30mDEBUG[0m [32mInvoked command in '/home/baris/mavivatan_ws/build/zed_components' returned '2': CMAKE_PREFIX_PATH=${CMAKE_PREFIX_PATH}:/home/baris/mavivatan_ws/install/mavivatan_paket:/opt/ros/humble LD_LIBRARY_PATH=/home/baris/mavivatan_ws/install/zed_msgs/lib:/home/baris/mavivatan_ws/install/mavivatan_interfaces/lib:/opt/ros/humble/opt/rviz_ogre_vendor/lib:/opt/ros/humble/lib/aarch64-linux-gnu:/opt/ros/humble/lib:/usr/local/cuda-12.6/lib64 /usr/bin/cmake --build /home/baris/mavivatan_ws/build/zed_components -- -j6 -l6[0m
[21.076s] [34mcolcon.colcon_core.environment[0m [1;30mLevel 1[0m create_environment_scripts_only(zed_components)
[21.077s] [34mcolcon.colcon_core.environment[0m [1;30mLevel 1[0m checking '/home/baris/mavivatan_ws/install/zed_components' for CMake module files
[21.078s] [34mcolcon.colcon_core.environment[0m [1;30mLevel 1[0m checking '/home/baris/mavivatan_ws/install/zed_components' for CMake config files
[21.079s] [34mcolcon.colcon_core.environment[0m [1;30mLevel 1[0m checking '/home/baris/mavivatan_ws/install/zed_components/bin'
[21.080s] [34mcolcon.colcon_core.environment[0m [1;30mLevel 1[0m checking '/home/baris/mavivatan_ws/install/zed_components/lib/pkgconfig/zed_components.pc'
[21.081s] [34mcolcon.colcon_core.environment[0m [1;30mLevel 1[0m checking '/home/baris/mavivatan_ws/install/zed_components/lib/python3.10/site-packages'
[21.082s] [34mcolcon.colcon_core.environment[0m [1;30mLevel 1[0m checking '/home/baris/mavivatan_ws/install/zed_components/bin'
[21.083s] [34mcolcon.colcon_core.shell[0m [1;30mINFO[0m Creating package script '/home/baris/mavivatan_ws/install/zed_components/share/zed_components/package.ps1'
[21.085s] [34mcolcon.colcon_core.shell[0m [1;30mINFO[0m Creating package descriptor '/home/baris/mavivatan_ws/install/zed_components/share/zed_components/package.dsv'
[21.087s] [34mcolcon.colcon_core.shell[0m [1;30mINFO[0m Creating package script '/home/baris/mavivatan_ws/install/zed_components/share/zed_components/package.sh'
[21.089s] [34mcolcon.colcon_core.shell[0m [1;30mINFO[0m Creating package script '/home/baris/mavivatan_ws/install/zed_components/share/zed_components/package.bash'
[21.091s] [34mcolcon.colcon_core.shell[0m [1;30mINFO[0m Creating package script '/home/baris/mavivatan_ws/install/zed_components/share/zed_components/package.zsh'
[21.092s] [34mcolcon.colcon_core.environment[0m [1;30mLevel 1[0m create_file_with_runtime_dependencies(/home/baris/mavivatan_ws/install/zed_components/share/colcon-core/packages/zed_components)
[21.103s] [34mcolcon.colcon_parallel_executor.executor.parallel[0m [1;30mDEBUG[0m [32mclosing loop[0m
[21.104s] [34mcolcon.colcon_parallel_executor.executor.parallel[0m [1;30mDEBUG[0m [32mloop closed[0m
[21.105s] [34mcolcon.colcon_parallel_executor.executor.parallel[0m [1;30mDEBUG[0m [32mrun_until_complete finished with '2'[0m
[21.105s] [34mcolcon.colcon_core.event_reactor[0m [1;30mDEBUG[0m [32mjoining thread[0m
[21.129s] [34mcolcon.colcon_core.plugin_system[0m [1;30mINFO[0m Skipping extension 'colcon_notification.desktop_notification.terminal_notifier': Not used on non-Darwin systems
[21.129s] [34mcolcon.colcon_core.plugin_system[0m [1;30mINFO[0m Skipping extension 'colcon_notification.desktop_notification.win32': Not used on non-Windows systems
[21.129s] [34mcolcon.colcon_notification.desktop_notification[0m [1;30mINFO[0m Sending desktop notification using 'notify2'
[21.182s] [34mcolcon.colcon_core.event_reactor[0m [1;30mDEBUG[0m [32mjoined thread[0m
[21.183s] [34mcolcon.colcon_core.shell[0m [1;30mINFO[0m Creating prefix script '/home/baris/mavivatan_ws/install/local_setup.ps1'
[21.187s] [34mcolcon.colcon_core.shell[0m [1;30mINFO[0m Creating prefix util module '/home/baris/mavivatan_ws/install/_local_setup_util_ps1.py'
[21.192s] [34mcolcon.colcon_core.shell[0m [1;30mINFO[0m Creating prefix chain script '/home/baris/mavivatan_ws/install/setup.ps1'
[21.197s] [34mcolcon.colcon_core.shell[0m [1;30mINFO[0m Creating prefix script '/home/baris/mavivatan_ws/install/local_setup.sh'
[21.199s] [34mcolcon.colcon_core.shell[0m [1;30mINFO[0m Creating prefix util module '/home/baris/mavivatan_ws/install/_local_setup_util_sh.py'
[21.201s] [34mcolcon.colcon_core.shell[0m [1;30mINFO[0m Creating prefix chain script '/home/baris/mavivatan_ws/install/setup.sh'
[21.205s] [34mcolcon.colcon_core.shell[0m [1;30mINFO[0m Creating prefix script '/home/baris/mavivatan_ws/install/local_setup.bash'
[21.207s] [34mcolcon.colcon_core.shell[0m [1;30mINFO[0m Creating prefix chain script '/home/baris/mavivatan_ws/install/setup.bash'
[21.211s] [34mcolcon.colcon_core.shell[0m [1;30mINFO[0m Creating prefix script '/home/baris/mavivatan_ws/install/local_setup.zsh'
[21.213s] [34mcolcon.colcon_core.shell[0m [1;30mINFO[0m Creating prefix chain script '/home/baris/mavivatan_ws/install/setup.zsh'
