-- The C compiler identification is GNU 11.4.0
-- The CXX compiler identification is GNU 11.4.0
-- Detecting C compiler ABI info
-- Detecting C compiler ABI info - done
-- Check for working C compiler: /usr/bin/cc - skipped
-- Detecting C compile features
-- Detecting C compile features - done
-- Detecting CXX compiler ABI info
-- Detecting CXX compiler ABI info - done
-- Check for working CXX compiler: /usr/bin/c++ - skipped
-- Detecting CXX compile features
-- Detecting CXX compile features - done
-- Looking for sgemm_
-- Looking for sgemm_ - not found
-- Looking for pthread.h
-- Looking for pthread.h - found
-- Performing Test CMAKE_HAVE_LIBC_PTHREAD
-- Performing Test CMAKE_HAVE_LIBC_PTHREAD - Success
-- Found Threads: TRUE  
-- Looking for sgemm_
-- Looking for sgemm_ - found
-- Found BLAS: /usr/lib/aarch64-linux-gnu/libopenblas.so  
-- Found CUDA: /usr/local/cuda (found suitable version "12.6", minimum required is "12.6") 
-- Found CUDA: /usr/local/cuda (found version "12.6") 
-- Found ament_cmake_auto: 1.3.14 (/opt/ros/humble/share/ament_cmake_auto/cmake)
-- Found Python3: /usr/bin/python3 (found version "3.10.12") found components: Interpreter 
-- Override CMake install command with custom implementation using symlinks instead of copying resources
-- Found rosidl_generator_c: 3.1.8 (/opt/ros/humble/share/rosidl_generator_c/cmake)
-- Found rosidl_adapter: 3.1.8 (/opt/ros/humble/share/rosidl_adapter/cmake)
-- Found rosidl_generator_cpp: 3.1.8 (/opt/ros/humble/share/rosidl_generator_cpp/cmake)
-- Using all available rosidl_typesupport_c: rosidl_typesupport_fastrtps_c;rosidl_typesupport_introspection_c
-- Using all available rosidl_typesupport_cpp: rosidl_typesupport_fastrtps_cpp;rosidl_typesupport_introspection_cpp
-- Found rmw_implementation_cmake: 6.1.2 (/opt/ros/humble/share/rmw_implementation_cmake/cmake)
-- Found rmw_fastrtps_cpp: 6.2.10 (/opt/ros/humble/share/rmw_fastrtps_cpp/cmake)
-- Found OpenSSL: /usr/lib/aarch64-linux-gnu/libcrypto.so (found version "3.0.2")  
-- Found FastRTPS: /opt/ros/humble/include  
-- Using RMW implementation 'rmw_fastrtps_cpp' as default
-- Found eigen3_cmake_module: 0.1.1 (/opt/ros/humble/share/eigen3_cmake_module/cmake)
-- Found Eigen3: TRUE (found version "3.4.0") 
-- Ensuring Eigen3 include directory is part of orocos-kdl CMake target
-- Found ament_lint_auto: 0.12.15 (/opt/ros/humble/share/ament_lint_auto/cmake)
-- Added test 'copyright' to check source files copyright and LICENSE
-- Added test 'cppcheck' to perform static code analysis on C / C++ code
-- Configured cppcheck include dirs: 
-- Configured cppcheck exclude dirs and/or files: 
-- Added test 'lint_cmake' to check CMake code style
-- Added test 'pep257' to check Python code against some of the docstring style conventions in PEP 257
-- Added test 'uncrustify' to check C / C++ code style
-- Configured uncrustify additional arguments: 
-- Added test 'xmllint' to check XML markup files
-- Configuring done
-- Generating done
-- Build files have been written to: /home/baris/mavivatan_ws/build/zed_debug
[ 50%] [32mBuilding CXX object CMakeFiles/zed_debug_proc.dir/src/zed_debug_proc.cpp.o[0m
[100%] [32m[1mLinking CXX executable zed_debug_proc[0m
[100%] Built target zed_debug_proc
-- Install configuration: ""
-- Execute custom install script
-- Symlinking: /home/baris/mavivatan_ws/install/zed_debug/lib/zed_debug/zed_debug_proc
-- Symlinking: /home/baris/mavivatan_ws/install/zed_debug/share/zed_debug/launch/zed_camera_debug.launch.py
-- Symlinking: /home/baris/mavivatan_ws/install/zed_debug/share/zed_debug/config/common_mono.yaml
-- Symlinking: /home/baris/mavivatan_ws/install/zed_debug/share/zed_debug/config/common_stereo.yaml
-- Symlinking: /home/baris/mavivatan_ws/install/zed_debug/share/zed_debug/config/custom_object_detection.yaml
-- Symlinking: /home/baris/mavivatan_ws/install/zed_debug/share/zed_debug/config/object_detection.yaml
-- Symlinking: /home/baris/mavivatan_ws/install/zed_debug/share/zed_debug/config/virtual.yaml
-- Symlinking: /home/baris/mavivatan_ws/install/zed_debug/share/zed_debug/config/zed.yaml
-- Symlinking: /home/baris/mavivatan_ws/install/zed_debug/share/zed_debug/config/zed2.yaml
-- Symlinking: /home/baris/mavivatan_ws/install/zed_debug/share/zed_debug/config/zed2i.yaml
-- Symlinking: /home/baris/mavivatan_ws/install/zed_debug/share/zed_debug/config/zedm.yaml
-- Symlinking: /home/baris/mavivatan_ws/install/zed_debug/share/zed_debug/config/zedx.yaml
-- Symlinking: /home/baris/mavivatan_ws/install/zed_debug/share/zed_debug/config/zedxhdr.yaml
-- Symlinking: /home/baris/mavivatan_ws/install/zed_debug/share/zed_debug/config/zedxhdrmax.yaml
-- Symlinking: /home/baris/mavivatan_ws/install/zed_debug/share/zed_debug/config/zedxhdrmini.yaml
-- Symlinking: /home/baris/mavivatan_ws/install/zed_debug/share/zed_debug/config/zedxm.yaml
-- Symlinking: /home/baris/mavivatan_ws/install/zed_debug/share/zed_debug/config/zedxone4k.yaml
-- Symlinking: /home/baris/mavivatan_ws/install/zed_debug/share/zed_debug/config/zedxonegs.yaml
-- Symlinking: /home/baris/mavivatan_ws/install/zed_debug/share/zed_debug/config/zedxonehdr.yaml
-- Symlinking: /home/baris/mavivatan_ws/install/zed_debug/share/ament_index/resource_index/package_run_dependencies/zed_debug
-- Symlinking: /home/baris/mavivatan_ws/install/zed_debug/share/ament_index/resource_index/parent_prefix_path/zed_debug
-- Symlinking: /home/baris/mavivatan_ws/install/zed_debug/share/zed_debug/environment/ament_prefix_path.sh
-- Symlinking: /home/baris/mavivatan_ws/install/zed_debug/share/zed_debug/environment/ament_prefix_path.dsv
-- Symlinking: /home/baris/mavivatan_ws/install/zed_debug/share/zed_debug/environment/path.sh
-- Symlinking: /home/baris/mavivatan_ws/install/zed_debug/share/zed_debug/environment/path.dsv
-- Symlinking: /home/baris/mavivatan_ws/install/zed_debug/share/zed_debug/local_setup.bash
-- Symlinking: /home/baris/mavivatan_ws/install/zed_debug/share/zed_debug/local_setup.sh
-- Symlinking: /home/baris/mavivatan_ws/install/zed_debug/share/zed_debug/local_setup.zsh
-- Symlinking: /home/baris/mavivatan_ws/install/zed_debug/share/zed_debug/local_setup.dsv
-- Symlinking: /home/baris/mavivatan_ws/install/zed_debug/share/zed_debug/package.dsv
-- Symlinking: /home/baris/mavivatan_ws/install/zed_debug/share/ament_index/resource_index/packages/zed_debug
-- Symlinking: /home/baris/mavivatan_ws/install/zed_debug/share/zed_debug/cmake/zed_debugConfig.cmake
-- Symlinking: /home/baris/mavivatan_ws/install/zed_debug/share/zed_debug/cmake/zed_debugConfig-version.cmake
-- Symlinking: /home/baris/mavivatan_ws/install/zed_debug/share/zed_debug/package.xml
