[0.029s] Invoking command in '/home/baris/mavivatan_ws/build/zed_debug': CMAKE_PREFIX_PATH=/home/baris/mavivatan_ws/install/zed_components:/home/baris/mavivatan_ws/install/zed_msgs:/home/baris/mavivatan_ws/install/zed_ros2:/home/baris/mavivatan_ws/install/zed_wrapper:/home/baris/mavivatan_ws/install/zed_debug:/home/baris/mavivatan_ws/install/mavivatan_interfaces:/home/baris/mavivatan_ws/install/mavivatan_paket:/opt/ros/humble LD_LIBRARY_PATH=/home/baris/mavivatan_ws/install/zed_components/lib:/home/baris/mavivatan_ws/install/zed_msgs/lib:/usr/lib/aarch64-linux-gnu:/usr/local/cuda/lib64:/usr/local/cuda/lib64:/home/baris/mavivatan_ws/install/mavivatan_interfaces/lib:/opt/ros/humble/opt/rviz_ogre_vendor/lib:/opt/ros/humble/lib/aarch64-linux-gnu:/opt/ros/humble/lib:/usr/local/cuda-12.6/lib64 /usr/bin/cmake /home/baris/mavivatan_ws/src/zed-ros2-wrapper/zed_debug -DAMENT_CMAKE_SYMLINK_INSTALL=1 -DCMAKE_INSTALL_PREFIX=/home/baris/mavivatan_ws/install/zed_debug
[0.330s] -- The C compiler identification is GNU 11.4.0
[0.551s] -- The CXX compiler identification is GNU 11.4.0
[0.573s] -- Detecting C compiler ABI info
[0.966s] -- Detecting C compiler ABI info - done
[0.985s] -- Check for working C compiler: /usr/bin/cc - skipped
[0.985s] -- Detecting C compile features
[0.986s] -- Detecting C compile features - done
[0.995s] -- Detecting CXX compiler ABI info
[1.315s] -- Detecting CXX compiler ABI info - done
[1.351s] -- Check for working CXX compiler: /usr/bin/c++ - skipped
[1.352s] -- Detecting CXX compile features
[1.357s] -- Detecting CXX compile features - done
[1.368s] -- Looking for sgemm_
[1.598s] -- Looking for sgemm_ - not found
[1.601s] -- Looking for pthread.h
[1.930s] -- Looking for pthread.h - found
[1.930s] -- Performing Test CMAKE_HAVE_LIBC_PTHREAD
[2.259s] -- Performing Test CMAKE_HAVE_LIBC_PTHREAD - Success
[2.261s] -- Found Threads: TRUE  
[2.391s] -- Looking for sgemm_
[2.825s] -- Looking for sgemm_ - found
[2.827s] -- Found BLAS: /usr/lib/aarch64-linux-gnu/libopenblas.so  
[2.988s] -- Found CUDA: /usr/local/cuda (found suitable version "12.6", minimum required is "12.6") 
[3.148s] -- Found CUDA: /usr/local/cuda (found version "12.6") 
[3.152s] -- Found ament_cmake_auto: 1.3.14 (/opt/ros/humble/share/ament_cmake_auto/cmake)
[3.880s] -- Found Python3: /usr/bin/python3 (found version "3.10.12") found components: Interpreter 
[4.148s] -- Override CMake install command with custom implementation using symlinks instead of copying resources
[4.769s] -- Found rosidl_generator_c: 3.1.8 (/opt/ros/humble/share/rosidl_generator_c/cmake)
[4.797s] -- Found rosidl_adapter: 3.1.8 (/opt/ros/humble/share/rosidl_adapter/cmake)
[4.857s] -- Found rosidl_generator_cpp: 3.1.8 (/opt/ros/humble/share/rosidl_generator_cpp/cmake)
[4.905s] -- Using all available rosidl_typesupport_c: rosidl_typesupport_fastrtps_c;rosidl_typesupport_introspection_c
[4.976s] -- Using all available rosidl_typesupport_cpp: rosidl_typesupport_fastrtps_cpp;rosidl_typesupport_introspection_cpp
[5.139s] -- Found rmw_implementation_cmake: 6.1.2 (/opt/ros/humble/share/rmw_implementation_cmake/cmake)
[5.148s] -- Found rmw_fastrtps_cpp: 6.2.10 (/opt/ros/humble/share/rmw_fastrtps_cpp/cmake)
[5.691s] -- Found OpenSSL: /usr/lib/aarch64-linux-gnu/libcrypto.so (found version "3.0.2")  
[5.844s] -- Found FastRTPS: /opt/ros/humble/include  
[5.973s] -- Using RMW implementation 'rmw_fastrtps_cpp' as default
[6.800s] -- Found eigen3_cmake_module: 0.1.1 (/opt/ros/humble/share/eigen3_cmake_module/cmake)
[6.814s] -- Found Eigen3: TRUE (found version "3.4.0") 
[6.814s] -- Ensuring Eigen3 include directory is part of orocos-kdl CMake target
[7.357s] -- Found ament_lint_auto: 0.12.15 (/opt/ros/humble/share/ament_lint_auto/cmake)
[7.493s] -- Added test 'copyright' to check source files copyright and LICENSE
[7.496s] -- Added test 'cppcheck' to perform static code analysis on C / C++ code
[7.497s] -- Configured cppcheck include dirs: 
[7.497s] -- Configured cppcheck exclude dirs and/or files: 
[7.499s] -- Added test 'lint_cmake' to check CMake code style
[7.499s] -- Added test 'pep257' to check Python code against some of the docstring style conventions in PEP 257
[7.502s] -- Added test 'uncrustify' to check C / C++ code style
[7.502s] -- Configured uncrustify additional arguments: 
[7.504s] -- Added test 'xmllint' to check XML markup files
[7.507s] -- Configuring done
[7.622s] -- Generating done
[7.636s] -- Build files have been written to: /home/baris/mavivatan_ws/build/zed_debug
[7.682s] Invoked command in '/home/baris/mavivatan_ws/build/zed_debug' returned '0': CMAKE_PREFIX_PATH=/home/baris/mavivatan_ws/install/zed_components:/home/baris/mavivatan_ws/install/zed_msgs:/home/baris/mavivatan_ws/install/zed_ros2:/home/baris/mavivatan_ws/install/zed_wrapper:/home/baris/mavivatan_ws/install/zed_debug:/home/baris/mavivatan_ws/install/mavivatan_interfaces:/home/baris/mavivatan_ws/install/mavivatan_paket:/opt/ros/humble LD_LIBRARY_PATH=/home/baris/mavivatan_ws/install/zed_components/lib:/home/baris/mavivatan_ws/install/zed_msgs/lib:/usr/lib/aarch64-linux-gnu:/usr/local/cuda/lib64:/usr/local/cuda/lib64:/home/baris/mavivatan_ws/install/mavivatan_interfaces/lib:/opt/ros/humble/opt/rviz_ogre_vendor/lib:/opt/ros/humble/lib/aarch64-linux-gnu:/opt/ros/humble/lib:/usr/local/cuda-12.6/lib64 /usr/bin/cmake /home/baris/mavivatan_ws/src/zed-ros2-wrapper/zed_debug -DAMENT_CMAKE_SYMLINK_INSTALL=1 -DCMAKE_INSTALL_PREFIX=/home/baris/mavivatan_ws/install/zed_debug
[7.691s] Invoking command in '/home/baris/mavivatan_ws/build/zed_debug': CMAKE_PREFIX_PATH=/home/baris/mavivatan_ws/install/zed_components:/home/baris/mavivatan_ws/install/zed_msgs:/home/baris/mavivatan_ws/install/zed_ros2:/home/baris/mavivatan_ws/install/zed_wrapper:/home/baris/mavivatan_ws/install/zed_debug:/home/baris/mavivatan_ws/install/mavivatan_interfaces:/home/baris/mavivatan_ws/install/mavivatan_paket:/opt/ros/humble LD_LIBRARY_PATH=/home/baris/mavivatan_ws/install/zed_components/lib:/home/baris/mavivatan_ws/install/zed_msgs/lib:/usr/lib/aarch64-linux-gnu:/usr/local/cuda/lib64:/usr/local/cuda/lib64:/home/baris/mavivatan_ws/install/mavivatan_interfaces/lib:/opt/ros/humble/opt/rviz_ogre_vendor/lib:/opt/ros/humble/lib/aarch64-linux-gnu:/opt/ros/humble/lib:/usr/local/cuda-12.6/lib64 /usr/bin/cmake --build /home/baris/mavivatan_ws/build/zed_debug -- -j6 -l6
[7.819s] [ 50%] [32mBuilding CXX object CMakeFiles/zed_debug_proc.dir/src/zed_debug_proc.cpp.o[0m
[26.598s] [100%] [32m[1mLinking CXX executable zed_debug_proc[0m
[27.519s] [100%] Built target zed_debug_proc
[27.546s] Invoked command in '/home/baris/mavivatan_ws/build/zed_debug' returned '0': CMAKE_PREFIX_PATH=/home/baris/mavivatan_ws/install/zed_components:/home/baris/mavivatan_ws/install/zed_msgs:/home/baris/mavivatan_ws/install/zed_ros2:/home/baris/mavivatan_ws/install/zed_wrapper:/home/baris/mavivatan_ws/install/zed_debug:/home/baris/mavivatan_ws/install/mavivatan_interfaces:/home/baris/mavivatan_ws/install/mavivatan_paket:/opt/ros/humble LD_LIBRARY_PATH=/home/baris/mavivatan_ws/install/zed_components/lib:/home/baris/mavivatan_ws/install/zed_msgs/lib:/usr/lib/aarch64-linux-gnu:/usr/local/cuda/lib64:/usr/local/cuda/lib64:/home/baris/mavivatan_ws/install/mavivatan_interfaces/lib:/opt/ros/humble/opt/rviz_ogre_vendor/lib:/opt/ros/humble/lib/aarch64-linux-gnu:/opt/ros/humble/lib:/usr/local/cuda-12.6/lib64 /usr/bin/cmake --build /home/baris/mavivatan_ws/build/zed_debug -- -j6 -l6
[27.548s] Invoking command in '/home/baris/mavivatan_ws/build/zed_debug': CMAKE_PREFIX_PATH=/home/baris/mavivatan_ws/install/zed_components:/home/baris/mavivatan_ws/install/zed_msgs:/home/baris/mavivatan_ws/install/zed_ros2:/home/baris/mavivatan_ws/install/zed_wrapper:/home/baris/mavivatan_ws/install/zed_debug:/home/baris/mavivatan_ws/install/mavivatan_interfaces:/home/baris/mavivatan_ws/install/mavivatan_paket:/opt/ros/humble LD_LIBRARY_PATH=/home/baris/mavivatan_ws/install/zed_components/lib:/home/baris/mavivatan_ws/install/zed_msgs/lib:/usr/lib/aarch64-linux-gnu:/usr/local/cuda/lib64:/usr/local/cuda/lib64:/home/baris/mavivatan_ws/install/mavivatan_interfaces/lib:/opt/ros/humble/opt/rviz_ogre_vendor/lib:/opt/ros/humble/lib/aarch64-linux-gnu:/opt/ros/humble/lib:/usr/local/cuda-12.6/lib64 /usr/bin/cmake --install /home/baris/mavivatan_ws/build/zed_debug
[27.565s] -- Install configuration: ""
[27.566s] -- Execute custom install script
[27.567s] -- Symlinking: /home/baris/mavivatan_ws/install/zed_debug/lib/zed_debug/zed_debug_proc
[27.584s] -- Symlinking: /home/baris/mavivatan_ws/install/zed_debug/share/zed_debug/launch/zed_camera_debug.launch.py
[27.604s] -- Symlinking: /home/baris/mavivatan_ws/install/zed_debug/share/zed_debug/config/common_mono.yaml
[27.619s] -- Symlinking: /home/baris/mavivatan_ws/install/zed_debug/share/zed_debug/config/common_stereo.yaml
[27.638s] -- Symlinking: /home/baris/mavivatan_ws/install/zed_debug/share/zed_debug/config/custom_object_detection.yaml
[27.655s] -- Symlinking: /home/baris/mavivatan_ws/install/zed_debug/share/zed_debug/config/object_detection.yaml
[27.682s] -- Symlinking: /home/baris/mavivatan_ws/install/zed_debug/share/zed_debug/config/virtual.yaml
[27.700s] -- Symlinking: /home/baris/mavivatan_ws/install/zed_debug/share/zed_debug/config/zed.yaml
[27.718s] -- Symlinking: /home/baris/mavivatan_ws/install/zed_debug/share/zed_debug/config/zed2.yaml
[27.736s] -- Symlinking: /home/baris/mavivatan_ws/install/zed_debug/share/zed_debug/config/zed2i.yaml
[27.755s] -- Symlinking: /home/baris/mavivatan_ws/install/zed_debug/share/zed_debug/config/zedm.yaml
[27.771s] -- Symlinking: /home/baris/mavivatan_ws/install/zed_debug/share/zed_debug/config/zedx.yaml
[27.793s] -- Symlinking: /home/baris/mavivatan_ws/install/zed_debug/share/zed_debug/config/zedxhdr.yaml
[27.810s] -- Symlinking: /home/baris/mavivatan_ws/install/zed_debug/share/zed_debug/config/zedxhdrmax.yaml
[27.827s] -- Symlinking: /home/baris/mavivatan_ws/install/zed_debug/share/zed_debug/config/zedxhdrmini.yaml
[27.845s] -- Symlinking: /home/baris/mavivatan_ws/install/zed_debug/share/zed_debug/config/zedxm.yaml
[27.865s] -- Symlinking: /home/baris/mavivatan_ws/install/zed_debug/share/zed_debug/config/zedxone4k.yaml
[27.884s] -- Symlinking: /home/baris/mavivatan_ws/install/zed_debug/share/zed_debug/config/zedxonegs.yaml
[27.905s] -- Symlinking: /home/baris/mavivatan_ws/install/zed_debug/share/zed_debug/config/zedxonehdr.yaml
[27.927s] -- Symlinking: /home/baris/mavivatan_ws/install/zed_debug/share/ament_index/resource_index/package_run_dependencies/zed_debug
[27.951s] -- Symlinking: /home/baris/mavivatan_ws/install/zed_debug/share/ament_index/resource_index/parent_prefix_path/zed_debug
[27.981s] -- Symlinking: /home/baris/mavivatan_ws/install/zed_debug/share/zed_debug/environment/ament_prefix_path.sh
[28.000s] -- Symlinking: /home/baris/mavivatan_ws/install/zed_debug/share/zed_debug/environment/ament_prefix_path.dsv
[28.017s] -- Symlinking: /home/baris/mavivatan_ws/install/zed_debug/share/zed_debug/environment/path.sh
[28.041s] -- Symlinking: /home/baris/mavivatan_ws/install/zed_debug/share/zed_debug/environment/path.dsv
[28.064s] -- Symlinking: /home/baris/mavivatan_ws/install/zed_debug/share/zed_debug/local_setup.bash
[28.081s] -- Symlinking: /home/baris/mavivatan_ws/install/zed_debug/share/zed_debug/local_setup.sh
[28.100s] -- Symlinking: /home/baris/mavivatan_ws/install/zed_debug/share/zed_debug/local_setup.zsh
[28.118s] -- Symlinking: /home/baris/mavivatan_ws/install/zed_debug/share/zed_debug/local_setup.dsv
[28.135s] -- Symlinking: /home/baris/mavivatan_ws/install/zed_debug/share/zed_debug/package.dsv
[28.152s] -- Symlinking: /home/baris/mavivatan_ws/install/zed_debug/share/ament_index/resource_index/packages/zed_debug
[28.169s] -- Symlinking: /home/baris/mavivatan_ws/install/zed_debug/share/zed_debug/cmake/zed_debugConfig.cmake
[28.185s] -- Symlinking: /home/baris/mavivatan_ws/install/zed_debug/share/zed_debug/cmake/zed_debugConfig-version.cmake
[28.201s] -- Symlinking: /home/baris/mavivatan_ws/install/zed_debug/share/zed_debug/package.xml
[28.223s] Invoked command in '/home/baris/mavivatan_ws/build/zed_debug' returned '0': CMAKE_PREFIX_PATH=/home/baris/mavivatan_ws/install/zed_components:/home/baris/mavivatan_ws/install/zed_msgs:/home/baris/mavivatan_ws/install/zed_ros2:/home/baris/mavivatan_ws/install/zed_wrapper:/home/baris/mavivatan_ws/install/zed_debug:/home/baris/mavivatan_ws/install/mavivatan_interfaces:/home/baris/mavivatan_ws/install/mavivatan_paket:/opt/ros/humble LD_LIBRARY_PATH=/home/baris/mavivatan_ws/install/zed_components/lib:/home/baris/mavivatan_ws/install/zed_msgs/lib:/usr/lib/aarch64-linux-gnu:/usr/local/cuda/lib64:/usr/local/cuda/lib64:/home/baris/mavivatan_ws/install/mavivatan_interfaces/lib:/opt/ros/humble/opt/rviz_ogre_vendor/lib:/opt/ros/humble/lib/aarch64-linux-gnu:/opt/ros/humble/lib:/usr/local/cuda-12.6/lib64 /usr/bin/cmake --install /home/baris/mavivatan_ws/build/zed_debug
