[0.027s] Invoking command in '/home/baris/mavivatan_ws/build/zed_ros2': AMENT_PREFIX_PATH=/home/baris/mavivatan_ws/install/zed_wrapper:/home/baris/mavivatan_ws/install/zed_components:/home/baris/mavivatan_ws/install/zed_msgs:${AMENT_PREFIX_PATH} CMAKE_PREFIX_PATH=/home/baris/mavivatan_ws/install/zed_wrapper:/home/baris/mavivatan_ws/install/zed_components:/home/baris/mavivatan_ws/install/zed_msgs:/opt/ros/humble LD_LIBRARY_PATH=/home/baris/mavivatan_ws/install/zed_components/lib:/home/baris/mavivatan_ws/install/zed_msgs/lib:/opt/ros/humble/opt/rviz_ogre_vendor/lib:/opt/ros/humble/lib/aarch64-linux-gnu:/opt/ros/humble/lib:/usr/local/cuda-12.6/lib64 PYTHONPATH=/home/baris/mavivatan_ws/install/zed_msgs/local/lib/python3.10/dist-packages:${PYTHONPATH} /usr/bin/cmake /home/baris/mavivatan_ws/src/zed-ros2-wrapper/zed_ros2 -DCMAKE_BUILD_TYPE=Release -DCMAKE_INSTALL_PREFIX=/home/baris/mavivatan_ws/install/zed_ros2
[0.063s] -- Found ament_cmake_auto: 1.3.14 (/opt/ros/humble/share/ament_cmake_auto/cmake)
[0.459s] -- Found Python3: /usr/bin/python3 (found version "3.10.12") found components: Interpreter 
[0.810s] -- Found ament_lint_auto: 0.12.15 (/opt/ros/humble/share/ament_lint_auto/cmake)
[0.861s] -- Added test 'copyright' to check source files copyright and LICENSE
[0.865s] -- Added test 'lint_cmake' to check CMake code style
[0.869s] -- Added test 'xmllint' to check XML markup files
[0.874s] -- Configuring done
[0.884s] -- Generating done
[0.889s] -- Build files have been written to: /home/baris/mavivatan_ws/build/zed_ros2
[0.897s] Invoked command in '/home/baris/mavivatan_ws/build/zed_ros2' returned '0': AMENT_PREFIX_PATH=/home/baris/mavivatan_ws/install/zed_wrapper:/home/baris/mavivatan_ws/install/zed_components:/home/baris/mavivatan_ws/install/zed_msgs:${AMENT_PREFIX_PATH} CMAKE_PREFIX_PATH=/home/baris/mavivatan_ws/install/zed_wrapper:/home/baris/mavivatan_ws/install/zed_components:/home/baris/mavivatan_ws/install/zed_msgs:/opt/ros/humble LD_LIBRARY_PATH=/home/baris/mavivatan_ws/install/zed_components/lib:/home/baris/mavivatan_ws/install/zed_msgs/lib:/opt/ros/humble/opt/rviz_ogre_vendor/lib:/opt/ros/humble/lib/aarch64-linux-gnu:/opt/ros/humble/lib:/usr/local/cuda-12.6/lib64 PYTHONPATH=/home/baris/mavivatan_ws/install/zed_msgs/local/lib/python3.10/dist-packages:${PYTHONPATH} /usr/bin/cmake /home/baris/mavivatan_ws/src/zed-ros2-wrapper/zed_ros2 -DCMAKE_BUILD_TYPE=Release -DCMAKE_INSTALL_PREFIX=/home/baris/mavivatan_ws/install/zed_ros2
[0.902s] Invoking command in '/home/baris/mavivatan_ws/build/zed_ros2': AMENT_PREFIX_PATH=/home/baris/mavivatan_ws/install/zed_wrapper:/home/baris/mavivatan_ws/install/zed_components:/home/baris/mavivatan_ws/install/zed_msgs:${AMENT_PREFIX_PATH} CMAKE_PREFIX_PATH=/home/baris/mavivatan_ws/install/zed_wrapper:/home/baris/mavivatan_ws/install/zed_components:/home/baris/mavivatan_ws/install/zed_msgs:/opt/ros/humble LD_LIBRARY_PATH=/home/baris/mavivatan_ws/install/zed_components/lib:/home/baris/mavivatan_ws/install/zed_msgs/lib:/opt/ros/humble/opt/rviz_ogre_vendor/lib:/opt/ros/humble/lib/aarch64-linux-gnu:/opt/ros/humble/lib:/usr/local/cuda-12.6/lib64 PYTHONPATH=/home/baris/mavivatan_ws/install/zed_msgs/local/lib/python3.10/dist-packages:${PYTHONPATH} /usr/bin/cmake --build /home/baris/mavivatan_ws/build/zed_ros2 -- -j6 -l6
[0.987s] Invoked command in '/home/baris/mavivatan_ws/build/zed_ros2' returned '0': AMENT_PREFIX_PATH=/home/baris/mavivatan_ws/install/zed_wrapper:/home/baris/mavivatan_ws/install/zed_components:/home/baris/mavivatan_ws/install/zed_msgs:${AMENT_PREFIX_PATH} CMAKE_PREFIX_PATH=/home/baris/mavivatan_ws/install/zed_wrapper:/home/baris/mavivatan_ws/install/zed_components:/home/baris/mavivatan_ws/install/zed_msgs:/opt/ros/humble LD_LIBRARY_PATH=/home/baris/mavivatan_ws/install/zed_components/lib:/home/baris/mavivatan_ws/install/zed_msgs/lib:/opt/ros/humble/opt/rviz_ogre_vendor/lib:/opt/ros/humble/lib/aarch64-linux-gnu:/opt/ros/humble/lib:/usr/local/cuda-12.6/lib64 PYTHONPATH=/home/baris/mavivatan_ws/install/zed_msgs/local/lib/python3.10/dist-packages:${PYTHONPATH} /usr/bin/cmake --build /home/baris/mavivatan_ws/build/zed_ros2 -- -j6 -l6
[0.991s] Invoking command in '/home/baris/mavivatan_ws/build/zed_ros2': AMENT_PREFIX_PATH=/home/baris/mavivatan_ws/install/zed_wrapper:/home/baris/mavivatan_ws/install/zed_components:/home/baris/mavivatan_ws/install/zed_msgs:${AMENT_PREFIX_PATH} CMAKE_PREFIX_PATH=/home/baris/mavivatan_ws/install/zed_wrapper:/home/baris/mavivatan_ws/install/zed_components:/home/baris/mavivatan_ws/install/zed_msgs:/opt/ros/humble LD_LIBRARY_PATH=/home/baris/mavivatan_ws/install/zed_components/lib:/home/baris/mavivatan_ws/install/zed_msgs/lib:/opt/ros/humble/opt/rviz_ogre_vendor/lib:/opt/ros/humble/lib/aarch64-linux-gnu:/opt/ros/humble/lib:/usr/local/cuda-12.6/lib64 PYTHONPATH=/home/baris/mavivatan_ws/install/zed_msgs/local/lib/python3.10/dist-packages:${PYTHONPATH} /usr/bin/cmake --install /home/baris/mavivatan_ws/build/zed_ros2
[1.008s] -- Install configuration: "Release"
[1.009s] -- Installing: /home/baris/mavivatan_ws/install/zed_ros2/share/ament_index/resource_index/package_run_dependencies/zed_ros2
[1.009s] -- Installing: /home/baris/mavivatan_ws/install/zed_ros2/share/ament_index/resource_index/parent_prefix_path/zed_ros2
[1.009s] -- Installing: /home/baris/mavivatan_ws/install/zed_ros2/share/zed_ros2/environment/ament_prefix_path.sh
[1.009s] -- Installing: /home/baris/mavivatan_ws/install/zed_ros2/share/zed_ros2/environment/ament_prefix_path.dsv
[1.010s] -- Installing: /home/baris/mavivatan_ws/install/zed_ros2/share/zed_ros2/environment/path.sh
[1.010s] -- Installing: /home/baris/mavivatan_ws/install/zed_ros2/share/zed_ros2/environment/path.dsv
[1.010s] -- Installing: /home/baris/mavivatan_ws/install/zed_ros2/share/zed_ros2/local_setup.bash
[1.011s] -- Installing: /home/baris/mavivatan_ws/install/zed_ros2/share/zed_ros2/local_setup.sh
[1.011s] -- Installing: /home/baris/mavivatan_ws/install/zed_ros2/share/zed_ros2/local_setup.zsh
[1.011s] -- Installing: /home/baris/mavivatan_ws/install/zed_ros2/share/zed_ros2/local_setup.dsv
[1.011s] -- Installing: /home/baris/mavivatan_ws/install/zed_ros2/share/zed_ros2/package.dsv
[1.012s] -- Installing: /home/baris/mavivatan_ws/install/zed_ros2/share/ament_index/resource_index/packages/zed_ros2
[1.012s] -- Installing: /home/baris/mavivatan_ws/install/zed_ros2/share/zed_ros2/cmake/zed_ros2Config.cmake
[1.012s] -- Installing: /home/baris/mavivatan_ws/install/zed_ros2/share/zed_ros2/cmake/zed_ros2Config-version.cmake
[1.013s] -- Installing: /home/baris/mavivatan_ws/install/zed_ros2/share/zed_ros2/package.xml
[1.019s] Invoked command in '/home/baris/mavivatan_ws/build/zed_ros2' returned '0': AMENT_PREFIX_PATH=/home/baris/mavivatan_ws/install/zed_wrapper:/home/baris/mavivatan_ws/install/zed_components:/home/baris/mavivatan_ws/install/zed_msgs:${AMENT_PREFIX_PATH} CMAKE_PREFIX_PATH=/home/baris/mavivatan_ws/install/zed_wrapper:/home/baris/mavivatan_ws/install/zed_components:/home/baris/mavivatan_ws/install/zed_msgs:/opt/ros/humble LD_LIBRARY_PATH=/home/baris/mavivatan_ws/install/zed_components/lib:/home/baris/mavivatan_ws/install/zed_msgs/lib:/opt/ros/humble/opt/rviz_ogre_vendor/lib:/opt/ros/humble/lib/aarch64-linux-gnu:/opt/ros/humble/lib:/usr/local/cuda-12.6/lib64 PYTHONPATH=/home/baris/mavivatan_ws/install/zed_msgs/local/lib/python3.10/dist-packages:${PYTHONPATH} /usr/bin/cmake --install /home/baris/mavivatan_ws/build/zed_ros2
