[0.044s] Invoking command in '/home/baris/mavivatan_ws/build/zed_ros2': CMAKE_PREFIX_PATH=/home/baris/mavivatan_ws/install/zed_wrapper:/home/baris/mavivatan_ws/install/zed_components:/home/baris/mavivatan_ws/install/zed_msgs:/home/baris/mavivatan_ws/install/zed_ros2:/home/baris/mavivatan_ws/install/zed_debug:/home/baris/mavivatan_ws/install/mavivatan_interfaces:/home/baris/mavivatan_ws/install/mavivatan_paket:/opt/ros/humble LD_LIBRARY_PATH=/home/baris/mavivatan_ws/install/zed_components/lib:/home/baris/mavivatan_ws/install/zed_msgs/lib:/usr/lib/aarch64-linux-gnu:/usr/local/cuda/lib64:/usr/local/cuda/lib64:/home/baris/mavivatan_ws/install/mavivatan_interfaces/lib:/opt/ros/humble/opt/rviz_ogre_vendor/lib:/opt/ros/humble/lib/aarch64-linux-gnu:/opt/ros/humble/lib:/usr/local/cuda-12.6/lib64 /usr/bin/cmake /home/baris/mavivatan_ws/src/zed-ros2-wrapper/zed_ros2 -DAMENT_CMAKE_SYMLINK_INSTALL=1 -DCMAKE_INSTALL_PREFIX=/home/baris/mavivatan_ws/install/zed_ros2
[0.086s] -- Found ament_cmake_auto: 1.3.14 (/opt/ros/humble/share/ament_cmake_auto/cmake)
[0.561s] -- Found Python3: /usr/bin/python3 (found version "3.10.12") found components: Interpreter 
[0.813s] -- Override CMake install command with custom implementation using symlinks instead of copying resources
[1.106s] -- Found ament_lint_auto: 0.12.15 (/opt/ros/humble/share/ament_lint_auto/cmake)
[1.182s] -- Added test 'copyright' to check source files copyright and LICENSE
[1.184s] -- Added test 'lint_cmake' to check CMake code style
[1.186s] -- Added test 'xmllint' to check XML markup files
[1.195s] -- Configuring done
[1.205s] -- Generating done
[1.209s] -- Build files have been written to: /home/baris/mavivatan_ws/build/zed_ros2
[1.226s] Invoked command in '/home/baris/mavivatan_ws/build/zed_ros2' returned '0': CMAKE_PREFIX_PATH=/home/baris/mavivatan_ws/install/zed_wrapper:/home/baris/mavivatan_ws/install/zed_components:/home/baris/mavivatan_ws/install/zed_msgs:/home/baris/mavivatan_ws/install/zed_ros2:/home/baris/mavivatan_ws/install/zed_debug:/home/baris/mavivatan_ws/install/mavivatan_interfaces:/home/baris/mavivatan_ws/install/mavivatan_paket:/opt/ros/humble LD_LIBRARY_PATH=/home/baris/mavivatan_ws/install/zed_components/lib:/home/baris/mavivatan_ws/install/zed_msgs/lib:/usr/lib/aarch64-linux-gnu:/usr/local/cuda/lib64:/usr/local/cuda/lib64:/home/baris/mavivatan_ws/install/mavivatan_interfaces/lib:/opt/ros/humble/opt/rviz_ogre_vendor/lib:/opt/ros/humble/lib/aarch64-linux-gnu:/opt/ros/humble/lib:/usr/local/cuda-12.6/lib64 /usr/bin/cmake /home/baris/mavivatan_ws/src/zed-ros2-wrapper/zed_ros2 -DAMENT_CMAKE_SYMLINK_INSTALL=1 -DCMAKE_INSTALL_PREFIX=/home/baris/mavivatan_ws/install/zed_ros2
[1.227s] Invoking command in '/home/baris/mavivatan_ws/build/zed_ros2': CMAKE_PREFIX_PATH=/home/baris/mavivatan_ws/install/zed_wrapper:/home/baris/mavivatan_ws/install/zed_components:/home/baris/mavivatan_ws/install/zed_msgs:/home/baris/mavivatan_ws/install/zed_ros2:/home/baris/mavivatan_ws/install/zed_debug:/home/baris/mavivatan_ws/install/mavivatan_interfaces:/home/baris/mavivatan_ws/install/mavivatan_paket:/opt/ros/humble LD_LIBRARY_PATH=/home/baris/mavivatan_ws/install/zed_components/lib:/home/baris/mavivatan_ws/install/zed_msgs/lib:/usr/lib/aarch64-linux-gnu:/usr/local/cuda/lib64:/usr/local/cuda/lib64:/home/baris/mavivatan_ws/install/mavivatan_interfaces/lib:/opt/ros/humble/opt/rviz_ogre_vendor/lib:/opt/ros/humble/lib/aarch64-linux-gnu:/opt/ros/humble/lib:/usr/local/cuda-12.6/lib64 /usr/bin/cmake --build /home/baris/mavivatan_ws/build/zed_ros2 -- -j6 -l6
[1.346s] Invoked command in '/home/baris/mavivatan_ws/build/zed_ros2' returned '0': CMAKE_PREFIX_PATH=/home/baris/mavivatan_ws/install/zed_wrapper:/home/baris/mavivatan_ws/install/zed_components:/home/baris/mavivatan_ws/install/zed_msgs:/home/baris/mavivatan_ws/install/zed_ros2:/home/baris/mavivatan_ws/install/zed_debug:/home/baris/mavivatan_ws/install/mavivatan_interfaces:/home/baris/mavivatan_ws/install/mavivatan_paket:/opt/ros/humble LD_LIBRARY_PATH=/home/baris/mavivatan_ws/install/zed_components/lib:/home/baris/mavivatan_ws/install/zed_msgs/lib:/usr/lib/aarch64-linux-gnu:/usr/local/cuda/lib64:/usr/local/cuda/lib64:/home/baris/mavivatan_ws/install/mavivatan_interfaces/lib:/opt/ros/humble/opt/rviz_ogre_vendor/lib:/opt/ros/humble/lib/aarch64-linux-gnu:/opt/ros/humble/lib:/usr/local/cuda-12.6/lib64 /usr/bin/cmake --build /home/baris/mavivatan_ws/build/zed_ros2 -- -j6 -l6
[1.347s] Invoking command in '/home/baris/mavivatan_ws/build/zed_ros2': CMAKE_PREFIX_PATH=/home/baris/mavivatan_ws/install/zed_wrapper:/home/baris/mavivatan_ws/install/zed_components:/home/baris/mavivatan_ws/install/zed_msgs:/home/baris/mavivatan_ws/install/zed_ros2:/home/baris/mavivatan_ws/install/zed_debug:/home/baris/mavivatan_ws/install/mavivatan_interfaces:/home/baris/mavivatan_ws/install/mavivatan_paket:/opt/ros/humble LD_LIBRARY_PATH=/home/baris/mavivatan_ws/install/zed_components/lib:/home/baris/mavivatan_ws/install/zed_msgs/lib:/usr/lib/aarch64-linux-gnu:/usr/local/cuda/lib64:/usr/local/cuda/lib64:/home/baris/mavivatan_ws/install/mavivatan_interfaces/lib:/opt/ros/humble/opt/rviz_ogre_vendor/lib:/opt/ros/humble/lib/aarch64-linux-gnu:/opt/ros/humble/lib:/usr/local/cuda-12.6/lib64 /usr/bin/cmake --install /home/baris/mavivatan_ws/build/zed_ros2
[1.366s] -- Install configuration: ""
[1.367s] -- Execute custom install script
[1.368s] -- Symlinking: /home/baris/mavivatan_ws/install/zed_ros2/share/ament_index/resource_index/package_run_dependencies/zed_ros2
[1.387s] -- Symlinking: /home/baris/mavivatan_ws/install/zed_ros2/share/ament_index/resource_index/parent_prefix_path/zed_ros2
[1.417s] -- Symlinking: /home/baris/mavivatan_ws/install/zed_ros2/share/zed_ros2/environment/ament_prefix_path.sh
[1.436s] -- Symlinking: /home/baris/mavivatan_ws/install/zed_ros2/share/zed_ros2/environment/ament_prefix_path.dsv
[1.466s] -- Symlinking: /home/baris/mavivatan_ws/install/zed_ros2/share/zed_ros2/environment/path.sh
[1.483s] -- Symlinking: /home/baris/mavivatan_ws/install/zed_ros2/share/zed_ros2/environment/path.dsv
[1.511s] -- Symlinking: /home/baris/mavivatan_ws/install/zed_ros2/share/zed_ros2/local_setup.bash
[1.536s] -- Symlinking: /home/baris/mavivatan_ws/install/zed_ros2/share/zed_ros2/local_setup.sh
[1.560s] -- Symlinking: /home/baris/mavivatan_ws/install/zed_ros2/share/zed_ros2/local_setup.zsh
[1.585s] -- Symlinking: /home/baris/mavivatan_ws/install/zed_ros2/share/zed_ros2/local_setup.dsv
[1.606s] -- Symlinking: /home/baris/mavivatan_ws/install/zed_ros2/share/zed_ros2/package.dsv
[1.628s] -- Symlinking: /home/baris/mavivatan_ws/install/zed_ros2/share/ament_index/resource_index/packages/zed_ros2
[1.663s] -- Symlinking: /home/baris/mavivatan_ws/install/zed_ros2/share/zed_ros2/cmake/zed_ros2Config.cmake
[1.694s] -- Symlinking: /home/baris/mavivatan_ws/install/zed_ros2/share/zed_ros2/cmake/zed_ros2Config-version.cmake
[1.715s] -- Symlinking: /home/baris/mavivatan_ws/install/zed_ros2/share/zed_ros2/package.xml
[1.740s] Invoked command in '/home/baris/mavivatan_ws/build/zed_ros2' returned '0': CMAKE_PREFIX_PATH=/home/baris/mavivatan_ws/install/zed_wrapper:/home/baris/mavivatan_ws/install/zed_components:/home/baris/mavivatan_ws/install/zed_msgs:/home/baris/mavivatan_ws/install/zed_ros2:/home/baris/mavivatan_ws/install/zed_debug:/home/baris/mavivatan_ws/install/mavivatan_interfaces:/home/baris/mavivatan_ws/install/mavivatan_paket:/opt/ros/humble LD_LIBRARY_PATH=/home/baris/mavivatan_ws/install/zed_components/lib:/home/baris/mavivatan_ws/install/zed_msgs/lib:/usr/lib/aarch64-linux-gnu:/usr/local/cuda/lib64:/usr/local/cuda/lib64:/home/baris/mavivatan_ws/install/mavivatan_interfaces/lib:/opt/ros/humble/opt/rviz_ogre_vendor/lib:/opt/ros/humble/lib/aarch64-linux-gnu:/opt/ros/humble/lib:/usr/local/cuda-12.6/lib64 /usr/bin/cmake --install /home/baris/mavivatan_ws/build/zed_ros2
